mode: set
github.com/tiagofur/solennix-backend/internal/repository/admin_repo.go:17.50,19.2 1 1
github.com/tiagofur/solennix-backend/internal/repository/admin_repo.go:66.83,71.16 3 1
github.com/tiagofur/solennix-backend/internal/repository/admin_repo.go:71.16,73.3 1 1
github.com/tiagofur/solennix-backend/internal/repository/admin_repo.go:75.2,76.16 2 0
github.com/tiagofur/solennix-backend/internal/repository/admin_repo.go:76.16,78.3 1 0
github.com/tiagofur/solennix-backend/internal/repository/admin_repo.go:80.2,81.16 2 0
github.com/tiagofur/solennix-backend/internal/repository/admin_repo.go:81.16,83.3 1 0
github.com/tiagofur/solennix-backend/internal/repository/admin_repo.go:85.2,86.16 2 0
github.com/tiagofur/solennix-backend/internal/repository/admin_repo.go:86.16,88.3 1 0
github.com/tiagofur/solennix-backend/internal/repository/admin_repo.go:91.2,92.16 2 0
github.com/tiagofur/solennix-backend/internal/repository/admin_repo.go:92.16,94.3 1 0
github.com/tiagofur/solennix-backend/internal/repository/admin_repo.go:96.2,97.16 2 0
github.com/tiagofur/solennix-backend/internal/repository/admin_repo.go:97.16,99.3 1 0
github.com/tiagofur/solennix-backend/internal/repository/admin_repo.go:101.2,102.16 2 0
github.com/tiagofur/solennix-backend/internal/repository/admin_repo.go:102.16,104.3 1 0
github.com/tiagofur/solennix-backend/internal/repository/admin_repo.go:107.2,113.16 6 0
github.com/tiagofur/solennix-backend/internal/repository/admin_repo.go:113.16,115.3 1 0
github.com/tiagofur/solennix-backend/internal/repository/admin_repo.go:117.2,118.16 2 0
github.com/tiagofur/solennix-backend/internal/repository/admin_repo.go:118.16,120.3 1 0
github.com/tiagofur/solennix-backend/internal/repository/admin_repo.go:122.2,123.16 2 0
github.com/tiagofur/solennix-backend/internal/repository/admin_repo.go:123.16,125.3 1 0
github.com/tiagofur/solennix-backend/internal/repository/admin_repo.go:128.2,129.16 2 0
github.com/tiagofur/solennix-backend/internal/repository/admin_repo.go:129.16,131.3 1 0
github.com/tiagofur/solennix-backend/internal/repository/admin_repo.go:133.2,133.19 1 0
github.com/tiagofur/solennix-backend/internal/repository/admin_repo.go:137.75,153.16 3 1
github.com/tiagofur/solennix-backend/internal/repository/admin_repo.go:153.16,155.3 1 1
github.com/tiagofur/solennix-backend/internal/repository/admin_repo.go:156.2,159.18 3 0
github.com/tiagofur/solennix-backend/internal/repository/admin_repo.go:159.18,167.17 3 0
github.com/tiagofur/solennix-backend/internal/repository/admin_repo.go:167.17,169.4 1 0
github.com/tiagofur/solennix-backend/internal/repository/admin_repo.go:170.3,170.27 1 0
github.com/tiagofur/solennix-backend/internal/repository/admin_repo.go:173.2,173.19 1 0
github.com/tiagofur/solennix-backend/internal/repository/admin_repo.go:177.88,199.16 4 1
github.com/tiagofur/solennix-backend/internal/repository/admin_repo.go:199.16,201.3 1 1
github.com/tiagofur/solennix-backend/internal/repository/admin_repo.go:203.2,203.16 1 0
github.com/tiagofur/solennix-backend/internal/repository/admin_repo.go:208.112,211.16 3 1
github.com/tiagofur/solennix-backend/internal/repository/admin_repo.go:211.16,213.3 1 1
github.com/tiagofur/solennix-backend/internal/repository/admin_repo.go:214.2,214.29 1 0
github.com/tiagofur/solennix-backend/internal/repository/admin_repo.go:214.29,216.3 1 0
github.com/tiagofur/solennix-backend/internal/repository/admin_repo.go:217.2,217.12 1 0
github.com/tiagofur/solennix-backend/internal/repository/admin_repo.go:223.73,235.16 3 1
github.com/tiagofur/solennix-backend/internal/repository/admin_repo.go:235.16,237.3 1 1
github.com/tiagofur/solennix-backend/internal/repository/admin_repo.go:238.2,238.37 1 0
github.com/tiagofur/solennix-backend/internal/repository/admin_repo.go:242.96,250.16 4 1
github.com/tiagofur/solennix-backend/internal/repository/admin_repo.go:250.16,252.3 1 1
github.com/tiagofur/solennix-backend/internal/repository/admin_repo.go:253.2,253.21 1 0
github.com/tiagofur/solennix-backend/internal/repository/admin_repo.go:257.97,261.16 3 1
github.com/tiagofur/solennix-backend/internal/repository/admin_repo.go:261.16,263.3 1 1
github.com/tiagofur/solennix-backend/internal/repository/admin_repo.go:265.2,266.16 2 0
github.com/tiagofur/solennix-backend/internal/repository/admin_repo.go:266.16,268.3 1 0
github.com/tiagofur/solennix-backend/internal/repository/admin_repo.go:270.2,271.16 2 0
github.com/tiagofur/solennix-backend/internal/repository/admin_repo.go:271.16,273.3 1 0
github.com/tiagofur/solennix-backend/internal/repository/admin_repo.go:275.2,276.16 2 0
github.com/tiagofur/solennix-backend/internal/repository/admin_repo.go:276.16,278.3 1 0
github.com/tiagofur/solennix-backend/internal/repository/admin_repo.go:280.2,281.16 2 0
github.com/tiagofur/solennix-backend/internal/repository/admin_repo.go:281.16,283.3 1 0
github.com/tiagofur/solennix-backend/internal/repository/admin_repo.go:285.2,286.16 2 0
github.com/tiagofur/solennix-backend/internal/repository/admin_repo.go:286.16,288.3 1 0
github.com/tiagofur/solennix-backend/internal/repository/admin_repo.go:290.2,291.16 2 0
github.com/tiagofur/solennix-backend/internal/repository/admin_repo.go:291.16,293.3 1 0
github.com/tiagofur/solennix-backend/internal/repository/admin_repo.go:295.2,295.22 1 0
github.com/tiagofur/solennix-backend/internal/repository/client_repo.go:16.52,18.2 1 1
github.com/tiagofur/solennix-backend/internal/repository/client_repo.go:19.88,24.2 4 1
github.com/tiagofur/solennix-backend/internal/repository/client_repo.go:26.93,31.16 3 1
github.com/tiagofur/solennix-backend/internal/repository/client_repo.go:31.16,33.3 1 1
github.com/tiagofur/solennix-backend/internal/repository/client_repo.go:34.2,37.18 3 0
github.com/tiagofur/solennix-backend/internal/repository/client_repo.go:37.18,41.44 2 0
github.com/tiagofur/solennix-backend/internal/repository/client_repo.go:41.44,43.4 1 0
github.com/tiagofur/solennix-backend/internal/repository/client_repo.go:44.3,44.31 1 0
github.com/tiagofur/solennix-backend/internal/repository/client_repo.go:46.2,46.35 1 0
github.com/tiagofur/solennix-backend/internal/repository/client_repo.go:46.35,48.3 1 0
github.com/tiagofur/solennix-backend/internal/repository/client_repo.go:49.2,49.21 1 0
github.com/tiagofur/solennix-backend/internal/repository/client_repo.go:52.97,61.16 4 1
github.com/tiagofur/solennix-backend/internal/repository/client_repo.go:61.16,63.3 1 1
github.com/tiagofur/solennix-backend/internal/repository/client_repo.go:64.2,64.15 1 0
github.com/tiagofur/solennix-backend/internal/repository/client_repo.go:67.74,74.2 2 1
github.com/tiagofur/solennix-backend/internal/repository/client_repo.go:76.74,83.2 2 1
github.com/tiagofur/solennix-backend/internal/repository/client_repo.go:85.78,87.16 2 1
github.com/tiagofur/solennix-backend/internal/repository/client_repo.go:87.16,89.3 1 1
github.com/tiagofur/solennix-backend/internal/repository/client_repo.go:90.2,90.29 1 0
github.com/tiagofur/solennix-backend/internal/repository/client_repo.go:90.29,92.3 1 0
github.com/tiagofur/solennix-backend/internal/repository/client_repo.go:93.2,93.12 1 0
github.com/tiagofur/solennix-backend/internal/repository/client_repo.go:97.107,113.16 4 1
github.com/tiagofur/solennix-backend/internal/repository/client_repo.go:113.16,115.3 1 1
github.com/tiagofur/solennix-backend/internal/repository/client_repo.go:116.2,119.18 3 0
github.com/tiagofur/solennix-backend/internal/repository/client_repo.go:119.18,123.44 2 0
github.com/tiagofur/solennix-backend/internal/repository/client_repo.go:123.44,125.4 1 0
github.com/tiagofur/solennix-backend/internal/repository/client_repo.go:126.3,126.31 1 0
github.com/tiagofur/solennix-backend/internal/repository/client_repo.go:128.2,128.35 1 0
github.com/tiagofur/solennix-backend/internal/repository/client_repo.go:128.35,130.3 1 0
github.com/tiagofur/solennix-backend/internal/repository/client_repo.go:132.2,132.20 1 0
github.com/tiagofur/solennix-backend/internal/repository/client_repo.go:132.20,134.3 1 0
github.com/tiagofur/solennix-backend/internal/repository/client_repo.go:136.2,136.21 1 0
github.com/tiagofur/solennix-backend/internal/repository/event_repo.go:19.50,21.2 1 1
github.com/tiagofur/solennix-backend/internal/repository/event_repo.go:32.52,42.2 3 0
github.com/tiagofur/solennix-backend/internal/repository/event_repo.go:44.61,56.23 5 1
github.com/tiagofur/solennix-backend/internal/repository/event_repo.go:56.23,58.25 2 0
github.com/tiagofur/solennix-backend/internal/repository/event_repo.go:58.25,60.4 1 0
github.com/tiagofur/solennix-backend/internal/repository/event_repo.go:62.2,62.15 1 1
github.com/tiagofur/solennix-backend/internal/repository/event_repo.go:65.91,70.16 3 1
github.com/tiagofur/solennix-backend/internal/repository/event_repo.go:70.16,72.3 1 1
github.com/tiagofur/solennix-backend/internal/repository/event_repo.go:73.2,76.18 3 0
github.com/tiagofur/solennix-backend/internal/repository/event_repo.go:76.18,78.17 2 0
github.com/tiagofur/solennix-backend/internal/repository/event_repo.go:78.17,80.4 1 0
github.com/tiagofur/solennix-backend/internal/repository/event_repo.go:81.3,81.29 1 0
github.com/tiagofur/solennix-backend/internal/repository/event_repo.go:83.2,83.35 1 0
github.com/tiagofur/solennix-backend/internal/repository/event_repo.go:83.35,85.3 1 0
github.com/tiagofur/solennix-backend/internal/repository/event_repo.go:86.2,86.20 1 0
github.com/tiagofur/solennix-backend/internal/repository/event_repo.go:89.118,95.16 3 1
github.com/tiagofur/solennix-backend/internal/repository/event_repo.go:95.16,97.3 1 1
github.com/tiagofur/solennix-backend/internal/repository/event_repo.go:98.2,101.18 3 0
github.com/tiagofur/solennix-backend/internal/repository/event_repo.go:101.18,103.17 2 0
github.com/tiagofur/solennix-backend/internal/repository/event_repo.go:103.17,105.4 1 0
github.com/tiagofur/solennix-backend/internal/repository/event_repo.go:106.3,106.29 1 0
github.com/tiagofur/solennix-backend/internal/repository/event_repo.go:108.2,108.35 1 0
github.com/tiagofur/solennix-backend/internal/repository/event_repo.go:108.35,110.3 1 0
github.com/tiagofur/solennix-backend/internal/repository/event_repo.go:111.2,111.20 1 0
github.com/tiagofur/solennix-backend/internal/repository/event_repo.go:114.108,118.16 3 1
github.com/tiagofur/solennix-backend/internal/repository/event_repo.go:118.16,120.3 1 1
github.com/tiagofur/solennix-backend/internal/repository/event_repo.go:121.2,124.18 3 0
github.com/tiagofur/solennix-backend/internal/repository/event_repo.go:124.18,133.17 3 0
github.com/tiagofur/solennix-backend/internal/repository/event_repo.go:133.17,135.4 1 0
github.com/tiagofur/solennix-backend/internal/repository/event_repo.go:136.3,136.29 1 0
github.com/tiagofur/solennix-backend/internal/repository/event_repo.go:138.2,138.35 1 0
github.com/tiagofur/solennix-backend/internal/repository/event_repo.go:138.35,140.3 1 0
github.com/tiagofur/solennix-backend/internal/repository/event_repo.go:141.2,141.20 1 0
github.com/tiagofur/solennix-backend/internal/repository/event_repo.go:144.95,149.16 3 1
github.com/tiagofur/solennix-backend/internal/repository/event_repo.go:149.16,151.3 1 1
github.com/tiagofur/solennix-backend/internal/repository/event_repo.go:152.2,152.16 1 0
github.com/tiagofur/solennix-backend/internal/repository/event_repo.go:155.107,161.16 3 1
github.com/tiagofur/solennix-backend/internal/repository/event_repo.go:161.16,163.3 1 1
github.com/tiagofur/solennix-backend/internal/repository/event_repo.go:164.2,167.18 3 0
github.com/tiagofur/solennix-backend/internal/repository/event_repo.go:167.18,169.17 2 0
github.com/tiagofur/solennix-backend/internal/repository/event_repo.go:169.17,171.4 1 0
github.com/tiagofur/solennix-backend/internal/repository/event_repo.go:172.3,172.29 1 0
github.com/tiagofur/solennix-backend/internal/repository/event_repo.go:174.2,174.35 1 0
github.com/tiagofur/solennix-backend/internal/repository/event_repo.go:174.35,176.3 1 0
github.com/tiagofur/solennix-backend/internal/repository/event_repo.go:177.2,177.20 1 0
github.com/tiagofur/solennix-backend/internal/repository/event_repo.go:180.91,187.16 4 1
github.com/tiagofur/solennix-backend/internal/repository/event_repo.go:187.16,189.3 1 1
github.com/tiagofur/solennix-backend/internal/repository/event_repo.go:190.2,190.19 1 0
github.com/tiagofur/solennix-backend/internal/repository/event_repo.go:193.72,196.46 2 1
github.com/tiagofur/solennix-backend/internal/repository/event_repo.go:196.46,198.3 1 0
github.com/tiagofur/solennix-backend/internal/repository/event_repo.go:199.2,199.42 1 1
github.com/tiagofur/solennix-backend/internal/repository/event_repo.go:199.42,201.3 1 0
github.com/tiagofur/solennix-backend/internal/repository/event_repo.go:203.2,203.26 1 1
github.com/tiagofur/solennix-backend/internal/repository/event_repo.go:203.26,205.3 1 1
github.com/tiagofur/solennix-backend/internal/repository/event_repo.go:206.2,218.16 3 1
github.com/tiagofur/solennix-backend/internal/repository/event_repo.go:218.16,221.3 2 1
github.com/tiagofur/solennix-backend/internal/repository/event_repo.go:222.2,222.12 1 0
github.com/tiagofur/solennix-backend/internal/repository/event_repo.go:225.72,228.46 2 1
github.com/tiagofur/solennix-backend/internal/repository/event_repo.go:228.46,230.3 1 0
github.com/tiagofur/solennix-backend/internal/repository/event_repo.go:231.2,231.42 1 1
github.com/tiagofur/solennix-backend/internal/repository/event_repo.go:231.42,233.3 1 0
github.com/tiagofur/solennix-backend/internal/repository/event_repo.go:235.2,235.26 1 1
github.com/tiagofur/solennix-backend/internal/repository/event_repo.go:235.26,237.3 1 1
github.com/tiagofur/solennix-backend/internal/repository/event_repo.go:238.2,249.36 2 1
github.com/tiagofur/solennix-backend/internal/repository/event_repo.go:252.77,254.16 2 1
github.com/tiagofur/solennix-backend/internal/repository/event_repo.go:254.16,256.3 1 1
github.com/tiagofur/solennix-backend/internal/repository/event_repo.go:257.2,257.29 1 0
github.com/tiagofur/solennix-backend/internal/repository/event_repo.go:257.29,259.3 1 0
github.com/tiagofur/solennix-backend/internal/repository/event_repo.go:260.2,260.12 1 0
github.com/tiagofur/solennix-backend/internal/repository/event_repo.go:265.86,272.2 3 1
github.com/tiagofur/solennix-backend/internal/repository/event_repo.go:276.104,282.16 3 1
github.com/tiagofur/solennix-backend/internal/repository/event_repo.go:282.16,284.3 1 1
github.com/tiagofur/solennix-backend/internal/repository/event_repo.go:285.2,288.18 3 0
github.com/tiagofur/solennix-backend/internal/repository/event_repo.go:288.18,291.93 2 0
github.com/tiagofur/solennix-backend/internal/repository/event_repo.go:291.93,293.4 1 0
github.com/tiagofur/solennix-backend/internal/repository/event_repo.go:294.3,294.34 1 0
github.com/tiagofur/solennix-backend/internal/repository/event_repo.go:296.2,296.35 1 0
github.com/tiagofur/solennix-backend/internal/repository/event_repo.go:296.35,298.3 1 0
github.com/tiagofur/solennix-backend/internal/repository/event_repo.go:299.2,299.22 1 0
github.com/tiagofur/solennix-backend/internal/repository/event_repo.go:302.100,306.16 3 1
github.com/tiagofur/solennix-backend/internal/repository/event_repo.go:306.16,308.3 1 1
github.com/tiagofur/solennix-backend/internal/repository/event_repo.go:309.2,312.18 3 0
github.com/tiagofur/solennix-backend/internal/repository/event_repo.go:312.18,315.62 2 0
github.com/tiagofur/solennix-backend/internal/repository/event_repo.go:315.62,317.4 1 0
github.com/tiagofur/solennix-backend/internal/repository/event_repo.go:318.3,318.30 1 0
github.com/tiagofur/solennix-backend/internal/repository/event_repo.go:320.2,320.35 1 0
github.com/tiagofur/solennix-backend/internal/repository/event_repo.go:320.35,322.3 1 0
github.com/tiagofur/solennix-backend/internal/repository/event_repo.go:323.2,323.20 1 0
github.com/tiagofur/solennix-backend/internal/repository/event_repo.go:329.104,332.16 2 1
github.com/tiagofur/solennix-backend/internal/repository/event_repo.go:332.16,334.3 1 1
github.com/tiagofur/solennix-backend/internal/repository/event_repo.go:335.2,338.97 2 0
github.com/tiagofur/solennix-backend/internal/repository/event_repo.go:338.97,340.3 1 0
github.com/tiagofur/solennix-backend/internal/repository/event_repo.go:341.2,341.95 1 0
github.com/tiagofur/solennix-backend/internal/repository/event_repo.go:341.95,343.3 1 0
github.com/tiagofur/solennix-backend/internal/repository/event_repo.go:346.2,346.29 1 0
github.com/tiagofur/solennix-backend/internal/repository/event_repo.go:346.29,351.17 2 0
github.com/tiagofur/solennix-backend/internal/repository/event_repo.go:351.17,353.4 1 0
github.com/tiagofur/solennix-backend/internal/repository/event_repo.go:357.2,357.27 1 0
github.com/tiagofur/solennix-backend/internal/repository/event_repo.go:357.27,362.17 2 0
github.com/tiagofur/solennix-backend/internal/repository/event_repo.go:362.17,364.4 1 0
github.com/tiagofur/solennix-backend/internal/repository/event_repo.go:368.2,368.22 1 0
github.com/tiagofur/solennix-backend/internal/repository/event_repo.go:368.22,369.99 1 0
github.com/tiagofur/solennix-backend/internal/repository/event_repo.go:369.99,371.4 1 0
github.com/tiagofur/solennix-backend/internal/repository/event_repo.go:372.3,372.33 1 0
github.com/tiagofur/solennix-backend/internal/repository/event_repo.go:372.33,377.18 2 0
github.com/tiagofur/solennix-backend/internal/repository/event_repo.go:377.18,379.5 1 0
github.com/tiagofur/solennix-backend/internal/repository/event_repo.go:383.2,383.23 1 0
github.com/tiagofur/solennix-backend/internal/repository/event_repo.go:388.107,394.16 3 1
github.com/tiagofur/solennix-backend/internal/repository/event_repo.go:394.16,396.3 1 1
github.com/tiagofur/solennix-backend/internal/repository/event_repo.go:397.2,400.18 3 0
github.com/tiagofur/solennix-backend/internal/repository/event_repo.go:400.18,403.89 2 0
github.com/tiagofur/solennix-backend/internal/repository/event_repo.go:403.89,405.4 1 0
github.com/tiagofur/solennix-backend/internal/repository/event_repo.go:406.3,406.28 1 0
github.com/tiagofur/solennix-backend/internal/repository/event_repo.go:408.2,408.35 1 0
github.com/tiagofur/solennix-backend/internal/repository/event_repo.go:408.35,410.3 1 0
github.com/tiagofur/solennix-backend/internal/repository/event_repo.go:411.2,411.19 1 0
github.com/tiagofur/solennix-backend/internal/repository/event_repo.go:415.137,417.28 1 1
github.com/tiagofur/solennix-backend/internal/repository/event_repo.go:417.28,419.3 1 1
github.com/tiagofur/solennix-backend/internal/repository/event_repo.go:425.2,440.27 4 1
github.com/tiagofur/solennix-backend/internal/repository/event_repo.go:440.27,444.3 3 0
github.com/tiagofur/solennix-backend/internal/repository/event_repo.go:447.2,447.40 1 1
github.com/tiagofur/solennix-backend/internal/repository/event_repo.go:447.40,454.3 2 0
github.com/tiagofur/solennix-backend/internal/repository/event_repo.go:456.2,457.16 2 1
github.com/tiagofur/solennix-backend/internal/repository/event_repo.go:457.16,459.3 1 1
github.com/tiagofur/solennix-backend/internal/repository/event_repo.go:460.2,463.18 3 0
github.com/tiagofur/solennix-backend/internal/repository/event_repo.go:463.18,466.73 2 0
github.com/tiagofur/solennix-backend/internal/repository/event_repo.go:466.73,468.4 1 0
github.com/tiagofur/solennix-backend/internal/repository/event_repo.go:470.3,470.45 1 0
github.com/tiagofur/solennix-backend/internal/repository/event_repo.go:470.45,472.4 1 0
github.com/tiagofur/solennix-backend/internal/repository/event_repo.go:472.9,472.48 1 0
github.com/tiagofur/solennix-backend/internal/repository/event_repo.go:472.48,474.4 1 0
github.com/tiagofur/solennix-backend/internal/repository/event_repo.go:474.9,476.4 1 0
github.com/tiagofur/solennix-backend/internal/repository/event_repo.go:477.3,477.35 1 0
github.com/tiagofur/solennix-backend/internal/repository/event_repo.go:479.2,479.35 1 0
github.com/tiagofur/solennix-backend/internal/repository/event_repo.go:479.35,481.3 1 0
github.com/tiagofur/solennix-backend/internal/repository/event_repo.go:482.2,482.23 1 0
github.com/tiagofur/solennix-backend/internal/repository/event_repo.go:497.162,498.24 1 1
github.com/tiagofur/solennix-backend/internal/repository/event_repo.go:498.24,500.3 1 1
github.com/tiagofur/solennix-backend/internal/repository/event_repo.go:502.2,504.29 3 1
github.com/tiagofur/solennix-backend/internal/repository/event_repo.go:504.29,507.3 2 1
github.com/tiagofur/solennix-backend/internal/repository/event_repo.go:511.2,523.16 3 1
github.com/tiagofur/solennix-backend/internal/repository/event_repo.go:523.16,525.3 1 1
github.com/tiagofur/solennix-backend/internal/repository/event_repo.go:526.2,543.18 5 0
github.com/tiagofur/solennix-backend/internal/repository/event_repo.go:543.18,546.63 2 0
github.com/tiagofur/solennix-backend/internal/repository/event_repo.go:546.63,548.4 1 0
github.com/tiagofur/solennix-backend/internal/repository/event_repo.go:550.3,551.45 2 0
github.com/tiagofur/solennix-backend/internal/repository/event_repo.go:551.45,554.4 1 0
github.com/tiagofur/solennix-backend/internal/repository/event_repo.go:554.9,557.4 1 0
github.com/tiagofur/solennix-backend/internal/repository/event_repo.go:559.3,559.33 1 0
github.com/tiagofur/solennix-backend/internal/repository/event_repo.go:559.33,561.4 1 0
github.com/tiagofur/solennix-backend/internal/repository/event_repo.go:561.9,571.4 2 0
github.com/tiagofur/solennix-backend/internal/repository/event_repo.go:573.2,573.35 1 0
github.com/tiagofur/solennix-backend/internal/repository/event_repo.go:573.35,575.3 1 0
github.com/tiagofur/solennix-backend/internal/repository/event_repo.go:577.2,578.27 2 0
github.com/tiagofur/solennix-backend/internal/repository/event_repo.go:578.27,580.3 1 0
github.com/tiagofur/solennix-backend/internal/repository/event_repo.go:581.2,581.20 1 0
github.com/tiagofur/solennix-backend/internal/repository/event_repo.go:585.105,603.16 4 1
github.com/tiagofur/solennix-backend/internal/repository/event_repo.go:603.16,605.3 1 1
github.com/tiagofur/solennix-backend/internal/repository/event_repo.go:606.2,609.18 3 0
github.com/tiagofur/solennix-backend/internal/repository/event_repo.go:609.18,615.29 3 0
github.com/tiagofur/solennix-backend/internal/repository/event_repo.go:615.29,617.4 1 0
github.com/tiagofur/solennix-backend/internal/repository/event_repo.go:618.3,618.24 1 0
github.com/tiagofur/solennix-backend/internal/repository/event_repo.go:618.24,622.4 1 0
github.com/tiagofur/solennix-backend/internal/repository/event_repo.go:623.3,623.29 1 0
github.com/tiagofur/solennix-backend/internal/repository/event_repo.go:625.2,625.35 1 0
github.com/tiagofur/solennix-backend/internal/repository/event_repo.go:625.35,627.3 1 0
github.com/tiagofur/solennix-backend/internal/repository/event_repo.go:629.2,629.19 1 0
github.com/tiagofur/solennix-backend/internal/repository/event_repo.go:629.19,631.3 1 0
github.com/tiagofur/solennix-backend/internal/repository/event_repo.go:633.2,633.20 1 0
github.com/tiagofur/solennix-backend/internal/repository/inventory_repo.go:16.58,18.2 1 1
github.com/tiagofur/solennix-backend/internal/repository/inventory_repo.go:19.91,24.2 4 1
github.com/tiagofur/solennix-backend/internal/repository/inventory_repo.go:26.103,30.16 3 1
github.com/tiagofur/solennix-backend/internal/repository/inventory_repo.go:30.16,32.3 1 1
github.com/tiagofur/solennix-backend/internal/repository/inventory_repo.go:33.2,36.18 3 0
github.com/tiagofur/solennix-backend/internal/repository/inventory_repo.go:36.18,39.80 2 0
github.com/tiagofur/solennix-backend/internal/repository/inventory_repo.go:39.80,41.4 1 0
github.com/tiagofur/solennix-backend/internal/repository/inventory_repo.go:42.3,42.27 1 0
github.com/tiagofur/solennix-backend/internal/repository/inventory_repo.go:44.2,44.35 1 0
github.com/tiagofur/solennix-backend/internal/repository/inventory_repo.go:44.35,46.3 1 0
github.com/tiagofur/solennix-backend/internal/repository/inventory_repo.go:47.2,47.19 1 0
github.com/tiagofur/solennix-backend/internal/repository/inventory_repo.go:50.107,57.16 4 1
github.com/tiagofur/solennix-backend/internal/repository/inventory_repo.go:57.16,59.3 1 1
github.com/tiagofur/solennix-backend/internal/repository/inventory_repo.go:60.2,60.15 1 0
github.com/tiagofur/solennix-backend/internal/repository/inventory_repo.go:63.84,70.2 2 1
github.com/tiagofur/solennix-backend/internal/repository/inventory_repo.go:72.84,81.2 2 1
github.com/tiagofur/solennix-backend/internal/repository/inventory_repo.go:83.81,85.16 2 1
github.com/tiagofur/solennix-backend/internal/repository/inventory_repo.go:85.16,87.3 1 1
github.com/tiagofur/solennix-backend/internal/repository/inventory_repo.go:88.2,88.29 1 0
github.com/tiagofur/solennix-backend/internal/repository/inventory_repo.go:88.29,90.3 1 0
github.com/tiagofur/solennix-backend/internal/repository/inventory_repo.go:91.2,91.12 1 0
github.com/tiagofur/solennix-backend/internal/repository/inventory_repo.go:95.117,109.16 4 1
github.com/tiagofur/solennix-backend/internal/repository/inventory_repo.go:109.16,111.3 1 1
github.com/tiagofur/solennix-backend/internal/repository/inventory_repo.go:112.2,115.18 3 0
github.com/tiagofur/solennix-backend/internal/repository/inventory_repo.go:115.18,119.35 2 0
github.com/tiagofur/solennix-backend/internal/repository/inventory_repo.go:119.35,121.4 1 0
github.com/tiagofur/solennix-backend/internal/repository/inventory_repo.go:122.3,122.30 1 0
github.com/tiagofur/solennix-backend/internal/repository/inventory_repo.go:124.2,124.35 1 0
github.com/tiagofur/solennix-backend/internal/repository/inventory_repo.go:124.35,126.3 1 0
github.com/tiagofur/solennix-backend/internal/repository/inventory_repo.go:128.2,128.18 1 0
github.com/tiagofur/solennix-backend/internal/repository/inventory_repo.go:128.18,130.3 1 0
github.com/tiagofur/solennix-backend/internal/repository/inventory_repo.go:132.2,132.19 1 0
github.com/tiagofur/solennix-backend/internal/repository/payment_repo.go:20.54,22.2 1 1
github.com/tiagofur/solennix-backend/internal/repository/payment_repo.go:24.95,28.2 2 1
github.com/tiagofur/solennix-backend/internal/repository/payment_repo.go:30.110,34.2 2 1
github.com/tiagofur/solennix-backend/internal/repository/payment_repo.go:36.122,40.2 2 1
github.com/tiagofur/solennix-backend/internal/repository/payment_repo.go:42.124,43.24 1 1
github.com/tiagofur/solennix-backend/internal/repository/payment_repo.go:43.24,45.3 1 1
github.com/tiagofur/solennix-backend/internal/repository/payment_repo.go:46.2,48.54 2 1
github.com/tiagofur/solennix-backend/internal/repository/payment_repo.go:51.76,58.2 2 1
github.com/tiagofur/solennix-backend/internal/repository/payment_repo.go:60.94,67.2 2 1
github.com/tiagofur/solennix-backend/internal/repository/payment_repo.go:69.79,71.16 2 1
github.com/tiagofur/solennix-backend/internal/repository/payment_repo.go:71.16,73.3 1 1
github.com/tiagofur/solennix-backend/internal/repository/payment_repo.go:74.2,74.29 1 0
github.com/tiagofur/solennix-backend/internal/repository/payment_repo.go:74.29,76.3 1 0
github.com/tiagofur/solennix-backend/internal/repository/payment_repo.go:77.2,77.12 1 0
github.com/tiagofur/solennix-backend/internal/repository/payment_repo.go:80.119,82.16 2 1
github.com/tiagofur/solennix-backend/internal/repository/payment_repo.go:82.16,84.3 1 1
github.com/tiagofur/solennix-backend/internal/repository/payment_repo.go:85.2,88.18 3 0
github.com/tiagofur/solennix-backend/internal/repository/payment_repo.go:88.18,91.74 2 0
github.com/tiagofur/solennix-backend/internal/repository/payment_repo.go:91.74,93.4 1 0
github.com/tiagofur/solennix-backend/internal/repository/payment_repo.go:94.3,94.33 1 0
github.com/tiagofur/solennix-backend/internal/repository/payment_repo.go:96.2,96.35 1 0
github.com/tiagofur/solennix-backend/internal/repository/payment_repo.go:96.35,98.3 1 0
github.com/tiagofur/solennix-backend/internal/repository/payment_repo.go:99.2,99.22 1 0
github.com/tiagofur/solennix-backend/internal/repository/product_repo.go:16.54,18.2 1 1
github.com/tiagofur/solennix-backend/internal/repository/product_repo.go:19.89,24.2 4 1
github.com/tiagofur/solennix-backend/internal/repository/product_repo.go:26.95,30.16 3 1
github.com/tiagofur/solennix-backend/internal/repository/product_repo.go:30.16,32.3 1 1
github.com/tiagofur/solennix-backend/internal/repository/product_repo.go:33.2,36.18 3 0
github.com/tiagofur/solennix-backend/internal/repository/product_repo.go:36.18,39.81 2 0
github.com/tiagofur/solennix-backend/internal/repository/product_repo.go:39.81,41.4 1 0
github.com/tiagofur/solennix-backend/internal/repository/product_repo.go:42.3,42.33 1 0
github.com/tiagofur/solennix-backend/internal/repository/product_repo.go:44.2,44.35 1 0
github.com/tiagofur/solennix-backend/internal/repository/product_repo.go:44.35,46.3 1 0
github.com/tiagofur/solennix-backend/internal/repository/product_repo.go:47.2,47.22 1 0
github.com/tiagofur/solennix-backend/internal/repository/product_repo.go:50.99,57.16 4 1
github.com/tiagofur/solennix-backend/internal/repository/product_repo.go:57.16,59.3 1 1
github.com/tiagofur/solennix-backend/internal/repository/product_repo.go:60.2,60.15 1 0
github.com/tiagofur/solennix-backend/internal/repository/product_repo.go:63.76,70.2 2 1
github.com/tiagofur/solennix-backend/internal/repository/product_repo.go:72.76,79.2 2 1
github.com/tiagofur/solennix-backend/internal/repository/product_repo.go:81.79,83.16 2 1
github.com/tiagofur/solennix-backend/internal/repository/product_repo.go:83.16,85.3 1 1
github.com/tiagofur/solennix-backend/internal/repository/product_repo.go:86.2,86.29 1 0
github.com/tiagofur/solennix-backend/internal/repository/product_repo.go:86.29,88.3 1 0
github.com/tiagofur/solennix-backend/internal/repository/product_repo.go:89.2,89.12 1 0
github.com/tiagofur/solennix-backend/internal/repository/product_repo.go:94.116,100.16 3 1
github.com/tiagofur/solennix-backend/internal/repository/product_repo.go:100.16,102.3 1 1
github.com/tiagofur/solennix-backend/internal/repository/product_repo.go:103.2,106.18 3 0
github.com/tiagofur/solennix-backend/internal/repository/product_repo.go:106.18,109.85 2 0
github.com/tiagofur/solennix-backend/internal/repository/product_repo.go:109.85,111.4 1 0
github.com/tiagofur/solennix-backend/internal/repository/product_repo.go:112.3,112.40 1 0
github.com/tiagofur/solennix-backend/internal/repository/product_repo.go:114.2,114.35 1 0
github.com/tiagofur/solennix-backend/internal/repository/product_repo.go:114.35,116.3 1 0
github.com/tiagofur/solennix-backend/internal/repository/product_repo.go:117.2,117.25 1 0
github.com/tiagofur/solennix-backend/internal/repository/product_repo.go:120.130,121.26 1 1
github.com/tiagofur/solennix-backend/internal/repository/product_repo.go:121.26,123.3 1 1
github.com/tiagofur/solennix-backend/internal/repository/product_repo.go:124.2,129.16 3 1
github.com/tiagofur/solennix-backend/internal/repository/product_repo.go:129.16,131.3 1 1
github.com/tiagofur/solennix-backend/internal/repository/product_repo.go:132.2,135.18 3 0
github.com/tiagofur/solennix-backend/internal/repository/product_repo.go:135.18,138.85 2 0
github.com/tiagofur/solennix-backend/internal/repository/product_repo.go:138.85,140.4 1 0
github.com/tiagofur/solennix-backend/internal/repository/product_repo.go:141.3,141.40 1 0
github.com/tiagofur/solennix-backend/internal/repository/product_repo.go:143.2,143.35 1 0
github.com/tiagofur/solennix-backend/internal/repository/product_repo.go:143.35,145.3 1 0
github.com/tiagofur/solennix-backend/internal/repository/product_repo.go:146.2,146.25 1 0
github.com/tiagofur/solennix-backend/internal/repository/product_repo.go:149.129,151.16 2 1
github.com/tiagofur/solennix-backend/internal/repository/product_repo.go:151.16,153.3 1 1
github.com/tiagofur/solennix-backend/internal/repository/product_repo.go:154.2,156.106 2 0
github.com/tiagofur/solennix-backend/internal/repository/product_repo.go:156.106,158.3 1 0
github.com/tiagofur/solennix-backend/internal/repository/product_repo.go:160.2,160.34 1 0
github.com/tiagofur/solennix-backend/internal/repository/product_repo.go:160.34,165.17 2 0
github.com/tiagofur/solennix-backend/internal/repository/product_repo.go:165.17,167.4 1 0
github.com/tiagofur/solennix-backend/internal/repository/product_repo.go:170.2,170.23 1 0
github.com/tiagofur/solennix-backend/internal/repository/product_repo.go:174.108,175.26 1 1
github.com/tiagofur/solennix-backend/internal/repository/product_repo.go:175.26,177.3 1 1
github.com/tiagofur/solennix-backend/internal/repository/product_repo.go:178.2,180.85 3 1
github.com/tiagofur/solennix-backend/internal/repository/product_repo.go:180.85,182.3 1 1
github.com/tiagofur/solennix-backend/internal/repository/product_repo.go:183.2,183.30 1 0
github.com/tiagofur/solennix-backend/internal/repository/product_repo.go:183.30,185.3 1 0
github.com/tiagofur/solennix-backend/internal/repository/product_repo.go:186.2,186.12 1 0
github.com/tiagofur/solennix-backend/internal/repository/product_repo.go:190.109,203.16 4 1
github.com/tiagofur/solennix-backend/internal/repository/product_repo.go:203.16,205.3 1 1
github.com/tiagofur/solennix-backend/internal/repository/product_repo.go:206.2,209.18 3 0
github.com/tiagofur/solennix-backend/internal/repository/product_repo.go:209.18,212.81 2 0
github.com/tiagofur/solennix-backend/internal/repository/product_repo.go:212.81,214.4 1 0
github.com/tiagofur/solennix-backend/internal/repository/product_repo.go:215.3,215.33 1 0
github.com/tiagofur/solennix-backend/internal/repository/product_repo.go:217.2,217.35 1 0
github.com/tiagofur/solennix-backend/internal/repository/product_repo.go:217.35,219.3 1 0
github.com/tiagofur/solennix-backend/internal/repository/product_repo.go:221.2,221.21 1 0
github.com/tiagofur/solennix-backend/internal/repository/product_repo.go:221.21,223.3 1 0
github.com/tiagofur/solennix-backend/internal/repository/product_repo.go:225.2,225.22 1 0
github.com/tiagofur/solennix-backend/internal/repository/subscription_repo.go:17.64,19.2 1 1
github.com/tiagofur/solennix-backend/internal/repository/subscription_repo.go:22.88,39.2 2 1
github.com/tiagofur/solennix-backend/internal/repository/subscription_repo.go:42.109,57.16 4 1
github.com/tiagofur/solennix-backend/internal/repository/subscription_repo.go:57.16,59.3 1 1
github.com/tiagofur/solennix-backend/internal/repository/subscription_repo.go:60.2,60.17 1 0
github.com/tiagofur/solennix-backend/internal/repository/subscription_repo.go:64.155,73.16 3 1
github.com/tiagofur/solennix-backend/internal/repository/subscription_repo.go:73.16,75.3 1 1
github.com/tiagofur/solennix-backend/internal/repository/subscription_repo.go:76.2,76.29 1 0
github.com/tiagofur/solennix-backend/internal/repository/subscription_repo.go:76.29,78.3 1 0
github.com/tiagofur/solennix-backend/internal/repository/subscription_repo.go:79.2,79.12 1 0
github.com/tiagofur/solennix-backend/internal/repository/subscription_repo.go:83.109,91.2 3 1
github.com/tiagofur/solennix-backend/internal/repository/user_repo.go:16.48,18.2 1 1
github.com/tiagofur/solennix-backend/internal/repository/user_repo.go:20.73,25.21 2 1
github.com/tiagofur/solennix-backend/internal/repository/user_repo.go:25.21,27.3 1 1
github.com/tiagofur/solennix-backend/internal/repository/user_repo.go:28.2,30.52 1 1
github.com/tiagofur/solennix-backend/internal/repository/user_repo.go:33.88,46.16 4 1
github.com/tiagofur/solennix-backend/internal/repository/user_repo.go:46.16,48.3 1 1
github.com/tiagofur/solennix-backend/internal/repository/user_repo.go:49.2,49.18 1 0
github.com/tiagofur/solennix-backend/internal/repository/user_repo.go:52.85,65.16 4 1
github.com/tiagofur/solennix-backend/internal/repository/user_repo.go:65.16,67.3 1 1
github.com/tiagofur/solennix-backend/internal/repository/user_repo.go:68.2,68.18 1 0
github.com/tiagofur/solennix-backend/internal/repository/user_repo.go:72.108,98.16 4 1
github.com/tiagofur/solennix-backend/internal/repository/user_repo.go:98.16,100.3 1 1
github.com/tiagofur/solennix-backend/internal/repository/user_repo.go:101.2,101.18 1 0
github.com/tiagofur/solennix-backend/internal/repository/user_repo.go:105.122,114.2 3 1
github.com/tiagofur/solennix-backend/internal/repository/user_repo.go:118.114,125.16 3 1
github.com/tiagofur/solennix-backend/internal/repository/user_repo.go:125.16,127.3 1 1
github.com/tiagofur/solennix-backend/internal/repository/user_repo.go:128.2,128.29 1 0
github.com/tiagofur/solennix-backend/internal/repository/user_repo.go:128.29,130.3 1 0
github.com/tiagofur/solennix-backend/internal/repository/user_repo.go:131.2,131.12 1 0
github.com/tiagofur/solennix-backend/internal/repository/user_repo.go:135.101,142.16 3 1
github.com/tiagofur/solennix-backend/internal/repository/user_repo.go:142.16,144.3 1 1
github.com/tiagofur/solennix-backend/internal/repository/user_repo.go:145.2,145.29 1 0
github.com/tiagofur/solennix-backend/internal/repository/user_repo.go:145.29,147.3 1 0
github.com/tiagofur/solennix-backend/internal/repository/user_repo.go:148.2,148.12 1 0
github.com/tiagofur/solennix-backend/internal/services/auth_service.go:29.72,34.2 1 1
github.com/tiagofur/solennix-backend/internal/services/auth_service.go:37.69,39.16 2 1
github.com/tiagofur/solennix-backend/internal/services/auth_service.go:39.16,41.3 1 1
github.com/tiagofur/solennix-backend/internal/services/auth_service.go:42.2,42.26 1 1
github.com/tiagofur/solennix-backend/internal/services/auth_service.go:46.65,48.2 1 1
github.com/tiagofur/solennix-backend/internal/services/auth_service.go:51.93,67.16 6 1
github.com/tiagofur/solennix-backend/internal/services/auth_service.go:67.16,69.3 1 0
github.com/tiagofur/solennix-backend/internal/services/auth_service.go:72.2,83.16 4 1
github.com/tiagofur/solennix-backend/internal/services/auth_service.go:83.16,85.3 1 0
github.com/tiagofur/solennix-backend/internal/services/auth_service.go:87.2,91.8 1 1
github.com/tiagofur/solennix-backend/internal/services/auth_service.go:95.90,112.16 6 1
github.com/tiagofur/solennix-backend/internal/services/auth_service.go:112.16,114.3 1 0
github.com/tiagofur/solennix-backend/internal/services/auth_service.go:116.2,116.25 1 1
github.com/tiagofur/solennix-backend/internal/services/auth_service.go:120.79,121.109 1 1
github.com/tiagofur/solennix-backend/internal/services/auth_service.go:121.109,122.58 1 1
github.com/tiagofur/solennix-backend/internal/services/auth_service.go:122.58,124.4 1 1
github.com/tiagofur/solennix-backend/internal/services/auth_service.go:125.3,125.26 1 1
github.com/tiagofur/solennix-backend/internal/services/auth_service.go:128.2,128.16 1 1
github.com/tiagofur/solennix-backend/internal/services/auth_service.go:128.16,130.3 1 1
github.com/tiagofur/solennix-backend/internal/services/auth_service.go:132.2,133.25 2 1
github.com/tiagofur/solennix-backend/internal/services/auth_service.go:133.25,135.3 1 0
github.com/tiagofur/solennix-backend/internal/services/auth_service.go:137.2,137.20 1 1
github.com/tiagofur/solennix-backend/internal/services/auth_service.go:141.84,143.16 2 1
github.com/tiagofur/solennix-backend/internal/services/auth_service.go:143.16,145.3 1 1
github.com/tiagofur/solennix-backend/internal/services/auth_service.go:148.2,148.40 1 1
github.com/tiagofur/solennix-backend/internal/services/auth_service.go:148.40,150.3 1 1
github.com/tiagofur/solennix-backend/internal/services/auth_service.go:152.2,152.20 1 1
github.com/tiagofur/solennix-backend/internal/services/email_service.go:17.56,19.2 1 1
github.com/tiagofur/solennix-backend/internal/services/email_service.go:22.79,29.2 4 1
github.com/tiagofur/solennix-backend/internal/services/email_service.go:31.85,139.2 5 1
github.com/tiagofur/solennix-backend/internal/services/email_service.go:141.70,142.30 1 1
github.com/tiagofur/solennix-backend/internal/services/email_service.go:142.30,145.3 2 1
github.com/tiagofur/solennix-backend/internal/services/email_service.go:147.2,157.16 4 1
github.com/tiagofur/solennix-backend/internal/services/email_service.go:157.16,160.3 2 1
github.com/tiagofur/solennix-backend/internal/services/email_service.go:162.2,163.12 2 0
github.com/tiagofur/solennix-backend/internal/database/database.go:12.57,14.16 2 1
github.com/tiagofur/solennix-backend/internal/database/database.go:14.16,16.3 1 1
github.com/tiagofur/solennix-backend/internal/database/database.go:18.2,27.16 8 1
github.com/tiagofur/solennix-backend/internal/database/database.go:27.16,29.3 1 0
github.com/tiagofur/solennix-backend/internal/database/database.go:31.2,31.38 1 1
github.com/tiagofur/solennix-backend/internal/database/database.go:31.38,34.3 2 1
github.com/tiagofur/solennix-backend/internal/database/database.go:36.2,37.18 2 0
github.com/tiagofur/solennix-backend/internal/database/migrate.go:19.40,29.16 3 1
github.com/tiagofur/solennix-backend/internal/database/migrate.go:29.16,31.3 1 1
github.com/tiagofur/solennix-backend/internal/database/migrate.go:34.2,35.16 2 0
github.com/tiagofur/solennix-backend/internal/database/migrate.go:35.16,37.3 1 0
github.com/tiagofur/solennix-backend/internal/database/migrate.go:38.2,41.18 3 0
github.com/tiagofur/solennix-backend/internal/database/migrate.go:41.18,43.45 2 0
github.com/tiagofur/solennix-backend/internal/database/migrate.go:43.45,45.4 1 0
github.com/tiagofur/solennix-backend/internal/database/migrate.go:46.3,46.26 1 0
github.com/tiagofur/solennix-backend/internal/database/migrate.go:48.2,48.35 1 0
github.com/tiagofur/solennix-backend/internal/database/migrate.go:48.35,50.3 1 0
github.com/tiagofur/solennix-backend/internal/database/migrate.go:53.2,54.16 2 0
github.com/tiagofur/solennix-backend/internal/database/migrate.go:54.16,56.3 1 0
github.com/tiagofur/solennix-backend/internal/database/migrate.go:59.2,60.32 2 0
github.com/tiagofur/solennix-backend/internal/database/migrate.go:60.32,61.49 1 0
github.com/tiagofur/solennix-backend/internal/database/migrate.go:61.49,63.4 1 0
github.com/tiagofur/solennix-backend/internal/database/migrate.go:65.2,68.35 2 0
github.com/tiagofur/solennix-backend/internal/database/migrate.go:68.35,70.23 2 0
github.com/tiagofur/solennix-backend/internal/database/migrate.go:70.23,71.12 1 0
github.com/tiagofur/solennix-backend/internal/database/migrate.go:74.3,77.17 3 0
github.com/tiagofur/solennix-backend/internal/database/migrate.go:77.17,79.4 1 0
github.com/tiagofur/solennix-backend/internal/database/migrate.go:81.3,82.17 2 0
github.com/tiagofur/solennix-backend/internal/database/migrate.go:82.17,84.4 1 0
github.com/tiagofur/solennix-backend/internal/database/migrate.go:86.3,86.58 1 0
github.com/tiagofur/solennix-backend/internal/database/migrate.go:86.58,87.47 1 0
github.com/tiagofur/solennix-backend/internal/database/migrate.go:87.47,89.5 1 0
github.com/tiagofur/solennix-backend/internal/database/migrate.go:90.4,90.72 1 0
github.com/tiagofur/solennix-backend/internal/database/migrate.go:93.3,93.105 1 0
github.com/tiagofur/solennix-backend/internal/database/migrate.go:93.105,94.47 1 0
github.com/tiagofur/solennix-backend/internal/database/migrate.go:94.47,96.5 1 0
github.com/tiagofur/solennix-backend/internal/database/migrate.go:97.4,97.73 1 0
github.com/tiagofur/solennix-backend/internal/database/migrate.go:100.3,100.40 1 0
github.com/tiagofur/solennix-backend/internal/database/migrate.go:100.40,102.4 1 0
github.com/tiagofur/solennix-backend/internal/database/migrate.go:104.3,104.53 1 0
github.com/tiagofur/solennix-backend/internal/database/migrate.go:107.2,108.12 2 0
github.com/tiagofur/solennix-backend/internal/handlers/admin_handler.go:21.63,23.2 1 1
github.com/tiagofur/solennix-backend/internal/handlers/admin_handler.go:27.73,29.16 2 1
github.com/tiagofur/solennix-backend/internal/handlers/admin_handler.go:29.16,33.3 3 1
github.com/tiagofur/solennix-backend/internal/handlers/admin_handler.go:35.2,35.36 1 1
github.com/tiagofur/solennix-backend/internal/handlers/admin_handler.go:40.74,42.16 2 1
github.com/tiagofur/solennix-backend/internal/handlers/admin_handler.go:42.16,46.3 3 1
github.com/tiagofur/solennix-backend/internal/handlers/admin_handler.go:48.2,48.18 1 1
github.com/tiagofur/solennix-backend/internal/handlers/admin_handler.go:48.18,50.3 1 1
github.com/tiagofur/solennix-backend/internal/handlers/admin_handler.go:52.2,52.36 1 1
github.com/tiagofur/solennix-backend/internal/handlers/admin_handler.go:57.72,60.16 3 1
github.com/tiagofur/solennix-backend/internal/handlers/admin_handler.go:60.16,63.3 2 1
github.com/tiagofur/solennix-backend/internal/handlers/admin_handler.go:65.2,66.16 2 1
github.com/tiagofur/solennix-backend/internal/handlers/admin_handler.go:66.16,70.3 3 1
github.com/tiagofur/solennix-backend/internal/handlers/admin_handler.go:72.2,72.35 1 1
github.com/tiagofur/solennix-backend/internal/handlers/admin_handler.go:86.76,89.16 3 1
github.com/tiagofur/solennix-backend/internal/handlers/admin_handler.go:89.16,92.3 2 1
github.com/tiagofur/solennix-backend/internal/handlers/admin_handler.go:94.2,95.61 2 1
github.com/tiagofur/solennix-backend/internal/handlers/admin_handler.go:95.61,97.3 1 1
github.com/tiagofur/solennix-backend/internal/handlers/admin_handler.go:98.2,98.20 1 1
github.com/tiagofur/solennix-backend/internal/handlers/admin_handler.go:98.20,100.3 1 1
github.com/tiagofur/solennix-backend/internal/handlers/admin_handler.go:103.2,103.71 1 1
github.com/tiagofur/solennix-backend/internal/handlers/admin_handler.go:103.71,106.3 2 1
github.com/tiagofur/solennix-backend/internal/handlers/admin_handler.go:109.2,110.16 2 1
github.com/tiagofur/solennix-backend/internal/handlers/admin_handler.go:110.16,113.3 2 1
github.com/tiagofur/solennix-backend/internal/handlers/admin_handler.go:116.2,116.44 1 1
github.com/tiagofur/solennix-backend/internal/handlers/admin_handler.go:116.44,121.3 2 1
github.com/tiagofur/solennix-backend/internal/handlers/admin_handler.go:124.2,125.50 2 1
github.com/tiagofur/solennix-backend/internal/handlers/admin_handler.go:125.50,127.17 2 1
github.com/tiagofur/solennix-backend/internal/handlers/admin_handler.go:127.17,130.4 2 1
github.com/tiagofur/solennix-backend/internal/handlers/admin_handler.go:132.3,133.24 2 0
github.com/tiagofur/solennix-backend/internal/handlers/admin_handler.go:137.2,147.89 3 1
github.com/tiagofur/solennix-backend/internal/handlers/admin_handler.go:147.89,151.3 3 1
github.com/tiagofur/solennix-backend/internal/handlers/admin_handler.go:154.2,155.16 2 1
github.com/tiagofur/solennix-backend/internal/handlers/admin_handler.go:155.16,158.3 2 1
github.com/tiagofur/solennix-backend/internal/handlers/admin_handler.go:160.2,160.38 1 1
github.com/tiagofur/solennix-backend/internal/handlers/admin_handler.go:165.81,167.16 2 1
github.com/tiagofur/solennix-backend/internal/handlers/admin_handler.go:167.16,171.3 3 1
github.com/tiagofur/solennix-backend/internal/handlers/admin_handler.go:173.2,173.39 1 1
github.com/tiagofur/solennix-backend/internal/handlers/auth_handler.go:22.135,28.2 1 1
github.com/tiagofur/solennix-backend/internal/handlers/auth_handler.go:46.72,48.44 2 1
github.com/tiagofur/solennix-backend/internal/handlers/auth_handler.go:48.44,51.3 2 1
github.com/tiagofur/solennix-backend/internal/handlers/auth_handler.go:53.2,56.61 3 1
github.com/tiagofur/solennix-backend/internal/handlers/auth_handler.go:56.61,59.3 2 1
github.com/tiagofur/solennix-backend/internal/handlers/auth_handler.go:61.2,61.64 1 1
github.com/tiagofur/solennix-backend/internal/handlers/auth_handler.go:61.64,64.3 2 1
github.com/tiagofur/solennix-backend/internal/handlers/auth_handler.go:66.2,66.25 1 1
github.com/tiagofur/solennix-backend/internal/handlers/auth_handler.go:66.25,69.3 2 1
github.com/tiagofur/solennix-backend/internal/handlers/auth_handler.go:71.2,71.27 1 1
github.com/tiagofur/solennix-backend/internal/handlers/auth_handler.go:71.27,74.3 2 1
github.com/tiagofur/solennix-backend/internal/handlers/auth_handler.go:77.2,78.21 2 1
github.com/tiagofur/solennix-backend/internal/handlers/auth_handler.go:78.21,81.3 2 1
github.com/tiagofur/solennix-backend/internal/handlers/auth_handler.go:84.2,85.16 2 1
github.com/tiagofur/solennix-backend/internal/handlers/auth_handler.go:85.16,89.3 3 1
github.com/tiagofur/solennix-backend/internal/handlers/auth_handler.go:92.2,99.61 2 1
github.com/tiagofur/solennix-backend/internal/handlers/auth_handler.go:99.61,103.3 3 1
github.com/tiagofur/solennix-backend/internal/handlers/auth_handler.go:106.2,107.16 2 1
github.com/tiagofur/solennix-backend/internal/handlers/auth_handler.go:107.16,111.3 3 0
github.com/tiagofur/solennix-backend/internal/handlers/auth_handler.go:114.2,129.4 2 1
github.com/tiagofur/solennix-backend/internal/handlers/auth_handler.go:133.69,135.44 2 1
github.com/tiagofur/solennix-backend/internal/handlers/auth_handler.go:135.44,138.3 2 1
github.com/tiagofur/solennix-backend/internal/handlers/auth_handler.go:140.2,142.43 2 1
github.com/tiagofur/solennix-backend/internal/handlers/auth_handler.go:142.43,145.3 2 1
github.com/tiagofur/solennix-backend/internal/handlers/auth_handler.go:148.2,149.31 2 1
github.com/tiagofur/solennix-backend/internal/handlers/auth_handler.go:149.31,152.3 2 1
github.com/tiagofur/solennix-backend/internal/handlers/auth_handler.go:155.2,155.67 1 1
github.com/tiagofur/solennix-backend/internal/handlers/auth_handler.go:155.67,158.3 2 1
github.com/tiagofur/solennix-backend/internal/handlers/auth_handler.go:161.2,162.16 2 1
github.com/tiagofur/solennix-backend/internal/handlers/auth_handler.go:162.16,166.3 3 0
github.com/tiagofur/solennix-backend/internal/handlers/auth_handler.go:169.2,184.4 2 1
github.com/tiagofur/solennix-backend/internal/handlers/auth_handler.go:188.66,192.16 3 1
github.com/tiagofur/solennix-backend/internal/handlers/auth_handler.go:192.16,195.3 2 1
github.com/tiagofur/solennix-backend/internal/handlers/auth_handler.go:197.2,197.35 1 1
github.com/tiagofur/solennix-backend/internal/handlers/auth_handler.go:201.76,205.44 2 1
github.com/tiagofur/solennix-backend/internal/handlers/auth_handler.go:205.44,208.3 2 1
github.com/tiagofur/solennix-backend/internal/handlers/auth_handler.go:210.2,211.16 2 1
github.com/tiagofur/solennix-backend/internal/handlers/auth_handler.go:211.16,214.3 2 1
github.com/tiagofur/solennix-backend/internal/handlers/auth_handler.go:216.2,217.16 2 1
github.com/tiagofur/solennix-backend/internal/handlers/auth_handler.go:217.16,221.3 3 0
github.com/tiagofur/solennix-backend/internal/handlers/auth_handler.go:224.2,235.37 2 1
github.com/tiagofur/solennix-backend/internal/handlers/auth_handler.go:239.70,254.2 2 1
github.com/tiagofur/solennix-backend/internal/handlers/auth_handler.go:257.78,259.44 2 1
github.com/tiagofur/solennix-backend/internal/handlers/auth_handler.go:259.44,262.3 2 1
github.com/tiagofur/solennix-backend/internal/handlers/auth_handler.go:265.2,266.31 2 1
github.com/tiagofur/solennix-backend/internal/handlers/auth_handler.go:266.31,269.17 2 1
github.com/tiagofur/solennix-backend/internal/handlers/auth_handler.go:269.17,275.4 3 0
github.com/tiagofur/solennix-backend/internal/handlers/auth_handler.go:278.3,278.88 1 1
github.com/tiagofur/solennix-backend/internal/handlers/auth_handler.go:278.88,281.4 1 1
github.com/tiagofur/solennix-backend/internal/handlers/auth_handler.go:281.9,283.4 1 0
github.com/tiagofur/solennix-backend/internal/handlers/auth_handler.go:286.2,288.4 1 1
github.com/tiagofur/solennix-backend/internal/handlers/auth_handler.go:297.77,299.44 2 1
github.com/tiagofur/solennix-backend/internal/handlers/auth_handler.go:299.44,302.3 2 1
github.com/tiagofur/solennix-backend/internal/handlers/auth_handler.go:305.2,305.46 1 1
github.com/tiagofur/solennix-backend/internal/handlers/auth_handler.go:305.46,308.3 2 1
github.com/tiagofur/solennix-backend/internal/handlers/auth_handler.go:310.2,310.30 1 1
github.com/tiagofur/solennix-backend/internal/handlers/auth_handler.go:310.30,313.3 2 1
github.com/tiagofur/solennix-backend/internal/handlers/auth_handler.go:316.2,317.16 2 1
github.com/tiagofur/solennix-backend/internal/handlers/auth_handler.go:317.16,320.3 2 1
github.com/tiagofur/solennix-backend/internal/handlers/auth_handler.go:323.2,324.31 2 1
github.com/tiagofur/solennix-backend/internal/handlers/auth_handler.go:324.31,327.3 2 1
github.com/tiagofur/solennix-backend/internal/handlers/auth_handler.go:330.2,331.16 2 1
github.com/tiagofur/solennix-backend/internal/handlers/auth_handler.go:331.16,335.3 3 0
github.com/tiagofur/solennix-backend/internal/handlers/auth_handler.go:338.2,338.78 1 1
github.com/tiagofur/solennix-backend/internal/handlers/auth_handler.go:338.78,342.3 3 1
github.com/tiagofur/solennix-backend/internal/handlers/auth_handler.go:344.2,348.4 2 1
github.com/tiagofur/solennix-backend/internal/handlers/auth_handler.go:352.77,367.44 3 1
github.com/tiagofur/solennix-backend/internal/handlers/auth_handler.go:367.44,370.3 2 1
github.com/tiagofur/solennix-backend/internal/handlers/auth_handler.go:372.2,372.33 1 1
github.com/tiagofur/solennix-backend/internal/handlers/auth_handler.go:372.33,373.73 1 1
github.com/tiagofur/solennix-backend/internal/handlers/auth_handler.go:373.73,374.54 1 1
github.com/tiagofur/solennix-backend/internal/handlers/auth_handler.go:374.54,377.5 2 1
github.com/tiagofur/solennix-backend/internal/handlers/auth_handler.go:378.4,379.10 2 0
github.com/tiagofur/solennix-backend/internal/handlers/auth_handler.go:383.2,387.16 2 1
github.com/tiagofur/solennix-backend/internal/handlers/auth_handler.go:387.16,391.3 3 1
github.com/tiagofur/solennix-backend/internal/handlers/auth_handler.go:393.2,393.35 1 1
github.com/tiagofur/solennix-backend/internal/handlers/contract_template.go:73.58,79.2 5 1
github.com/tiagofur/solennix-backend/internal/handlers/contract_template.go:81.56,84.90 2 1
github.com/tiagofur/solennix-backend/internal/handlers/contract_template.go:84.90,86.3 1 1
github.com/tiagofur/solennix-backend/internal/handlers/contract_template.go:88.2,88.67 1 1
github.com/tiagofur/solennix-backend/internal/handlers/contract_template.go:88.67,90.3 1 1
github.com/tiagofur/solennix-backend/internal/handlers/contract_template.go:92.2,92.11 1 1
github.com/tiagofur/solennix-backend/internal/handlers/contract_template.go:95.54,96.47 1 1
github.com/tiagofur/solennix-backend/internal/handlers/contract_template.go:96.47,98.3 1 1
github.com/tiagofur/solennix-backend/internal/handlers/contract_template.go:100.2,101.32 2 1
github.com/tiagofur/solennix-backend/internal/handlers/contract_template.go:101.32,104.22 3 1
github.com/tiagofur/solennix-backend/internal/handlers/contract_template.go:104.22,106.4 1 1
github.com/tiagofur/solennix-backend/internal/handlers/contract_template.go:107.3,108.57 2 1
github.com/tiagofur/solennix-backend/internal/handlers/contract_template.go:108.57,110.4 1 0
github.com/tiagofur/solennix-backend/internal/handlers/contract_template.go:113.2,113.12 1 1
github.com/tiagofur/solennix-backend/internal/handlers/crud_handler.go:34.16,43.2 1 1
github.com/tiagofur/solennix-backend/internal/handlers/crud_handler.go:49.75,52.16 3 1
github.com/tiagofur/solennix-backend/internal/handlers/crud_handler.go:52.16,55.3 2 1
github.com/tiagofur/solennix-backend/internal/handlers/crud_handler.go:56.2,56.38 1 0
github.com/tiagofur/solennix-backend/internal/handlers/crud_handler.go:59.73,62.16 3 1
github.com/tiagofur/solennix-backend/internal/handlers/crud_handler.go:62.16,65.3 2 1
github.com/tiagofur/solennix-backend/internal/handlers/crud_handler.go:66.2,67.16 2 1
github.com/tiagofur/solennix-backend/internal/handlers/crud_handler.go:67.16,70.3 2 1
github.com/tiagofur/solennix-backend/internal/handlers/crud_handler.go:71.2,71.37 1 0
github.com/tiagofur/solennix-backend/internal/handlers/crud_handler.go:74.76,77.47 3 1
github.com/tiagofur/solennix-backend/internal/handlers/crud_handler.go:77.47,80.3 2 1
github.com/tiagofur/solennix-backend/internal/handlers/crud_handler.go:82.2,83.16 2 1
github.com/tiagofur/solennix-backend/internal/handlers/crud_handler.go:83.16,86.3 2 1
github.com/tiagofur/solennix-backend/internal/handlers/crud_handler.go:88.2,88.26 1 0
github.com/tiagofur/solennix-backend/internal/handlers/crud_handler.go:88.26,90.17 2 0
github.com/tiagofur/solennix-backend/internal/handlers/crud_handler.go:90.17,93.4 2 0
github.com/tiagofur/solennix-backend/internal/handlers/crud_handler.go:94.3,94.18 1 0
github.com/tiagofur/solennix-backend/internal/handlers/crud_handler.go:94.18,97.4 2 0
github.com/tiagofur/solennix-backend/internal/handlers/crud_handler.go:100.2,101.66 2 0
github.com/tiagofur/solennix-backend/internal/handlers/crud_handler.go:101.66,104.3 2 0
github.com/tiagofur/solennix-backend/internal/handlers/crud_handler.go:105.2,105.42 1 0
github.com/tiagofur/solennix-backend/internal/handlers/crud_handler.go:108.76,111.16 3 1
github.com/tiagofur/solennix-backend/internal/handlers/crud_handler.go:111.16,114.3 2 1
github.com/tiagofur/solennix-backend/internal/handlers/crud_handler.go:115.2,116.47 2 1
github.com/tiagofur/solennix-backend/internal/handlers/crud_handler.go:116.47,119.3 2 1
github.com/tiagofur/solennix-backend/internal/handlers/crud_handler.go:120.2,122.66 3 1
github.com/tiagofur/solennix-backend/internal/handlers/crud_handler.go:122.66,125.3 2 1
github.com/tiagofur/solennix-backend/internal/handlers/crud_handler.go:126.2,126.37 1 0
github.com/tiagofur/solennix-backend/internal/handlers/crud_handler.go:129.76,132.16 3 1
github.com/tiagofur/solennix-backend/internal/handlers/crud_handler.go:132.16,135.3 2 1
github.com/tiagofur/solennix-backend/internal/handlers/crud_handler.go:136.2,136.69 1 1
github.com/tiagofur/solennix-backend/internal/handlers/crud_handler.go:136.69,139.3 2 1
github.com/tiagofur/solennix-backend/internal/handlers/crud_handler.go:140.2,140.37 1 0
github.com/tiagofur/solennix-backend/internal/handlers/crud_handler.go:147.74,153.20 5 1
github.com/tiagofur/solennix-backend/internal/handlers/crud_handler.go:153.20,155.17 2 1
github.com/tiagofur/solennix-backend/internal/handlers/crud_handler.go:155.17,158.4 2 1
github.com/tiagofur/solennix-backend/internal/handlers/crud_handler.go:159.3,160.17 2 1
github.com/tiagofur/solennix-backend/internal/handlers/crud_handler.go:160.17,163.4 2 1
github.com/tiagofur/solennix-backend/internal/handlers/crud_handler.go:164.3,165.9 2 0
github.com/tiagofur/solennix-backend/internal/handlers/crud_handler.go:168.2,168.30 1 1
github.com/tiagofur/solennix-backend/internal/handlers/crud_handler.go:168.30,170.17 2 1
github.com/tiagofur/solennix-backend/internal/handlers/crud_handler.go:170.17,173.4 2 1
github.com/tiagofur/solennix-backend/internal/handlers/crud_handler.go:174.3,175.17 2 1
github.com/tiagofur/solennix-backend/internal/handlers/crud_handler.go:175.17,178.4 2 1
github.com/tiagofur/solennix-backend/internal/handlers/crud_handler.go:179.3,180.17 2 1
github.com/tiagofur/solennix-backend/internal/handlers/crud_handler.go:180.17,183.4 2 1
github.com/tiagofur/solennix-backend/internal/handlers/crud_handler.go:184.3,185.9 2 0
github.com/tiagofur/solennix-backend/internal/handlers/crud_handler.go:188.2,189.16 2 1
github.com/tiagofur/solennix-backend/internal/handlers/crud_handler.go:189.16,192.3 2 1
github.com/tiagofur/solennix-backend/internal/handlers/crud_handler.go:193.2,193.37 1 0
github.com/tiagofur/solennix-backend/internal/handlers/crud_handler.go:196.81,199.46 3 1
github.com/tiagofur/solennix-backend/internal/handlers/crud_handler.go:199.46,200.63 1 0
github.com/tiagofur/solennix-backend/internal/handlers/crud_handler.go:200.63,202.4 1 0
github.com/tiagofur/solennix-backend/internal/handlers/crud_handler.go:204.2,205.16 2 1
github.com/tiagofur/solennix-backend/internal/handlers/crud_handler.go:205.16,208.3 2 1
github.com/tiagofur/solennix-backend/internal/handlers/crud_handler.go:209.2,209.37 1 0
github.com/tiagofur/solennix-backend/internal/handlers/crud_handler.go:212.72,215.16 3 1
github.com/tiagofur/solennix-backend/internal/handlers/crud_handler.go:215.16,218.3 2 1
github.com/tiagofur/solennix-backend/internal/handlers/crud_handler.go:219.2,220.16 2 1
github.com/tiagofur/solennix-backend/internal/handlers/crud_handler.go:220.16,223.3 2 1
github.com/tiagofur/solennix-backend/internal/handlers/crud_handler.go:224.2,224.36 1 0
github.com/tiagofur/solennix-backend/internal/handlers/crud_handler.go:227.75,230.46 3 1
github.com/tiagofur/solennix-backend/internal/handlers/crud_handler.go:230.46,233.3 2 1
github.com/tiagofur/solennix-backend/internal/handlers/crud_handler.go:236.2,236.46 1 1
github.com/tiagofur/solennix-backend/internal/handlers/crud_handler.go:236.46,239.3 2 1
github.com/tiagofur/solennix-backend/internal/handlers/crud_handler.go:242.2,243.16 2 1
github.com/tiagofur/solennix-backend/internal/handlers/crud_handler.go:243.16,246.3 2 1
github.com/tiagofur/solennix-backend/internal/handlers/crud_handler.go:248.2,248.26 1 0
github.com/tiagofur/solennix-backend/internal/handlers/crud_handler.go:248.26,250.17 2 0
github.com/tiagofur/solennix-backend/internal/handlers/crud_handler.go:250.17,253.4 2 0
github.com/tiagofur/solennix-backend/internal/handlers/crud_handler.go:254.3,254.17 1 0
github.com/tiagofur/solennix-backend/internal/handlers/crud_handler.go:254.17,258.4 2 0
github.com/tiagofur/solennix-backend/internal/handlers/crud_handler.go:261.2,262.64 2 0
github.com/tiagofur/solennix-backend/internal/handlers/crud_handler.go:262.64,265.3 2 0
github.com/tiagofur/solennix-backend/internal/handlers/crud_handler.go:267.2,267.83 1 0
github.com/tiagofur/solennix-backend/internal/handlers/crud_handler.go:267.83,269.3 1 0
github.com/tiagofur/solennix-backend/internal/handlers/crud_handler.go:270.2,270.41 1 0
github.com/tiagofur/solennix-backend/internal/handlers/crud_handler.go:273.75,276.16 3 1
github.com/tiagofur/solennix-backend/internal/handlers/crud_handler.go:276.16,279.3 2 1
github.com/tiagofur/solennix-backend/internal/handlers/crud_handler.go:282.2,283.16 2 1
github.com/tiagofur/solennix-backend/internal/handlers/crud_handler.go:283.16,286.3 2 1
github.com/tiagofur/solennix-backend/internal/handlers/crud_handler.go:288.2,291.48 2 0
github.com/tiagofur/solennix-backend/internal/handlers/crud_handler.go:291.48,294.3 2 0
github.com/tiagofur/solennix-backend/internal/handlers/crud_handler.go:296.2,300.48 3 0
github.com/tiagofur/solennix-backend/internal/handlers/crud_handler.go:300.48,303.3 2 0
github.com/tiagofur/solennix-backend/internal/handlers/crud_handler.go:305.2,305.66 1 0
github.com/tiagofur/solennix-backend/internal/handlers/crud_handler.go:305.66,308.3 2 0
github.com/tiagofur/solennix-backend/internal/handlers/crud_handler.go:311.2,311.86 1 0
github.com/tiagofur/solennix-backend/internal/handlers/crud_handler.go:311.86,313.3 1 0
github.com/tiagofur/solennix-backend/internal/handlers/crud_handler.go:314.2,314.38 1 0
github.com/tiagofur/solennix-backend/internal/handlers/crud_handler.go:314.38,315.81 1 0
github.com/tiagofur/solennix-backend/internal/handlers/crud_handler.go:315.81,317.4 1 0
github.com/tiagofur/solennix-backend/internal/handlers/crud_handler.go:320.2,320.39 1 0
github.com/tiagofur/solennix-backend/internal/handlers/crud_handler.go:323.75,326.16 3 1
github.com/tiagofur/solennix-backend/internal/handlers/crud_handler.go:326.16,329.3 2 1
github.com/tiagofur/solennix-backend/internal/handlers/crud_handler.go:331.2,332.16 2 1
github.com/tiagofur/solennix-backend/internal/handlers/crud_handler.go:332.16,335.3 2 1
github.com/tiagofur/solennix-backend/internal/handlers/crud_handler.go:336.2,336.68 1 0
github.com/tiagofur/solennix-backend/internal/handlers/crud_handler.go:336.68,339.3 2 0
github.com/tiagofur/solennix-backend/internal/handlers/crud_handler.go:340.2,340.83 1 0
github.com/tiagofur/solennix-backend/internal/handlers/crud_handler.go:340.83,342.3 1 0
github.com/tiagofur/solennix-backend/internal/handlers/crud_handler.go:343.2,343.37 1 0
github.com/tiagofur/solennix-backend/internal/handlers/crud_handler.go:346.80,349.16 3 1
github.com/tiagofur/solennix-backend/internal/handlers/crud_handler.go:349.16,352.3 2 1
github.com/tiagofur/solennix-backend/internal/handlers/crud_handler.go:354.2,354.77 1 1
github.com/tiagofur/solennix-backend/internal/handlers/crud_handler.go:354.77,357.3 2 1
github.com/tiagofur/solennix-backend/internal/handlers/crud_handler.go:358.2,359.16 2 0
github.com/tiagofur/solennix-backend/internal/handlers/crud_handler.go:359.16,362.3 2 0
github.com/tiagofur/solennix-backend/internal/handlers/crud_handler.go:363.2,363.39 1 0
github.com/tiagofur/solennix-backend/internal/handlers/crud_handler.go:366.78,369.16 3 1
github.com/tiagofur/solennix-backend/internal/handlers/crud_handler.go:369.16,372.3 2 1
github.com/tiagofur/solennix-backend/internal/handlers/crud_handler.go:374.2,374.77 1 1
github.com/tiagofur/solennix-backend/internal/handlers/crud_handler.go:374.77,377.3 2 1
github.com/tiagofur/solennix-backend/internal/handlers/crud_handler.go:378.2,379.16 2 0
github.com/tiagofur/solennix-backend/internal/handlers/crud_handler.go:379.16,382.3 2 0
github.com/tiagofur/solennix-backend/internal/handlers/crud_handler.go:383.2,383.37 1 0
github.com/tiagofur/solennix-backend/internal/handlers/crud_handler.go:386.80,389.16 3 1
github.com/tiagofur/solennix-backend/internal/handlers/crud_handler.go:389.16,392.3 2 1
github.com/tiagofur/solennix-backend/internal/handlers/crud_handler.go:394.2,394.77 1 1
github.com/tiagofur/solennix-backend/internal/handlers/crud_handler.go:394.77,397.3 2 1
github.com/tiagofur/solennix-backend/internal/handlers/crud_handler.go:399.2,404.44 2 0
github.com/tiagofur/solennix-backend/internal/handlers/crud_handler.go:404.44,407.3 2 0
github.com/tiagofur/solennix-backend/internal/handlers/crud_handler.go:410.2,410.39 1 0
github.com/tiagofur/solennix-backend/internal/handlers/crud_handler.go:410.39,411.56 1 0
github.com/tiagofur/solennix-backend/internal/handlers/crud_handler.go:411.56,414.4 2 0
github.com/tiagofur/solennix-backend/internal/handlers/crud_handler.go:418.2,418.35 1 0
github.com/tiagofur/solennix-backend/internal/handlers/crud_handler.go:418.35,419.52 1 0
github.com/tiagofur/solennix-backend/internal/handlers/crud_handler.go:419.52,422.4 2 0
github.com/tiagofur/solennix-backend/internal/handlers/crud_handler.go:426.2,426.26 1 0
github.com/tiagofur/solennix-backend/internal/handlers/crud_handler.go:426.26,427.37 1 0
github.com/tiagofur/solennix-backend/internal/handlers/crud_handler.go:427.37,428.54 1 0
github.com/tiagofur/solennix-backend/internal/handlers/crud_handler.go:428.54,431.5 2 0
github.com/tiagofur/solennix-backend/internal/handlers/crud_handler.go:435.2,435.116 1 0
github.com/tiagofur/solennix-backend/internal/handlers/crud_handler.go:435.116,438.3 2 0
github.com/tiagofur/solennix-backend/internal/handlers/crud_handler.go:439.2,439.64 1 0
github.com/tiagofur/solennix-backend/internal/handlers/crud_handler.go:442.81,445.16 3 1
github.com/tiagofur/solennix-backend/internal/handlers/crud_handler.go:445.16,448.3 2 1
github.com/tiagofur/solennix-backend/internal/handlers/crud_handler.go:449.2,449.77 1 1
github.com/tiagofur/solennix-backend/internal/handlers/crud_handler.go:449.77,452.3 2 1
github.com/tiagofur/solennix-backend/internal/handlers/crud_handler.go:453.2,454.16 2 0
github.com/tiagofur/solennix-backend/internal/handlers/crud_handler.go:454.16,457.3 2 0
github.com/tiagofur/solennix-backend/internal/handlers/crud_handler.go:458.2,458.40 1 0
github.com/tiagofur/solennix-backend/internal/handlers/crud_handler.go:461.87,470.44 3 1
github.com/tiagofur/solennix-backend/internal/handlers/crud_handler.go:470.44,473.3 2 1
github.com/tiagofur/solennix-backend/internal/handlers/crud_handler.go:474.2,474.55 1 1
github.com/tiagofur/solennix-backend/internal/handlers/crud_handler.go:474.55,477.3 2 1
github.com/tiagofur/solennix-backend/internal/handlers/crud_handler.go:479.2,480.41 2 1
github.com/tiagofur/solennix-backend/internal/handlers/crud_handler.go:480.41,482.17 2 1
github.com/tiagofur/solennix-backend/internal/handlers/crud_handler.go:482.17,485.4 2 1
github.com/tiagofur/solennix-backend/internal/handlers/crud_handler.go:486.3,486.46 1 1
github.com/tiagofur/solennix-backend/internal/handlers/crud_handler.go:489.2,490.60 2 1
github.com/tiagofur/solennix-backend/internal/handlers/crud_handler.go:490.60,492.17 2 1
github.com/tiagofur/solennix-backend/internal/handlers/crud_handler.go:492.17,495.4 2 1
github.com/tiagofur/solennix-backend/internal/handlers/crud_handler.go:496.3,496.22 1 0
github.com/tiagofur/solennix-backend/internal/handlers/crud_handler.go:499.2,501.16 2 1
github.com/tiagofur/solennix-backend/internal/handlers/crud_handler.go:501.16,504.3 2 1
github.com/tiagofur/solennix-backend/internal/handlers/crud_handler.go:505.2,505.22 1 0
github.com/tiagofur/solennix-backend/internal/handlers/crud_handler.go:505.22,507.3 1 0
github.com/tiagofur/solennix-backend/internal/handlers/crud_handler.go:508.2,508.40 1 0
github.com/tiagofur/solennix-backend/internal/handlers/crud_handler.go:511.87,519.44 3 1
github.com/tiagofur/solennix-backend/internal/handlers/crud_handler.go:519.44,522.3 2 1
github.com/tiagofur/solennix-backend/internal/handlers/crud_handler.go:523.2,523.28 1 1
github.com/tiagofur/solennix-backend/internal/handlers/crud_handler.go:523.28,526.3 2 1
github.com/tiagofur/solennix-backend/internal/handlers/crud_handler.go:528.2,529.33 2 1
github.com/tiagofur/solennix-backend/internal/handlers/crud_handler.go:529.33,531.17 2 1
github.com/tiagofur/solennix-backend/internal/handlers/crud_handler.go:531.17,534.4 2 1
github.com/tiagofur/solennix-backend/internal/handlers/crud_handler.go:535.3,536.15 2 1
github.com/tiagofur/solennix-backend/internal/handlers/crud_handler.go:536.15,538.4 1 0
github.com/tiagofur/solennix-backend/internal/handlers/crud_handler.go:539.3,539.87 1 1
github.com/tiagofur/solennix-backend/internal/handlers/crud_handler.go:542.2,543.16 2 1
github.com/tiagofur/solennix-backend/internal/handlers/crud_handler.go:543.16,546.3 2 1
github.com/tiagofur/solennix-backend/internal/handlers/crud_handler.go:547.2,547.24 1 0
github.com/tiagofur/solennix-backend/internal/handlers/crud_handler.go:547.24,549.3 1 0
github.com/tiagofur/solennix-backend/internal/handlers/crud_handler.go:550.2,550.42 1 0
github.com/tiagofur/solennix-backend/internal/handlers/crud_handler.go:557.76,560.16 3 1
github.com/tiagofur/solennix-backend/internal/handlers/crud_handler.go:560.16,563.3 2 1
github.com/tiagofur/solennix-backend/internal/handlers/crud_handler.go:564.2,564.39 1 0
github.com/tiagofur/solennix-backend/internal/handlers/crud_handler.go:567.74,570.16 3 1
github.com/tiagofur/solennix-backend/internal/handlers/crud_handler.go:570.16,573.3 2 1
github.com/tiagofur/solennix-backend/internal/handlers/crud_handler.go:574.2,575.16 2 1
github.com/tiagofur/solennix-backend/internal/handlers/crud_handler.go:575.16,578.3 2 1
github.com/tiagofur/solennix-backend/internal/handlers/crud_handler.go:579.2,579.38 1 0
github.com/tiagofur/solennix-backend/internal/handlers/crud_handler.go:582.77,585.48 3 1
github.com/tiagofur/solennix-backend/internal/handlers/crud_handler.go:585.48,588.3 2 1
github.com/tiagofur/solennix-backend/internal/handlers/crud_handler.go:591.2,591.50 1 1
github.com/tiagofur/solennix-backend/internal/handlers/crud_handler.go:591.50,594.3 2 1
github.com/tiagofur/solennix-backend/internal/handlers/crud_handler.go:597.2,598.16 2 1
github.com/tiagofur/solennix-backend/internal/handlers/crud_handler.go:598.16,601.3 2 1
github.com/tiagofur/solennix-backend/internal/handlers/crud_handler.go:603.2,603.26 1 0
github.com/tiagofur/solennix-backend/internal/handlers/crud_handler.go:603.26,605.17 2 0
github.com/tiagofur/solennix-backend/internal/handlers/crud_handler.go:605.17,608.4 2 0
github.com/tiagofur/solennix-backend/internal/handlers/crud_handler.go:609.3,610.17 2 0
github.com/tiagofur/solennix-backend/internal/handlers/crud_handler.go:610.17,613.4 2 0
github.com/tiagofur/solennix-backend/internal/handlers/crud_handler.go:614.3,614.40 1 0
github.com/tiagofur/solennix-backend/internal/handlers/crud_handler.go:614.40,617.4 2 0
github.com/tiagofur/solennix-backend/internal/handlers/crud_handler.go:620.2,621.68 2 0
github.com/tiagofur/solennix-backend/internal/handlers/crud_handler.go:621.68,624.3 2 0
github.com/tiagofur/solennix-backend/internal/handlers/crud_handler.go:625.2,625.43 1 0
github.com/tiagofur/solennix-backend/internal/handlers/crud_handler.go:628.77,631.16 3 1
github.com/tiagofur/solennix-backend/internal/handlers/crud_handler.go:631.16,634.3 2 1
github.com/tiagofur/solennix-backend/internal/handlers/crud_handler.go:635.2,636.48 2 1
github.com/tiagofur/solennix-backend/internal/handlers/crud_handler.go:636.48,639.3 2 0
github.com/tiagofur/solennix-backend/internal/handlers/crud_handler.go:642.2,642.50 1 1
github.com/tiagofur/solennix-backend/internal/handlers/crud_handler.go:642.50,645.3 2 1
github.com/tiagofur/solennix-backend/internal/handlers/crud_handler.go:647.2,649.68 3 1
github.com/tiagofur/solennix-backend/internal/handlers/crud_handler.go:649.68,652.3 2 1
github.com/tiagofur/solennix-backend/internal/handlers/crud_handler.go:653.2,653.38 1 0
github.com/tiagofur/solennix-backend/internal/handlers/crud_handler.go:656.77,659.16 3 1
github.com/tiagofur/solennix-backend/internal/handlers/crud_handler.go:659.16,662.3 2 1
github.com/tiagofur/solennix-backend/internal/handlers/crud_handler.go:663.2,663.70 1 1
github.com/tiagofur/solennix-backend/internal/handlers/crud_handler.go:663.70,666.3 2 1
github.com/tiagofur/solennix-backend/internal/handlers/crud_handler.go:667.2,667.37 1 0
github.com/tiagofur/solennix-backend/internal/handlers/crud_handler.go:670.85,673.16 3 1
github.com/tiagofur/solennix-backend/internal/handlers/crud_handler.go:673.16,676.3 2 1
github.com/tiagofur/solennix-backend/internal/handlers/crud_handler.go:678.2,678.74 1 1
github.com/tiagofur/solennix-backend/internal/handlers/crud_handler.go:678.74,681.3 2 1
github.com/tiagofur/solennix-backend/internal/handlers/crud_handler.go:682.2,683.16 2 0
github.com/tiagofur/solennix-backend/internal/handlers/crud_handler.go:683.16,686.3 2 0
github.com/tiagofur/solennix-backend/internal/handlers/crud_handler.go:687.2,687.42 1 0
github.com/tiagofur/solennix-backend/internal/handlers/crud_handler.go:690.88,693.16 3 1
github.com/tiagofur/solennix-backend/internal/handlers/crud_handler.go:693.16,696.3 2 1
github.com/tiagofur/solennix-backend/internal/handlers/crud_handler.go:698.2,698.74 1 1
github.com/tiagofur/solennix-backend/internal/handlers/crud_handler.go:698.74,701.3 2 1
github.com/tiagofur/solennix-backend/internal/handlers/crud_handler.go:702.2,705.44 2 0
github.com/tiagofur/solennix-backend/internal/handlers/crud_handler.go:705.44,708.3 2 0
github.com/tiagofur/solennix-backend/internal/handlers/crud_handler.go:711.2,711.45 1 0
github.com/tiagofur/solennix-backend/internal/handlers/crud_handler.go:711.45,712.64 1 0
github.com/tiagofur/solennix-backend/internal/handlers/crud_handler.go:712.64,715.4 2 0
github.com/tiagofur/solennix-backend/internal/handlers/crud_handler.go:718.2,718.90 1 0
github.com/tiagofur/solennix-backend/internal/handlers/crud_handler.go:718.90,721.3 2 0
github.com/tiagofur/solennix-backend/internal/handlers/crud_handler.go:722.2,722.64 1 0
github.com/tiagofur/solennix-backend/internal/handlers/crud_handler.go:725.90,730.44 3 1
github.com/tiagofur/solennix-backend/internal/handlers/crud_handler.go:730.44,733.3 2 1
github.com/tiagofur/solennix-backend/internal/handlers/crud_handler.go:734.2,734.30 1 1
github.com/tiagofur/solennix-backend/internal/handlers/crud_handler.go:734.30,737.3 2 1
github.com/tiagofur/solennix-backend/internal/handlers/crud_handler.go:738.2,738.31 1 1
github.com/tiagofur/solennix-backend/internal/handlers/crud_handler.go:738.31,741.3 2 1
github.com/tiagofur/solennix-backend/internal/handlers/crud_handler.go:744.2,745.39 2 1
github.com/tiagofur/solennix-backend/internal/handlers/crud_handler.go:745.39,747.17 2 1
github.com/tiagofur/solennix-backend/internal/handlers/crud_handler.go:747.17,750.4 2 1
github.com/tiagofur/solennix-backend/internal/handlers/crud_handler.go:751.3,751.42 1 1
github.com/tiagofur/solennix-backend/internal/handlers/crud_handler.go:755.2,755.89 1 1
github.com/tiagofur/solennix-backend/internal/handlers/crud_handler.go:755.89,758.3 2 1
github.com/tiagofur/solennix-backend/internal/handlers/crud_handler.go:760.2,761.16 2 0
github.com/tiagofur/solennix-backend/internal/handlers/crud_handler.go:761.16,764.3 2 0
github.com/tiagofur/solennix-backend/internal/handlers/crud_handler.go:765.2,765.42 1 0
github.com/tiagofur/solennix-backend/internal/handlers/crud_handler.go:772.77,775.16 3 1
github.com/tiagofur/solennix-backend/internal/handlers/crud_handler.go:775.16,778.3 2 1
github.com/tiagofur/solennix-backend/internal/handlers/crud_handler.go:779.2,779.36 1 0
github.com/tiagofur/solennix-backend/internal/handlers/crud_handler.go:782.80,785.16 3 1
github.com/tiagofur/solennix-backend/internal/handlers/crud_handler.go:785.16,788.3 2 1
github.com/tiagofur/solennix-backend/internal/handlers/crud_handler.go:789.2,790.16 2 1
github.com/tiagofur/solennix-backend/internal/handlers/crud_handler.go:790.16,793.3 2 1
github.com/tiagofur/solennix-backend/internal/handlers/crud_handler.go:794.2,794.35 1 0
github.com/tiagofur/solennix-backend/internal/handlers/crud_handler.go:797.83,800.45 3 1
github.com/tiagofur/solennix-backend/internal/handlers/crud_handler.go:800.45,803.3 2 1
github.com/tiagofur/solennix-backend/internal/handlers/crud_handler.go:806.2,806.53 1 1
github.com/tiagofur/solennix-backend/internal/handlers/crud_handler.go:806.53,809.3 2 1
github.com/tiagofur/solennix-backend/internal/handlers/crud_handler.go:812.2,813.16 2 1
github.com/tiagofur/solennix-backend/internal/handlers/crud_handler.go:813.16,816.3 2 1
github.com/tiagofur/solennix-backend/internal/handlers/crud_handler.go:818.2,818.26 1 0
github.com/tiagofur/solennix-backend/internal/handlers/crud_handler.go:818.26,820.17 2 0
github.com/tiagofur/solennix-backend/internal/handlers/crud_handler.go:820.17,823.4 2 0
github.com/tiagofur/solennix-backend/internal/handlers/crud_handler.go:824.3,825.17 2 0
github.com/tiagofur/solennix-backend/internal/handlers/crud_handler.go:825.17,828.4 2 0
github.com/tiagofur/solennix-backend/internal/handlers/crud_handler.go:829.3,829.40 1 0
github.com/tiagofur/solennix-backend/internal/handlers/crud_handler.go:829.40,832.4 2 0
github.com/tiagofur/solennix-backend/internal/handlers/crud_handler.go:835.2,836.67 2 0
github.com/tiagofur/solennix-backend/internal/handlers/crud_handler.go:836.67,839.3 2 0
github.com/tiagofur/solennix-backend/internal/handlers/crud_handler.go:840.2,840.40 1 0
github.com/tiagofur/solennix-backend/internal/handlers/crud_handler.go:843.83,846.16 3 1
github.com/tiagofur/solennix-backend/internal/handlers/crud_handler.go:846.16,849.3 2 1
github.com/tiagofur/solennix-backend/internal/handlers/crud_handler.go:850.2,851.45 2 1
github.com/tiagofur/solennix-backend/internal/handlers/crud_handler.go:851.45,854.3 2 0
github.com/tiagofur/solennix-backend/internal/handlers/crud_handler.go:857.2,857.53 1 1
github.com/tiagofur/solennix-backend/internal/handlers/crud_handler.go:857.53,860.3 2 1
github.com/tiagofur/solennix-backend/internal/handlers/crud_handler.go:862.2,864.67 3 1
github.com/tiagofur/solennix-backend/internal/handlers/crud_handler.go:864.67,867.3 2 1
github.com/tiagofur/solennix-backend/internal/handlers/crud_handler.go:868.2,868.35 1 0
github.com/tiagofur/solennix-backend/internal/handlers/crud_handler.go:871.83,874.16 3 1
github.com/tiagofur/solennix-backend/internal/handlers/crud_handler.go:874.16,877.3 2 1
github.com/tiagofur/solennix-backend/internal/handlers/crud_handler.go:878.2,878.72 1 1
github.com/tiagofur/solennix-backend/internal/handlers/crud_handler.go:878.72,881.3 2 1
github.com/tiagofur/solennix-backend/internal/handlers/crud_handler.go:882.2,882.37 1 0
github.com/tiagofur/solennix-backend/internal/handlers/crud_handler.go:889.76,896.19 6 1
github.com/tiagofur/solennix-backend/internal/handlers/crud_handler.go:896.19,898.17 2 1
github.com/tiagofur/solennix-backend/internal/handlers/crud_handler.go:898.17,901.4 2 1
[...]
github.com/tiagofur/solennix-backend/internal/handlers/subscription_handler.go:130.38,132.3 1 0
github.com/tiagofur/solennix-backend/internal/handlers/subscription_handler.go:134.2,135.16 2 0
github.com/tiagofur/solennix-backend/internal/handlers/subscription_handler.go:135.16,139.3 3 0
github.com/tiagofur/solennix-backend/internal/handlers/subscription_handler.go:141.2,143.4 1 0
github.com/tiagofur/solennix-backend/internal/handlers/subscription_handler.go:151.85,155.16 4 1
github.com/tiagofur/solennix-backend/internal/handlers/subscription_handler.go:155.16,158.3 2 1
github.com/tiagofur/solennix-backend/internal/handlers/subscription_handler.go:160.2,161.26 2 1
github.com/tiagofur/solennix-backend/internal/handlers/subscription_handler.go:161.26,165.3 3 1
github.com/tiagofur/solennix-backend/internal/handlers/subscription_handler.go:167.2,168.16 2 1
github.com/tiagofur/solennix-backend/internal/handlers/subscription_handler.go:168.16,172.3 3 1
github.com/tiagofur/solennix-backend/internal/handlers/subscription_handler.go:174.2,174.20 1 0
github.com/tiagofur/solennix-backend/internal/handlers/subscription_handler.go:175.36,177.60 2 0
github.com/tiagofur/solennix-backend/internal/handlers/subscription_handler.go:177.60,181.4 3 0
github.com/tiagofur/solennix-backend/internal/handlers/subscription_handler.go:184.3,186.37 2 0
github.com/tiagofur/solennix-backend/internal/handlers/subscription_handler.go:186.37,188.4 1 0
github.com/tiagofur/solennix-backend/internal/handlers/subscription_handler.go:188.9,188.39 1 0
github.com/tiagofur/solennix-backend/internal/handlers/subscription_handler.go:188.39,190.18 2 0
github.com/tiagofur/solennix-backend/internal/handlers/subscription_handler.go:190.18,192.10 2 0
github.com/tiagofur/solennix-backend/internal/handlers/subscription_handler.go:194.4,195.25 2 0
github.com/tiagofur/solennix-backend/internal/handlers/subscription_handler.go:195.25,197.5 1 0
github.com/tiagofur/solennix-backend/internal/handlers/subscription_handler.go:198.4,198.99 1 0
github.com/tiagofur/solennix-backend/internal/handlers/subscription_handler.go:198.99,200.5 1 0
github.com/tiagofur/solennix-backend/internal/handlers/subscription_handler.go:200.10,202.5 1 0
github.com/tiagofur/solennix-backend/internal/handlers/subscription_handler.go:205.4,205.49 1 0
github.com/tiagofur/solennix-backend/internal/handlers/subscription_handler.go:205.49,214.80 2 0
github.com/tiagofur/solennix-backend/internal/handlers/subscription_handler.go:214.80,219.6 4 0
github.com/tiagofur/solennix-backend/internal/handlers/subscription_handler.go:220.5,220.68 1 0
github.com/tiagofur/solennix-backend/internal/handlers/subscription_handler.go:220.68,222.6 1 0
github.com/tiagofur/solennix-backend/internal/handlers/subscription_handler.go:226.39,228.62 2 0
github.com/tiagofur/solennix-backend/internal/handlers/subscription_handler.go:228.62,231.4 2 0
github.com/tiagofur/solennix-backend/internal/handlers/subscription_handler.go:232.3,235.21 2 0
github.com/tiagofur/solennix-backend/internal/handlers/subscription_handler.go:236.40,238.24 1 0
github.com/tiagofur/solennix-backend/internal/handlers/subscription_handler.go:238.24,241.110 3 0
github.com/tiagofur/solennix-backend/internal/handlers/subscription_handler.go:241.110,243.6 1 0
github.com/tiagofur/solennix-backend/internal/handlers/subscription_handler.go:245.41,247.24 1 0
github.com/tiagofur/solennix-backend/internal/handlers/subscription_handler.go:247.24,248.108 1 0
github.com/tiagofur/solennix-backend/internal/handlers/subscription_handler.go:248.108,250.6 1 0
github.com/tiagofur/solennix-backend/internal/handlers/subscription_handler.go:252.42,254.24 1 0
github.com/tiagofur/solennix-backend/internal/handlers/subscription_handler.go:254.24,255.108 1 0
github.com/tiagofur/solennix-backend/internal/handlers/subscription_handler.go:255.108,257.6 1 0
github.com/tiagofur/solennix-backend/internal/handlers/subscription_handler.go:259.40,261.105 1 0
github.com/tiagofur/solennix-backend/internal/handlers/subscription_handler.go:261.105,263.5 1 0
github.com/tiagofur/solennix-backend/internal/handlers/subscription_handler.go:264.4,264.24 1 0
github.com/tiagofur/solennix-backend/internal/handlers/subscription_handler.go:264.24,265.108 1 0
github.com/tiagofur/solennix-backend/internal/handlers/subscription_handler.go:265.108,267.6 1 0
github.com/tiagofur/solennix-backend/internal/handlers/subscription_handler.go:271.39,273.62 2 0
github.com/tiagofur/solennix-backend/internal/handlers/subscription_handler.go:273.62,276.4 2 0
github.com/tiagofur/solennix-backend/internal/handlers/subscription_handler.go:277.3,277.104 1 0
github.com/tiagofur/solennix-backend/internal/handlers/subscription_handler.go:277.104,279.4 1 0
github.com/tiagofur/solennix-backend/internal/handlers/subscription_handler.go:279.9,281.4 1 0
github.com/tiagofur/solennix-backend/internal/handlers/subscription_handler.go:282.3,282.23 1 0
github.com/tiagofur/solennix-backend/internal/handlers/subscription_handler.go:282.23,283.107 1 0
github.com/tiagofur/solennix-backend/internal/handlers/subscription_handler.go:283.107,285.5 1 0
github.com/tiagofur/solennix-backend/internal/handlers/subscription_handler.go:288.32,290.66 2 0
github.com/tiagofur/solennix-backend/internal/handlers/subscription_handler.go:290.66,292.9 2 0
github.com/tiagofur/solennix-backend/internal/handlers/subscription_handler.go:294.3,295.54 2 0
github.com/tiagofur/solennix-backend/internal/handlers/subscription_handler.go:295.54,296.124 1 0
github.com/tiagofur/solennix-backend/internal/handlers/subscription_handler.go:296.124,298.5 1 0
github.com/tiagofur/solennix-backend/internal/handlers/subscription_handler.go:302.2,302.30 1 0
github.com/tiagofur/solennix-backend/internal/handlers/subscription_handler.go:324.89,326.41 1 1
github.com/tiagofur/solennix-backend/internal/handlers/subscription_handler.go:326.41,330.3 3 1
github.com/tiagofur/solennix-backend/internal/handlers/subscription_handler.go:331.2,332.96 2 1
github.com/tiagofur/solennix-backend/internal/handlers/subscription_handler.go:332.96,336.3 3 1
github.com/tiagofur/solennix-backend/internal/handlers/subscription_handler.go:338.2,341.16 4 1
github.com/tiagofur/solennix-backend/internal/handlers/subscription_handler.go:341.16,344.3 2 1
github.com/tiagofur/solennix-backend/internal/handlers/subscription_handler.go:346.2,347.58 2 1
github.com/tiagofur/solennix-backend/internal/handlers/subscription_handler.go:347.58,351.3 3 1
github.com/tiagofur/solennix-backend/internal/handlers/subscription_handler.go:353.2,358.16 4 1
github.com/tiagofur/solennix-backend/internal/handlers/subscription_handler.go:358.16,363.3 3 1
github.com/tiagofur/solennix-backend/internal/handlers/subscription_handler.go:365.2,365.18 1 1
github.com/tiagofur/solennix-backend/internal/handlers/subscription_handler.go:366.55,368.91 1 1
github.com/tiagofur/solennix-backend/internal/handlers/subscription_handler.go:368.91,370.4 1 0
github.com/tiagofur/solennix-backend/internal/handlers/subscription_handler.go:370.9,372.4 1 1
github.com/tiagofur/solennix-backend/internal/handlers/subscription_handler.go:374.53,376.93 1 1
github.com/tiagofur/solennix-backend/internal/handlers/subscription_handler.go:376.93,378.4 1 0
github.com/tiagofur/solennix-backend/internal/handlers/subscription_handler.go:378.9,380.4 1 1
github.com/tiagofur/solennix-backend/internal/handlers/subscription_handler.go:382.24,383.89 1 1
github.com/tiagofur/solennix-backend/internal/handlers/subscription_handler.go:386.2,386.30 1 1
github.com/tiagofur/solennix-backend/internal/handlers/subscription_handler.go:394.84,395.39 1 1
github.com/tiagofur/solennix-backend/internal/handlers/subscription_handler.go:395.39,398.3 2 1
github.com/tiagofur/solennix-backend/internal/handlers/subscription_handler.go:400.2,402.16 3 1
github.com/tiagofur/solennix-backend/internal/handlers/subscription_handler.go:402.16,405.3 2 1
github.com/tiagofur/solennix-backend/internal/handlers/subscription_handler.go:407.2,409.4 1 1
github.com/tiagofur/solennix-backend/internal/handlers/subscription_handler.go:417.86,418.39 1 1
github.com/tiagofur/solennix-backend/internal/handlers/subscription_handler.go:418.39,421.3 2 1
github.com/tiagofur/solennix-backend/internal/handlers/subscription_handler.go:423.2,427.16 3 1
github.com/tiagofur/solennix-backend/internal/handlers/subscription_handler.go:427.16,430.3 2 1
github.com/tiagofur/solennix-backend/internal/handlers/subscription_handler.go:432.2,434.4 1 1
github.com/tiagofur/solennix-backend/internal/handlers/subscription_handler.go:439.93,442.16 3 1
github.com/tiagofur/solennix-backend/internal/handlers/subscription_handler.go:442.16,445.3 2 1
github.com/tiagofur/solennix-backend/internal/handlers/subscription_handler.go:447.2,466.22 4 1
github.com/tiagofur/solennix-backend/internal/handlers/subscription_handler.go:466.22,467.73 1 1
github.com/tiagofur/solennix-backend/internal/handlers/subscription_handler.go:467.73,472.35 2 1
github.com/tiagofur/solennix-backend/internal/handlers/subscription_handler.go:472.35,475.5 2 1
github.com/tiagofur/solennix-backend/internal/handlers/subscription_handler.go:478.4,478.96 1 1
github.com/tiagofur/solennix-backend/internal/handlers/subscription_handler.go:478.96,479.77 1 1
github.com/tiagofur/solennix-backend/internal/handlers/subscription_handler.go:479.77,484.6 3 0
github.com/tiagofur/solennix-backend/internal/handlers/subscription_handler.go:487.4,487.28 1 1
github.com/tiagofur/solennix-backend/internal/handlers/subscription_handler.go:491.2,491.35 1 1
github.com/tiagofur/solennix-backend/internal/handlers/subscription_handler.go:495.104,499.41 3 0
github.com/tiagofur/solennix-backend/internal/handlers/subscription_handler.go:499.41,502.3 2 0
github.com/tiagofur/solennix-backend/internal/handlers/subscription_handler.go:504.2,505.16 2 0
github.com/tiagofur/solennix-backend/internal/handlers/subscription_handler.go:505.16,508.3 2 0
github.com/tiagofur/solennix-backend/internal/handlers/subscription_handler.go:510.2,511.16 2 0
github.com/tiagofur/solennix-backend/internal/handlers/subscription_handler.go:511.16,514.3 2 0
github.com/tiagofur/solennix-backend/internal/handlers/subscription_handler.go:517.2,518.16 2 0
github.com/tiagofur/solennix-backend/internal/handlers/subscription_handler.go:518.16,521.3 2 0
github.com/tiagofur/solennix-backend/internal/handlers/subscription_handler.go:524.2,536.59 4 0
github.com/tiagofur/solennix-backend/internal/handlers/subscription_handler.go:536.59,539.3 2 0
github.com/tiagofur/solennix-backend/internal/handlers/subscription_handler.go:542.2,542.30 1 0
github.com/tiagofur/solennix-backend/internal/handlers/subscription_handler.go:542.30,544.56 2 0
github.com/tiagofur/solennix-backend/internal/handlers/subscription_handler.go:544.56,546.4 1 0
github.com/tiagofur/solennix-backend/internal/handlers/subscription_handler.go:549.2,554.3 1 0
github.com/tiagofur/solennix-backend/internal/handlers/subscription_handler.go:558.34,560.2 1 1
github.com/tiagofur/solennix-backend/internal/handlers/upload_handler.go:24.56,26.52 1 1
github.com/tiagofur/solennix-backend/internal/handlers/upload_handler.go:26.52,28.48 2 1
github.com/tiagofur/solennix-backend/internal/handlers/upload_handler.go:28.48,30.4 1 0
github.com/tiagofur/solennix-backend/internal/handlers/upload_handler.go:32.2,32.45 1 1
github.com/tiagofur/solennix-backend/internal/handlers/upload_handler.go:38.77,44.55 3 1
github.com/tiagofur/solennix-backend/internal/handlers/upload_handler.go:44.55,45.52 1 1
github.com/tiagofur/solennix-backend/internal/handlers/upload_handler.go:45.52,47.4 1 0
github.com/tiagofur/solennix-backend/internal/handlers/upload_handler.go:47.9,49.4 1 1
github.com/tiagofur/solennix-backend/internal/handlers/upload_handler.go:50.3,50.9 1 1
github.com/tiagofur/solennix-backend/internal/handlers/upload_handler.go:53.2,54.16 2 1
github.com/tiagofur/solennix-backend/internal/handlers/upload_handler.go:54.16,57.3 2 1
github.com/tiagofur/solennix-backend/internal/handlers/upload_handler.go:58.2,62.47 3 1
github.com/tiagofur/solennix-backend/internal/handlers/upload_handler.go:62.47,65.3 2 1
github.com/tiagofur/solennix-backend/internal/handlers/upload_handler.go:68.2,69.15 2 1
github.com/tiagofur/solennix-backend/internal/handlers/upload_handler.go:69.15,71.3 1 1
github.com/tiagofur/solennix-backend/internal/handlers/upload_handler.go:72.2,77.16 4 1
github.com/tiagofur/solennix-backend/internal/handlers/upload_handler.go:77.16,81.3 3 0
github.com/tiagofur/solennix-backend/internal/handlers/upload_handler.go:82.2,84.46 2 1
github.com/tiagofur/solennix-backend/internal/handlers/upload_handler.go:84.46,88.3 3 0
github.com/tiagofur/solennix-backend/internal/handlers/upload_handler.go:91.2,98.4 3 1
github.com/tiagofur/solennix-backend/internal/handlers/upload_handler.go:101.75,103.16 2 1
github.com/tiagofur/solennix-backend/internal/handlers/upload_handler.go:103.16,106.3 2 1
github.com/tiagofur/solennix-backend/internal/handlers/upload_handler.go:107.2,110.16 3 1
github.com/tiagofur/solennix-backend/internal/handlers/upload_handler.go:110.16,113.3 2 1
github.com/tiagofur/solennix-backend/internal/handlers/upload_handler.go:116.2,121.17 5 1
github.com/tiagofur/solennix-backend/internal/handlers/upload_handler.go:121.17,124.3 2 1
github.com/tiagofur/solennix-backend/internal/handlers/upload_handler.go:124.8,127.3 2 1
github.com/tiagofur/solennix-backend/internal/handlers/upload_handler.go:128.2,128.14 1 1
github.com/tiagofur/solennix-backend/internal/handlers/upload_handler.go:128.14,130.3 1 0
github.com/tiagofur/solennix-backend/internal/handlers/upload_handler.go:131.2,131.14 1 1
github.com/tiagofur/solennix-backend/internal/handlers/upload_handler.go:131.14,133.3 1 0
github.com/tiagofur/solennix-backend/internal/handlers/upload_handler.go:135.2,140.16 5 1
github.com/tiagofur/solennix-backend/internal/handlers/upload_handler.go:140.16,143.3 2 1
github.com/tiagofur/solennix-backend/internal/handlers/upload_handler.go:144.2,146.82 2 1
github.com/tiagofur/solennix-backend/internal/handlers/upload_handler.go:146.82,148.3 1 0
github.com/tiagofur/solennix-backend/internal/handlers/validation.go:15.41,17.2 1 1
github.com/tiagofur/solennix-backend/internal/handlers/validation.go:20.47,22.25 1 1
github.com/tiagofur/solennix-backend/internal/handlers/validation.go:22.25,24.3 1 1
github.com/tiagofur/solennix-backend/internal/handlers/validation.go:27.2,27.48 1 1
github.com/tiagofur/solennix-backend/internal/handlers/validation.go:27.48,29.3 1 1
github.com/tiagofur/solennix-backend/internal/handlers/validation.go:32.2,32.46 1 1
github.com/tiagofur/solennix-backend/internal/handlers/validation.go:32.46,34.3 1 1
github.com/tiagofur/solennix-backend/internal/handlers/validation.go:37.2,37.27 1 1
github.com/tiagofur/solennix-backend/internal/handlers/validation.go:37.27,39.3 1 1
github.com/tiagofur/solennix-backend/internal/handlers/validation.go:42.2,42.33 1 1
github.com/tiagofur/solennix-backend/internal/handlers/validation.go:42.33,43.63 1 1
github.com/tiagofur/solennix-backend/internal/handlers/validation.go:43.63,45.4 1 1
github.com/tiagofur/solennix-backend/internal/handlers/validation.go:49.2,49.35 1 1
github.com/tiagofur/solennix-backend/internal/handlers/validation.go:49.35,50.34 1 1
github.com/tiagofur/solennix-backend/internal/handlers/validation.go:50.34,52.4 1 1
github.com/tiagofur/solennix-backend/internal/handlers/validation.go:56.2,56.32 1 1
github.com/tiagofur/solennix-backend/internal/handlers/validation.go:56.32,57.61 1 1
github.com/tiagofur/solennix-backend/internal/handlers/validation.go:57.61,59.4 1 1
github.com/tiagofur/solennix-backend/internal/handlers/validation.go:63.2,69.34 2 1
github.com/tiagofur/solennix-backend/internal/handlers/validation.go:69.34,71.3 1 1
github.com/tiagofur/solennix-backend/internal/handlers/validation.go:73.2,73.12 1 1
github.com/tiagofur/solennix-backend/internal/handlers/validation.go:77.53,79.25 1 1
github.com/tiagofur/solennix-backend/internal/handlers/validation.go:79.25,81.3 1 1
github.com/tiagofur/solennix-backend/internal/handlers/validation.go:84.2,84.33 1 1
github.com/tiagofur/solennix-backend/internal/handlers/validation.go:84.33,86.3 1 1
github.com/tiagofur/solennix-backend/internal/handlers/validation.go:88.2,88.12 1 1
github.com/tiagofur/solennix-backend/internal/handlers/validation.go:92.58,94.22 1 1
github.com/tiagofur/solennix-backend/internal/handlers/validation.go:94.22,96.3 1 1
github.com/tiagofur/solennix-backend/internal/handlers/validation.go:99.2,99.22 1 1
github.com/tiagofur/solennix-backend/internal/handlers/validation.go:99.22,101.3 1 1
github.com/tiagofur/solennix-backend/internal/handlers/validation.go:104.2,104.42 1 1
github.com/tiagofur/solennix-backend/internal/handlers/validation.go:104.42,106.3 1 1
github.com/tiagofur/solennix-backend/internal/handlers/validation.go:108.2,108.12 1 1
github.com/tiagofur/solennix-backend/internal/handlers/validation.go:112.54,114.17 1 1
github.com/tiagofur/solennix-backend/internal/handlers/validation.go:114.17,116.3 1 1
github.com/tiagofur/solennix-backend/internal/handlers/validation.go:119.2,119.18 1 1
github.com/tiagofur/solennix-backend/internal/handlers/validation.go:119.18,121.3 1 1
github.com/tiagofur/solennix-backend/internal/handlers/validation.go:124.2,124.26 1 1
github.com/tiagofur/solennix-backend/internal/handlers/validation.go:124.26,126.3 1 1
github.com/tiagofur/solennix-backend/internal/handlers/validation.go:128.2,128.12 1 1
github.com/tiagofur/solennix-backend/internal/handlers/validation.go:132.53,134.24 1 1
github.com/tiagofur/solennix-backend/internal/handlers/validation.go:134.24,136.3 1 1
github.com/tiagofur/solennix-backend/internal/handlers/validation.go:139.2,139.28 1 1
github.com/tiagofur/solennix-backend/internal/handlers/validation.go:139.28,141.3 1 1
github.com/tiagofur/solennix-backend/internal/handlers/validation.go:144.2,144.27 1 1
github.com/tiagofur/solennix-backend/internal/handlers/validation.go:144.27,146.3 1 1
github.com/tiagofur/solennix-backend/internal/handlers/validation.go:148.2,148.12 1 1
github.com/tiagofur/solennix-backend/internal/handlers/validation.go:152.62,154.31 1 1
github.com/tiagofur/solennix-backend/internal/handlers/validation.go:154.31,156.3 1 1
github.com/tiagofur/solennix-backend/internal/handlers/validation.go:159.2,159.27 1 1
github.com/tiagofur/solennix-backend/internal/handlers/validation.go:159.27,161.3 1 1
github.com/tiagofur/solennix-backend/internal/handlers/validation.go:164.2,164.27 1 1
github.com/tiagofur/solennix-backend/internal/handlers/validation.go:164.27,166.3 1 1
github.com/tiagofur/solennix-backend/internal/handlers/validation.go:169.2,169.21 1 1
github.com/tiagofur/solennix-backend/internal/handlers/validation.go:169.21,171.3 1 1
github.com/tiagofur/solennix-backend/internal/handlers/validation.go:174.2,174.26 1 1
github.com/tiagofur/solennix-backend/internal/handlers/validation.go:174.26,175.25 1 1
github.com/tiagofur/solennix-backend/internal/handlers/validation.go:175.25,177.4 1 1
github.com/tiagofur/solennix-backend/internal/handlers/validation.go:181.2,185.28 2 1
github.com/tiagofur/solennix-backend/internal/handlers/validation.go:185.28,187.3 1 1
github.com/tiagofur/solennix-backend/internal/handlers/validation.go:189.2,189.12 1 1
github.com/tiagofur/solennix-backend/internal/handlers/validation.go:193.62,194.21 1 1
github.com/tiagofur/solennix-backend/internal/handlers/validation.go:194.21,196.3 1 1
github.com/tiagofur/solennix-backend/internal/handlers/validation.go:197.2,197.12 1 1
github.com/tiagofur/solennix-backend/internal/handlers/validation.go:201.68,203.30 1 1
github.com/tiagofur/solennix-backend/internal/handlers/validation.go:203.30,205.3 1 1
github.com/tiagofur/solennix-backend/internal/handlers/validation.go:208.2,208.45 1 1
github.com/tiagofur/solennix-backend/internal/handlers/validation.go:208.45,210.3 1 0
github.com/tiagofur/solennix-backend/internal/handlers/validation.go:212.2,212.12 1 1
