mode: set
github.com/tiagofur/solennix-backend/cmd/seed/main.go:28.13,34.36 5 0
github.com/tiagofur/solennix-backend/cmd/seed/main.go:34.36,37.3 2 0
github.com/tiagofur/solennix-backend/cmd/seed/main.go:39.2,48.21 8 0
github.com/tiagofur/solennix-backend/cmd/seed/main.go:48.21,51.3 2 0
github.com/tiagofur/solennix-backend/cmd/seed/main.go:51.8,54.3 2 0
github.com/tiagofur/solennix-backend/cmd/seed/main.go:56.2,58.48 2 0
github.com/tiagofur/solennix-backend/cmd/seed/main.go:58.48,61.3 2 0
github.com/tiagofur/solennix-backend/cmd/seed/main.go:62.2,62.28 1 0
github.com/tiagofur/solennix-backend/cmd/seed/main.go:65.34,66.16 1 0
github.com/tiagofur/solennix-backend/cmd/seed/main.go:66.16,69.3 2 0
github.com/tiagofur/solennix-backend/cmd/seed/main.go:72.73,83.30 3 0
github.com/tiagofur/solennix-backend/cmd/seed/main.go:83.30,84.51 1 0
github.com/tiagofur/solennix-backend/cmd/seed/main.go:84.51,86.4 1 0
github.com/tiagofur/solennix-backend/cmd/seed/main.go:90.2,105.28 4 0
github.com/tiagofur/solennix-backend/cmd/seed/main.go:105.28,112.17 4 0
github.com/tiagofur/solennix-backend/cmd/seed/main.go:112.17,114.4 1 0
github.com/tiagofur/solennix-backend/cmd/seed/main.go:118.2,139.29 3 0
github.com/tiagofur/solennix-backend/cmd/seed/main.go:139.29,144.17 2 0
github.com/tiagofur/solennix-backend/cmd/seed/main.go:144.17,146.4 1 0
github.com/tiagofur/solennix-backend/cmd/seed/main.go:150.2,177.27 3 0
github.com/tiagofur/solennix-backend/cmd/seed/main.go:177.27,179.18 2 0
github.com/tiagofur/solennix-backend/cmd/seed/main.go:179.18,181.4 1 0
github.com/tiagofur/solennix-backend/cmd/seed/main.go:182.3,186.17 2 0
github.com/tiagofur/solennix-backend/cmd/seed/main.go:186.17,188.4 1 0
github.com/tiagofur/solennix-backend/cmd/seed/main.go:192.2,225.27 7 0
github.com/tiagofur/solennix-backend/cmd/seed/main.go:225.27,237.17 6 0
github.com/tiagofur/solennix-backend/cmd/seed/main.go:237.17,239.4 1 0
github.com/tiagofur/solennix-backend/cmd/seed/main.go:240.3,240.56 1 0
github.com/tiagofur/solennix-backend/cmd/seed/main.go:244.2,244.27 1 0
github.com/tiagofur/solennix-backend/cmd/seed/main.go:244.27,245.27 1 0
github.com/tiagofur/solennix-backend/cmd/seed/main.go:245.27,246.12 1 0
github.com/tiagofur/solennix-backend/cmd/seed/main.go:248.3,254.17 4 0
github.com/tiagofur/solennix-backend/cmd/seed/main.go:254.17,256.4 1 0
github.com/tiagofur/solennix-backend/cmd/seed/main.go:257.3,257.30 1 0
github.com/tiagofur/solennix-backend/cmd/seed/main.go:257.30,264.18 4 0
github.com/tiagofur/solennix-backend/cmd/seed/main.go:264.18,266.5 1 0
github.com/tiagofur/solennix-backend/cmd/seed/main.go:271.2,276.16 2 0
github.com/tiagofur/solennix-backend/cmd/seed/main.go:276.16,278.3 1 0
github.com/tiagofur/solennix-backend/cmd/seed/main.go:280.2,280.12 1 0
github.com/tiagofur/solennix-backend/cmd/server/main.go:24.13,32.16 3 0
github.com/tiagofur/solennix-backend/cmd/server/main.go:32.16,35.3 2 0
github.com/tiagofur/solennix-backend/cmd/server/main.go:38.2,45.25 6 0
github.com/tiagofur/solennix-backend/cmd/server/main.go:45.25,51.18 1 0
github.com/tiagofur/solennix-backend/cmd/server/main.go:51.18,53.4 1 0
github.com/tiagofur/solennix-backend/cmd/server/main.go:53.9,56.4 2 0
github.com/tiagofur/solennix-backend/cmd/server/main.go:59.2,63.16 3 0
github.com/tiagofur/solennix-backend/cmd/server/main.go:63.16,66.3 2 0
github.com/tiagofur/solennix-backend/cmd/server/main.go:67.2,70.47 2 0
github.com/tiagofur/solennix-backend/cmd/server/main.go:70.47,73.3 2 0
github.com/tiagofur/solennix-backend/cmd/server/main.go:76.2,76.35 1 0
github.com/tiagofur/solennix-backend/cmd/server/main.go:76.35,79.17 3 0
github.com/tiagofur/solennix-backend/cmd/server/main.go:79.17,81.4 1 0
github.com/tiagofur/solennix-backend/cmd/server/main.go:85.2,137.29 42 0
github.com/tiagofur/solennix-backend/cmd/server/main.go:138.12,146.17 2 0
github.com/tiagofur/solennix-backend/cmd/server/main.go:146.17,149.4 2 0
github.com/tiagofur/solennix-backend/cmd/server/main.go:149.9,151.4 1 0
github.com/tiagofur/solennix-backend/cmd/server/main.go:152.10,153.79 1 0
github.com/tiagofur/solennix-backend/cmd/server/main.go:156.2,178.12 18 0
github.com/tiagofur/solennix-backend/cmd/server/main.go:178.12,179.23 1 0
github.com/tiagofur/solennix-backend/cmd/server/main.go:179.23,181.18 2 0
github.com/tiagofur/solennix-backend/cmd/server/main.go:181.18,183.5 1 0
github.com/tiagofur/solennix-backend/cmd/server/main.go:183.10,183.24 1 0
github.com/tiagofur/solennix-backend/cmd/server/main.go:183.24,185.5 1 0
github.com/tiagofur/solennix-backend/cmd/server/main.go:187.3,190.22 4 0
github.com/tiagofur/solennix-backend/cmd/server/main.go:190.22,192.4 1 0
github.com/tiagofur/solennix-backend/cmd/server/main.go:197.2,197.12 1 0
github.com/tiagofur/solennix-backend/cmd/server/main.go:197.12,200.22 3 0
github.com/tiagofur/solennix-backend/cmd/server/main.go:200.22,202.4 1 0
github.com/tiagofur/solennix-backend/cmd/server/main.go:207.2,207.12 1 0
github.com/tiagofur/solennix-backend/cmd/server/main.go:207.12,208.24 1 0
github.com/tiagofur/solennix-backend/cmd/server/main.go:208.24,210.4 1 0
github.com/tiagofur/solennix-backend/cmd/server/main.go:211.3,214.22 4 0
github.com/tiagofur/solennix-backend/cmd/server/main.go:214.22,216.4 1 0
github.com/tiagofur/solennix-backend/cmd/server/main.go:221.2,221.12 1 0
github.com/tiagofur/solennix-backend/cmd/server/main.go:221.12,222.31 1 0
github.com/tiagofur/solennix-backend/cmd/server/main.go:222.31,227.47 4 0
github.com/tiagofur/solennix-backend/cmd/server/main.go:227.47,229.5 1 0
github.com/tiagofur/solennix-backend/cmd/server/main.go:230.4,240.23 8 0
github.com/tiagofur/solennix-backend/cmd/server/main.go:240.23,242.5 1 0
github.com/tiagofur/solennix-backend/cmd/server/main.go:244.3,244.25 1 0
github.com/tiagofur/solennix-backend/cmd/server/main.go:249.2,249.12 1 0
github.com/tiagofur/solennix-backend/cmd/server/main.go:249.12,250.27 1 0
github.com/tiagofur/solennix-backend/cmd/server/main.go:250.27,255.47 4 0
github.com/tiagofur/solennix-backend/cmd/server/main.go:255.47,257.5 1 0
github.com/tiagofur/solennix-backend/cmd/server/main.go:258.4,268.23 8 0
github.com/tiagofur/solennix-backend/cmd/server/main.go:268.23,270.5 1 0
github.com/tiagofur/solennix-backend/cmd/server/main.go:272.3,272.21 1 0
github.com/tiagofur/solennix-backend/cmd/server/main.go:276.2,276.12 1 0
github.com/tiagofur/solennix-backend/cmd/server/main.go:276.12,277.23 1 0
github.com/tiagofur/solennix-backend/cmd/server/main.go:277.23,279.18 2 0
github.com/tiagofur/solennix-backend/cmd/server/main.go:279.18,281.5 1 0
github.com/tiagofur/solennix-backend/cmd/server/main.go:281.10,281.24 1 0
github.com/tiagofur/solennix-backend/cmd/server/main.go:281.24,283.5 1 0
github.com/tiagofur/solennix-backend/cmd/server/main.go:285.3,288.22 4 0
github.com/tiagofur/solennix-backend/cmd/server/main.go:288.22,290.4 1 0
github.com/tiagofur/solennix-backend/cmd/server/main.go:295.2,295.12 1 0
github.com/tiagofur/solennix-backend/cmd/server/main.go:295.12,296.21 1 0
github.com/tiagofur/solennix-backend/cmd/server/main.go:296.21,298.18 2 0
github.com/tiagofur/solennix-backend/cmd/server/main.go:298.18,300.5 1 0
github.com/tiagofur/solennix-backend/cmd/server/main.go:300.10,300.24 1 0
github.com/tiagofur/solennix-backend/cmd/server/main.go:300.24,302.5 1 0
github.com/tiagofur/solennix-backend/cmd/server/main.go:304.4,305.25 2 0
github.com/tiagofur/solennix-backend/cmd/server/main.go:305.25,307.5 1 0
github.com/tiagofur/solennix-backend/cmd/server/main.go:307.10,307.31 1 0
github.com/tiagofur/solennix-backend/cmd/server/main.go:307.31,309.5 1 0
github.com/tiagofur/solennix-backend/cmd/server/main.go:311.3,314.22 4 0
github.com/tiagofur/solennix-backend/cmd/server/main.go:314.22,316.4 1 0
github.com/tiagofur/solennix-backend/cmd/server/main.go:320.2,332.12 4 0
github.com/tiagofur/solennix-backend/cmd/server/main.go:332.12,333.77 1 0
github.com/tiagofur/solennix-backend/cmd/server/main.go:333.77,336.4 2 0
github.com/tiagofur/solennix-backend/cmd/server/main.go:339.2,347.42 6 0
github.com/tiagofur/solennix-backend/cmd/server/main.go:347.42,349.3 1 0
github.com/tiagofur/solennix-backend/cmd/server/main.go:351.2,351.29 1 0
github.com/tiagofur/solennix-backend/internal/i18n/messages.go:227.44,229.19 2 0
github.com/tiagofur/solennix-backend/internal/i18n/messages.go:229.19,231.3 1 0
github.com/tiagofur/solennix-backend/internal/i18n/messages.go:232.2,233.33 2 0
github.com/tiagofur/solennix-backend/internal/i18n/messages.go:233.33,235.3 1 0
github.com/tiagofur/solennix-backend/internal/i18n/messages.go:236.2,236.22 1 0
github.com/tiagofur/solennix-backend/internal/i18n/messages.go:239.52,240.16 1 0
github.com/tiagofur/solennix-backend/internal/i18n/messages.go:240.16,242.3 1 0
github.com/tiagofur/solennix-backend/internal/i18n/messages.go:243.2,243.60 1 0
github.com/tiagofur/solennix-backend/internal/i18n/messages.go:243.60,245.3 1 0
github.com/tiagofur/solennix-backend/internal/i18n/messages.go:246.2,246.11 1 0
github.com/tiagofur/solennix-backend/internal/i18n/messages.go:249.69,251.2 1 0
github.com/tiagofur/solennix-backend/internal/i18n/messages.go:253.48,254.14 1 0
github.com/tiagofur/solennix-backend/internal/i18n/messages.go:254.14,256.3 1 0
github.com/tiagofur/solennix-backend/internal/i18n/messages.go:257.2,258.18 2 0
github.com/tiagofur/solennix-backend/internal/i18n/messages.go:258.18,260.3 1 0
github.com/tiagofur/solennix-backend/internal/i18n/messages.go:261.2,262.18 2 0
github.com/tiagofur/solennix-backend/internal/i18n/messages.go:262.18,264.3 1 0
github.com/tiagofur/solennix-backend/internal/i18n/messages.go:265.2,266.21 2 0
github.com/tiagofur/solennix-backend/internal/i18n/messages.go:266.21,268.3 1 0
github.com/tiagofur/solennix-backend/internal/i18n/messages.go:269.2,270.30 2 0
github.com/tiagofur/solennix-backend/internal/i18n/messages.go:273.48,275.46 2 0
github.com/tiagofur/solennix-backend/internal/i18n/messages.go:275.46,276.20 1 0
github.com/tiagofur/solennix-backend/internal/i18n/messages.go:276.20,278.4 1 0
github.com/tiagofur/solennix-backend/internal/i18n/messages.go:279.3,279.13 1 0
github.com/tiagofur/solennix-backend/internal/i18n/messages.go:281.2,281.49 1 0
github.com/tiagofur/solennix-backend/internal/i18n/messages.go:281.49,282.20 1 0
github.com/tiagofur/solennix-backend/internal/i18n/messages.go:282.20,284.4 1 0
github.com/tiagofur/solennix-backend/internal/i18n/messages.go:285.3,285.13 1 0
github.com/tiagofur/solennix-backend/internal/i18n/messages.go:287.2,287.12 1 0
github.com/tiagofur/solennix-backend/internal/i18n/messages.go:290.67,292.18 2 0
github.com/tiagofur/solennix-backend/internal/i18n/messages.go:292.18,294.3 1 0
github.com/tiagofur/solennix-backend/internal/i18n/messages.go:295.2,295.32 1 0
github.com/tiagofur/solennix-backend/internal/config/config.go:74.30,116.16 4 1
github.com/tiagofur/solennix-backend/internal/config/config.go:116.16,118.3 1 0
github.com/tiagofur/solennix-backend/internal/config/config.go:119.2,121.27 2 1
github.com/tiagofur/solennix-backend/internal/config/config.go:121.27,123.3 1 1
github.com/tiagofur/solennix-backend/internal/config/config.go:125.2,125.25 1 1
github.com/tiagofur/solennix-backend/internal/config/config.go:125.25,127.3 1 1
github.com/tiagofur/solennix-backend/internal/config/config.go:129.2,129.29 1 1
github.com/tiagofur/solennix-backend/internal/config/config.go:129.29,131.3 1 1
github.com/tiagofur/solennix-backend/internal/config/config.go:133.2,134.16 2 1
github.com/tiagofur/solennix-backend/internal/config/config.go:134.16,136.3 1 1
github.com/tiagofur/solennix-backend/internal/config/config.go:137.2,140.16 3 1
github.com/tiagofur/solennix-backend/internal/config/config.go:140.16,142.3 1 1
github.com/tiagofur/solennix-backend/internal/config/config.go:143.2,144.16 2 1
github.com/tiagofur/solennix-backend/internal/config/config.go:144.16,146.3 1 1
github.com/tiagofur/solennix-backend/internal/config/config.go:147.2,148.16 2 1
github.com/tiagofur/solennix-backend/internal/config/config.go:148.16,150.3 1 0
github.com/tiagofur/solennix-backend/internal/config/config.go:151.2,152.16 2 1
github.com/tiagofur/solennix-backend/internal/config/config.go:152.16,154.3 1 0
github.com/tiagofur/solennix-backend/internal/config/config.go:156.2,161.21 4 1
github.com/tiagofur/solennix-backend/internal/config/config.go:161.21,162.52 1 1
github.com/tiagofur/solennix-backend/internal/config/config.go:162.52,164.16 2 1
github.com/tiagofur/solennix-backend/internal/config/config.go:164.16,166.5 1 1
github.com/tiagofur/solennix-backend/internal/config/config.go:171.2,172.20 2 1
github.com/tiagofur/solennix-backend/internal/config/config.go:172.20,173.51 1 1
github.com/tiagofur/solennix-backend/internal/config/config.go:173.51,175.16 2 1
github.com/tiagofur/solennix-backend/internal/config/config.go:175.16,177.5 1 1
github.com/tiagofur/solennix-backend/internal/config/config.go:181.2,181.17 1 1
github.com/tiagofur/solennix-backend/internal/config/config.go:184.42,185.40 1 1
github.com/tiagofur/solennix-backend/internal/config/config.go:185.40,187.3 1 1
github.com/tiagofur/solennix-backend/internal/config/config.go:188.2,188.17 1 1
github.com/tiagofur/solennix-backend/internal/config/config.go:191.43,192.25 1 1
github.com/tiagofur/solennix-backend/internal/config/config.go:192.25,194.3 1 0
github.com/tiagofur/solennix-backend/internal/config/config.go:195.2,195.14 1 1
github.com/tiagofur/solennix-backend/internal/config/config.go:198.58,200.16 2 1
github.com/tiagofur/solennix-backend/internal/config/config.go:200.16,202.3 1 1
github.com/tiagofur/solennix-backend/internal/config/config.go:203.2,203.12 1 1
github.com/tiagofur/solennix-backend/internal/config/config.go:203.12,205.3 1 1
github.com/tiagofur/solennix-backend/internal/config/config.go:206.2,206.15 1 1
github.com/tiagofur/solennix-backend/internal/storage/local.go:25.67,26.53 1 1
github.com/tiagofur/solennix-backend/internal/storage/local.go:26.53,28.3 1 0
github.com/tiagofur/solennix-backend/internal/storage/local.go:29.2,29.67 1 1
github.com/tiagofur/solennix-backend/internal/storage/local.go:32.100,35.23 3 1
github.com/tiagofur/solennix-backend/internal/storage/local.go:35.23,37.3 1 1
github.com/tiagofur/solennix-backend/internal/storage/local.go:38.2,43.54 4 1
github.com/tiagofur/solennix-backend/internal/storage/local.go:43.54,44.48 1 1
github.com/tiagofur/solennix-backend/internal/storage/local.go:44.48,46.4 1 0
github.com/tiagofur/solennix-backend/internal/storage/local.go:50.2,52.16 3 1
github.com/tiagofur/solennix-backend/internal/storage/local.go:52.16,54.3 1 0
github.com/tiagofur/solennix-backend/internal/storage/local.go:55.2,57.46 2 1
github.com/tiagofur/solennix-backend/internal/storage/local.go:57.46,59.3 1 0
github.com/tiagofur/solennix-backend/internal/storage/local.go:62.2,72.8 3 1
github.com/tiagofur/solennix-backend/internal/storage/local.go:75.51,78.2 2 1
github.com/tiagofur/solennix-backend/internal/storage/local.go:80.49,82.2 1 1
github.com/tiagofur/solennix-backend/internal/storage/local.go:84.50,85.13 1 1
github.com/tiagofur/solennix-backend/internal/storage/local.go:86.14,87.21 1 1
github.com/tiagofur/solennix-backend/internal/storage/local.go:88.14,89.21 1 1
github.com/tiagofur/solennix-backend/internal/storage/local.go:90.15,91.22 1 1
github.com/tiagofur/solennix-backend/internal/storage/local.go:92.10,93.22 1 1
github.com/tiagofur/solennix-backend/internal/storage/local.go:98.65,100.16 2 1
github.com/tiagofur/solennix-backend/internal/storage/local.go:100.16,103.3 2 1
github.com/tiagofur/solennix-backend/internal/storage/local.go:104.2,107.16 3 1
github.com/tiagofur/solennix-backend/internal/storage/local.go:107.16,110.3 2 1
github.com/tiagofur/solennix-backend/internal/storage/local.go:112.2,117.17 5 1
github.com/tiagofur/solennix-backend/internal/storage/local.go:117.17,120.3 2 1
github.com/tiagofur/solennix-backend/internal/storage/local.go:120.8,123.3 2 1
github.com/tiagofur/solennix-backend/internal/storage/local.go:124.2,124.14 1 1
github.com/tiagofur/solennix-backend/internal/storage/local.go:124.14,126.3 1 0
github.com/tiagofur/solennix-backend/internal/storage/local.go:127.2,127.14 1 1
github.com/tiagofur/solennix-backend/internal/storage/local.go:127.14,129.3 1 0
github.com/tiagofur/solennix-backend/internal/storage/local.go:131.2,136.16 5 1
github.com/tiagofur/solennix-backend/internal/storage/local.go:136.16,139.3 2 0
github.com/tiagofur/solennix-backend/internal/storage/local.go:140.2,142.82 2 1
github.com/tiagofur/solennix-backend/internal/storage/local.go:142.82,144.3 1 0
github.com/tiagofur/solennix-backend/internal/storage/s3.go:44.76,49.16 4 0
github.com/tiagofur/solennix-backend/internal/storage/s3.go:49.16,51.3 1 0
github.com/tiagofur/solennix-backend/internal/storage/s3.go:53.2,54.24 2 0
github.com/tiagofur/solennix-backend/internal/storage/s3.go:54.24,55.55 1 0
github.com/tiagofur/solennix-backend/internal/storage/s3.go:55.55,58.4 2 0
github.com/tiagofur/solennix-backend/internal/storage/s3.go:61.2,64.53 3 0
github.com/tiagofur/solennix-backend/internal/storage/s3.go:64.53,66.3 1 0
github.com/tiagofur/solennix-backend/internal/storage/s3.go:68.2,69.18 2 0
github.com/tiagofur/solennix-backend/internal/storage/s3.go:69.18,71.3 1 0
github.com/tiagofur/solennix-backend/internal/storage/s3.go:73.2,79.8 2 0
github.com/tiagofur/solennix-backend/internal/storage/s3.go:82.97,85.23 3 0
github.com/tiagofur/solennix-backend/internal/storage/s3.go:85.23,87.3 1 0
github.com/tiagofur/solennix-backend/internal/storage/s3.go:88.2,97.16 8 0
github.com/tiagofur/solennix-backend/internal/storage/s3.go:97.16,99.3 1 0
github.com/tiagofur/solennix-backend/internal/storage/s3.go:101.2,109.16 3 0
github.com/tiagofur/solennix-backend/internal/storage/s3.go:109.16,111.3 1 0
github.com/tiagofur/solennix-backend/internal/storage/s3.go:113.2,114.72 2 0
github.com/tiagofur/solennix-backend/internal/storage/s3.go:114.72,121.17 2 0
github.com/tiagofur/solennix-backend/internal/storage/s3.go:121.17,123.4 1 0
github.com/tiagofur/solennix-backend/internal/storage/s3.go:123.9,125.4 1 0
github.com/tiagofur/solennix-backend/internal/storage/s3.go:126.8,128.3 1 0
github.com/tiagofur/solennix-backend/internal/storage/s3.go:130.2,131.23 2 0
github.com/tiagofur/solennix-backend/internal/storage/s3.go:131.23,133.3 1 0
github.com/tiagofur/solennix-backend/internal/storage/s3.go:135.2,142.8 1 0
github.com/tiagofur/solennix-backend/internal/storage/s3.go:145.106,146.64 1 0
github.com/tiagofur/solennix-backend/internal/storage/s3.go:146.64,148.3 1 0
github.com/tiagofur/solennix-backend/internal/storage/s3.go:150.2,151.15 2 0
github.com/tiagofur/solennix-backend/internal/storage/s3.go:151.15,153.3 1 0
github.com/tiagofur/solennix-backend/internal/storage/s3.go:154.2,155.23 2 0
github.com/tiagofur/solennix-backend/internal/storage/s3.go:155.23,157.3 1 0
github.com/tiagofur/solennix-backend/internal/storage/s3.go:159.2,169.35 6 0
github.com/tiagofur/solennix-backend/internal/storage/s3.go:169.35,171.3 1 0
github.com/tiagofur/solennix-backend/internal/storage/s3.go:172.2,172.16 1 0
github.com/tiagofur/solennix-backend/internal/storage/s3.go:172.16,174.3 1 0
github.com/tiagofur/solennix-backend/internal/storage/s3.go:176.2,183.8 1 0
github.com/tiagofur/solennix-backend/internal/storage/s3.go:186.93,188.21 2 0
github.com/tiagofur/solennix-backend/internal/storage/s3.go:188.21,190.3 1 0
github.com/tiagofur/solennix-backend/internal/storage/s3.go:191.2,191.47 1 0
github.com/tiagofur/solennix-backend/internal/storage/s3.go:191.47,193.3 1 0
github.com/tiagofur/solennix-backend/internal/storage/s3.go:195.2,200.16 3 0
github.com/tiagofur/solennix-backend/internal/storage/s3.go:200.16,202.3 1 0
github.com/tiagofur/solennix-backend/internal/storage/s3.go:203.2,206.16 3 0
github.com/tiagofur/solennix-backend/internal/storage/s3.go:206.16,208.3 1 0
github.com/tiagofur/solennix-backend/internal/storage/s3.go:210.2,217.72 7 0
github.com/tiagofur/solennix-backend/internal/storage/s3.go:217.72,224.20 2 0
github.com/tiagofur/solennix-backend/internal/storage/s3.go:224.20,226.4 1 0
github.com/tiagofur/solennix-backend/internal/storage/s3.go:226.9,228.4 1 0
github.com/tiagofur/solennix-backend/internal/storage/s3.go:229.8,231.3 1 0
github.com/tiagofur/solennix-backend/internal/storage/s3.go:233.2,234.23 2 0
github.com/tiagofur/solennix-backend/internal/storage/s3.go:234.23,236.3 1 0
github.com/tiagofur/solennix-backend/internal/storage/s3.go:238.2,239.31 2 0
github.com/tiagofur/solennix-backend/internal/storage/s3.go:239.31,241.3 1 0
github.com/tiagofur/solennix-backend/internal/storage/s3.go:243.2,250.8 1 0
github.com/tiagofur/solennix-backend/internal/storage/s3.go:253.48,257.65 3 0
github.com/tiagofur/solennix-backend/internal/storage/s3.go:257.65,259.3 1 0
github.com/tiagofur/solennix-backend/internal/storage/s3.go:261.2,263.31 3 0
github.com/tiagofur/solennix-backend/internal/storage/s3.go:263.31,265.25 2 0
github.com/tiagofur/solennix-backend/internal/storage/s3.go:265.25,266.12 1 0
github.com/tiagofur/solennix-backend/internal/storage/s3.go:268.3,269.72 2 0
github.com/tiagofur/solennix-backend/internal/storage/s3.go:272.2,272.23 1 0
github.com/tiagofur/solennix-backend/internal/storage/s3.go:272.23,274.3 1 0
github.com/tiagofur/solennix-backend/internal/storage/s3.go:276.2,280.16 2 0
github.com/tiagofur/solennix-backend/internal/storage/s3.go:280.16,282.3 1 0
github.com/tiagofur/solennix-backend/internal/storage/s3.go:284.2,284.12 1 0
github.com/tiagofur/solennix-backend/internal/storage/s3.go:287.46,289.2 1 0
github.com/tiagofur/solennix-backend/internal/storage/s3.go:291.61,292.67 1 1
github.com/tiagofur/solennix-backend/internal/storage/s3.go:292.67,294.3 1 1
github.com/tiagofur/solennix-backend/internal/storage/s3.go:295.2,296.39 2 1
github.com/tiagofur/solennix-backend/internal/storage/s3.go:296.39,298.3 1 1
github.com/tiagofur/solennix-backend/internal/storage/s3.go:299.2,299.25 1 1
github.com/tiagofur/solennix-backend/internal/storage/s3.go:302.51,305.2 2 1
github.com/tiagofur/solennix-backend/internal/storage/s3.go:307.55,309.2 1 1
github.com/tiagofur/solennix-backend/internal/storage/s3.go:311.52,312.23 1 1
github.com/tiagofur/solennix-backend/internal/storage/s3.go:312.23,314.3 1 0
github.com/tiagofur/solennix-backend/internal/storage/s3.go:316.2,321.16 6 1
github.com/tiagofur/solennix-backend/internal/storage/s3.go:321.16,323.3 1 0
github.com/tiagofur/solennix-backend/internal/storage/s3.go:325.2,325.43 1 1
github.com/tiagofur/solennix-backend/internal/storage/s3.go:325.43,327.3 1 1
github.com/tiagofur/solennix-backend/internal/storage/s3.go:329.2,329.61 1 1
github.com/tiagofur/solennix-backend/internal/storage/s3.go:332.52,334.12 2 1
github.com/tiagofur/solennix-backend/internal/storage/s3.go:335.19,336.16 1 1
github.com/tiagofur/solennix-backend/internal/storage/s3.go:337.19,338.16 1 1
github.com/tiagofur/solennix-backend/internal/storage/s3.go:339.20,340.17 1 1
github.com/tiagofur/solennix-backend/internal/storage/s3.go:341.33,342.16 1 1
github.com/tiagofur/solennix-backend/internal/storage/s3.go:343.10,344.16 1 1
github.com/tiagofur/solennix-backend/internal/storage/s3.go:348.62,350.16 2 1
github.com/tiagofur/solennix-backend/internal/storage/s3.go:350.16,352.3 1 0
github.com/tiagofur/solennix-backend/internal/storage/s3.go:354.2,359.17 5 1
github.com/tiagofur/solennix-backend/internal/storage/s3.go:359.17,362.3 2 1
github.com/tiagofur/solennix-backend/internal/storage/s3.go:362.8,365.3 2 1
github.com/tiagofur/solennix-backend/internal/storage/s3.go:366.2,366.14 1 1
github.com/tiagofur/solennix-backend/internal/storage/s3.go:366.14,368.3 1 0
github.com/tiagofur/solennix-backend/internal/storage/s3.go:369.2,369.14 1 1
github.com/tiagofur/solennix-backend/internal/storage/s3.go:369.14,371.3 1 0
github.com/tiagofur/solennix-backend/internal/storage/s3.go:373.2,377.77 4 1
github.com/tiagofur/solennix-backend/internal/storage/s3.go:377.77,379.3 1 0
github.com/tiagofur/solennix-backend/internal/storage/s3.go:381.2,381.25 1 1
github.com/tiagofur/solennix-backend/internal/middleware/account_status.go:19.90,20.46 1 1
github.com/tiagofur/solennix-backend/internal/middleware/account_status.go:20.46,21.72 1 1
github.com/tiagofur/solennix-backend/internal/middleware/account_status.go:21.72,23.26 2 1
github.com/tiagofur/solennix-backend/internal/middleware/account_status.go:23.26,26.5 2 0
github.com/tiagofur/solennix-backend/internal/middleware/account_status.go:28.4,29.33 2 1
github.com/tiagofur/solennix-backend/internal/middleware/account_status.go:29.33,32.5 2 1
github.com/tiagofur/solennix-backend/internal/middleware/account_status.go:34.4,35.20 2 1
github.com/tiagofur/solennix-backend/internal/middleware/account_status.go:35.20,37.5 1 0
github.com/tiagofur/solennix-backend/internal/middleware/account_status.go:39.4,39.49 1 1
github.com/tiagofur/solennix-backend/internal/middleware/account_status.go:39.49,42.5 2 1
github.com/tiagofur/solennix-backend/internal/middleware/account_status.go:43.4,43.49 1 1
github.com/tiagofur/solennix-backend/internal/middleware/account_status.go:43.49,46.5 2 1
github.com/tiagofur/solennix-backend/internal/middleware/account_status.go:48.4,48.24 1 1
github.com/tiagofur/solennix-backend/internal/middleware/admin.go:20.72,21.46 1 1
github.com/tiagofur/solennix-backend/internal/middleware/admin.go:21.46,22.72 1 1
github.com/tiagofur/solennix-backend/internal/middleware/admin.go:22.72,24.26 2 1
github.com/tiagofur/solennix-backend/internal/middleware/admin.go:24.26,29.5 4 1
github.com/tiagofur/solennix-backend/internal/middleware/admin.go:31.4,32.18 2 1
github.com/tiagofur/solennix-backend/internal/middleware/admin.go:32.18,37.5 4 1
github.com/tiagofur/solennix-backend/internal/middleware/admin.go:39.4,39.28 1 1
github.com/tiagofur/solennix-backend/internal/middleware/admin.go:39.28,44.5 4 1
github.com/tiagofur/solennix-backend/internal/middleware/admin.go:46.4,46.24 1 1
github.com/tiagofur/solennix-backend/internal/middleware/audit.go:23.64,24.46 1 1
github.com/tiagofur/solennix-backend/internal/middleware/audit.go:24.46,25.72 1 1
github.com/tiagofur/solennix-backend/internal/middleware/audit.go:25.72,27.98 1 1
github.com/tiagofur/solennix-backend/internal/middleware/audit.go:27.98,30.5 2 1
github.com/tiagofur/solennix-backend/internal/middleware/audit.go:33.4,37.43 3 1
github.com/tiagofur/solennix-backend/internal/middleware/audit.go:37.43,39.5 1 1
github.com/tiagofur/solennix-backend/internal/middleware/audit.go:42.4,43.26 2 1
github.com/tiagofur/solennix-backend/internal/middleware/audit.go:43.26,45.5 1 1
github.com/tiagofur/solennix-backend/internal/middleware/audit.go:48.4,54.26 3 1
github.com/tiagofur/solennix-backend/internal/middleware/audit.go:54.26,56.5 1 1
github.com/tiagofur/solennix-backend/internal/middleware/audit.go:58.4,63.14 3 1
github.com/tiagofur/solennix-backend/internal/middleware/audit.go:63.14,72.19 2 1
github.com/tiagofur/solennix-backend/internal/middleware/audit.go:72.19,75.6 1 0
github.com/tiagofur/solennix-backend/internal/middleware/audit.go:88.48,89.20 1 1
github.com/tiagofur/solennix-backend/internal/middleware/audit.go:89.20,92.3 2 1
github.com/tiagofur/solennix-backend/internal/middleware/audit.go:93.2,93.38 1 1
github.com/tiagofur/solennix-backend/internal/middleware/audit.go:96.53,97.20 1 1
github.com/tiagofur/solennix-backend/internal/middleware/audit.go:97.20,99.3 1 1
github.com/tiagofur/solennix-backend/internal/middleware/audit.go:100.2,100.34 1 1
github.com/tiagofur/solennix-backend/internal/middleware/audit.go:104.38,105.16 1 1
github.com/tiagofur/solennix-backend/internal/middleware/audit.go:106.23,107.18 1 1
github.com/tiagofur/solennix-backend/internal/middleware/audit.go:108.22,109.18 1 1
github.com/tiagofur/solennix-backend/internal/middleware/audit.go:110.25,111.18 1 1
github.com/tiagofur/solennix-backend/internal/middleware/audit.go:112.10,113.19 1 1
github.com/tiagofur/solennix-backend/internal/middleware/audit.go:138.47,144.2 5 1
github.com/tiagofur/solennix-backend/internal/middleware/audit.go:148.60,150.17 2 1
github.com/tiagofur/solennix-backend/internal/middleware/audit.go:150.17,152.3 1 1
github.com/tiagofur/solennix-backend/internal/middleware/audit.go:155.2,156.19 2 1
github.com/tiagofur/solennix-backend/internal/middleware/audit.go:156.19,158.3 1 1
github.com/tiagofur/solennix-backend/internal/middleware/audit.go:160.2,163.21 3 1
github.com/tiagofur/solennix-backend/internal/middleware/audit.go:163.21,165.3 1 0
github.com/tiagofur/solennix-backend/internal/middleware/audit.go:168.2,168.28 1 1
github.com/tiagofur/solennix-backend/internal/middleware/audit.go:168.28,170.3 1 1
github.com/tiagofur/solennix-backend/internal/middleware/audit.go:173.2,174.9 2 1
github.com/tiagofur/solennix-backend/internal/middleware/audit.go:174.9,176.3 1 1
github.com/tiagofur/solennix-backend/internal/middleware/audit.go:184.2,184.43 1 1
github.com/tiagofur/solennix-backend/internal/middleware/audit.go:184.43,185.19 1 1
github.com/tiagofur/solennix-backend/internal/middleware/audit.go:186.19,187.34 1 1
github.com/tiagofur/solennix-backend/internal/middleware/audit.go:188.17,189.32 1 1
github.com/tiagofur/solennix-backend/internal/middleware/audit.go:190.16,191.32 1 1
github.com/tiagofur/solennix-backend/internal/middleware/audit.go:192.20,193.36 1 1
github.com/tiagofur/solennix-backend/internal/middleware/audit.go:194.19,195.33 1 1
github.com/tiagofur/solennix-backend/internal/middleware/audit.go:196.17,197.32 1 1
github.com/tiagofur/solennix-backend/internal/middleware/audit.go:202.2,202.69 1 1
github.com/tiagofur/solennix-backend/internal/middleware/audit.go:202.69,203.19 1 1
github.com/tiagofur/solennix-backend/internal/middleware/audit.go:204.22,205.39 1 1
github.com/tiagofur/solennix-backend/internal/middleware/audit.go:210.2,211.49 2 1
github.com/tiagofur/solennix-backend/internal/middleware/audit.go:211.49,212.47 1 1
github.com/tiagofur/solennix-backend/internal/middleware/audit.go:212.47,214.4 1 1
github.com/tiagofur/solennix-backend/internal/middleware/audit.go:217.2,217.33 1 1
github.com/tiagofur/solennix-backend/internal/middleware/auth.go:29.43,31.2 1 1
github.com/tiagofur/solennix-backend/internal/middleware/auth.go:34.41,36.2 1 1
github.com/tiagofur/solennix-backend/internal/middleware/auth.go:43.81,46.2 2 1
github.com/tiagofur/solennix-backend/internal/middleware/auth.go:48.100,51.2 2 1
github.com/tiagofur/solennix-backend/internal/middleware/auth.go:60.78,61.46 1 1
github.com/tiagofur/solennix-backend/internal/middleware/auth.go:61.46,62.72 1 1
github.com/tiagofur/solennix-backend/internal/middleware/auth.go:62.72,66.57 2 1
github.com/tiagofur/solennix-backend/internal/middleware/auth.go:66.57,68.5 1 1
github.com/tiagofur/solennix-backend/internal/middleware/auth.go:71.4,71.19 1 1
github.com/tiagofur/solennix-backend/internal/middleware/auth.go:71.19,73.25 2 1
github.com/tiagofur/solennix-backend/internal/middleware/auth.go:73.25,75.66 2 1
github.com/tiagofur/solennix-backend/internal/middleware/auth.go:75.66,77.7 1 1
github.com/tiagofur/solennix-backend/internal/middleware/auth.go:82.4,82.19 1 1
github.com/tiagofur/solennix-backend/internal/middleware/auth.go:82.19,85.5 2 1
github.com/tiagofur/solennix-backend/internal/middleware/auth.go:88.4,89.64 2 1
github.com/tiagofur/solennix-backend/internal/middleware/auth.go:89.64,92.5 2 1
github.com/tiagofur/solennix-backend/internal/middleware/auth.go:95.4,96.18 2 1
github.com/tiagofur/solennix-backend/internal/middleware/auth.go:96.18,99.5 2 1
github.com/tiagofur/solennix-backend/internal/middleware/auth.go:102.4,104.41 3 1
github.com/tiagofur/solennix-backend/internal/middleware/auth.go:110.33,113.2 2 1
github.com/tiagofur/solennix-backend/internal/middleware/auth.go:115.72,119.2 3 1
github.com/tiagofur/solennix-backend/internal/middleware/auth.go:122.47,125.2 2 1
github.com/tiagofur/solennix-backend/internal/middleware/auth.go:128.47,131.2 2 1
github.com/tiagofur/solennix-backend/internal/middleware/cors.go:9.68,11.35 2 1
github.com/tiagofur/solennix-backend/internal/middleware/cors.go:11.35,13.3 1 1
github.com/tiagofur/solennix-backend/internal/middleware/cors.go:15.2,15.46 1 1
github.com/tiagofur/solennix-backend/internal/middleware/cors.go:15.46,16.72 1 1
github.com/tiagofur/solennix-backend/internal/middleware/cors.go:16.72,19.26 2 1
github.com/tiagofur/solennix-backend/internal/middleware/cors.go:19.26,22.5 2 1
github.com/tiagofur/solennix-backend/internal/middleware/cors.go:24.4,28.38 4 1
github.com/tiagofur/solennix-backend/internal/middleware/cors.go:28.38,31.5 2 1
github.com/tiagofur/solennix-backend/internal/middleware/cors.go:33.4,33.24 1 1
github.com/tiagofur/solennix-backend/internal/middleware/csrf.go:13.43,14.71 1 1
github.com/tiagofur/solennix-backend/internal/middleware/csrf.go:14.71,16.98 1 1
github.com/tiagofur/solennix-backend/internal/middleware/csrf.go:16.98,20.4 3 1
github.com/tiagofur/solennix-backend/internal/middleware/csrf.go:23.3,23.42 1 1
github.com/tiagofur/solennix-backend/internal/middleware/csrf.go:23.42,26.4 2 1
github.com/tiagofur/solennix-backend/internal/middleware/csrf.go:29.3,29.51 1 1
github.com/tiagofur/solennix-backend/internal/middleware/csrf.go:29.51,32.4 2 1
github.com/tiagofur/solennix-backend/internal/middleware/csrf.go:35.3,35.32 1 1
github.com/tiagofur/solennix-backend/internal/middleware/csrf.go:35.32,38.4 2 0
github.com/tiagofur/solennix-backend/internal/middleware/csrf.go:41.3,41.29 1 1
github.com/tiagofur/solennix-backend/internal/middleware/csrf.go:41.29,44.4 2 0
github.com/tiagofur/solennix-backend/internal/middleware/csrf.go:47.3,48.17 2 1
github.com/tiagofur/solennix-backend/internal/middleware/csrf.go:48.17,51.4 2 1
github.com/tiagofur/solennix-backend/internal/middleware/csrf.go:53.3,54.55 2 1
github.com/tiagofur/solennix-backend/internal/middleware/csrf.go:54.55,57.4 2 1
github.com/tiagofur/solennix-backend/internal/middleware/csrf.go:59.3,59.23 1 1
github.com/tiagofur/solennix-backend/internal/middleware/csrf.go:63.63,64.53 1 1
github.com/tiagofur/solennix-backend/internal/middleware/csrf.go:64.53,68.47 3 1
github.com/tiagofur/solennix-backend/internal/middleware/csrf.go:68.47,70.4 1 0
github.com/tiagofur/solennix-backend/internal/middleware/csrf.go:72.3,81.5 1 1
github.com/tiagofur/solennix-backend/internal/middleware/csrf.go:86.33,90.2 3 1
github.com/tiagofur/solennix-backend/internal/middleware/csrf.go:94.38,96.2 1 1
github.com/tiagofur/solennix-backend/internal/middleware/csrf.go:100.35,102.2 1 1
github.com/tiagofur/solennix-backend/internal/middleware/localization.go:11.53,12.46 1 0
github.com/tiagofur/solennix-backend/internal/middleware/localization.go:12.46,13.72 1 0
github.com/tiagofur/solennix-backend/internal/middleware/localization.go:13.72,17.4 3 0
github.com/tiagofur/solennix-backend/internal/middleware/logging.go:12.45,13.71 1 1
github.com/tiagofur/solennix-backend/internal/middleware/logging.go:13.71,27.54 5 1
github.com/tiagofur/solennix-backend/internal/middleware/logging.go:27.54,29.4 1 1
github.com/tiagofur/solennix-backend/internal/middleware/logging.go:30.3,30.59 1 1
github.com/tiagofur/solennix-backend/internal/middleware/logging.go:30.59,32.4 1 0
github.com/tiagofur/solennix-backend/internal/middleware/logging.go:33.3,33.38 1 1
github.com/tiagofur/solennix-backend/internal/middleware/logging.go:42.49,45.2 2 1
github.com/tiagofur/solennix-backend/internal/middleware/plan_resolver.go:35.86,37.2 1 1
github.com/tiagofur/solennix-backend/internal/middleware/plan_resolver.go:40.84,41.44 1 1
github.com/tiagofur/solennix-backend/internal/middleware/plan_resolver.go:41.44,43.38 2 1
github.com/tiagofur/solennix-backend/internal/middleware/plan_resolver.go:43.38,45.4 1 1
github.com/tiagofur/solennix-backend/internal/middleware/plan_resolver.go:48.2,49.16 2 1
github.com/tiagofur/solennix-backend/internal/middleware/plan_resolver.go:49.16,52.3 2 1
github.com/tiagofur/solennix-backend/internal/middleware/plan_resolver.go:54.2,55.13 2 1
github.com/tiagofur/solennix-backend/internal/middleware/ratelimit.go:30.32,33.34 3 1
github.com/tiagofur/solennix-backend/internal/middleware/ratelimit.go:33.34,35.3 1 1
github.com/tiagofur/solennix-backend/internal/middleware/ratelimit.go:36.2,36.20 1 1
github.com/tiagofur/solennix-backend/internal/middleware/ratelimit.go:46.87,51.21 4 1
github.com/tiagofur/solennix-backend/internal/middleware/ratelimit.go:51.21,51.36 1 1
github.com/tiagofur/solennix-backend/internal/middleware/ratelimit.go:52.2,57.12 4 1
github.com/tiagofur/solennix-backend/internal/middleware/ratelimit.go:57.12,60.7 3 1
github.com/tiagofur/solennix-backend/internal/middleware/ratelimit.go:60.7,61.11 1 1
github.com/tiagofur/solennix-backend/internal/middleware/ratelimit.go:62.16,63.11 1 1
github.com/tiagofur/solennix-backend/internal/middleware/ratelimit.go:64.20,67.33 3 1
github.com/tiagofur/solennix-backend/internal/middleware/ratelimit.go:67.33,68.41 1 1
github.com/tiagofur/solennix-backend/internal/middleware/ratelimit.go:68.41,70.7 1 1
github.com/tiagofur/solennix-backend/internal/middleware/ratelimit.go:72.5,72.16 1 1
github.com/tiagofur/solennix-backend/internal/middleware/ratelimit.go:77.2,77.46 1 1
github.com/tiagofur/solennix-backend/internal/middleware/ratelimit.go:77.46,78.72 1 1
github.com/tiagofur/solennix-backend/internal/middleware/ratelimit.go:78.72,85.50 5 1
github.com/tiagofur/solennix-backend/internal/middleware/ratelimit.go:85.50,90.5 4 1
github.com/tiagofur/solennix-backend/internal/middleware/ratelimit.go:92.4,93.29 2 1
github.com/tiagofur/solennix-backend/internal/middleware/ratelimit.go:93.29,98.5 4 1
github.com/tiagofur/solennix-backend/internal/middleware/ratelimit.go:99.4,101.24 2 1
github.com/tiagofur/solennix-backend/internal/middleware/ratelimit.go:107.40,108.16 1 1
github.com/tiagofur/solennix-backend/internal/middleware/ratelimit.go:108.16,109.68 1 1
github.com/tiagofur/solennix-backend/internal/middleware/ratelimit.go:109.68,113.4 2 1
github.com/tiagofur/solennix-backend/internal/middleware/ratelimit.go:116.2,117.16 2 1
github.com/tiagofur/solennix-backend/internal/middleware/ratelimit.go:117.16,119.3 1 1
github.com/tiagofur/solennix-backend/internal/middleware/ratelimit.go:120.2,120.13 1 1
github.com/tiagofur/solennix-backend/internal/middleware/recovery.go:11.47,12.71 1 1
github.com/tiagofur/solennix-backend/internal/middleware/recovery.go:12.71,13.16 1 1
github.com/tiagofur/solennix-backend/internal/middleware/recovery.go:13.16,14.36 1 1
github.com/tiagofur/solennix-backend/internal/middleware/recovery.go:14.36,24.5 4 1
github.com/tiagofur/solennix-backend/internal/middleware/recovery.go:26.3,26.23 1 1
github.com/tiagofur/solennix-backend/internal/middleware/request_id.go:14.48,15.71 1 1
github.com/tiagofur/solennix-backend/internal/middleware/request_id.go:15.71,17.15 2 1
github.com/tiagofur/solennix-backend/internal/middleware/request_id.go:17.15,19.4 1 1
github.com/tiagofur/solennix-backend/internal/middleware/request_id.go:20.3,22.40 3 1
github.com/tiagofur/solennix-backend/internal/middleware/request_id.go:27.47,30.2 2 1
github.com/tiagofur/solennix-backend/internal/middleware/security.go:9.54,10.71 1 1
github.com/tiagofur/solennix-backend/internal/middleware/security.go:10.71,29.67 4 1
github.com/tiagofur/solennix-backend/internal/middleware/security.go:29.67,33.4 1 1
github.com/tiagofur/solennix-backend/internal/middleware/security.go:49.3,84.23 6 1
github.com/tiagofur/solennix-backend/internal/middleware/timeout.go:13.63,14.46 1 0
github.com/tiagofur/solennix-backend/internal/middleware/timeout.go:14.46,15.72 1 0
github.com/tiagofur/solennix-backend/internal/middleware/timeout.go:15.72,16.49 1 0
github.com/tiagofur/solennix-backend/internal/middleware/timeout.go:16.49,19.5 2 0
github.com/tiagofur/solennix-backend/internal/middleware/timeout.go:20.4,22.41 3 0
github.com/tiagofur/solennix-backend/internal/middleware/user_ratelimit.go:28.97,34.21 4 1
github.com/tiagofur/solennix-backend/internal/middleware/user_ratelimit.go:34.21,34.36 1 1
github.com/tiagofur/solennix-backend/internal/middleware/user_ratelimit.go:35.2,36.29 2 1
github.com/tiagofur/solennix-backend/internal/middleware/user_ratelimit.go:36.29,37.35 1 1
github.com/tiagofur/solennix-backend/internal/middleware/user_ratelimit.go:37.35,39.4 1 1
github.com/tiagofur/solennix-backend/internal/middleware/user_ratelimit.go:40.3,40.21 1 1
github.com/tiagofur/solennix-backend/internal/middleware/user_ratelimit.go:44.2,44.12 1 1
github.com/tiagofur/solennix-backend/internal/middleware/user_ratelimit.go:44.12,47.7 3 1
github.com/tiagofur/solennix-backend/internal/middleware/user_ratelimit.go:47.7,48.11 1 1
github.com/tiagofur/solennix-backend/internal/middleware/user_ratelimit.go:49.16,50.11 1 1
github.com/tiagofur/solennix-backend/internal/middleware/user_ratelimit.go:51.20,54.34 3 1
github.com/tiagofur/solennix-backend/internal/middleware/user_ratelimit.go:54.34,55.41 1 1
github.com/tiagofur/solennix-backend/internal/middleware/user_ratelimit.go:55.41,57.7 1 1
github.com/tiagofur/solennix-backend/internal/middleware/user_ratelimit.go:59.5,59.16 1 1
github.com/tiagofur/solennix-backend/internal/middleware/user_ratelimit.go:64.2,64.46 1 1
github.com/tiagofur/solennix-backend/internal/middleware/user_ratelimit.go:64.46,65.72 1 1
github.com/tiagofur/solennix-backend/internal/middleware/user_ratelimit.go:65.72,67.26 2 1
github.com/tiagofur/solennix-backend/internal/middleware/user_ratelimit.go:67.26,71.5 2 1
github.com/tiagofur/solennix-backend/internal/middleware/user_ratelimit.go:74.4,76.41 3 1
github.com/tiagofur/solennix-backend/internal/middleware/user_ratelimit.go:76.41,78.5 1 1
github.com/tiagofur/solennix-backend/internal/middleware/user_ratelimit.go:80.4,84.50 4 1
github.com/tiagofur/solennix-backend/internal/middleware/user_ratelimit.go:84.50,91.5 6 1
github.com/tiagofur/solennix-backend/internal/middleware/user_ratelimit.go:93.4,94.29 2 1
github.com/tiagofur/solennix-backend/internal/middleware/user_ratelimit.go:94.29,101.5 6 1
github.com/tiagofur/solennix-backend/internal/middleware/user_ratelimit.go:102.4,106.24 4 1
github.com/tiagofur/solennix-backend/internal/middleware/validate_uuid.go:13.69,14.46 1 1
github.com/tiagofur/solennix-backend/internal/middleware/validate_uuid.go:14.46,15.72 1 1
github.com/tiagofur/solennix-backend/internal/middleware/validate_uuid.go:15.72,16.33 1 1
github.com/tiagofur/solennix-backend/internal/middleware/validate_uuid.go:16.33,18.20 2 1
github.com/tiagofur/solennix-backend/internal/middleware/validate_uuid.go:18.20,19.14 1 1
github.com/tiagofur/solennix-backend/internal/middleware/validate_uuid.go:21.5,21.48 1 1
github.com/tiagofur/solennix-backend/internal/middleware/validate_uuid.go:21.48,24.6 2 1
github.com/tiagofur/solennix-backend/internal/middleware/validate_uuid.go:26.4,26.24 1 1
github.com/tiagofur/solennix-backend/internal/middleware/version.go:6.65,7.46 1 1
github.com/tiagofur/solennix-backend/internal/middleware/version.go:7.46,8.72 1 1
github.com/tiagofur/solennix-backend/internal/middleware/version.go:8.72,11.4 2 1
github.com/tiagofur/solennix-backend/internal/database/database.go:12.57,14.16 2 1
github.com/tiagofur/solennix-backend/internal/database/database.go:14.16,16.3 1 1
github.com/tiagofur/solennix-backend/internal/database/database.go:18.2,27.16 8 1
github.com/tiagofur/solennix-backend/internal/database/database.go:27.16,29.3 1 0
github.com/tiagofur/solennix-backend/internal/database/database.go:31.2,31.38 1 1
github.com/tiagofur/solennix-backend/internal/database/database.go:31.38,34.3 2 1
github.com/tiagofur/solennix-backend/internal/database/database.go:36.2,37.18 2 1
github.com/tiagofur/solennix-backend/internal/database/migrate.go:19.40,29.16 3 1
github.com/tiagofur/solennix-backend/internal/database/migrate.go:29.16,31.3 1 1
github.com/tiagofur/solennix-backend/internal/database/migrate.go:34.2,35.16 2 0
github.com/tiagofur/solennix-backend/internal/database/migrate.go:35.16,37.3 1 0
github.com/tiagofur/solennix-backend/internal/database/migrate.go:38.2,41.18 3 0
github.com/tiagofur/solennix-backend/internal/database/migrate.go:41.18,43.45 2 0
github.com/tiagofur/solennix-backend/internal/database/migrate.go:43.45,45.4 1 0
github.com/tiagofur/solennix-backend/internal/database/migrate.go:46.3,46.26 1 0
github.com/tiagofur/solennix-backend/internal/database/migrate.go:48.2,48.35 1 0
github.com/tiagofur/solennix-backend/internal/database/migrate.go:48.35,50.3 1 0
github.com/tiagofur/solennix-backend/internal/database/migrate.go:53.2,54.16 2 0
github.com/tiagofur/solennix-backend/internal/database/migrate.go:54.16,56.3 1 0
github.com/tiagofur/solennix-backend/internal/database/migrate.go:59.2,60.32 2 0
github.com/tiagofur/solennix-backend/internal/database/migrate.go:60.32,61.49 1 0
github.com/tiagofur/solennix-backend/internal/database/migrate.go:61.49,63.4 1 0
github.com/tiagofur/solennix-backend/internal/database/migrate.go:65.2,68.35 2 0
github.com/tiagofur/solennix-backend/internal/database/migrate.go:68.35,70.23 2 0
github.com/tiagofur/solennix-backend/internal/database/migrate.go:70.23,71.12 1 0
github.com/tiagofur/solennix-backend/internal/database/migrate.go:74.3,77.17 3 0
github.com/tiagofur/solennix-backend/internal/database/migrate.go:77.17,79.4 1 0
github.com/tiagofur/solennix-backend/internal/database/migrate.go:81.3,82.17 2 0
github.com/tiagofur/solennix-backend/internal/database/migrate.go:82.17,84.4 1 0
github.com/tiagofur/solennix-backend/internal/database/migrate.go:86.3,86.58 1 0
github.com/tiagofur/solennix-backend/internal/database/migrate.go:86.58,87.47 1 0
github.com/tiagofur/solennix-backend/internal/database/migrate.go:87.47,89.5 1 0
github.com/tiagofur/solennix-backend/internal/database/migrate.go:90.4,90.72 1 0
github.com/tiagofur/solennix-backend/internal/database/migrate.go:93.3,93.105 1 0
github.com/tiagofur/solennix-backend/internal/database/migrate.go:93.105,94.47 1 0
github.com/tiagofur/solennix-backend/internal/database/migrate.go:94.47,96.5 1 0
github.com/tiagofur/solennix-backend/internal/database/migrate.go:97.4,97.73 1 0
github.com/tiagofur/solennix-backend/internal/database/migrate.go:100.3,100.40 1 0
github.com/tiagofur/solennix-backend/internal/database/migrate.go:100.40,102.4 1 0
github.com/tiagofur/solennix-backend/internal/database/migrate.go:104.3,104.53 1 0
github.com/tiagofur/solennix-backend/internal/database/migrate.go:107.2,108.12 2 0
github.com/tiagofur/solennix-backend/internal/router/router.go:26.167,40.64 9 1
github.com/tiagofur/solennix-backend/internal/router/router.go:40.64,42.18 2 1
github.com/tiagofur/solennix-backend/internal/router/router.go:42.18,45.41 3 0
github.com/tiagofur/solennix-backend/internal/router/router.go:45.41,49.5 3 0
github.com/tiagofur/solennix-backend/internal/router/router.go:50.4,52.10 3 0
github.com/tiagofur/solennix-backend/internal/router/router.go:54.3,55.37 2 1
github.com/tiagofur/solennix-backend/internal/router/router.go:59.2,65.46 5 1
github.com/tiagofur/solennix-backend/internal/router/router.go:65.46,67.30 1 1
github.com/tiagofur/solennix-backend/internal/router/router.go:67.30,80.31 12 1
github.com/tiagofur/solennix-backend/internal/router/router.go:80.31,83.5 2 1
github.com/tiagofur/solennix-backend/internal/router/router.go:88.3,92.30 3 1
github.com/tiagofur/solennix-backend/internal/router/router.go:92.30,97.4 4 1
github.com/tiagofur/solennix-backend/internal/router/router.go:101.2,101.55 1 1
github.com/tiagofur/solennix-backend/internal/router/router.go:101.55,107.30 3 1
github.com/tiagofur/solennix-backend/internal/router/router.go:107.30,112.4 4 1
github.com/tiagofur/solennix-backend/internal/router/router.go:115.3,115.30 1 1
github.com/tiagofur/solennix-backend/internal/router/router.go:115.30,120.4 4 1
github.com/tiagofur/solennix-backend/internal/router/router.go:126.2,128.74 3 1
github.com/tiagofur/solennix-backend/internal/router/router.go:128.74,134.3 5 0
github.com/tiagofur/solennix-backend/internal/router/router.go:135.2,135.71 1 1
github.com/tiagofur/solennix-backend/internal/router/router.go:135.71,141.3 5 1
github.com/tiagofur/solennix-backend/internal/router/router.go:144.2,144.60 1 1
github.com/tiagofur/solennix-backend/internal/router/router.go:144.60,148.3 3 1
github.com/tiagofur/solennix-backend/internal/router/router.go:153.2,153.55 1 1
github.com/tiagofur/solennix-backend/internal/router/router.go:153.55,160.3 4 1
github.com/tiagofur/solennix-backend/internal/router/router.go:162.2,162.56 1 1
github.com/tiagofur/solennix-backend/internal/router/router.go:162.56,166.3 3 1
github.com/tiagofur/solennix-backend/internal/router/router.go:168.2,168.59 1 1
github.com/tiagofur/solennix-backend/internal/router/router.go:168.59,171.3 2 1
github.com/tiagofur/solennix-backend/internal/router/router.go:174.2,174.37 1 1
github.com/tiagofur/solennix-backend/internal/router/router.go:174.37,183.30 7 1
github.com/tiagofur/solennix-backend/internal/router/router.go:183.30,188.4 4 1
github.com/tiagofur/solennix-backend/internal/router/router.go:191.3,194.40 2 1
github.com/tiagofur/solennix-backend/internal/router/router.go:194.40,209.31 10 1
github.com/tiagofur/solennix-backend/internal/router/router.go:209.31,210.42 1 0
github.com/tiagofur/solennix-backend/internal/router/router.go:210.42,216.6 5 0
github.com/tiagofur/solennix-backend/internal/router/router.go:218.4,220.47 3 1
github.com/tiagofur/solennix-backend/internal/router/router.go:224.3,224.42 1 1
github.com/tiagofur/solennix-backend/internal/router/router.go:224.42,230.4 5 1
github.com/tiagofur/solennix-backend/internal/router/router.go:233.3,233.41 1 1
github.com/tiagofur/solennix-backend/internal/router/router.go:233.41,277.4 35 1
github.com/tiagofur/solennix-backend/internal/router/router.go:280.3,280.43 1 1
github.com/tiagofur/solennix-backend/internal/router/router.go:280.43,289.4 8 1
github.com/tiagofur/solennix-backend/internal/router/router.go:292.3,292.44 1 1
github.com/tiagofur/solennix-backend/internal/router/router.go:292.44,298.4 5 1
github.com/tiagofur/solennix-backend/internal/router/router.go:301.3,301.43 1 1
github.com/tiagofur/solennix-backend/internal/router/router.go:301.43,307.4 5 1
github.com/tiagofur/solennix-backend/internal/router/router.go:310.3,310.47 1 1
github.com/tiagofur/solennix-backend/internal/router/router.go:310.47,312.4 1 1
github.com/tiagofur/solennix-backend/internal/router/router.go:315.3,315.54 1 1
github.com/tiagofur/solennix-backend/internal/router/router.go:315.54,318.4 2 1
github.com/tiagofur/solennix-backend/internal/router/router.go:320.3,320.42 1 1
github.com/tiagofur/solennix-backend/internal/router/router.go:320.42,324.4 3 1
github.com/tiagofur/solennix-backend/internal/router/router.go:327.3,327.64 1 1
github.com/tiagofur/solennix-backend/internal/router/router.go:327.64,330.4 2 1
github.com/tiagofur/solennix-backend/internal/router/router.go:333.3,333.52 1 1
github.com/tiagofur/solennix-backend/internal/router/router.go:333.52,338.4 4 1
github.com/tiagofur/solennix-backend/internal/router/router.go:341.3,341.42 1 1
github.com/tiagofur/solennix-backend/internal/router/router.go:341.42,344.4 2 1
github.com/tiagofur/solennix-backend/internal/router/router.go:347.3,347.50 1 1
github.com/tiagofur/solennix-backend/internal/router/router.go:347.50,350.4 2 1
github.com/tiagofur/solennix-backend/internal/router/router.go:353.3,353.46 1 1
github.com/tiagofur/solennix-backend/internal/router/router.go:353.46,357.4 3 1
github.com/tiagofur/solennix-backend/internal/router/router.go:360.3,360.30 1 1
github.com/tiagofur/solennix-backend/internal/router/router.go:360.30,363.4 2 1
github.com/tiagofur/solennix-backend/internal/router/router.go:366.3,366.44 1 1
github.com/tiagofur/solennix-backend/internal/router/router.go:366.44,374.4 7 1
github.com/tiagofur/solennix-backend/internal/router/router.go:378.2,378.47 1 1
github.com/tiagofur/solennix-backend/internal/router/router.go:378.47,392.3 12 1
github.com/tiagofur/solennix-backend/internal/router/router.go:395.2,398.10 3 1
github.com/tiagofur/solennix-backend/internal/repository/admin_repo.go:44.50,46.2 1 1
github.com/tiagofur/solennix-backend/internal/repository/admin_repo.go:48.59,49.57 1 1
github.com/tiagofur/solennix-backend/internal/repository/admin_repo.go:50.33,51.31 1 1
github.com/tiagofur/solennix-backend/internal/repository/admin_repo.go:52.27,53.29 1 0
github.com/tiagofur/solennix-backend/internal/repository/admin_repo.go:54.28,55.30 1 0
github.com/tiagofur/solennix-backend/internal/repository/admin_repo.go:56.34,57.36 1 0
github.com/tiagofur/solennix-backend/internal/repository/admin_repo.go:58.30,59.32 1 0
github.com/tiagofur/solennix-backend/internal/repository/admin_repo.go:60.10,61.12 1 0
github.com/tiagofur/solennix-backend/internal/repository/admin_repo.go:123.83,128.16 3 1
github.com/tiagofur/solennix-backend/internal/repository/admin_repo.go:128.16,130.3 1 1
github.com/tiagofur/solennix-backend/internal/repository/admin_repo.go:132.2,133.16 2 0
github.com/tiagofur/solennix-backend/internal/repository/admin_repo.go:133.16,135.3 1 0
github.com/tiagofur/solennix-backend/internal/repository/admin_repo.go:137.2,138.16 2 0
github.com/tiagofur/solennix-backend/internal/repository/admin_repo.go:138.16,140.3 1 0
github.com/tiagofur/solennix-backend/internal/repository/admin_repo.go:142.2,143.16 2 0
github.com/tiagofur/solennix-backend/internal/repository/admin_repo.go:143.16,145.3 1 0
github.com/tiagofur/solennix-backend/internal/repository/admin_repo.go:147.2,148.16 2 0
github.com/tiagofur/solennix-backend/internal/repository/admin_repo.go:148.16,150.3 1 0
github.com/tiagofur/solennix-backend/internal/repository/admin_repo.go:153.2,154.16 2 0
github.com/tiagofur/solennix-backend/internal/repository/admin_repo.go:154.16,156.3 1 0
github.com/tiagofur/solennix-backend/internal/repository/admin_repo.go:158.2,159.16 2 0
github.com/tiagofur/solennix-backend/internal/repository/admin_repo.go:159.16,161.3 1 0
github.com/tiagofur/solennix-backend/internal/repository/admin_repo.go:163.2,164.16 2 0
github.com/tiagofur/solennix-backend/internal/repository/admin_repo.go:164.16,166.3 1 0
github.com/tiagofur/solennix-backend/internal/repository/admin_repo.go:169.2,175.16 6 0
github.com/tiagofur/solennix-backend/internal/repository/admin_repo.go:175.16,177.3 1 0
github.com/tiagofur/solennix-backend/internal/repository/admin_repo.go:179.2,180.16 2 0
github.com/tiagofur/solennix-backend/internal/repository/admin_repo.go:180.16,182.3 1 0
github.com/tiagofur/solennix-backend/internal/repository/admin_repo.go:184.2,185.16 2 0
github.com/tiagofur/solennix-backend/internal/repository/admin_repo.go:185.16,187.3 1 0
github.com/tiagofur/solennix-backend/internal/repository/admin_repo.go:190.2,195.16 2 0
github.com/tiagofur/solennix-backend/internal/repository/admin_repo.go:195.16,197.3 1 0
github.com/tiagofur/solennix-backend/internal/repository/admin_repo.go:199.2,199.19 1 0
github.com/tiagofur/solennix-backend/internal/repository/admin_repo.go:203.95,205.22 2 1
github.com/tiagofur/solennix-backend/internal/repository/admin_repo.go:205.22,207.3 1 0
github.com/tiagofur/solennix-backend/internal/repository/admin_repo.go:209.2,211.20 3 1
github.com/tiagofur/solennix-backend/internal/repository/admin_repo.go:212.29,213.40 1 1
github.com/tiagofur/solennix-backend/internal/repository/admin_repo.go:214.28,215.47 1 0
github.com/tiagofur/solennix-backend/internal/repository/admin_repo.go:216.34,217.45 1 0
github.com/tiagofur/solennix-backend/internal/repository/admin_repo.go:218.30,219.41 1 0
github.com/tiagofur/solennix-backend/internal/repository/admin_repo.go:220.27,220.27 0 0
github.com/tiagofur/solennix-backend/internal/repository/admin_repo.go:224.2,242.16 3 1
github.com/tiagofur/solennix-backend/internal/repository/admin_repo.go:242.16,244.3 1 1
github.com/tiagofur/solennix-backend/internal/repository/admin_repo.go:245.2,248.18 3 0
github.com/tiagofur/solennix-backend/internal/repository/admin_repo.go:248.18,258.17 3 0
github.com/tiagofur/solennix-backend/internal/repository/admin_repo.go:258.17,260.4 1 0
github.com/tiagofur/solennix-backend/internal/repository/admin_repo.go:261.3,261.27 1 0
github.com/tiagofur/solennix-backend/internal/repository/admin_repo.go:263.2,263.35 1 0
github.com/tiagofur/solennix-backend/internal/repository/admin_repo.go:263.35,265.3 1 0
github.com/tiagofur/solennix-backend/internal/repository/admin_repo.go:267.2,267.19 1 0
github.com/tiagofur/solennix-backend/internal/repository/admin_repo.go:271.88,298.16 4 1
github.com/tiagofur/solennix-backend/internal/repository/admin_repo.go:298.16,300.3 1 1
github.com/tiagofur/solennix-backend/internal/repository/admin_repo.go:302.2,302.16 1 0
github.com/tiagofur/solennix-backend/internal/repository/admin_repo.go:307.96,308.37 1 0
github.com/tiagofur/solennix-backend/internal/repository/admin_repo.go:308.37,310.3 1 0
github.com/tiagofur/solennix-backend/internal/repository/admin_repo.go:312.2,319.16 4 0
github.com/tiagofur/solennix-backend/internal/repository/admin_repo.go:319.16,321.3 1 0
github.com/tiagofur/solennix-backend/internal/repository/admin_repo.go:323.2,323.20 1 0
github.com/tiagofur/solennix-backend/internal/repository/admin_repo.go:323.20,325.3 1 0
github.com/tiagofur/solennix-backend/internal/repository/admin_repo.go:327.2,327.43 1 0
github.com/tiagofur/solennix-backend/internal/repository/admin_repo.go:327.43,329.3 1 0
github.com/tiagofur/solennix-backend/internal/repository/admin_repo.go:331.2,332.16 2 0
github.com/tiagofur/solennix-backend/internal/repository/admin_repo.go:332.16,334.3 1 0
github.com/tiagofur/solennix-backend/internal/repository/admin_repo.go:335.2,335.15 1 0
github.com/tiagofur/solennix-backend/internal/repository/admin_repo.go:335.15,336.17 1 0
github.com/tiagofur/solennix-backend/internal/repository/admin_repo.go:336.17,338.4 1 0
github.com/tiagofur/solennix-backend/internal/repository/admin_repo.go:341.2,351.16 3 0
github.com/tiagofur/solennix-backend/internal/repository/admin_repo.go:351.16,353.3 1 0
github.com/tiagofur/solennix-backend/internal/repository/admin_repo.go:354.2,354.29 1 0
github.com/tiagofur/solennix-backend/internal/repository/admin_repo.go:354.29,356.3 1 0
github.com/tiagofur/solennix-backend/internal/repository/admin_repo.go:358.2,358.100 1 0
github.com/tiagofur/solennix-backend/internal/repository/admin_repo.go:358.100,360.3 1 0
github.com/tiagofur/solennix-backend/internal/repository/admin_repo.go:362.2,362.38 1 0
github.com/tiagofur/solennix-backend/internal/repository/admin_repo.go:362.38,364.3 1 0
github.com/tiagofur/solennix-backend/internal/repository/admin_repo.go:366.2,366.12 1 0
github.com/tiagofur/solennix-backend/internal/repository/admin_repo.go:371.90,379.16 4 0
github.com/tiagofur/solennix-backend/internal/repository/admin_repo.go:379.16,381.3 1 0
github.com/tiagofur/solennix-backend/internal/repository/admin_repo.go:383.2,383.43 1 0
github.com/tiagofur/solennix-backend/internal/repository/admin_repo.go:383.43,385.3 1 0
github.com/tiagofur/solennix-backend/internal/repository/admin_repo.go:387.2,387.43 1 0
github.com/tiagofur/solennix-backend/internal/repository/admin_repo.go:387.43,389.3 1 0
github.com/tiagofur/solennix-backend/internal/repository/admin_repo.go:391.2,391.61 1 0
github.com/tiagofur/solennix-backend/internal/repository/admin_repo.go:391.61,393.3 1 0
github.com/tiagofur/solennix-backend/internal/repository/admin_repo.go:395.2,402.16 3 0
github.com/tiagofur/solennix-backend/internal/repository/admin_repo.go:402.16,404.3 1 0
github.com/tiagofur/solennix-backend/internal/repository/admin_repo.go:405.2,405.29 1 0
github.com/tiagofur/solennix-backend/internal/repository/admin_repo.go:405.29,407.3 1 0
github.com/tiagofur/solennix-backend/internal/repository/admin_repo.go:409.2,409.12 1 0
github.com/tiagofur/solennix-backend/internal/repository/admin_repo.go:414.112,417.16 3 1
github.com/tiagofur/solennix-backend/internal/repository/admin_repo.go:417.16,419.3 1 1
github.com/tiagofur/solennix-backend/internal/repository/admin_repo.go:420.2,420.29 1 0
github.com/tiagofur/solennix-backend/internal/repository/admin_repo.go:420.29,422.3 1 0
github.com/tiagofur/solennix-backend/internal/repository/admin_repo.go:423.2,423.12 1 0
github.com/tiagofur/solennix-backend/internal/repository/admin_repo.go:429.73,441.16 3 1
github.com/tiagofur/solennix-backend/internal/repository/admin_repo.go:441.16,443.3 1 1
github.com/tiagofur/solennix-backend/internal/repository/admin_repo.go:444.2,444.37 1 0
github.com/tiagofur/solennix-backend/internal/repository/admin_repo.go:448.96,456.16 4 1
github.com/tiagofur/solennix-backend/internal/repository/admin_repo.go:456.16,458.3 1 1
github.com/tiagofur/solennix-backend/internal/repository/admin_repo.go:459.2,459.21 1 0
github.com/tiagofur/solennix-backend/internal/repository/admin_repo.go:463.97,467.16 3 1
github.com/tiagofur/solennix-backend/internal/repository/admin_repo.go:467.16,469.3 1 1
github.com/tiagofur/solennix-backend/internal/repository/admin_repo.go:471.2,472.16 2 0
github.com/tiagofur/solennix-backend/internal/repository/admin_repo.go:472.16,474.3 1 0
github.com/tiagofur/solennix-backend/internal/repository/admin_repo.go:476.2,477.16 2 0
github.com/tiagofur/solennix-backend/internal/repository/admin_repo.go:477.16,479.3 1 0
github.com/tiagofur/solennix-backend/internal/repository/admin_repo.go:481.2,482.16 2 0
github.com/tiagofur/solennix-backend/internal/repository/admin_repo.go:482.16,484.3 1 0
github.com/tiagofur/solennix-backend/internal/repository/admin_repo.go:486.2,487.16 2 0
github.com/tiagofur/solennix-backend/internal/repository/admin_repo.go:487.16,489.3 1 0
github.com/tiagofur/solennix-backend/internal/repository/admin_repo.go:491.2,492.16 2 0
github.com/tiagofur/solennix-backend/internal/repository/admin_repo.go:492.16,494.3 1 0
github.com/tiagofur/solennix-backend/internal/repository/admin_repo.go:496.2,497.16 2 0
github.com/tiagofur/solennix-backend/internal/repository/admin_repo.go:497.16,499.3 1 0
github.com/tiagofur/solennix-backend/internal/repository/admin_repo.go:501.2,501.22 1 0
github.com/tiagofur/solennix-backend/internal/repository/audit_repo.go:18.50,20.2 1 0
github.com/tiagofur/solennix-backend/internal/repository/audit_repo.go:23.77,30.16 3 0
github.com/tiagofur/solennix-backend/internal/repository/audit_repo.go:30.16,32.3 1 0
github.com/tiagofur/solennix-backend/internal/repository/audit_repo.go:33.2,33.12 1 0
github.com/tiagofur/solennix-backend/internal/repository/audit_repo.go:37.121,40.78 3 0
github.com/tiagofur/solennix-backend/internal/repository/audit_repo.go:40.78,42.3 1 0
github.com/tiagofur/solennix-backend/internal/repository/audit_repo.go:44.2,49.16 3 0
github.com/tiagofur/solennix-backend/internal/repository/audit_repo.go:49.16,51.3 1 0
github.com/tiagofur/solennix-backend/internal/repository/audit_repo.go:52.2,55.18 3 0
github.com/tiagofur/solennix-backend/internal/repository/audit_repo.go:55.18,58.70 2 0
github.com/tiagofur/solennix-backend/internal/repository/audit_repo.go:58.70,60.4 1 0
github.com/tiagofur/solennix-backend/internal/repository/audit_repo.go:61.3,61.25 1 0
github.com/tiagofur/solennix-backend/internal/repository/audit_repo.go:63.2,63.35 1 0
github.com/tiagofur/solennix-backend/internal/repository/audit_repo.go:63.35,65.3 1 0
github.com/tiagofur/solennix-backend/internal/repository/audit_repo.go:66.2,66.25 1 0
github.com/tiagofur/solennix-backend/internal/repository/audit_repo.go:70.144,75.16 3 0
github.com/tiagofur/solennix-backend/internal/repository/audit_repo.go:75.16,77.3 1 0
github.com/tiagofur/solennix-backend/internal/repository/audit_repo.go:78.2,81.18 3 0
github.com/tiagofur/solennix-backend/internal/repository/audit_repo.go:81.18,84.70 2 0
github.com/tiagofur/solennix-backend/internal/repository/audit_repo.go:84.70,86.4 1 0
github.com/tiagofur/solennix-backend/internal/repository/audit_repo.go:87.3,87.25 1 0
github.com/tiagofur/solennix-backend/internal/repository/audit_repo.go:89.2,89.35 1 0
github.com/tiagofur/solennix-backend/internal/repository/audit_repo.go:89.35,91.3 1 0
github.com/tiagofur/solennix-backend/internal/repository/audit_repo.go:92.2,92.18 1 0
github.com/tiagofur/solennix-backend/internal/repository/audit_repo.go:96.100,99.70 3 0
github.com/tiagofur/solennix-backend/internal/repository/audit_repo.go:99.70,101.3 1 0
github.com/tiagofur/solennix-backend/internal/repository/audit_repo.go:103.2,108.16 3 0
github.com/tiagofur/solennix-backend/internal/repository/audit_repo.go:108.16,110.3 1 0
github.com/tiagofur/solennix-backend/internal/repository/audit_repo.go:111.2,114.18 3 0
github.com/tiagofur/solennix-backend/internal/repository/audit_repo.go:114.18,117.70 2 0
github.com/tiagofur/solennix-backend/internal/repository/audit_repo.go:117.70,119.4 1 0
github.com/tiagofur/solennix-backend/internal/repository/audit_repo.go:120.3,120.25 1 0
github.com/tiagofur/solennix-backend/internal/repository/audit_repo.go:122.2,122.35 1 0
github.com/tiagofur/solennix-backend/internal/repository/audit_repo.go:122.35,124.3 1 0
github.com/tiagofur/solennix-backend/internal/repository/audit_repo.go:125.2,125.25 1 0
github.com/tiagofur/solennix-backend/internal/repository/client_repo.go:16.52,18.2 1 1
github.com/tiagofur/solennix-backend/internal/repository/client_repo.go:19.88,24.2 4 1
github.com/tiagofur/solennix-backend/internal/repository/client_repo.go:26.93,31.16 3 1
github.com/tiagofur/solennix-backend/internal/repository/client_repo.go:31.16,33.3 1 1
github.com/tiagofur/solennix-backend/internal/repository/client_repo.go:34.2,37.18 3 0
github.com/tiagofur/solennix-backend/internal/repository/client_repo.go:37.18,41.44 2 0
github.com/tiagofur/solennix-backend/internal/repository/client_repo.go:41.44,43.4 1 0
github.com/tiagofur/solennix-backend/internal/repository/client_repo.go:44.3,44.31 1 0
github.com/tiagofur/solennix-backend/internal/repository/client_repo.go:46.2,46.35 1 0
github.com/tiagofur/solennix-backend/internal/repository/client_repo.go:46.35,48.3 1 0
github.com/tiagofur/solennix-backend/internal/repository/client_repo.go:49.2,49.21 1 0
github.com/tiagofur/solennix-backend/internal/repository/client_repo.go:54.149,60.78 5 0
github.com/tiagofur/solennix-backend/internal/repository/client_repo.go:60.78,62.3 1 0
github.com/tiagofur/solennix-backend/internal/repository/client_repo.go:64.2,68.16 3 0
github.com/tiagofur/solennix-backend/internal/repository/client_repo.go:68.16,70.3 1 0
github.com/tiagofur/solennix-backend/internal/repository/client_repo.go:71.2,74.18 3 0
github.com/tiagofur/solennix-backend/internal/repository/client_repo.go:74.18,78.44 2 0
github.com/tiagofur/solennix-backend/internal/repository/client_repo.go:78.44,80.4 1 0
github.com/tiagofur/solennix-backend/internal/repository/client_repo.go:81.3,81.31 1 0
github.com/tiagofur/solennix-backend/internal/repository/client_repo.go:83.2,83.35 1 0
github.com/tiagofur/solennix-backend/internal/repository/client_repo.go:83.35,85.3 1 0
github.com/tiagofur/solennix-backend/internal/repository/client_repo.go:86.2,86.28 1 0
github.com/tiagofur/solennix-backend/internal/repository/client_repo.go:89.97,98.16 4 1
github.com/tiagofur/solennix-backend/internal/repository/client_repo.go:98.16,100.3 1 1
github.com/tiagofur/solennix-backend/internal/repository/client_repo.go:101.2,101.15 1 0
github.com/tiagofur/solennix-backend/internal/repository/client_repo.go:104.74,111.2 2 1
github.com/tiagofur/solennix-backend/internal/repository/client_repo.go:113.74,120.2 2 1
github.com/tiagofur/solennix-backend/internal/repository/client_repo.go:122.78,124.16 2 1
github.com/tiagofur/solennix-backend/internal/repository/client_repo.go:124.16,126.3 1 1
github.com/tiagofur/solennix-backend/internal/repository/client_repo.go:127.2,127.29 1 0
github.com/tiagofur/solennix-backend/internal/repository/client_repo.go:127.29,129.3 1 0
github.com/tiagofur/solennix-backend/internal/repository/client_repo.go:130.2,130.12 1 0
github.com/tiagofur/solennix-backend/internal/repository/client_repo.go:134.107,150.16 3 1
github.com/tiagofur/solennix-backend/internal/repository/client_repo.go:150.16,152.3 1 1
github.com/tiagofur/solennix-backend/internal/repository/client_repo.go:153.2,156.18 3 0
github.com/tiagofur/solennix-backend/internal/repository/client_repo.go:156.18,160.44 2 0
github.com/tiagofur/solennix-backend/internal/repository/client_repo.go:160.44,162.4 1 0
github.com/tiagofur/solennix-backend/internal/repository/client_repo.go:163.3,163.31 1 0
github.com/tiagofur/solennix-backend/internal/repository/client_repo.go:165.2,165.35 1 0
github.com/tiagofur/solennix-backend/internal/repository/client_repo.go:165.35,167.3 1 0
github.com/tiagofur/solennix-backend/internal/repository/client_repo.go:169.2,169.20 1 0
github.com/tiagofur/solennix-backend/internal/repository/client_repo.go:169.20,171.3 1 0
github.com/tiagofur/solennix-backend/internal/repository/client_repo.go:173.2,173.21 1 0
github.com/tiagofur/solennix-backend/internal/repository/dashboard_repo.go:74.58,76.2 1 0
github.com/tiagofur/solennix-backend/internal/repository/dashboard_repo.go:79.96,88.16 3 0
github.com/tiagofur/solennix-backend/internal/repository/dashboard_repo.go:88.16,90.3 1 0
github.com/tiagofur/solennix-backend/internal/repository/dashboard_repo.go:93.2,98.16 2 0
github.com/tiagofur/solennix-backend/internal/repository/dashboard_repo.go:98.16,100.3 1 0
github.com/tiagofur/solennix-backend/internal/repository/dashboard_repo.go:103.2,107.16 2 0
github.com/tiagofur/solennix-backend/internal/repository/dashboard_repo.go:107.16,109.3 1 0
github.com/tiagofur/solennix-backend/internal/repository/dashboard_repo.go:117.2,121.16 2 0
github.com/tiagofur/solennix-backend/internal/repository/dashboard_repo.go:121.16,123.3 1 0
github.com/tiagofur/solennix-backend/internal/repository/dashboard_repo.go:126.2,132.16 2 0
github.com/tiagofur/solennix-backend/internal/repository/dashboard_repo.go:132.16,134.3 1 0
github.com/tiagofur/solennix-backend/internal/repository/dashboard_repo.go:137.2,141.16 2 0
github.com/tiagofur/solennix-backend/internal/repository/dashboard_repo.go:141.16,143.3 1 0
github.com/tiagofur/solennix-backend/internal/repository/dashboard_repo.go:146.2,150.16 2 0
github.com/tiagofur/solennix-backend/internal/repository/dashboard_repo.go:150.16,152.3 1 0
github.com/tiagofur/solennix-backend/internal/repository/dashboard_repo.go:157.2,187.16 2 0
github.com/tiagofur/solennix-backend/internal/repository/dashboard_repo.go:187.16,189.3 1 0
github.com/tiagofur/solennix-backend/internal/repository/dashboard_repo.go:193.2,199.16 2 0
github.com/tiagofur/solennix-backend/internal/repository/dashboard_repo.go:199.16,201.3 1 0
github.com/tiagofur/solennix-backend/internal/repository/dashboard_repo.go:203.2,203.18 1 0
github.com/tiagofur/solennix-backend/internal/repository/dashboard_repo.go:208.123,210.16 2 0
github.com/tiagofur/solennix-backend/internal/repository/dashboard_repo.go:211.15,212.13 1 0
github.com/tiagofur/solennix-backend/internal/repository/dashboard_repo.go:213.17,214.13 1 0
github.com/tiagofur/solennix-backend/internal/repository/dashboard_repo.go:215.14,216.14 1 0
github.com/tiagofur/solennix-backend/internal/repository/dashboard_repo.go:219.2,232.16 3 0
github.com/tiagofur/solennix-backend/internal/repository/dashboard_repo.go:232.16,234.3 1 0
github.com/tiagofur/solennix-backend/internal/repository/dashboard_repo.go:235.2,238.18 3 0
github.com/tiagofur/solennix-backend/internal/repository/dashboard_repo.go:238.18,240.75 2 0
github.com/tiagofur/solennix-backend/internal/repository/dashboard_repo.go:240.75,242.4 1 0
github.com/tiagofur/solennix-backend/internal/repository/dashboard_repo.go:243.3,243.30 1 0
github.com/tiagofur/solennix-backend/internal/repository/dashboard_repo.go:245.2,245.35 1 0
github.com/tiagofur/solennix-backend/internal/repository/dashboard_repo.go:245.35,247.3 1 0
github.com/tiagofur/solennix-backend/internal/repository/dashboard_repo.go:249.2,249.19 1 0
github.com/tiagofur/solennix-backend/internal/repository/dashboard_repo.go:249.19,251.3 1 0
github.com/tiagofur/solennix-backend/internal/repository/dashboard_repo.go:252.2,252.20 1 0
github.com/tiagofur/solennix-backend/internal/repository/dashboard_repo.go:258.124,263.22 2 0
github.com/tiagofur/solennix-backend/internal/repository/dashboard_repo.go:263.22,265.3 1 0
github.com/tiagofur/solennix-backend/internal/repository/dashboard_repo.go:266.2,271.16 3 0
github.com/tiagofur/solennix-backend/internal/repository/dashboard_repo.go:271.16,273.3 1 0
github.com/tiagofur/solennix-backend/internal/repository/dashboard_repo.go:274.2,277.18 3 0
github.com/tiagofur/solennix-backend/internal/repository/dashboard_repo.go:277.18,279.60 2 0
github.com/tiagofur/solennix-backend/internal/repository/dashboard_repo.go:279.60,281.4 1 0
github.com/tiagofur/solennix-backend/internal/repository/dashboard_repo.go:282.3,282.31 1 0
github.com/tiagofur/solennix-backend/internal/repository/dashboard_repo.go:284.2,284.35 1 0
github.com/tiagofur/solennix-backend/internal/repository/dashboard_repo.go:284.35,286.3 1 0
github.com/tiagofur/solennix-backend/internal/repository/dashboard_repo.go:288.2,288.19 1 0
github.com/tiagofur/solennix-backend/internal/repository/dashboard_repo.go:288.19,290.3 1 0
github.com/tiagofur/solennix-backend/internal/repository/dashboard_repo.go:291.2,291.20 1 0
github.com/tiagofur/solennix-backend/internal/repository/dashboard_repo.go:295.110,296.16 1 0
github.com/tiagofur/solennix-backend/internal/repository/dashboard_repo.go:296.16,298.3 1 0
github.com/tiagofur/solennix-backend/internal/repository/dashboard_repo.go:300.2,308.16 3 0
github.com/tiagofur/solennix-backend/internal/repository/dashboard_repo.go:308.16,310.3 1 0
github.com/tiagofur/solennix-backend/internal/repository/dashboard_repo.go:311.2,314.18 3 0
github.com/tiagofur/solennix-backend/internal/repository/dashboard_repo.go:314.18,316.86 2 0
github.com/tiagofur/solennix-backend/internal/repository/dashboard_repo.go:316.86,318.4 1 0
github.com/tiagofur/solennix-backend/internal/repository/dashboard_repo.go:319.3,319.30 1 0
github.com/tiagofur/solennix-backend/internal/repository/dashboard_repo.go:321.2,321.35 1 0
github.com/tiagofur/solennix-backend/internal/repository/dashboard_repo.go:321.35,323.3 1 0
github.com/tiagofur/solennix-backend/internal/repository/dashboard_repo.go:325.2,325.19 1 0
github.com/tiagofur/solennix-backend/internal/repository/dashboard_repo.go:325.19,327.3 1 0
github.com/tiagofur/solennix-backend/internal/repository/dashboard_repo.go:328.2,328.20 1 0
github.com/tiagofur/solennix-backend/internal/repository/dashboard_repo.go:332.110,344.16 3 0
github.com/tiagofur/solennix-backend/internal/repository/dashboard_repo.go:344.16,346.3 1 0
github.com/tiagofur/solennix-backend/internal/repository/dashboard_repo.go:347.2,350.18 3 0
github.com/tiagofur/solennix-backend/internal/repository/dashboard_repo.go:350.18,352.86 2 0
github.com/tiagofur/solennix-backend/internal/repository/dashboard_repo.go:352.86,354.4 1 0
github.com/tiagofur/solennix-backend/internal/repository/dashboard_repo.go:355.3,355.30 1 0
github.com/tiagofur/solennix-backend/internal/repository/dashboard_repo.go:357.2,357.35 1 0
github.com/tiagofur/solennix-backend/internal/repository/dashboard_repo.go:357.35,359.3 1 0
github.com/tiagofur/solennix-backend/internal/repository/dashboard_repo.go:361.2,361.19 1 0
github.com/tiagofur/solennix-backend/internal/repository/dashboard_repo.go:361.19,363.3 1 0
github.com/tiagofur/solennix-backend/internal/repository/dashboard_repo.go:364.2,364.20 1 0
github.com/tiagofur/solennix-backend/internal/repository/dashboard_repo.go:368.105,382.16 3 0
github.com/tiagofur/solennix-backend/internal/repository/dashboard_repo.go:382.16,384.3 1 0
github.com/tiagofur/solennix-backend/internal/repository/dashboard_repo.go:385.2,388.18 3 0
github.com/tiagofur/solennix-backend/internal/repository/dashboard_repo.go:388.18,390.89 2 0
github.com/tiagofur/solennix-backend/internal/repository/dashboard_repo.go:390.89,392.4 1 0
github.com/tiagofur/solennix-backend/internal/repository/dashboard_repo.go:393.3,393.30 1 0
github.com/tiagofur/solennix-backend/internal/repository/dashboard_repo.go:395.2,395.35 1 0
github.com/tiagofur/solennix-backend/internal/repository/dashboard_repo.go:395.35,397.3 1 0
github.com/tiagofur/solennix-backend/internal/repository/dashboard_repo.go:399.2,399.19 1 0
github.com/tiagofur/solennix-backend/internal/repository/dashboard_repo.go:399.19,401.3 1 0
github.com/tiagofur/solennix-backend/internal/repository/dashboard_repo.go:402.2,402.20 1 0
github.com/tiagofur/solennix-backend/internal/repository/device_repo.go:16.52,18.2 1 1
github.com/tiagofur/solennix-backend/internal/repository/device_repo.go:22.123,35.16 4 1
github.com/tiagofur/solennix-backend/internal/repository/device_repo.go:35.16,37.3 1 1
github.com/tiagofur/solennix-backend/internal/repository/device_repo.go:38.2,38.20 1 0
github.com/tiagofur/solennix-backend/internal/repository/device_repo.go:42.92,45.16 3 1
github.com/tiagofur/solennix-backend/internal/repository/device_repo.go:45.16,47.3 1 1
github.com/tiagofur/solennix-backend/internal/repository/device_repo.go:48.2,48.29 1 0
github.com/tiagofur/solennix-backend/internal/repository/device_repo.go:48.29,50.3 1 0
github.com/tiagofur/solennix-backend/internal/repository/device_repo.go:51.2,51.12 1 0
github.com/tiagofur/solennix-backend/internal/repository/device_repo.go:55.103,63.16 3 1
github.com/tiagofur/solennix-backend/internal/repository/device_repo.go:63.16,65.3 1 1
github.com/tiagofur/solennix-backend/internal/repository/device_repo.go:66.2,69.18 3 0
github.com/tiagofur/solennix-backend/internal/repository/device_repo.go:69.18,71.104 2 0
github.com/tiagofur/solennix-backend/internal/repository/device_repo.go:71.104,73.4 1 0
github.com/tiagofur/solennix-backend/internal/repository/device_repo.go:74.3,74.31 1 0
github.com/tiagofur/solennix-backend/internal/repository/device_repo.go:76.2,76.21 1 0
github.com/tiagofur/solennix-backend/internal/repository/device_repo.go:80.88,83.16 3 1
github.com/tiagofur/solennix-backend/internal/repository/device_repo.go:83.16,85.3 1 1
github.com/tiagofur/solennix-backend/internal/repository/device_repo.go:86.2,86.12 1 0
github.com/tiagofur/solennix-backend/internal/repository/event_form_link_repo.go:19.66,21.2 1 0
github.com/tiagofur/solennix-backend/internal/repository/event_form_link_repo.go:25.68,32.16 3 0
github.com/tiagofur/solennix-backend/internal/repository/event_form_link_repo.go:32.16,34.3 1 0
github.com/tiagofur/solennix-backend/internal/repository/event_form_link_repo.go:35.2,35.16 1 0
github.com/tiagofur/solennix-backend/internal/repository/event_form_link_repo.go:39.91,47.16 4 0
github.com/tiagofur/solennix-backend/internal/repository/event_form_link_repo.go:47.16,49.3 1 0
github.com/tiagofur/solennix-backend/internal/repository/event_form_link_repo.go:50.2,51.12 2 0
github.com/tiagofur/solennix-backend/internal/repository/event_form_link_repo.go:56.106,63.16 4 0
github.com/tiagofur/solennix-backend/internal/repository/event_form_link_repo.go:63.16,65.3 1 0
github.com/tiagofur/solennix-backend/internal/repository/event_form_link_repo.go:66.2,66.18 1 0
github.com/tiagofur/solennix-backend/internal/repository/event_form_link_repo.go:72.116,79.16 4 0
github.com/tiagofur/solennix-backend/internal/repository/event_form_link_repo.go:79.16,81.3 1 0
github.com/tiagofur/solennix-backend/internal/repository/event_form_link_repo.go:82.2,82.18 1 0
github.com/tiagofur/solennix-backend/internal/repository/event_form_link_repo.go:86.112,93.16 3 0
github.com/tiagofur/solennix-backend/internal/repository/event_form_link_repo.go:93.16,95.3 1 0
github.com/tiagofur/solennix-backend/internal/repository/event_form_link_repo.go:96.2,99.18 3 0
github.com/tiagofur/solennix-backend/internal/repository/event_form_link_repo.go:99.18,105.17 2 0
github.com/tiagofur/solennix-backend/internal/repository/event_form_link_repo.go:105.17,107.4 1 0
github.com/tiagofur/solennix-backend/internal/repository/event_form_link_repo.go:108.3,108.27 1 0
[...]
github.com/tiagofur/solennix-backend/internal/handlers/upload_handler.go:142.2,142.22 1 1
github.com/tiagofur/solennix-backend/internal/handlers/upload_handler.go:142.22,144.17 2 1
github.com/tiagofur/solennix-backend/internal/handlers/upload_handler.go:144.17,148.4 3 1
github.com/tiagofur/solennix-backend/internal/handlers/upload_handler.go:149.3,158.9 3 1
github.com/tiagofur/solennix-backend/internal/handlers/upload_handler.go:162.2,163.73 2 0
github.com/tiagofur/solennix-backend/internal/handlers/upload_handler.go:168.78,172.61 3 1
github.com/tiagofur/solennix-backend/internal/handlers/upload_handler.go:172.61,175.3 2 0
github.com/tiagofur/solennix-backend/internal/handlers/upload_handler.go:176.2,176.43 1 1
github.com/tiagofur/solennix-backend/internal/handlers/upload_handler.go:176.43,179.3 2 0
github.com/tiagofur/solennix-backend/internal/handlers/upload_handler.go:180.2,180.87 1 1
github.com/tiagofur/solennix-backend/internal/handlers/upload_handler.go:180.87,183.3 2 0
github.com/tiagofur/solennix-backend/internal/handlers/upload_handler.go:185.2,186.9 2 1
github.com/tiagofur/solennix-backend/internal/handlers/upload_handler.go:186.9,189.3 2 1
github.com/tiagofur/solennix-backend/internal/handlers/upload_handler.go:191.2,192.16 2 1
github.com/tiagofur/solennix-backend/internal/handlers/upload_handler.go:192.16,196.3 3 0
github.com/tiagofur/solennix-backend/internal/handlers/upload_handler.go:198.2,205.4 1 1
github.com/tiagofur/solennix-backend/internal/handlers/upload_handler.go:210.89,214.61 3 1
github.com/tiagofur/solennix-backend/internal/handlers/upload_handler.go:214.61,217.3 2 0
github.com/tiagofur/solennix-backend/internal/handlers/upload_handler.go:218.2,218.44 1 1
github.com/tiagofur/solennix-backend/internal/handlers/upload_handler.go:218.44,221.3 2 0
github.com/tiagofur/solennix-backend/internal/handlers/upload_handler.go:223.2,224.9 2 1
github.com/tiagofur/solennix-backend/internal/handlers/upload_handler.go:224.9,227.3 2 1
github.com/tiagofur/solennix-backend/internal/handlers/upload_handler.go:229.2,230.16 2 1
github.com/tiagofur/solennix-backend/internal/handlers/upload_handler.go:230.16,234.3 3 0
github.com/tiagofur/solennix-backend/internal/handlers/upload_handler.go:236.2,243.4 1 1
github.com/tiagofur/solennix-backend/internal/handlers/validation.go:31.38,33.2 1 1
github.com/tiagofur/solennix-backend/internal/handlers/validation.go:36.48,37.14 1 1
github.com/tiagofur/solennix-backend/internal/handlers/validation.go:37.14,39.3 1 1
github.com/tiagofur/solennix-backend/internal/handlers/validation.go:40.2,41.21 2 1
github.com/tiagofur/solennix-backend/internal/handlers/validation.go:41.21,43.3 1 1
github.com/tiagofur/solennix-backend/internal/handlers/validation.go:44.2,44.19 1 1
github.com/tiagofur/solennix-backend/internal/handlers/validation.go:48.66,49.25 1 1
github.com/tiagofur/solennix-backend/internal/handlers/validation.go:49.25,51.3 1 1
github.com/tiagofur/solennix-backend/internal/handlers/validation.go:52.2,52.12 1 1
github.com/tiagofur/solennix-backend/internal/handlers/validation.go:61.41,63.2 1 1
github.com/tiagofur/solennix-backend/internal/handlers/validation.go:65.63,67.2 1 1
github.com/tiagofur/solennix-backend/internal/handlers/validation.go:69.76,70.52 1 1
github.com/tiagofur/solennix-backend/internal/handlers/validation.go:70.52,72.65 2 0
github.com/tiagofur/solennix-backend/internal/handlers/validation.go:72.65,74.4 1 0
github.com/tiagofur/solennix-backend/internal/handlers/validation.go:77.2,77.17 1 1
github.com/tiagofur/solennix-backend/internal/handlers/validation.go:78.28,79.49 1 1
github.com/tiagofur/solennix-backend/internal/handlers/validation.go:80.44,81.50 1 1
github.com/tiagofur/solennix-backend/internal/handlers/validation.go:82.35,83.55 1 1
github.com/tiagofur/solennix-backend/internal/handlers/validation.go:84.60,85.64 1 1
github.com/tiagofur/solennix-backend/internal/handlers/validation.go:86.32,87.59 1 1
github.com/tiagofur/solennix-backend/internal/handlers/validation.go:88.21,89.50 1 1
github.com/tiagofur/solennix-backend/internal/handlers/validation.go:90.30,91.55 1 1
github.com/tiagofur/solennix-backend/internal/handlers/validation.go:92.65,93.59 1 1
github.com/tiagofur/solennix-backend/internal/handlers/validation.go:94.60,95.61 1 0
github.com/tiagofur/solennix-backend/internal/handlers/validation.go:96.10,97.17 1 1
github.com/tiagofur/solennix-backend/internal/handlers/validation.go:101.68,102.41 1 1
github.com/tiagofur/solennix-backend/internal/handlers/validation.go:102.41,104.3 1 1
github.com/tiagofur/solennix-backend/internal/handlers/validation.go:105.2,105.20 1 0
github.com/tiagofur/solennix-backend/internal/handlers/validation.go:109.47,111.25 1 1
github.com/tiagofur/solennix-backend/internal/handlers/validation.go:111.25,113.3 1 1
github.com/tiagofur/solennix-backend/internal/handlers/validation.go:116.2,116.24 1 1
github.com/tiagofur/solennix-backend/internal/handlers/validation.go:116.24,118.3 1 1
github.com/tiagofur/solennix-backend/internal/handlers/validation.go:119.2,119.59 1 1
github.com/tiagofur/solennix-backend/internal/handlers/validation.go:119.59,121.3 1 1
github.com/tiagofur/solennix-backend/internal/handlers/validation.go:124.2,124.46 1 1
github.com/tiagofur/solennix-backend/internal/handlers/validation.go:124.46,126.3 1 1
github.com/tiagofur/solennix-backend/internal/handlers/validation.go:129.2,129.27 1 1
github.com/tiagofur/solennix-backend/internal/handlers/validation.go:129.27,131.3 1 1
github.com/tiagofur/solennix-backend/internal/handlers/validation.go:134.2,134.33 1 1
github.com/tiagofur/solennix-backend/internal/handlers/validation.go:134.33,135.63 1 1
github.com/tiagofur/solennix-backend/internal/handlers/validation.go:135.63,137.4 1 1
github.com/tiagofur/solennix-backend/internal/handlers/validation.go:141.2,141.35 1 1
github.com/tiagofur/solennix-backend/internal/handlers/validation.go:141.35,142.34 1 1
github.com/tiagofur/solennix-backend/internal/handlers/validation.go:142.34,144.4 1 1
github.com/tiagofur/solennix-backend/internal/handlers/validation.go:148.2,148.32 1 1
github.com/tiagofur/solennix-backend/internal/handlers/validation.go:148.32,149.61 1 1
github.com/tiagofur/solennix-backend/internal/handlers/validation.go:149.61,151.4 1 1
github.com/tiagofur/solennix-backend/internal/handlers/validation.go:155.2,161.34 2 1
github.com/tiagofur/solennix-backend/internal/handlers/validation.go:161.34,163.3 1 1
github.com/tiagofur/solennix-backend/internal/handlers/validation.go:166.2,166.102 1 1
github.com/tiagofur/solennix-backend/internal/handlers/validation.go:166.102,168.3 1 1
github.com/tiagofur/solennix-backend/internal/handlers/validation.go:169.2,169.27 1 1
github.com/tiagofur/solennix-backend/internal/handlers/validation.go:169.27,170.94 1 0
github.com/tiagofur/solennix-backend/internal/handlers/validation.go:170.94,172.4 1 0
github.com/tiagofur/solennix-backend/internal/handlers/validation.go:174.2,174.23 1 1
github.com/tiagofur/solennix-backend/internal/handlers/validation.go:174.23,175.82 1 0
github.com/tiagofur/solennix-backend/internal/handlers/validation.go:175.82,177.4 1 0
github.com/tiagofur/solennix-backend/internal/handlers/validation.go:179.2,179.24 1 1
github.com/tiagofur/solennix-backend/internal/handlers/validation.go:179.24,180.85 1 1
github.com/tiagofur/solennix-backend/internal/handlers/validation.go:180.85,182.4 1 0
github.com/tiagofur/solennix-backend/internal/handlers/validation.go:186.2,190.12 4 1
github.com/tiagofur/solennix-backend/internal/handlers/validation.go:194.53,196.25 1 1
github.com/tiagofur/solennix-backend/internal/handlers/validation.go:196.25,198.3 1 1
github.com/tiagofur/solennix-backend/internal/handlers/validation.go:201.2,201.33 1 1
github.com/tiagofur/solennix-backend/internal/handlers/validation.go:201.33,203.3 1 1
github.com/tiagofur/solennix-backend/internal/handlers/validation.go:206.2,209.42 2 1
github.com/tiagofur/solennix-backend/internal/handlers/validation.go:209.42,211.3 1 1
github.com/tiagofur/solennix-backend/internal/handlers/validation.go:213.2,213.26 1 1
github.com/tiagofur/solennix-backend/internal/handlers/validation.go:213.26,214.87 1 1
github.com/tiagofur/solennix-backend/internal/handlers/validation.go:214.87,216.4 1 0
github.com/tiagofur/solennix-backend/internal/handlers/validation.go:217.3,217.56 1 1
github.com/tiagofur/solennix-backend/internal/handlers/validation.go:220.2,220.12 1 1
github.com/tiagofur/solennix-backend/internal/handlers/validation.go:224.58,226.22 1 1
github.com/tiagofur/solennix-backend/internal/handlers/validation.go:226.22,228.3 1 1
github.com/tiagofur/solennix-backend/internal/handlers/validation.go:231.2,231.22 1 1
github.com/tiagofur/solennix-backend/internal/handlers/validation.go:231.22,233.3 1 1
github.com/tiagofur/solennix-backend/internal/handlers/validation.go:236.2,236.21 1 1
github.com/tiagofur/solennix-backend/internal/handlers/validation.go:236.21,238.3 1 1
github.com/tiagofur/solennix-backend/internal/handlers/validation.go:240.2,240.12 1 1
github.com/tiagofur/solennix-backend/internal/handlers/validation.go:244.54,246.17 1 1
github.com/tiagofur/solennix-backend/internal/handlers/validation.go:246.17,248.3 1 1
github.com/tiagofur/solennix-backend/internal/handlers/validation.go:251.2,251.18 1 1
github.com/tiagofur/solennix-backend/internal/handlers/validation.go:251.18,253.3 1 1
github.com/tiagofur/solennix-backend/internal/handlers/validation.go:256.2,256.26 1 1
github.com/tiagofur/solennix-backend/internal/handlers/validation.go:256.26,258.3 1 1
github.com/tiagofur/solennix-backend/internal/handlers/validation.go:260.2,260.12 1 1
github.com/tiagofur/solennix-backend/internal/handlers/validation.go:264.50,266.23 1 1
github.com/tiagofur/solennix-backend/internal/handlers/validation.go:266.23,268.3 1 0
github.com/tiagofur/solennix-backend/internal/handlers/validation.go:271.2,271.28 1 1
github.com/tiagofur/solennix-backend/internal/handlers/validation.go:271.28,273.3 1 0
github.com/tiagofur/solennix-backend/internal/handlers/validation.go:276.2,276.48 1 1
github.com/tiagofur/solennix-backend/internal/handlers/validation.go:276.48,277.45 1 0
github.com/tiagofur/solennix-backend/internal/handlers/validation.go:277.45,279.4 1 0
github.com/tiagofur/solennix-backend/internal/handlers/validation.go:283.2,283.24 1 1
github.com/tiagofur/solennix-backend/internal/handlers/validation.go:283.24,284.85 1 1
github.com/tiagofur/solennix-backend/internal/handlers/validation.go:284.85,286.4 1 1
github.com/tiagofur/solennix-backend/internal/handlers/validation.go:288.2,288.25 1 1
github.com/tiagofur/solennix-backend/internal/handlers/validation.go:288.25,289.86 1 0
github.com/tiagofur/solennix-backend/internal/handlers/validation.go:289.86,291.4 1 0
github.com/tiagofur/solennix-backend/internal/handlers/validation.go:293.2,293.27 1 1
github.com/tiagofur/solennix-backend/internal/handlers/validation.go:293.27,294.92 1 0
github.com/tiagofur/solennix-backend/internal/handlers/validation.go:294.92,296.4 1 0
github.com/tiagofur/solennix-backend/internal/handlers/validation.go:298.2,298.24 1 1
github.com/tiagofur/solennix-backend/internal/handlers/validation.go:298.24,299.83 1 0
github.com/tiagofur/solennix-backend/internal/handlers/validation.go:299.83,301.4 1 0
github.com/tiagofur/solennix-backend/internal/handlers/validation.go:303.2,303.25 1 1
github.com/tiagofur/solennix-backend/internal/handlers/validation.go:303.25,304.86 1 0
github.com/tiagofur/solennix-backend/internal/handlers/validation.go:304.86,306.4 1 0
github.com/tiagofur/solennix-backend/internal/handlers/validation.go:310.2,314.12 4 1
github.com/tiagofur/solennix-backend/internal/handlers/validation.go:318.53,320.24 1 1
github.com/tiagofur/solennix-backend/internal/handlers/validation.go:320.24,322.3 1 1
github.com/tiagofur/solennix-backend/internal/handlers/validation.go:325.2,325.28 1 1
github.com/tiagofur/solennix-backend/internal/handlers/validation.go:325.28,327.3 1 1
github.com/tiagofur/solennix-backend/internal/handlers/validation.go:330.2,330.27 1 1
github.com/tiagofur/solennix-backend/internal/handlers/validation.go:330.27,332.3 1 1
github.com/tiagofur/solennix-backend/internal/handlers/validation.go:335.2,335.82 1 1
github.com/tiagofur/solennix-backend/internal/handlers/validation.go:335.82,337.3 1 1
github.com/tiagofur/solennix-backend/internal/handlers/validation.go:338.2,338.94 1 1
github.com/tiagofur/solennix-backend/internal/handlers/validation.go:338.94,340.3 1 0
github.com/tiagofur/solennix-backend/internal/handlers/validation.go:343.2,346.12 3 1
github.com/tiagofur/solennix-backend/internal/handlers/validation.go:350.62,352.31 1 1
github.com/tiagofur/solennix-backend/internal/handlers/validation.go:352.31,354.3 1 1
github.com/tiagofur/solennix-backend/internal/handlers/validation.go:357.2,357.27 1 1
github.com/tiagofur/solennix-backend/internal/handlers/validation.go:357.27,359.3 1 1
github.com/tiagofur/solennix-backend/internal/handlers/validation.go:362.2,362.27 1 1
github.com/tiagofur/solennix-backend/internal/handlers/validation.go:362.27,364.3 1 1
github.com/tiagofur/solennix-backend/internal/handlers/validation.go:367.2,367.21 1 1
github.com/tiagofur/solennix-backend/internal/handlers/validation.go:367.21,369.3 1 1
github.com/tiagofur/solennix-backend/internal/handlers/validation.go:372.2,372.26 1 1
github.com/tiagofur/solennix-backend/internal/handlers/validation.go:372.26,373.25 1 1
github.com/tiagofur/solennix-backend/internal/handlers/validation.go:373.25,375.4 1 1
github.com/tiagofur/solennix-backend/internal/handlers/validation.go:379.2,384.28 2 1
github.com/tiagofur/solennix-backend/internal/handlers/validation.go:384.28,386.3 1 1
github.com/tiagofur/solennix-backend/internal/handlers/validation.go:389.2,389.100 1 1
github.com/tiagofur/solennix-backend/internal/handlers/validation.go:389.100,391.3 1 0
github.com/tiagofur/solennix-backend/internal/handlers/validation.go:394.2,396.12 2 1
github.com/tiagofur/solennix-backend/internal/handlers/validation.go:400.62,401.21 1 1
github.com/tiagofur/solennix-backend/internal/handlers/validation.go:401.21,403.3 1 1
github.com/tiagofur/solennix-backend/internal/handlers/validation.go:404.2,404.12 1 1
github.com/tiagofur/solennix-backend/internal/handlers/validation.go:408.43,409.18 1 1
github.com/tiagofur/solennix-backend/internal/handlers/validation.go:409.18,411.3 1 1
github.com/tiagofur/solennix-backend/internal/handlers/validation.go:412.2,412.76 1 1
github.com/tiagofur/solennix-backend/internal/handlers/validation.go:412.76,414.3 1 1
github.com/tiagofur/solennix-backend/internal/handlers/validation.go:415.2,415.38 1 1
github.com/tiagofur/solennix-backend/internal/handlers/validation.go:415.38,416.40 1 1
github.com/tiagofur/solennix-backend/internal/handlers/validation.go:416.40,418.4 1 1
github.com/tiagofur/solennix-backend/internal/handlers/validation.go:419.3,419.81 1 1
github.com/tiagofur/solennix-backend/internal/handlers/validation.go:419.81,421.4 1 0
github.com/tiagofur/solennix-backend/internal/handlers/validation.go:423.2,423.20 1 1
github.com/tiagofur/solennix-backend/internal/handlers/validation.go:423.20,424.81 1 0
github.com/tiagofur/solennix-backend/internal/handlers/validation.go:424.81,426.4 1 0
github.com/tiagofur/solennix-backend/internal/handlers/validation.go:428.2,428.24 1 1
github.com/tiagofur/solennix-backend/internal/handlers/validation.go:428.24,429.89 1 1
github.com/tiagofur/solennix-backend/internal/handlers/validation.go:429.89,431.4 1 0
github.com/tiagofur/solennix-backend/internal/handlers/validation.go:433.2,433.20 1 1
github.com/tiagofur/solennix-backend/internal/handlers/validation.go:433.20,434.81 1 0
github.com/tiagofur/solennix-backend/internal/handlers/validation.go:434.81,436.4 1 0
github.com/tiagofur/solennix-backend/internal/handlers/validation.go:439.2,442.12 4 1
github.com/tiagofur/solennix-backend/internal/handlers/validation.go:448.51,449.18 1 1
github.com/tiagofur/solennix-backend/internal/handlers/validation.go:449.18,451.3 1 1
github.com/tiagofur/solennix-backend/internal/handlers/validation.go:452.2,452.76 1 1
github.com/tiagofur/solennix-backend/internal/handlers/validation.go:452.76,454.3 1 0
github.com/tiagofur/solennix-backend/internal/handlers/validation.go:455.2,455.24 1 1
github.com/tiagofur/solennix-backend/internal/handlers/validation.go:455.24,456.89 1 1
github.com/tiagofur/solennix-backend/internal/handlers/validation.go:456.89,458.4 1 0
github.com/tiagofur/solennix-backend/internal/handlers/validation.go:460.2,460.20 1 1
github.com/tiagofur/solennix-backend/internal/handlers/validation.go:460.20,461.81 1 0
github.com/tiagofur/solennix-backend/internal/handlers/validation.go:461.81,463.4 1 0
github.com/tiagofur/solennix-backend/internal/handlers/validation.go:465.2,466.27 2 1
github.com/tiagofur/solennix-backend/internal/handlers/validation.go:466.27,468.33 2 0
github.com/tiagofur/solennix-backend/internal/handlers/validation.go:468.33,470.4 1 0
github.com/tiagofur/solennix-backend/internal/handlers/validation.go:471.3,471.22 1 0
github.com/tiagofur/solennix-backend/internal/handlers/validation.go:471.22,473.4 1 0
github.com/tiagofur/solennix-backend/internal/handlers/validation.go:474.3,474.25 1 0
github.com/tiagofur/solennix-backend/internal/handlers/validation.go:476.2,479.12 4 1
github.com/tiagofur/solennix-backend/internal/handlers/validation.go:483.54,484.33 1 1
github.com/tiagofur/solennix-backend/internal/handlers/validation.go:484.33,486.3 1 1
github.com/tiagofur/solennix-backend/internal/handlers/validation.go:487.2,487.46 1 1
github.com/tiagofur/solennix-backend/internal/handlers/validation.go:487.46,489.3 1 1
github.com/tiagofur/solennix-backend/internal/handlers/validation.go:490.2,490.48 1 1
github.com/tiagofur/solennix-backend/internal/handlers/validation.go:490.48,492.3 1 0
github.com/tiagofur/solennix-backend/internal/handlers/validation.go:493.2,493.28 1 1
github.com/tiagofur/solennix-backend/internal/handlers/validation.go:493.28,494.96 1 0
github.com/tiagofur/solennix-backend/internal/handlers/validation.go:494.96,496.4 1 0
github.com/tiagofur/solennix-backend/internal/handlers/validation.go:498.2,498.21 1 1
github.com/tiagofur/solennix-backend/internal/handlers/validation.go:498.21,499.82 1 0
github.com/tiagofur/solennix-backend/internal/handlers/validation.go:499.82,501.4 1 0
github.com/tiagofur/solennix-backend/internal/handlers/validation.go:503.2,503.86 1 1
github.com/tiagofur/solennix-backend/internal/handlers/validation.go:503.86,505.3 1 1
github.com/tiagofur/solennix-backend/internal/handlers/validation.go:508.2,508.42 1 1
github.com/tiagofur/solennix-backend/internal/handlers/validation.go:508.42,509.21 1 1
github.com/tiagofur/solennix-backend/internal/handlers/validation.go:513.37,513.37 0 1
github.com/tiagofur/solennix-backend/internal/handlers/validation.go:514.11,515.111 1 1
github.com/tiagofur/solennix-backend/internal/handlers/validation.go:518.2,518.12 1 1
github.com/tiagofur/solennix-backend/internal/handlers/validation.go:522.55,523.21 1 1
github.com/tiagofur/solennix-backend/internal/handlers/validation.go:523.21,525.3 1 1
github.com/tiagofur/solennix-backend/internal/handlers/validation.go:526.2,526.20 1 1
github.com/tiagofur/solennix-backend/internal/handlers/validation.go:526.20,528.3 1 1
github.com/tiagofur/solennix-backend/internal/handlers/validation.go:529.2,533.29 2 1
github.com/tiagofur/solennix-backend/internal/handlers/validation.go:533.29,535.3 1 1
github.com/tiagofur/solennix-backend/internal/handlers/validation.go:536.2,536.12 1 1
github.com/tiagofur/solennix-backend/internal/handlers/validation.go:540.68,542.30 1 1
github.com/tiagofur/solennix-backend/internal/handlers/validation.go:542.30,544.3 1 1
github.com/tiagofur/solennix-backend/internal/handlers/validation.go:547.2,547.45 1 1
github.com/tiagofur/solennix-backend/internal/handlers/validation.go:547.45,549.3 1 1
github.com/tiagofur/solennix-backend/internal/handlers/validation.go:551.2,551.12 1 1
