mode: set
github.com/tiagofur/solennix-backend/internal/handlers/admin_handler.go:22.63,24.2 1 1
github.com/tiagofur/solennix-backend/internal/handlers/admin_handler.go:28.73,30.16 2 1
github.com/tiagofur/solennix-backend/internal/handlers/admin_handler.go:30.16,34.3 3 1
github.com/tiagofur/solennix-backend/internal/handlers/admin_handler.go:36.2,36.36 1 1
github.com/tiagofur/solennix-backend/internal/handlers/admin_handler.go:41.74,43.23 2 1
github.com/tiagofur/solennix-backend/internal/handlers/admin_handler.go:43.23,45.3 1 1
github.com/tiagofur/solennix-backend/internal/handlers/admin_handler.go:46.2,47.28 2 1
github.com/tiagofur/solennix-backend/internal/handlers/admin_handler.go:47.28,49.3 1 1
github.com/tiagofur/solennix-backend/internal/handlers/admin_handler.go:51.2,52.16 2 1
github.com/tiagofur/solennix-backend/internal/handlers/admin_handler.go:52.16,53.77 1 1
github.com/tiagofur/solennix-backend/internal/handlers/admin_handler.go:53.77,56.4 2 1
github.com/tiagofur/solennix-backend/internal/handlers/admin_handler.go:57.3,59.9 3 1
github.com/tiagofur/solennix-backend/internal/handlers/admin_handler.go:62.2,62.18 1 1
github.com/tiagofur/solennix-backend/internal/handlers/admin_handler.go:62.18,64.3 1 1
github.com/tiagofur/solennix-backend/internal/handlers/admin_handler.go:66.2,67.16 2 1
github.com/tiagofur/solennix-backend/internal/handlers/admin_handler.go:67.16,70.3 2 0
github.com/tiagofur/solennix-backend/internal/handlers/admin_handler.go:72.2,72.39 1 1
github.com/tiagofur/solennix-backend/internal/handlers/admin_handler.go:75.123,79.20 3 1
github.com/tiagofur/solennix-backend/internal/handlers/admin_handler.go:80.43,81.20 1 1
github.com/tiagofur/solennix-backend/internal/handlers/admin_handler.go:82.46,84.27 2 0
github.com/tiagofur/solennix-backend/internal/handlers/admin_handler.go:84.27,85.57 1 0
github.com/tiagofur/solennix-backend/internal/handlers/admin_handler.go:85.57,87.5 1 0
github.com/tiagofur/solennix-backend/internal/handlers/admin_handler.go:89.3,89.18 1 0
github.com/tiagofur/solennix-backend/internal/handlers/admin_handler.go:90.47,92.27 2 0
github.com/tiagofur/solennix-backend/internal/handlers/admin_handler.go:92.27,93.58 1 0
github.com/tiagofur/solennix-backend/internal/handlers/admin_handler.go:93.58,95.5 1 0
github.com/tiagofur/solennix-backend/internal/handlers/admin_handler.go:97.3,97.18 1 0
github.com/tiagofur/solennix-backend/internal/handlers/admin_handler.go:98.59,100.27 2 1
github.com/tiagofur/solennix-backend/internal/handlers/admin_handler.go:100.27,101.58 1 1
github.com/tiagofur/solennix-backend/internal/handlers/admin_handler.go:101.58,102.13 1 1
github.com/tiagofur/solennix-backend/internal/handlers/admin_handler.go:104.4,104.71 1 1
github.com/tiagofur/solennix-backend/internal/handlers/admin_handler.go:104.71,106.5 1 1
github.com/tiagofur/solennix-backend/internal/handlers/admin_handler.go:108.3,108.18 1 1
github.com/tiagofur/solennix-backend/internal/handlers/admin_handler.go:109.10,110.54 1 0
github.com/tiagofur/solennix-backend/internal/handlers/admin_handler.go:116.72,119.16 3 1
github.com/tiagofur/solennix-backend/internal/handlers/admin_handler.go:119.16,122.3 2 1
github.com/tiagofur/solennix-backend/internal/handlers/admin_handler.go:124.2,125.16 2 1
github.com/tiagofur/solennix-backend/internal/handlers/admin_handler.go:125.16,129.3 3 1
github.com/tiagofur/solennix-backend/internal/handlers/admin_handler.go:131.2,131.35 1 1
github.com/tiagofur/solennix-backend/internal/handlers/admin_handler.go:149.76,152.16 3 1
github.com/tiagofur/solennix-backend/internal/handlers/admin_handler.go:152.16,155.3 2 1
github.com/tiagofur/solennix-backend/internal/handlers/admin_handler.go:157.2,158.44 2 1
github.com/tiagofur/solennix-backend/internal/handlers/admin_handler.go:158.44,160.3 1 1
github.com/tiagofur/solennix-backend/internal/handlers/admin_handler.go:161.2,161.20 1 1
github.com/tiagofur/solennix-backend/internal/handlers/admin_handler.go:161.20,163.3 1 1
github.com/tiagofur/solennix-backend/internal/handlers/admin_handler.go:168.2,168.72 1 1
github.com/tiagofur/solennix-backend/internal/handlers/admin_handler.go:168.72,171.3 2 1
github.com/tiagofur/solennix-backend/internal/handlers/admin_handler.go:174.2,175.16 2 1
github.com/tiagofur/solennix-backend/internal/handlers/admin_handler.go:175.16,178.3 2 1
github.com/tiagofur/solennix-backend/internal/handlers/admin_handler.go:179.2,180.16 2 1
github.com/tiagofur/solennix-backend/internal/handlers/admin_handler.go:180.16,182.3 1 1
github.com/tiagofur/solennix-backend/internal/handlers/admin_handler.go:183.2,183.20 1 1
github.com/tiagofur/solennix-backend/internal/handlers/admin_handler.go:183.20,186.3 2 1
github.com/tiagofur/solennix-backend/internal/handlers/admin_handler.go:189.2,189.44 1 1
github.com/tiagofur/solennix-backend/internal/handlers/admin_handler.go:189.44,192.3 2 1
github.com/tiagofur/solennix-backend/internal/handlers/admin_handler.go:195.2,196.50 2 1
github.com/tiagofur/solennix-backend/internal/handlers/admin_handler.go:196.50,198.17 2 1
github.com/tiagofur/solennix-backend/internal/handlers/admin_handler.go:198.17,201.4 2 1
github.com/tiagofur/solennix-backend/internal/handlers/admin_handler.go:203.3,204.24 2 1
github.com/tiagofur/solennix-backend/internal/handlers/admin_handler.go:208.2,218.89 3 1
github.com/tiagofur/solennix-backend/internal/handlers/admin_handler.go:218.89,222.3 3 1
github.com/tiagofur/solennix-backend/internal/handlers/admin_handler.go:225.2,226.16 2 1
github.com/tiagofur/solennix-backend/internal/handlers/admin_handler.go:226.16,229.3 2 1
github.com/tiagofur/solennix-backend/internal/handlers/admin_handler.go:231.2,231.38 1 1
github.com/tiagofur/solennix-backend/internal/handlers/admin_handler.go:236.74,239.16 3 1
github.com/tiagofur/solennix-backend/internal/handlers/admin_handler.go:239.16,242.3 2 0
github.com/tiagofur/solennix-backend/internal/handlers/admin_handler.go:244.2,245.44 2 1
github.com/tiagofur/solennix-backend/internal/handlers/admin_handler.go:245.44,248.3 2 0
github.com/tiagofur/solennix-backend/internal/handlers/admin_handler.go:249.2,250.18 2 1
github.com/tiagofur/solennix-backend/internal/handlers/admin_handler.go:250.18,253.3 2 1
github.com/tiagofur/solennix-backend/internal/handlers/admin_handler.go:255.2,256.80 2 1
github.com/tiagofur/solennix-backend/internal/handlers/admin_handler.go:256.80,257.10 1 1
github.com/tiagofur/solennix-backend/internal/handlers/admin_handler.go:258.56,260.10 2 0
github.com/tiagofur/solennix-backend/internal/handlers/admin_handler.go:261.62,263.10 2 0
github.com/tiagofur/solennix-backend/internal/handlers/admin_handler.go:264.60,266.10 2 1
github.com/tiagofur/solennix-backend/internal/handlers/admin_handler.go:267.11,270.10 3 0
github.com/tiagofur/solennix-backend/internal/handlers/admin_handler.go:274.2,275.16 2 1
github.com/tiagofur/solennix-backend/internal/handlers/admin_handler.go:275.16,278.3 2 0
github.com/tiagofur/solennix-backend/internal/handlers/admin_handler.go:280.2,280.38 1 1
github.com/tiagofur/solennix-backend/internal/handlers/admin_handler.go:285.75,288.16 3 1
github.com/tiagofur/solennix-backend/internal/handlers/admin_handler.go:288.16,291.3 2 0
github.com/tiagofur/solennix-backend/internal/handlers/admin_handler.go:293.2,293.81 1 1
github.com/tiagofur/solennix-backend/internal/handlers/admin_handler.go:293.81,294.10 1 1
github.com/tiagofur/solennix-backend/internal/handlers/admin_handler.go:295.56,296.56 1 0
github.com/tiagofur/solennix-backend/internal/handlers/admin_handler.go:297.58,298.78 1 0
github.com/tiagofur/solennix-backend/internal/handlers/admin_handler.go:299.68,300.79 1 1
github.com/tiagofur/solennix-backend/internal/handlers/admin_handler.go:301.62,302.65 1 0
github.com/tiagofur/solennix-backend/internal/handlers/admin_handler.go:303.11,305.74 2 0
github.com/tiagofur/solennix-backend/internal/handlers/admin_handler.go:307.3,307.9 1 1
github.com/tiagofur/solennix-backend/internal/handlers/admin_handler.go:310.2,310.88 1 1
github.com/tiagofur/solennix-backend/internal/handlers/admin_handler.go:315.81,317.16 2 1
github.com/tiagofur/solennix-backend/internal/handlers/admin_handler.go:317.16,321.3 3 1
github.com/tiagofur/solennix-backend/internal/handlers/admin_handler.go:323.2,323.39 1 1
github.com/tiagofur/solennix-backend/internal/handlers/audit_handler.go:23.58,25.2 1 1
github.com/tiagofur/solennix-backend/internal/handlers/audit_handler.go:29.76,33.19 3 1
github.com/tiagofur/solennix-backend/internal/handlers/audit_handler.go:33.19,36.3 1 1
github.com/tiagofur/solennix-backend/internal/handlers/audit_handler.go:38.2,40.16 3 1
github.com/tiagofur/solennix-backend/internal/handlers/audit_handler.go:40.16,44.3 3 1
github.com/tiagofur/solennix-backend/internal/handlers/audit_handler.go:46.2,46.59 1 1
github.com/tiagofur/solennix-backend/internal/handlers/audit_handler.go:51.80,53.19 2 1
github.com/tiagofur/solennix-backend/internal/handlers/audit_handler.go:53.19,55.3 1 1
github.com/tiagofur/solennix-backend/internal/handlers/audit_handler.go:57.2,59.16 3 1
github.com/tiagofur/solennix-backend/internal/handlers/audit_handler.go:59.16,63.3 3 1
github.com/tiagofur/solennix-backend/internal/handlers/audit_handler.go:65.2,65.59 1 1
github.com/tiagofur/solennix-backend/internal/handlers/auth_handler.go:41.39,42.55 1 1
github.com/tiagofur/solennix-backend/internal/handlers/auth_handler.go:42.55,44.46 1 1
github.com/tiagofur/solennix-backend/internal/handlers/auth_handler.go:44.46,46.4 1 1
github.com/tiagofur/solennix-backend/internal/handlers/auth_handler.go:47.3,47.32 1 1
github.com/tiagofur/solennix-backend/internal/handlers/auth_handler.go:49.2,49.21 1 1
github.com/tiagofur/solennix-backend/internal/handlers/auth_handler.go:60.37,63.2 2 1
github.com/tiagofur/solennix-backend/internal/handlers/auth_handler.go:66.49,68.2 1 1
github.com/tiagofur/solennix-backend/internal/handlers/auth_handler.go:71.58,73.2 1 1
github.com/tiagofur/solennix-backend/internal/handlers/auth_handler.go:77.54,78.23 1 1
github.com/tiagofur/solennix-backend/internal/handlers/auth_handler.go:78.23,80.3 1 1
github.com/tiagofur/solennix-backend/internal/handlers/auth_handler.go:81.2,81.25 1 1
github.com/tiagofur/solennix-backend/internal/handlers/auth_handler.go:81.25,83.3 1 1
github.com/tiagofur/solennix-backend/internal/handlers/auth_handler.go:84.2,85.30 2 1
github.com/tiagofur/solennix-backend/internal/handlers/auth_handler.go:85.30,86.10 1 1
github.com/tiagofur/solennix-backend/internal/handlers/auth_handler.go:87.28,88.19 1 1
github.com/tiagofur/solennix-backend/internal/handlers/auth_handler.go:89.28,90.19 1 1
github.com/tiagofur/solennix-backend/internal/handlers/auth_handler.go:91.28,92.19 1 1
github.com/tiagofur/solennix-backend/internal/handlers/auth_handler.go:95.2,95.41 1 1
github.com/tiagofur/solennix-backend/internal/handlers/auth_handler.go:95.41,97.3 1 1
github.com/tiagofur/solennix-backend/internal/handlers/auth_handler.go:98.2,98.12 1 1
github.com/tiagofur/solennix-backend/internal/handlers/auth_handler.go:101.89,103.2 1 1
github.com/tiagofur/solennix-backend/internal/handlers/auth_handler.go:106.40,109.2 2 1
github.com/tiagofur/solennix-backend/internal/handlers/auth_handler.go:119.155,126.2 1 1
github.com/tiagofur/solennix-backend/internal/handlers/auth_handler.go:129.72,131.2 1 1
github.com/tiagofur/solennix-backend/internal/handlers/auth_handler.go:134.74,144.2 1 1
github.com/tiagofur/solennix-backend/internal/handlers/auth_handler.go:147.101,148.31 1 1
github.com/tiagofur/solennix-backend/internal/handlers/auth_handler.go:148.31,150.3 1 1
github.com/tiagofur/solennix-backend/internal/handlers/auth_handler.go:151.2,153.16 3 1
github.com/tiagofur/solennix-backend/internal/handlers/auth_handler.go:153.16,155.3 1 1
github.com/tiagofur/solennix-backend/internal/handlers/auth_handler.go:156.2,156.106 1 1
github.com/tiagofur/solennix-backend/internal/handlers/auth_handler.go:188.50,190.40 2 1
github.com/tiagofur/solennix-backend/internal/handlers/auth_handler.go:190.40,192.3 1 0
github.com/tiagofur/solennix-backend/internal/handlers/auth_handler.go:193.2,193.53 1 1
github.com/tiagofur/solennix-backend/internal/handlers/auth_handler.go:196.78,197.27 1 1
github.com/tiagofur/solennix-backend/internal/handlers/auth_handler.go:197.27,199.3 1 1
github.com/tiagofur/solennix-backend/internal/handlers/auth_handler.go:200.2,201.12 2 1
github.com/tiagofur/solennix-backend/internal/handlers/auth_handler.go:201.12,202.109 1 1
github.com/tiagofur/solennix-backend/internal/handlers/auth_handler.go:202.109,204.4 1 1
github.com/tiagofur/solennix-backend/internal/handlers/auth_handler.go:209.72,211.44 2 1
github.com/tiagofur/solennix-backend/internal/handlers/auth_handler.go:211.44,214.3 2 1
github.com/tiagofur/solennix-backend/internal/handlers/auth_handler.go:216.2,219.61 3 1
github.com/tiagofur/solennix-backend/internal/handlers/auth_handler.go:219.61,222.3 2 1
github.com/tiagofur/solennix-backend/internal/handlers/auth_handler.go:224.2,224.64 1 1
github.com/tiagofur/solennix-backend/internal/handlers/auth_handler.go:224.64,227.3 2 1
github.com/tiagofur/solennix-backend/internal/handlers/auth_handler.go:229.2,229.25 1 1
github.com/tiagofur/solennix-backend/internal/handlers/auth_handler.go:229.25,232.3 2 1
github.com/tiagofur/solennix-backend/internal/handlers/auth_handler.go:234.2,234.63 1 1
github.com/tiagofur/solennix-backend/internal/handlers/auth_handler.go:234.63,237.3 2 1
github.com/tiagofur/solennix-backend/internal/handlers/auth_handler.go:243.2,244.21 2 1
github.com/tiagofur/solennix-backend/internal/handlers/auth_handler.go:244.21,248.3 3 1
github.com/tiagofur/solennix-backend/internal/handlers/auth_handler.go:251.2,252.16 2 1
github.com/tiagofur/solennix-backend/internal/handlers/auth_handler.go:252.16,256.3 3 1
github.com/tiagofur/solennix-backend/internal/handlers/auth_handler.go:259.2,266.61 2 1
github.com/tiagofur/solennix-backend/internal/handlers/auth_handler.go:266.61,270.3 3 1
github.com/tiagofur/solennix-backend/internal/handlers/auth_handler.go:272.2,273.16 2 1
github.com/tiagofur/solennix-backend/internal/handlers/auth_handler.go:273.16,277.3 3 0
github.com/tiagofur/solennix-backend/internal/handlers/auth_handler.go:279.2,286.16 2 1
github.com/tiagofur/solennix-backend/internal/handlers/auth_handler.go:286.16,290.3 3 0
github.com/tiagofur/solennix-backend/internal/handlers/auth_handler.go:291.2,299.4 3 1
github.com/tiagofur/solennix-backend/internal/handlers/auth_handler.go:303.69,305.44 2 1
github.com/tiagofur/solennix-backend/internal/handlers/auth_handler.go:305.44,308.3 2 1
github.com/tiagofur/solennix-backend/internal/handlers/auth_handler.go:310.2,312.43 2 1
github.com/tiagofur/solennix-backend/internal/handlers/auth_handler.go:312.43,315.3 2 1
github.com/tiagofur/solennix-backend/internal/handlers/auth_handler.go:318.2,319.31 2 1
github.com/tiagofur/solennix-backend/internal/handlers/auth_handler.go:319.31,326.3 4 1
github.com/tiagofur/solennix-backend/internal/handlers/auth_handler.go:329.2,329.67 1 1
github.com/tiagofur/solennix-backend/internal/handlers/auth_handler.go:329.67,333.3 3 1
github.com/tiagofur/solennix-backend/internal/handlers/auth_handler.go:335.2,336.25 2 1
github.com/tiagofur/solennix-backend/internal/handlers/auth_handler.go:336.25,338.3 1 1
github.com/tiagofur/solennix-backend/internal/handlers/auth_handler.go:339.2,339.54 1 1
github.com/tiagofur/solennix-backend/internal/handlers/auth_handler.go:339.54,343.3 3 1
github.com/tiagofur/solennix-backend/internal/handlers/auth_handler.go:344.2,344.54 1 1
github.com/tiagofur/solennix-backend/internal/handlers/auth_handler.go:344.54,348.3 3 1
github.com/tiagofur/solennix-backend/internal/handlers/auth_handler.go:350.2,350.33 1 1
github.com/tiagofur/solennix-backend/internal/handlers/auth_handler.go:350.33,354.3 3 1
github.com/tiagofur/solennix-backend/internal/handlers/auth_handler.go:357.2,358.16 2 1
github.com/tiagofur/solennix-backend/internal/handlers/auth_handler.go:358.16,362.3 3 0
github.com/tiagofur/solennix-backend/internal/handlers/auth_handler.go:365.2,375.4 4 1
github.com/tiagofur/solennix-backend/internal/handlers/auth_handler.go:379.75,381.17 2 1
github.com/tiagofur/solennix-backend/internal/handlers/auth_handler.go:381.17,384.3 2 1
github.com/tiagofur/solennix-backend/internal/handlers/auth_handler.go:386.2,387.31 2 1
github.com/tiagofur/solennix-backend/internal/handlers/auth_handler.go:387.31,390.3 2 1
github.com/tiagofur/solennix-backend/internal/handlers/auth_handler.go:392.2,392.27 1 1
github.com/tiagofur/solennix-backend/internal/handlers/auth_handler.go:392.27,394.13 2 1
github.com/tiagofur/solennix-backend/internal/handlers/auth_handler.go:394.13,395.93 1 1
github.com/tiagofur/solennix-backend/internal/handlers/auth_handler.go:395.93,397.5 1 1
github.com/tiagofur/solennix-backend/internal/handlers/auth_handler.go:401.2,404.4 2 1
github.com/tiagofur/solennix-backend/internal/handlers/auth_handler.go:408.87,410.44 2 1
github.com/tiagofur/solennix-backend/internal/handlers/auth_handler.go:410.44,413.3 2 1
github.com/tiagofur/solennix-backend/internal/handlers/auth_handler.go:415.2,416.64 2 1
github.com/tiagofur/solennix-backend/internal/handlers/auth_handler.go:416.64,419.3 2 1
github.com/tiagofur/solennix-backend/internal/handlers/auth_handler.go:421.2,422.31 2 1
github.com/tiagofur/solennix-backend/internal/handlers/auth_handler.go:422.31,423.34 1 1
github.com/tiagofur/solennix-backend/internal/handlers/auth_handler.go:423.34,428.4 2 1
github.com/tiagofur/solennix-backend/internal/handlers/auth_handler.go:430.3,430.115 1 1
github.com/tiagofur/solennix-backend/internal/handlers/auth_handler.go:430.115,433.4 2 1
github.com/tiagofur/solennix-backend/internal/handlers/auth_handler.go:435.3,436.17 2 1
github.com/tiagofur/solennix-backend/internal/handlers/auth_handler.go:436.17,439.18 3 1
github.com/tiagofur/solennix-backend/internal/handlers/auth_handler.go:439.18,441.5 1 0
github.com/tiagofur/solennix-backend/internal/handlers/auth_handler.go:443.3,443.17 1 1
github.com/tiagofur/solennix-backend/internal/handlers/auth_handler.go:443.17,447.4 3 1
github.com/tiagofur/solennix-backend/internal/handlers/auth_handler.go:450.2,452.4 1 1
github.com/tiagofur/solennix-backend/internal/handlers/auth_handler.go:456.66,460.16 3 1
github.com/tiagofur/solennix-backend/internal/handlers/auth_handler.go:460.16,463.3 2 1
github.com/tiagofur/solennix-backend/internal/handlers/auth_handler.go:465.2,466.25 2 1
github.com/tiagofur/solennix-backend/internal/handlers/auth_handler.go:466.25,468.3 1 1
github.com/tiagofur/solennix-backend/internal/handlers/auth_handler.go:469.2,469.54 1 1
github.com/tiagofur/solennix-backend/internal/handlers/auth_handler.go:469.54,472.3 2 1
github.com/tiagofur/solennix-backend/internal/handlers/auth_handler.go:473.2,473.54 1 1
github.com/tiagofur/solennix-backend/internal/handlers/auth_handler.go:473.54,476.3 2 1
github.com/tiagofur/solennix-backend/internal/handlers/auth_handler.go:478.2,478.35 1 1
github.com/tiagofur/solennix-backend/internal/handlers/auth_handler.go:482.76,486.44 2 1
github.com/tiagofur/solennix-backend/internal/handlers/auth_handler.go:486.44,489.3 2 1
github.com/tiagofur/solennix-backend/internal/handlers/auth_handler.go:491.2,492.16 2 1
github.com/tiagofur/solennix-backend/internal/handlers/auth_handler.go:492.16,496.3 3 1
github.com/tiagofur/solennix-backend/internal/handlers/auth_handler.go:499.2,500.31 2 1
github.com/tiagofur/solennix-backend/internal/handlers/auth_handler.go:500.31,504.3 3 1
github.com/tiagofur/solennix-backend/internal/handlers/auth_handler.go:506.2,507.25 2 1
github.com/tiagofur/solennix-backend/internal/handlers/auth_handler.go:507.25,509.3 1 1
github.com/tiagofur/solennix-backend/internal/handlers/auth_handler.go:510.2,510.54 1 1
github.com/tiagofur/solennix-backend/internal/handlers/auth_handler.go:510.54,514.3 3 1
github.com/tiagofur/solennix-backend/internal/handlers/auth_handler.go:515.2,515.54 1 1
github.com/tiagofur/solennix-backend/internal/handlers/auth_handler.go:515.54,519.3 3 1
github.com/tiagofur/solennix-backend/internal/handlers/auth_handler.go:522.2,522.31 1 1
github.com/tiagofur/solennix-backend/internal/handlers/auth_handler.go:522.31,525.24 3 1
github.com/tiagofur/solennix-backend/internal/handlers/auth_handler.go:525.24,526.62 1 1
github.com/tiagofur/solennix-backend/internal/handlers/auth_handler.go:526.62,530.5 2 1
github.com/tiagofur/solennix-backend/internal/handlers/auth_handler.go:531.4,532.10 2 1
github.com/tiagofur/solennix-backend/internal/handlers/auth_handler.go:536.3,537.17 2 1
github.com/tiagofur/solennix-backend/internal/handlers/auth_handler.go:537.17,541.4 3 0
github.com/tiagofur/solennix-backend/internal/handlers/auth_handler.go:544.3,546.117 3 1
github.com/tiagofur/solennix-backend/internal/handlers/auth_handler.go:546.117,550.4 3 1
github.com/tiagofur/solennix-backend/internal/handlers/auth_handler.go:552.3,555.9 4 1
github.com/tiagofur/solennix-backend/internal/handlers/auth_handler.go:559.2,560.16 2 1
github.com/tiagofur/solennix-backend/internal/handlers/auth_handler.go:560.16,564.3 3 0
github.com/tiagofur/solennix-backend/internal/handlers/auth_handler.go:566.2,568.37 3 1
github.com/tiagofur/solennix-backend/internal/handlers/auth_handler.go:572.70,575.55 2 1
github.com/tiagofur/solennix-backend/internal/handlers/auth_handler.go:575.55,577.3 1 0
github.com/tiagofur/solennix-backend/internal/handlers/auth_handler.go:578.2,578.17 1 1
github.com/tiagofur/solennix-backend/internal/handlers/auth_handler.go:578.17,580.23 2 1
github.com/tiagofur/solennix-backend/internal/handlers/auth_handler.go:580.23,582.64 2 1
github.com/tiagofur/solennix-backend/internal/handlers/auth_handler.go:582.64,584.5 1 1
github.com/tiagofur/solennix-backend/internal/handlers/auth_handler.go:587.2,588.17 2 1
github.com/tiagofur/solennix-backend/internal/handlers/auth_handler.go:588.17,591.17 2 1
github.com/tiagofur/solennix-backend/internal/handlers/auth_handler.go:591.17,595.31 4 1
github.com/tiagofur/solennix-backend/internal/handlers/auth_handler.go:595.31,597.5 1 1
github.com/tiagofur/solennix-backend/internal/handlers/auth_handler.go:598.4,601.33 2 1
github.com/tiagofur/solennix-backend/internal/handlers/auth_handler.go:601.33,603.5 1 1
github.com/tiagofur/solennix-backend/internal/handlers/auth_handler.go:608.2,618.25 2 1
github.com/tiagofur/solennix-backend/internal/handlers/auth_handler.go:618.25,620.3 1 1
github.com/tiagofur/solennix-backend/internal/handlers/auth_handler.go:620.8,622.3 1 1
github.com/tiagofur/solennix-backend/internal/handlers/auth_handler.go:624.2,626.4 1 1
github.com/tiagofur/solennix-backend/internal/handlers/auth_handler.go:630.78,632.44 2 1
github.com/tiagofur/solennix-backend/internal/handlers/auth_handler.go:632.44,635.3 2 1
github.com/tiagofur/solennix-backend/internal/handlers/auth_handler.go:637.2,641.31 3 1
github.com/tiagofur/solennix-backend/internal/handlers/auth_handler.go:641.31,644.17 2 1
github.com/tiagofur/solennix-backend/internal/handlers/auth_handler.go:644.17,650.4 3 0
github.com/tiagofur/solennix-backend/internal/handlers/auth_handler.go:653.3,655.54 3 1
github.com/tiagofur/solennix-backend/internal/handlers/auth_handler.go:655.54,657.22 2 1
github.com/tiagofur/solennix-backend/internal/handlers/auth_handler.go:657.22,659.10 2 0
github.com/tiagofur/solennix-backend/internal/handlers/auth_handler.go:661.4,662.28 2 1
github.com/tiagofur/solennix-backend/internal/handlers/auth_handler.go:662.28,664.5 1 1
github.com/tiagofur/solennix-backend/internal/handlers/auth_handler.go:666.3,666.21 1 1
github.com/tiagofur/solennix-backend/internal/handlers/auth_handler.go:666.21,668.4 1 1
github.com/tiagofur/solennix-backend/internal/handlers/auth_handler.go:671.2,673.4 1 1
github.com/tiagofur/solennix-backend/internal/handlers/auth_handler.go:678.80,680.44 2 1
github.com/tiagofur/solennix-backend/internal/handlers/auth_handler.go:680.44,683.3 2 1
github.com/tiagofur/solennix-backend/internal/handlers/auth_handler.go:685.2,685.81 1 1
github.com/tiagofur/solennix-backend/internal/handlers/auth_handler.go:685.81,688.3 2 1
github.com/tiagofur/solennix-backend/internal/handlers/auth_handler.go:690.2,690.63 1 1
github.com/tiagofur/solennix-backend/internal/handlers/auth_handler.go:690.63,693.3 2 1
github.com/tiagofur/solennix-backend/internal/handlers/auth_handler.go:695.2,696.16 2 1
github.com/tiagofur/solennix-backend/internal/handlers/auth_handler.go:696.16,700.3 3 0
github.com/tiagofur/solennix-backend/internal/handlers/auth_handler.go:702.2,706.16 4 1
github.com/tiagofur/solennix-backend/internal/handlers/auth_handler.go:706.16,707.10 1 1
github.com/tiagofur/solennix-backend/internal/handlers/auth_handler.go:708.58,710.10 2 1
github.com/tiagofur/solennix-backend/internal/handlers/auth_handler.go:711.60,713.10 2 1
github.com/tiagofur/solennix-backend/internal/handlers/auth_handler.go:714.57,716.10 2 1
github.com/tiagofur/solennix-backend/internal/handlers/auth_handler.go:717.60,719.10 2 1
github.com/tiagofur/solennix-backend/internal/handlers/auth_handler.go:720.60,722.10 2 1
github.com/tiagofur/solennix-backend/internal/handlers/auth_handler.go:723.11,726.10 3 1
github.com/tiagofur/solennix-backend/internal/handlers/auth_handler.go:730.2,731.16 2 1
github.com/tiagofur/solennix-backend/internal/handlers/auth_handler.go:731.16,735.3 3 0
github.com/tiagofur/solennix-backend/internal/handlers/auth_handler.go:737.2,745.4 4 1
github.com/tiagofur/solennix-backend/internal/handlers/auth_handler.go:754.77,756.44 2 1
github.com/tiagofur/solennix-backend/internal/handlers/auth_handler.go:756.44,759.3 2 1
github.com/tiagofur/solennix-backend/internal/handlers/auth_handler.go:762.2,762.46 1 1
github.com/tiagofur/solennix-backend/internal/handlers/auth_handler.go:762.46,765.3 2 1
github.com/tiagofur/solennix-backend/internal/handlers/auth_handler.go:767.2,767.66 1 1
github.com/tiagofur/solennix-backend/internal/handlers/auth_handler.go:767.66,770.3 2 1
github.com/tiagofur/solennix-backend/internal/handlers/auth_handler.go:773.2,773.40 1 1
github.com/tiagofur/solennix-backend/internal/handlers/auth_handler.go:773.40,776.3 2 0
github.com/tiagofur/solennix-backend/internal/handlers/auth_handler.go:779.2,780.16 2 1
github.com/tiagofur/solennix-backend/internal/handlers/auth_handler.go:780.16,783.3 2 1
github.com/tiagofur/solennix-backend/internal/handlers/auth_handler.go:786.2,787.31 2 1
github.com/tiagofur/solennix-backend/internal/handlers/auth_handler.go:787.31,791.3 3 1
github.com/tiagofur/solennix-backend/internal/handlers/auth_handler.go:794.2,795.16 2 1
github.com/tiagofur/solennix-backend/internal/handlers/auth_handler.go:795.16,799.3 3 1
github.com/tiagofur/solennix-backend/internal/handlers/auth_handler.go:802.2,802.78 1 1
github.com/tiagofur/solennix-backend/internal/handlers/auth_handler.go:802.78,806.3 3 1
github.com/tiagofur/solennix-backend/internal/handlers/auth_handler.go:809.2,812.31 2 1
github.com/tiagofur/solennix-backend/internal/handlers/auth_handler.go:812.31,814.3 1 0
github.com/tiagofur/solennix-backend/internal/handlers/auth_handler.go:816.2,820.4 2 1
github.com/tiagofur/solennix-backend/internal/handlers/auth_handler.go:824.78,831.44 3 1
github.com/tiagofur/solennix-backend/internal/handlers/auth_handler.go:831.44,834.3 2 1
github.com/tiagofur/solennix-backend/internal/handlers/auth_handler.go:836.2,836.56 1 1
github.com/tiagofur/solennix-backend/internal/handlers/auth_handler.go:836.56,839.3 2 1
github.com/tiagofur/solennix-backend/internal/handlers/auth_handler.go:841.2,841.66 1 1
github.com/tiagofur/solennix-backend/internal/handlers/auth_handler.go:841.66,844.3 2 1
github.com/tiagofur/solennix-backend/internal/handlers/auth_handler.go:847.2,848.31 2 1
github.com/tiagofur/solennix-backend/internal/handlers/auth_handler.go:848.31,852.3 3 1
github.com/tiagofur/solennix-backend/internal/handlers/auth_handler.go:855.2,855.74 1 1
github.com/tiagofur/solennix-backend/internal/handlers/auth_handler.go:855.74,859.3 3 1
github.com/tiagofur/solennix-backend/internal/handlers/auth_handler.go:862.2,863.16 2 1
github.com/tiagofur/solennix-backend/internal/handlers/auth_handler.go:863.16,867.3 3 0
github.com/tiagofur/solennix-backend/internal/handlers/auth_handler.go:870.2,870.77 1 1
github.com/tiagofur/solennix-backend/internal/handlers/auth_handler.go:870.77,874.3 3 1
github.com/tiagofur/solennix-backend/internal/handlers/auth_handler.go:877.2,877.31 1 1
github.com/tiagofur/solennix-backend/internal/handlers/auth_handler.go:877.31,879.3 1 0
github.com/tiagofur/solennix-backend/internal/handlers/auth_handler.go:881.2,884.4 2 1
github.com/tiagofur/solennix-backend/internal/handlers/auth_handler.go:888.77,913.44 3 1
github.com/tiagofur/solennix-backend/internal/handlers/auth_handler.go:913.44,916.3 2 1
github.com/tiagofur/solennix-backend/internal/handlers/auth_handler.go:918.2,918.33 1 1
github.com/tiagofur/solennix-backend/internal/handlers/auth_handler.go:918.33,919.73 1 1
github.com/tiagofur/solennix-backend/internal/handlers/auth_handler.go:919.73,920.54 1 1
github.com/tiagofur/solennix-backend/internal/handlers/auth_handler.go:920.54,923.5 2 1
github.com/tiagofur/solennix-backend/internal/handlers/auth_handler.go:924.4,925.10 2 0
github.com/tiagofur/solennix-backend/internal/handlers/auth_handler.go:928.3,929.32 2 1
github.com/tiagofur/solennix-backend/internal/handlers/auth_handler.go:929.32,933.4 3 0
github.com/tiagofur/solennix-backend/internal/handlers/auth_handler.go:934.3,934.74 1 1
github.com/tiagofur/solennix-backend/internal/handlers/auth_handler.go:934.74,937.4 2 1
github.com/tiagofur/solennix-backend/internal/handlers/auth_handler.go:940.2,947.16 2 1
github.com/tiagofur/solennix-backend/internal/handlers/auth_handler.go:947.16,951.3 3 1
github.com/tiagofur/solennix-backend/internal/handlers/auth_handler.go:953.2,953.35 1 1
github.com/tiagofur/solennix-backend/internal/handlers/auth_handler.go:958.76,963.44 2 1
github.com/tiagofur/solennix-backend/internal/handlers/auth_handler.go:963.44,966.3 2 1
github.com/tiagofur/solennix-backend/internal/handlers/auth_handler.go:968.2,968.23 1 1
github.com/tiagofur/solennix-backend/internal/handlers/auth_handler.go:968.23,971.3 2 1
github.com/tiagofur/solennix-backend/internal/handlers/auth_handler.go:974.2,975.16 2 1
github.com/tiagofur/solennix-backend/internal/handlers/auth_handler.go:975.16,979.3 3 1
github.com/tiagofur/solennix-backend/internal/handlers/auth_handler.go:981.2,984.48 4 0
github.com/tiagofur/solennix-backend/internal/handlers/auth_handler.go:984.48,986.3 1 0
github.com/tiagofur/solennix-backend/internal/handlers/auth_handler.go:987.2,987.16 1 0
github.com/tiagofur/solennix-backend/internal/handlers/auth_handler.go:987.16,989.3 1 0
github.com/tiagofur/solennix-backend/internal/handlers/auth_handler.go:992.2,993.31 2 0
github.com/tiagofur/solennix-backend/internal/handlers/auth_handler.go:993.31,996.17 2 0
github.com/tiagofur/solennix-backend/internal/handlers/auth_handler.go:996.17,1000.4 3 0
github.com/tiagofur/solennix-backend/internal/handlers/auth_handler.go:1001.3,1008.9 5 0
github.com/tiagofur/solennix-backend/internal/handlers/auth_handler.go:1012.2,1013.31 2 0
github.com/tiagofur/solennix-backend/internal/handlers/auth_handler.go:1013.31,1015.69 1 0
github.com/tiagofur/solennix-backend/internal/handlers/auth_handler.go:1015.69,1018.18 2 0
github.com/tiagofur/solennix-backend/internal/handlers/auth_handler.go:1018.18,1022.5 3 0
github.com/tiagofur/solennix-backend/internal/handlers/auth_handler.go:1023.4,1030.10 5 0
github.com/tiagofur/solennix-backend/internal/handlers/auth_handler.go:1033.3,1033.90 1 0
github.com/tiagofur/solennix-backend/internal/handlers/auth_handler.go:1033.90,1037.4 3 0
github.com/tiagofur/solennix-backend/internal/handlers/auth_handler.go:1038.3,1039.17 2 0
github.com/tiagofur/solennix-backend/internal/handlers/auth_handler.go:1039.17,1043.4 3 0
github.com/tiagofur/solennix-backend/internal/handlers/auth_handler.go:1044.3,1051.9 5 0
github.com/tiagofur/solennix-backend/internal/handlers/auth_handler.go:1055.2,1061.73 2 0
github.com/tiagofur/solennix-backend/internal/handlers/auth_handler.go:1061.73,1063.29 1 0
github.com/tiagofur/solennix-backend/internal/handlers/auth_handler.go:1063.29,1066.47 3 0
github.com/tiagofur/solennix-backend/internal/handlers/auth_handler.go:1066.47,1070.5 3 0
github.com/tiagofur/solennix-backend/internal/handlers/auth_handler.go:1072.4,1072.86 1 0
github.com/tiagofur/solennix-backend/internal/handlers/auth_handler.go:1072.86,1074.24 2 0
github.com/tiagofur/solennix-backend/internal/handlers/auth_handler.go:1074.24,1078.6 3 0
github.com/tiagofur/solennix-backend/internal/handlers/auth_handler.go:1079.5,1085.11 4 0
github.com/tiagofur/solennix-backend/internal/handlers/auth_handler.go:1088.4,1088.107 1 0
github.com/tiagofur/solennix-backend/internal/handlers/auth_handler.go:1088.107,1092.5 3 0
github.com/tiagofur/solennix-backend/internal/handlers/auth_handler.go:1093.4,1094.23 2 0
github.com/tiagofur/solennix-backend/internal/handlers/auth_handler.go:1094.23,1098.5 3 0
github.com/tiagofur/solennix-backend/internal/handlers/auth_handler.go:1099.4,1106.10 5 0
github.com/tiagofur/solennix-backend/internal/handlers/auth_handler.go:1108.3,1110.9 3 0
github.com/tiagofur/solennix-backend/internal/handlers/auth_handler.go:1113.2,1114.16 2 0
github.com/tiagofur/solennix-backend/internal/handlers/auth_handler.go:1114.16,1118.3 3 0
github.com/tiagofur/solennix-backend/internal/handlers/auth_handler.go:1120.2,1127.4 4 0
github.com/tiagofur/solennix-backend/internal/handlers/auth_handler.go:1159.51,1161.85 2 1
github.com/tiagofur/solennix-backend/internal/handlers/auth_handler.go:1161.85,1165.3 3 0
github.com/tiagofur/solennix-backend/internal/handlers/auth_handler.go:1166.2,1172.85 4 1
github.com/tiagofur/solennix-backend/internal/handlers/auth_handler.go:1172.85,1174.3 1 0
github.com/tiagofur/solennix-backend/internal/handlers/auth_handler.go:1176.2,1178.16 3 1
github.com/tiagofur/solennix-backend/internal/handlers/auth_handler.go:1178.16,1179.31 1 0
github.com/tiagofur/solennix-backend/internal/handlers/auth_handler.go:1179.31,1182.4 2 0
github.com/tiagofur/solennix-backend/internal/handlers/auth_handler.go:1183.3,1183.94 1 0
github.com/tiagofur/solennix-backend/internal/handlers/auth_handler.go:1185.2,1187.38 2 1
github.com/tiagofur/solennix-backend/internal/handlers/auth_handler.go:1187.38,1188.31 1 0
github.com/tiagofur/solennix-backend/internal/handlers/auth_handler.go:1188.31,1191.4 2 0
github.com/tiagofur/solennix-backend/internal/handlers/auth_handler.go:1192.3,1192.114 1 0
github.com/tiagofur/solennix-backend/internal/handlers/auth_handler.go:1195.2,1196.65 2 1
github.com/tiagofur/solennix-backend/internal/handlers/auth_handler.go:1196.65,1197.31 1 0
github.com/tiagofur/solennix-backend/internal/handlers/auth_handler.go:1197.31,1200.4 2 0
github.com/tiagofur/solennix-backend/internal/handlers/auth_handler.go:1201.3,1201.95 1 0
github.com/tiagofur/solennix-backend/internal/handlers/auth_handler.go:1204.2,1206.23 3 1
github.com/tiagofur/solennix-backend/internal/handlers/auth_handler.go:1210.69,1212.16 2 0
github.com/tiagofur/solennix-backend/internal/handlers/auth_handler.go:1212.16,1214.3 1 0
github.com/tiagofur/solennix-backend/internal/handlers/auth_handler.go:1216.2,1217.16 2 0
github.com/tiagofur/solennix-backend/internal/handlers/auth_handler.go:1217.16,1219.3 1 0
github.com/tiagofur/solennix-backend/internal/handlers/auth_handler.go:1221.2,1223.27 3 0
github.com/tiagofur/solennix-backend/internal/handlers/auth_handler.go:1223.27,1225.3 1 0
github.com/tiagofur/solennix-backend/internal/handlers/auth_handler.go:1227.2,1227.40 1 0
github.com/tiagofur/solennix-backend/internal/handlers/auth_handler.go:1233.120,1236.16 2 1
github.com/tiagofur/solennix-backend/internal/handlers/auth_handler.go:1236.16,1238.3 1 0
github.com/tiagofur/solennix-backend/internal/handlers/auth_handler.go:1241.2,1246.32 2 1
github.com/tiagofur/solennix-backend/internal/handlers/auth_handler.go:1246.32,1249.3 2 0
github.com/tiagofur/solennix-backend/internal/handlers/auth_handler.go:1251.2,1260.107 3 1
github.com/tiagofur/solennix-backend/internal/handlers/auth_handler.go:1260.107,1262.10 2 0
github.com/tiagofur/solennix-backend/internal/handlers/auth_handler.go:1262.10,1264.4 1 0
github.com/tiagofur/solennix-backend/internal/handlers/auth_handler.go:1266.3,1266.28 1 0
github.com/tiagofur/solennix-backend/internal/handlers/auth_handler.go:1266.28,1267.22 1 0
github.com/tiagofur/solennix-backend/internal/handlers/auth_handler.go:1267.22,1269.5 1 0
github.com/tiagofur/solennix-backend/internal/handlers/auth_handler.go:1271.3,1271.67 1 0
github.com/tiagofur/solennix-backend/internal/handlers/auth_handler.go:1274.2,1274.16 1 1
github.com/tiagofur/solennix-backend/internal/handlers/auth_handler.go:1274.16,1276.3 1 1
github.com/tiagofur/solennix-backend/internal/handlers/auth_handler.go:1278.2,1278.18 1 0
github.com/tiagofur/solennix-backend/internal/handlers/auth_handler.go:1278.18,1280.3 1 0
github.com/tiagofur/solennix-backend/internal/handlers/auth_handler.go:1283.2,1284.74 2 0
github.com/tiagofur/solennix-backend/internal/handlers/auth_handler.go:1284.74,1286.3 1 0
github.com/tiagofur/solennix-backend/internal/handlers/auth_handler.go:1289.2,1289.33 1 0
github.com/tiagofur/solennix-backend/internal/handlers/auth_handler.go:1289.33,1291.3 1 0
github.com/tiagofur/solennix-backend/internal/handlers/auth_handler.go:1294.2,1294.31 1 0
github.com/tiagofur/solennix-backend/internal/handlers/auth_handler.go:1294.31,1297.32 3 0
github.com/tiagofur/solennix-backend/internal/handlers/auth_handler.go:1297.32,1298.45 1 0
github.com/tiagofur/solennix-backend/internal/handlers/auth_handler.go:1298.45,1299.28 1 0
github.com/tiagofur/solennix-backend/internal/handlers/auth_handler.go:1299.28,1301.11 2 0
github.com/tiagofur/solennix-backend/internal/handlers/auth_handler.go:1304.4,1304.16 1 0
github.com/tiagofur/solennix-backend/internal/handlers/auth_handler.go:1304.16,1305.10 1 0
github.com/tiagofur/solennix-backend/internal/handlers/auth_handler.go:1308.3,1308.16 1 0
github.com/tiagofur/solennix-backend/internal/handlers/auth_handler.go:1308.16,1310.4 1 0
github.com/tiagofur/solennix-backend/internal/handlers/auth_handler.go:1314.2,1315.42 2 0
github.com/tiagofur/solennix-backend/internal/handlers/auth_handler.go:1315.42,1317.3 1 0
github.com/tiagofur/solennix-backend/internal/handlers/auth_handler.go:1319.2,1323.8 1 0
github.com/tiagofur/solennix-backend/internal/handlers/auth_handler.go:1328.75,1335.44 2 1
github.com/tiagofur/solennix-backend/internal/handlers/auth_handler.go:1335.44,1338.3 2 1
github.com/tiagofur/solennix-backend/internal/handlers/auth_handler.go:1340.2,1340.29 1 1
github.com/tiagofur/solennix-backend/internal/handlers/auth_handler.go:1340.29,1343.3 2 1
github.com/tiagofur/solennix-backend/internal/handlers/auth_handler.go:1346.2,1347.16 2 1
github.com/tiagofur/solennix-backend/internal/handlers/auth_handler.go:1347.16,1351.3 3 1
github.com/tiagofur/solennix-backend/internal/handlers/auth_handler.go:1353.2,1355.37 3 0
github.com/tiagofur/solennix-backend/internal/handlers/auth_handler.go:1355.37,1357.3 1 0
github.com/tiagofur/solennix-backend/internal/handlers/auth_handler.go:1359.2,1360.48 2 0
github.com/tiagofur/solennix-backend/internal/handlers/auth_handler.go:1360.48,1362.3 1 0
github.com/tiagofur/solennix-backend/internal/handlers/auth_handler.go:1363.2,1363.31 1 0
github.com/tiagofur/solennix-backend/internal/handlers/auth_handler.go:1363.31,1365.3 1 0
github.com/tiagofur/solennix-backend/internal/handlers/auth_handler.go:1366.2,1366.16 1 0
github.com/tiagofur/solennix-backend/internal/handlers/auth_handler.go:1366.16,1368.3 1 0
github.com/tiagofur/solennix-backend/internal/handlers/auth_handler.go:1371.2,1371.40 1 0
github.com/tiagofur/solennix-backend/internal/handlers/auth_handler.go:1371.40,1373.3 1 0
github.com/tiagofur/solennix-backend/internal/handlers/auth_handler.go:1376.2,1377.31 2 0
github.com/tiagofur/solennix-backend/internal/handlers/auth_handler.go:1377.31,1380.17 2 0
github.com/tiagofur/solennix-backend/internal/handlers/auth_handler.go:1380.17,1384.4 3 0
github.com/tiagofur/solennix-backend/internal/handlers/auth_handler.go:1385.3,1393.9 5 0
github.com/tiagofur/solennix-backend/internal/handlers/auth_handler.go:1397.2,1397.17 1 0
github.com/tiagofur/solennix-backend/internal/handlers/auth_handler.go:1397.17,1399.32 2 0
github.com/tiagofur/solennix-backend/internal/handlers/auth_handler.go:1399.32,1401.67 1 0
github.com/tiagofur/solennix-backend/internal/handlers/auth_handler.go:1401.67,1404.19 2 0
github.com/tiagofur/solennix-backend/internal/handlers/auth_handler.go:1404.19,1408.6 3 0
github.com/tiagofur/solennix-backend/internal/handlers/auth_handler.go:1409.5,1417.11 5 0
github.com/tiagofur/solennix-backend/internal/handlers/auth_handler.go:1420.4,1420.89 1 0
github.com/tiagofur/solennix-backend/internal/handlers/auth_handler.go:1420.89,1424.5 3 0
github.com/tiagofur/solennix-backend/internal/handlers/auth_handler.go:1425.4,1426.18 2 0
github.com/tiagofur/solennix-backend/internal/handlers/auth_handler.go:1426.18,1430.5 3 0
github.com/tiagofur/solennix-backend/internal/handlers/auth_handler.go:1431.4,1439.10 5 0
github.com/tiagofur/solennix-backend/internal/handlers/auth_handler.go:1444.2,1444.17 1 0
github.com/tiagofur/solennix-backend/internal/handlers/auth_handler.go:1444.17,1447.3 2 0
github.com/tiagofur/solennix-backend/internal/handlers/auth_handler.go:1449.2,1456.73 2 0
github.com/tiagofur/solennix-backend/internal/handlers/auth_handler.go:1456.73,1460.3 3 0
github.com/tiagofur/solennix-backend/internal/handlers/auth_handler.go:1462.2,1463.16 2 0
github.com/tiagofur/solennix-backend/internal/handlers/auth_handler.go:1463.16,1467.3 3 0
github.com/tiagofur/solennix-backend/internal/handlers/auth_handler.go:1468.2,1476.4 4 0
github.com/tiagofur/solennix-backend/internal/handlers/auth_handler.go:1481.73,1482.87 1 0
github.com/tiagofur/solennix-backend/internal/handlers/auth_handler.go:1482.87,1486.3 3 0
github.com/tiagofur/solennix-backend/internal/handlers/auth_handler.go:1488.2,1489.42 2 0
github.com/tiagofur/solennix-backend/internal/handlers/auth_handler.go:1489.42,1490.36 1 0
github.com/tiagofur/solennix-backend/internal/handlers/auth_handler.go:1490.36,1492.9 2 0
github.com/tiagofur/solennix-backend/internal/handlers/auth_handler.go:1495.2,1495.53 1 0
github.com/tiagofur/solennix-backend/internal/handlers/auth_handler.go:1495.53,1497.3 1 0
github.com/tiagofur/solennix-backend/internal/handlers/auth_handler.go:1499.2,1499.20 1 0
github.com/tiagofur/solennix-backend/internal/handlers/auth_handler.go:1499.20,1503.3 3 0
github.com/tiagofur/solennix-backend/internal/handlers/auth_handler.go:1505.2,1513.48 8 0
github.com/tiagofur/solennix-backend/internal/handlers/auth_handler.go:1517.77,1518.38 1 0
github.com/tiagofur/solennix-backend/internal/handlers/auth_handler.go:1518.38,1521.3 2 0
github.com/tiagofur/solennix-backend/internal/handlers/auth_handler.go:1523.2,1524.16 2 0
github.com/tiagofur/solennix-backend/internal/handlers/auth_handler.go:1524.16,1527.3 2 0
github.com/tiagofur/solennix-backend/internal/handlers/auth_handler.go:1529.2,1537.20 3 0
github.com/tiagofur/solennix-backend/internal/handlers/auth_handler.go:1537.20,1539.3 1 0
github.com/tiagofur/solennix-backend/internal/handlers/auth_handler.go:1541.2,1542.42 2 0
github.com/tiagofur/solennix-backend/internal/handlers/auth_handler.go:1542.42,1543.36 1 0
github.com/tiagofur/solennix-backend/internal/handlers/auth_handler.go:1543.36,1545.9 2 0
github.com/tiagofur/solennix-backend/internal/handlers/auth_handler.go:1548.2,1548.53 1 0
github.com/tiagofur/solennix-backend/internal/handlers/auth_handler.go:1548.53,1550.3 1 0
github.com/tiagofur/solennix-backend/internal/handlers/auth_handler.go:1552.2,1553.16 2 0
github.com/tiagofur/solennix-backend/internal/handlers/auth_handler.go:1553.16,1557.3 3 0
github.com/tiagofur/solennix-backend/internal/handlers/auth_handler.go:1559.2,1568.16 9 0
github.com/tiagofur/solennix-backend/internal/handlers/auth_handler.go:1568.16,1572.3 3 0
github.com/tiagofur/solennix-backend/internal/handlers/auth_handler.go:1573.2,1579.70 3 0
github.com/tiagofur/solennix-backend/internal/handlers/auth_handler.go:1579.70,1582.3 2 0
github.com/tiagofur/solennix-backend/internal/handlers/auth_handler.go:1584.2,1584.27 1 0
github.com/tiagofur/solennix-backend/internal/handlers/auth_handler.go:1584.27,1588.3 3 0
github.com/tiagofur/solennix-backend/internal/handlers/auth_handler.go:1590.2,1591.16 2 0
github.com/tiagofur/solennix-backend/internal/handlers/auth_handler.go:1591.16,1595.3 3 0
github.com/tiagofur/solennix-backend/internal/handlers/auth_handler.go:1597.2,1599.42 3 0
github.com/tiagofur/solennix-backend/internal/handlers/auth_handler.go:1599.42,1601.3 1 0
github.com/tiagofur/solennix-backend/internal/handlers/auth_handler.go:1603.2,1604.69 2 0
github.com/tiagofur/solennix-backend/internal/handlers/auth_handler.go:1604.69,1606.3 1 0
github.com/tiagofur/solennix-backend/internal/handlers/auth_handler.go:1607.2,1607.35 1 0
github.com/tiagofur/solennix-backend/internal/handlers/auth_handler.go:1607.35,1609.3 1 0
github.com/tiagofur/solennix-backend/internal/handlers/auth_handler.go:1611.2,1612.31 2 0
github.com/tiagofur/solennix-backend/internal/handlers/auth_handler.go:1612.31,1614.22 2 0
github.com/tiagofur/solennix-backend/internal/handlers/auth_handler.go:1614.22,1618.4 3 0
github.com/tiagofur/solennix-backend/internal/handlers/auth_handler.go:1619.3,1622.9 4 0
github.com/tiagofur/solennix-backend/internal/handlers/auth_handler.go:1625.2,1625.17 1 0
github.com/tiagofur/solennix-backend/internal/handlers/auth_handler.go:1625.17,1627.32 2 0
github.com/tiagofur/solennix-backend/internal/handlers/auth_handler.go:1627.32,1630.23 3 0
github.com/tiagofur/solennix-backend/internal/handlers/auth_handler.go:1630.23,1634.5 3 0
github.com/tiagofur/solennix-backend/internal/handlers/auth_handler.go:1635.4,1638.10 4 0
github.com/tiagofur/solennix-backend/internal/handlers/auth_handler.go:1642.2,1642.17 1 0
github.com/tiagofur/solennix-backend/internal/handlers/auth_handler.go:1642.17,1645.3 2 0
github.com/tiagofur/solennix-backend/internal/handlers/auth_handler.go:1646.2,1652.73 2 0
github.com/tiagofur/solennix-backend/internal/handlers/auth_handler.go:1652.73,1656.3 3 0
github.com/tiagofur/solennix-backend/internal/handlers/auth_handler.go:1658.2,1659.21 2 0
github.com/tiagofur/solennix-backend/internal/handlers/auth_handler.go:1659.21,1663.3 3 0
github.com/tiagofur/solennix-backend/internal/handlers/auth_handler.go:1664.2,1666.71 3 0
github.com/tiagofur/solennix-backend/internal/handlers/auth_handler.go:1669.82,1670.86 1 0
github.com/tiagofur/solennix-backend/internal/handlers/auth_handler.go:1670.86,1672.3 1 0
github.com/tiagofur/solennix-backend/internal/handlers/auth_handler.go:1674.2,1675.60 2 0
github.com/tiagofur/solennix-backend/internal/handlers/auth_handler.go:1675.60,1677.17 2 0
github.com/tiagofur/solennix-backend/internal/handlers/auth_handler.go:1677.17,1679.4 1 0
github.com/tiagofur/solennix-backend/internal/handlers/auth_handler.go:1682.2,1683.16 2 0
github.com/tiagofur/solennix-backend/internal/handlers/auth_handler.go:1683.16,1685.3 1 0
github.com/tiagofur/solennix-backend/internal/handlers/auth_handler.go:1687.2,1696.36 3 0
github.com/tiagofur/solennix-backend/internal/handlers/auth_handler.go:1727.49,1729.82 2 1
github.com/tiagofur/solennix-backend/internal/handlers/auth_handler.go:1729.82,1733.3 3 0
github.com/tiagofur/solennix-backend/internal/handlers/auth_handler.go:1734.2,1740.82 4 1
github.com/tiagofur/solennix-backend/internal/handlers/auth_handler.go:1740.82,1742.3 1 0
github.com/tiagofur/solennix-backend/internal/handlers/auth_handler.go:1744.2,1746.16 3 1
github.com/tiagofur/solennix-backend/internal/handlers/auth_handler.go:1746.16,1748.30 1 0
github.com/tiagofur/solennix-backend/internal/handlers/auth_handler.go:1748.30,1751.4 2 0
github.com/tiagofur/solennix-backend/internal/handlers/auth_handler.go:1752.3,1752.93 1 0
github.com/tiagofur/solennix-backend/internal/handlers/auth_handler.go:1754.2,1756.38 2 1
github.com/tiagofur/solennix-backend/internal/handlers/auth_handler.go:1756.38,1758.30 1 0
github.com/tiagofur/solennix-backend/internal/handlers/auth_handler.go:1758.30,1761.4 2 0
github.com/tiagofur/solennix-backend/internal/handlers/auth_handler.go:1762.3,1762.113 1 0
github.com/tiagofur/solennix-backend/internal/handlers/auth_handler.go:1765.2,1766.65 2 1
github.com/tiagofur/solennix-backend/internal/handlers/auth_handler.go:1766.65,1768.30 1 0
github.com/tiagofur/solennix-backend/internal/handlers/auth_handler.go:1768.30,1771.4 2 0
github.com/tiagofur/solennix-backend/internal/handlers/auth_handler.go:1772.3,1772.94 1 0
github.com/tiagofur/solennix-backend/internal/handlers/auth_handler.go:1775.2,1777.23 3 1
github.com/tiagofur/solennix-backend/internal/handlers/auth_handler.go:1781.62,1783.16 2 0
github.com/tiagofur/solennix-backend/internal/handlers/auth_handler.go:1783.16,1785.3 1 0
github.com/tiagofur/solennix-backend/internal/handlers/auth_handler.go:1787.2,1788.16 2 0
github.com/tiagofur/solennix-backend/internal/handlers/auth_handler.go:1788.16,1790.3 1 0
github.com/tiagofur/solennix-backend/internal/handlers/auth_handler.go:1792.2,1794.27 3 0
github.com/tiagofur/solennix-backend/internal/handlers/auth_handler.go:1794.27,1796.3 1 0
github.com/tiagofur/solennix-backend/internal/handlers/auth_handler.go:1798.2,1798.40 1 0
github.com/tiagofur/solennix-backend/internal/handlers/auth_handler.go:1804.103,1807.16 2 1
github.com/tiagofur/solennix-backend/internal/handlers/auth_handler.go:1807.16,1809.3 1 0
github.com/tiagofur/solennix-backend/internal/handlers/auth_handler.go:1812.2,1812.30 1 1
github.com/tiagofur/solennix-backend/internal/handlers/auth_handler.go:1812.30,1815.3 2 0
github.com/tiagofur/solennix-backend/internal/handlers/auth_handler.go:1818.2,1829.112 3 1
github.com/tiagofur/solennix-backend/internal/handlers/auth_handler.go:1829.112,1831.10 2 0
github.com/tiagofur/solennix-backend/internal/handlers/auth_handler.go:1831.10,1833.4 1 0
github.com/tiagofur/solennix-backend/internal/handlers/auth_handler.go:1835.3,1835.28 1 0
github.com/tiagofur/solennix-backend/internal/handlers/auth_handler.go:1835.28,1836.22 1 0
github.com/tiagofur/solennix-backend/internal/handlers/auth_handler.go:1836.22,1838.5 1 0
github.com/tiagofur/solennix-backend/internal/handlers/auth_handler.go:1840.3,1840.67 1 0
github.com/tiagofur/solennix-backend/internal/handlers/auth_handler.go:1843.2,1843.16 1 1
github.com/tiagofur/solennix-backend/internal/handlers/auth_handler.go:1843.16,1845.3 1 1
github.com/tiagofur/solennix-backend/internal/handlers/auth_handler.go:1847.2,1847.18 1 0
github.com/tiagofur/solennix-backend/internal/handlers/auth_handler.go:1847.18,1849.3 1 0
github.com/tiagofur/solennix-backend/internal/handlers/auth_handler.go:1852.2,1854.31 3 0
github.com/tiagofur/solennix-backend/internal/handlers/auth_handler.go:1854.31,1855.42 1 0
github.com/tiagofur/solennix-backend/internal/handlers/auth_handler.go:1855.42,1856.27 1 0
github.com/tiagofur/solennix-backend/internal/handlers/auth_handler.go:1856.27,1858.10 2 0
github.com/tiagofur/solennix-backend/internal/handlers/auth_handler.go:1861.3,1861.15 1 0
github.com/tiagofur/solennix-backend/internal/handlers/auth_handler.go:1861.15,1862.9 1 0
github.com/tiagofur/solennix-backend/internal/handlers/auth_handler.go:1865.2,1865.15 1 0
github.com/tiagofur/solennix-backend/internal/handlers/auth_handler.go:1865.15,1867.3 1 0
github.com/tiagofur/solennix-backend/internal/handlers/auth_handler.go:1869.2,1872.8 1 0
github.com/tiagofur/solennix-backend/internal/handlers/contract_template.go:77.58,83.2 5 1
github.com/tiagofur/solennix-backend/internal/handlers/contract_template.go:85.56,88.90 2 1
github.com/tiagofur/solennix-backend/internal/handlers/contract_template.go:88.90,90.3 1 1
github.com/tiagofur/solennix-backend/internal/handlers/contract_template.go:92.2,92.67 1 1
github.com/tiagofur/solennix-backend/internal/handlers/contract_template.go:92.67,94.3 1 1
github.com/tiagofur/solennix-backend/internal/handlers/contract_template.go:96.2,96.11 1 1
github.com/tiagofur/solennix-backend/internal/handlers/contract_template.go:99.54,100.47 1 1
github.com/tiagofur/solennix-backend/internal/handlers/contract_template.go:100.47,102.3 1 1
github.com/tiagofur/solennix-backend/internal/handlers/contract_template.go:104.2,105.32 2 1
github.com/tiagofur/solennix-backend/internal/handlers/contract_template.go:105.32,108.22 3 1
github.com/tiagofur/solennix-backend/internal/handlers/contract_template.go:108.22,110.4 1 1
github.com/tiagofur/solennix-backend/internal/handlers/contract_template.go:111.3,112.57 2 1
github.com/tiagofur/solennix-backend/internal/handlers/contract_template.go:112.57,114.4 1 0
github.com/tiagofur/solennix-backend/internal/handlers/contract_template.go:117.2,117.12 1 1
github.com/tiagofur/solennix-backend/internal/handlers/crud_handler.go:59.16,69.2 1 1
github.com/tiagofur/solennix-backend/internal/handlers/crud_handler.go:72.57,74.2 1 1
github.com/tiagofur/solennix-backend/internal/handlers/crud_handler.go:77.65,79.2 1 1
github.com/tiagofur/solennix-backend/internal/handlers/crud_handler.go:82.71,84.2 1 1
github.com/tiagofur/solennix-backend/internal/handlers/crud_handler.go:90.63,92.2 1 0
github.com/tiagofur/solennix-backend/internal/handlers/crud_handler.go:94.102,96.2 1 1
github.com/tiagofur/solennix-backend/internal/handlers/crud_handler.go:109.75,113.19 3 1
github.com/tiagofur/solennix-backend/internal/handlers/crud_handler.go:113.19,116.17 3 0
github.com/tiagofur/solennix-backend/internal/handlers/crud_handler.go:116.17,119.4 2 0
github.com/tiagofur/solennix-backend/internal/handlers/crud_handler.go:120.3,120.21 1 0
github.com/tiagofur/solennix-backend/internal/handlers/crud_handler.go:120.21,122.4 1 0
github.com/tiagofur/solennix-backend/internal/handlers/crud_handler.go:123.3,124.9 2 0
github.com/tiagofur/solennix-backend/internal/handlers/crud_handler.go:127.2,128.16 2 1
github.com/tiagofur/solennix-backend/internal/handlers/crud_handler.go:128.16,131.3 2 1
github.com/tiagofur/solennix-backend/internal/handlers/crud_handler.go:132.2,132.38 1 1
github.com/tiagofur/solennix-backend/internal/handlers/crud_handler.go:135.73,138.16 3 1
github.com/tiagofur/solennix-backend/internal/handlers/crud_handler.go:138.16,141.3 2 1
github.com/tiagofur/solennix-backend/internal/handlers/crud_handler.go:142.2,143.16 2 1
github.com/tiagofur/solennix-backend/internal/handlers/crud_handler.go:143.16,146.3 2 1
github.com/tiagofur/solennix-backend/internal/handlers/crud_handler.go:147.2,147.37 1 1
github.com/tiagofur/solennix-backend/internal/handlers/crud_handler.go:150.76,153.47 3 1
github.com/tiagofur/solennix-backend/internal/handlers/crud_handler.go:153.47,156.3 2 1
github.com/tiagofur/solennix-backend/internal/handlers/crud_handler.go:159.2,159.48 1 1
github.com/tiagofur/solennix-backend/internal/handlers/crud_handler.go:159.48,162.3 2 0
github.com/tiagofur/solennix-backend/internal/handlers/crud_handler.go:165.2,166.16 2 1
github.com/tiagofur/solennix-backend/internal/handlers/crud_handler.go:166.16,169.3 2 1
github.com/tiagofur/solennix-backend/internal/handlers/crud_handler.go:171.2,171.26 1 1
github.com/tiagofur/solennix-backend/internal/handlers/crud_handler.go:171.26,173.17 2 1
github.com/tiagofur/solennix-backend/internal/handlers/crud_handler.go:173.17,176.4 2 1
github.com/tiagofur/solennix-backend/internal/handlers/crud_handler.go:177.3,177.18 1 1
github.com/tiagofur/solennix-backend/internal/handlers/crud_handler.go:177.18,180.4 2 1
github.com/tiagofur/solennix-backend/internal/handlers/crud_handler.go:183.2,184.66 2 1
github.com/tiagofur/solennix-backend/internal/handlers/crud_handler.go:184.66,187.3 2 1
github.com/tiagofur/solennix-backend/internal/handlers/crud_handler.go:188.2,188.42 1 1
github.com/tiagofur/solennix-backend/internal/handlers/crud_handler.go:191.76,194.16 3 1
github.com/tiagofur/solennix-backend/internal/handlers/crud_handler.go:194.16,197.3 2 1
github.com/tiagofur/solennix-backend/internal/handlers/crud_handler.go:198.2,199.47 2 1
github.com/tiagofur/solennix-backend/internal/handlers/crud_handler.go:199.47,202.3 2 1
github.com/tiagofur/solennix-backend/internal/handlers/crud_handler.go:205.2,205.48 1 1
github.com/tiagofur/solennix-backend/internal/handlers/crud_handler.go:205.48,208.3 2 0
github.com/tiagofur/solennix-backend/internal/handlers/crud_handler.go:210.2,212.66 3 1
github.com/tiagofur/solennix-backend/internal/handlers/crud_handler.go:212.66,215.3 2 1
github.com/tiagofur/solennix-backend/internal/handlers/crud_handler.go:216.2,216.37 1 1
github.com/tiagofur/solennix-backend/internal/handlers/crud_handler.go:219.76,222.16 3 1
github.com/tiagofur/solennix-backend/internal/handlers/crud_handler.go:222.16,225.3 2 1
github.com/tiagofur/solennix-backend/internal/handlers/crud_handler.go:226.2,226.69 1 1
github.com/tiagofur/solennix-backend/internal/handlers/crud_handler.go:226.69,229.3 2 1
github.com/tiagofur/solennix-backend/internal/handlers/crud_handler.go:230.2,230.37 1 1
github.com/tiagofur/solennix-backend/internal/handlers/crud_handler.go:245.74,252.20 5 1
github.com/tiagofur/solennix-backend/internal/handlers/crud_handler.go:252.20,254.17 2 1
github.com/tiagofur/solennix-backend/internal/handlers/crud_handler.go:254.17,257.4 2 1
github.com/tiagofur/solennix-backend/internal/handlers/crud_handler.go:258.3,259.17 2 1
github.com/tiagofur/solennix-backend/internal/handlers/crud_handler.go:259.17,262.4 2 1
github.com/tiagofur/solennix-backend/internal/handlers/crud_handler.go:263.3,264.9 2 1
github.com/tiagofur/solennix-backend/internal/handlers/crud_handler.go:267.2,267.30 1 1
github.com/tiagofur/solennix-backend/internal/handlers/crud_handler.go:267.30,269.17 2 1
github.com/tiagofur/solennix-backend/internal/handlers/crud_handler.go:269.17,272.4 2 1
github.com/tiagofur/solennix-backend/internal/handlers/crud_handler.go:273.3,274.17 2 1
github.com/tiagofur/solennix-backend/internal/handlers/crud_handler.go:274.17,277.4 2 1
github.com/tiagofur/solennix-backend/internal/handlers/crud_handler.go:278.3,279.17 2 1
github.com/tiagofur/solennix-backend/internal/handlers/crud_handler.go:279.17,282.4 2 1
github.com/tiagofur/solennix-backend/internal/handlers/crud_handler.go:283.3,284.9 2 1
github.com/tiagofur/solennix-backend/internal/handlers/crud_handler.go:288.2,289.19 2 1
github.com/tiagofur/solennix-backend/internal/handlers/crud_handler.go:289.19,292.17 3 0
github.com/tiagofur/solennix-backend/internal/handlers/crud_handler.go:292.17,295.4 2 0
github.com/tiagofur/solennix-backend/internal/handlers/crud_handler.go:296.3,296.20 1 0
github.com/tiagofur/solennix-backend/internal/handlers/crud_handler.go:296.20,298.4 1 0
github.com/tiagofur/solennix-backend/internal/handlers/crud_handler.go:299.3,300.9 2 0
github.com/tiagofur/solennix-backend/internal/handlers/crud_handler.go:303.2,304.16 2 1
github.com/tiagofur/solennix-backend/internal/handlers/crud_handler.go:304.16,307.3 2 1
github.com/tiagofur/solennix-backend/internal/handlers/crud_handler.go:308.2,308.37 1 1
github.com/tiagofur/solennix-backend/internal/handlers/crud_handler.go:311.81,314.46 3 1
github.com/tiagofur/solennix-backend/internal/handlers/crud_handler.go:314.46,315.63 1 1
github.com/tiagofur/solennix-backend/internal/handlers/crud_handler.go:315.63,317.4 1 1
github.com/tiagofur/solennix-backend/internal/handlers/crud_handler.go:320.2,320.16 1 1
github.com/tiagofur/solennix-backend/internal/handlers/crud_handler.go:320.16,322.3 1 0
github.com/tiagofur/solennix-backend/internal/handlers/crud_handler.go:323.2,324.16 2 1
github.com/tiagofur/solennix-backend/internal/handlers/crud_handler.go:324.16,327.3 2 1
github.com/tiagofur/solennix-backend/internal/handlers/crud_handler.go:328.2,328.37 1 1
github.com/tiagofur/solennix-backend/internal/handlers/crud_handler.go:333.76,347.51 4 1
github.com/tiagofur/solennix-backend/internal/handlers/crud_handler.go:347.51,348.72 1 0
github.com/tiagofur/solennix-backend/internal/handlers/crud_handler.go:348.72,350.4 1 0
github.com/tiagofur/solennix-backend/internal/handlers/crud_handler.go:352.2,352.48 1 1
github.com/tiagofur/solennix-backend/internal/handlers/crud_handler.go:352.48,353.84 1 0
github.com/tiagofur/solennix-backend/internal/handlers/crud_handler.go:353.84,355.4 1 0
github.com/tiagofur/solennix-backend/internal/handlers/crud_handler.go:359.2,359.26 1 1
github.com/tiagofur/solennix-backend/internal/handlers/crud_handler.go:359.26,364.37 2 1
github.com/tiagofur/solennix-backend/internal/handlers/crud_handler.go:364.37,367.4 2 1
github.com/tiagofur/solennix-backend/internal/handlers/crud_handler.go:371.2,371.48 1 1
github.com/tiagofur/solennix-backend/internal/handlers/crud_handler.go:371.48,373.17 2 1
github.com/tiagofur/solennix-backend/internal/handlers/crud_handler.go:373.17,376.4 2 1
github.com/tiagofur/solennix-backend/internal/handlers/crud_handler.go:377.3,377.26 1 1
github.com/tiagofur/solennix-backend/internal/handlers/crud_handler.go:381.2,381.28 1 1
github.com/tiagofur/solennix-backend/internal/handlers/crud_handler.go:381.28,382.71 1 1
github.com/tiagofur/solennix-backend/internal/handlers/crud_handler.go:382.71,385.4 2 1
github.com/tiagofur/solennix-backend/internal/handlers/crud_handler.go:387.2,387.26 1 1
github.com/tiagofur/solennix-backend/internal/handlers/crud_handler.go:387.26,388.69 1 1
github.com/tiagofur/solennix-backend/internal/handlers/crud_handler.go:388.69,391.4 2 1
github.com/tiagofur/solennix-backend/internal/handlers/crud_handler.go:395.2,395.126 1 1
github.com/tiagofur/solennix-backend/internal/handlers/crud_handler.go:395.126,398.3 2 1
github.com/tiagofur/solennix-backend/internal/handlers/crud_handler.go:400.2,401.16 2 1
github.com/tiagofur/solennix-backend/internal/handlers/crud_handler.go:401.16,405.3 3 1
github.com/tiagofur/solennix-backend/internal/handlers/crud_handler.go:407.2,407.37 1 1
github.com/tiagofur/solennix-backend/internal/handlers/crud_handler.go:410.72,413.16 3 1
github.com/tiagofur/solennix-backend/internal/handlers/crud_handler.go:413.16,416.3 2 1
github.com/tiagofur/solennix-backend/internal/handlers/crud_handler.go:417.2,418.16 2 1
github.com/tiagofur/solennix-backend/internal/handlers/crud_handler.go:418.16,421.3 2 1
github.com/tiagofur/solennix-backend/internal/handlers/crud_handler.go:422.2,422.36 1 1
github.com/tiagofur/solennix-backend/internal/handlers/crud_handler.go:434.81,440.20 5 0
github.com/tiagofur/solennix-backend/internal/handlers/crud_handler.go:440.20,442.3 1 0
github.com/tiagofur/solennix-backend/internal/handlers/crud_handler.go:443.2,443.18 1 0
github.com/tiagofur/solennix-backend/internal/handlers/crud_handler.go:443.18,445.3 1 0
github.com/tiagofur/solennix-backend/internal/handlers/crud_handler.go:447.2,448.16 2 0
github.com/tiagofur/solennix-backend/internal/handlers/crud_handler.go:448.16,451.3 2 0
github.com/tiagofur/solennix-backend/internal/handlers/crud_handler.go:452.2,453.16 2 0
github.com/tiagofur/solennix-backend/internal/handlers/crud_handler.go:453.16,456.3 2 0
github.com/tiagofur/solennix-backend/internal/handlers/crud_handler.go:458.2,459.24 2 0
github.com/tiagofur/solennix-backend/internal/handlers/crud_handler.go:459.24,464.35 2 0
github.com/tiagofur/solennix-backend/internal/handlers/crud_handler.go:464.35,467.4 2 0
github.com/tiagofur/solennix-backend/internal/handlers/crud_handler.go:470.2,471.16 2 0
github.com/tiagofur/solennix-backend/internal/handlers/crud_handler.go:471.16,474.3 2 0
github.com/tiagofur/solennix-backend/internal/handlers/crud_handler.go:476.2,486.31 9 0
github.com/tiagofur/solennix-backend/internal/handlers/crud_handler.go:486.31,487.57 1 0
github.com/tiagofur/solennix-backend/internal/handlers/crud_handler.go:487.57,488.12 1 0
github.com/tiagofur/solennix-backend/internal/handlers/crud_handler.go:491.3,492.53 2 0
github.com/tiagofur/solennix-backend/internal/handlers/crud_handler.go:492.53,494.4 1 0
github.com/tiagofur/solennix-backend/internal/handlers/crud_handler.go:496.3,498.55 3 0
github.com/tiagofur/solennix-backend/internal/handlers/crud_handler.go:498.55,500.25 2 0
github.com/tiagofur/solennix-backend/internal/handlers/crud_handler.go:500.25,502.5 1 0
github.com/tiagofur/solennix-backend/internal/handlers/crud_handler.go:502.10,502.33 1 0
github.com/tiagofur/solennix-backend/internal/handlers/crud_handler.go:502.33,504.5 1 0
github.com/tiagofur/solennix-backend/internal/handlers/crud_handler.go:505.4,506.52 2 0
github.com/tiagofur/solennix-backend/internal/handlers/crud_handler.go:506.52,508.26 2 0
github.com/tiagofur/solennix-backend/internal/handlers/crud_handler.go:508.26,510.6 1 0
github.com/tiagofur/solennix-backend/internal/handlers/crud_handler.go:510.11,510.34 1 0
github.com/tiagofur/solennix-backend/internal/handlers/crud_handler.go:510.34,512.6 1 0
github.com/tiagofur/solennix-backend/internal/handlers/crud_handler.go:513.5,513.52 1 0
github.com/tiagofur/solennix-backend/internal/handlers/crud_handler.go:514.10,516.5 1 0
github.com/tiagofur/solennix-backend/internal/handlers/crud_handler.go:517.9,522.4 4 0
github.com/tiagofur/solennix-backend/internal/handlers/crud_handler.go:524.3,526.47 2 0
github.com/tiagofur/solennix-backend/internal/handlers/crud_handler.go:526.47,528.4 1 0
github.com/tiagofur/solennix-backend/internal/handlers/crud_handler.go:530.3,531.23 2 0
github.com/tiagofur/solennix-backend/internal/handlers/crud_handler.go:532.33,533.28 1 0
github.com/tiagofur/solennix-backend/internal/handlers/crud_handler.go:534.20,535.28 1 0
github.com/tiagofur/solennix-backend/internal/handlers/crud_handler.go:538.3,545.53 8 0
github.com/tiagofur/solennix-backend/internal/handlers/crud_handler.go:545.53,547.4 1 0
github.com/tiagofur/solennix-backend/internal/handlers/crud_handler.go:548.3,549.36 2 0
github.com/tiagofur/solennix-backend/internal/handlers/crud_handler.go:552.2,557.29 5 0
github.com/tiagofur/solennix-backend/internal/handlers/crud_handler.go:561.34,568.2 6 0
github.com/tiagofur/solennix-backend/internal/handlers/crud_handler.go:570.75,573.46 3 1
github.com/tiagofur/solennix-backend/internal/handlers/crud_handler.go:573.46,576.3 2 1
github.com/tiagofur/solennix-backend/internal/handlers/crud_handler.go:579.2,579.46 1 1
github.com/tiagofur/solennix-backend/internal/handlers/crud_handler.go:579.46,582.3 2 1
github.com/tiagofur/solennix-backend/internal/handlers/crud_handler.go:585.2,585.27 1 1
github.com/tiagofur/solennix-backend/internal/handlers/crud_handler.go:585.27,588.3 2 0
github.com/tiagofur/solennix-backend/internal/handlers/crud_handler.go:589.2,590.65 2 1
github.com/tiagofur/solennix-backend/internal/handlers/crud_handler.go:590.65,593.3 2 1
github.com/tiagofur/solennix-backend/internal/handlers/crud_handler.go:594.2,597.16 3 1
github.com/tiagofur/solennix-backend/internal/handlers/crud_handler.go:597.16,600.3 2 1
github.com/tiagofur/solennix-backend/internal/handlers/crud_handler.go:601.2,601.31 1 1
github.com/tiagofur/solennix-backend/internal/handlers/crud_handler.go:601.31,604.3 2 1
github.com/tiagofur/solennix-backend/internal/handlers/crud_handler.go:607.2,608.16 2 1
github.com/tiagofur/solennix-backend/internal/handlers/crud_handler.go:608.16,611.3 2 0
github.com/tiagofur/solennix-backend/internal/handlers/crud_handler.go:613.2,613.26 1 1
github.com/tiagofur/solennix-backend/internal/handlers/crud_handler.go:613.26,615.17 2 1
github.com/tiagofur/solennix-backend/internal/handlers/crud_handler.go:615.17,618.4 2 1
github.com/tiagofur/solennix-backend/internal/handlers/crud_handler.go:619.3,619.17 1 1
github.com/tiagofur/solennix-backend/internal/handlers/crud_handler.go:619.17,622.4 2 1
github.com/tiagofur/solennix-backend/internal/handlers/crud_handler.go:625.2,626.64 2 1
github.com/tiagofur/solennix-backend/internal/handlers/crud_handler.go:626.64,629.3 2 1
github.com/tiagofur/solennix-backend/internal/handlers/crud_handler.go:631.2,631.83 1 1
github.com/tiagofur/solennix-backend/internal/handlers/crud_handler.go:631.83,633.3 1 1
github.com/tiagofur/solennix-backend/internal/handlers/crud_handler.go:634.2,634.41 1 1
github.com/tiagofur/solennix-backend/internal/handlers/crud_handler.go:637.75,640.16 3 1
github.com/tiagofur/solennix-backend/internal/handlers/crud_handler.go:640.16,643.3 2 1
github.com/tiagofur/solennix-backend/internal/handlers/crud_handler.go:646.2,647.16 2 1
github.com/tiagofur/solennix-backend/internal/handlers/crud_handler.go:647.16,650.3 2 1
github.com/tiagofur/solennix-backend/internal/handlers/crud_handler.go:652.2,657.48 4 1
github.com/tiagofur/solennix-backend/internal/handlers/crud_handler.go:657.48,660.3 2 1
github.com/tiagofur/solennix-backend/internal/handlers/crud_handler.go:662.2,666.48 3 1
github.com/tiagofur/solennix-backend/internal/handlers/crud_handler.go:666.48,669.3 2 1
github.com/tiagofur/solennix-backend/internal/handlers/crud_handler.go:672.2,673.65 2 1
github.com/tiagofur/solennix-backend/internal/handlers/crud_handler.go:673.65,676.3 2 0
github.com/tiagofur/solennix-backend/internal/handlers/crud_handler.go:679.2,680.31 2 1
github.com/tiagofur/solennix-backend/internal/handlers/crud_handler.go:680.31,683.17 3 1
github.com/tiagofur/solennix-backend/internal/handlers/crud_handler.go:683.17,686.4 2 0
github.com/tiagofur/solennix-backend/internal/handlers/crud_handler.go:687.3,687.32 1 1
github.com/tiagofur/solennix-backend/internal/handlers/crud_handler.go:687.32,690.4 2 0
github.com/tiagofur/solennix-backend/internal/handlers/crud_handler.go:693.2,693.66 1 1
github.com/tiagofur/solennix-backend/internal/handlers/crud_handler.go:693.66,696.3 2 1
github.com/tiagofur/solennix-backend/internal/handlers/crud_handler.go:699.2,699.86 1 1
github.com/tiagofur/solennix-backend/internal/handlers/crud_handler.go:699.86,701.3 1 1
github.com/tiagofur/solennix-backend/internal/handlers/crud_handler.go:702.2,702.38 1 1
github.com/tiagofur/solennix-backend/internal/handlers/crud_handler.go:702.38,703.81 1 1
github.com/tiagofur/solennix-backend/internal/handlers/crud_handler.go:703.81,705.4 1 1
github.com/tiagofur/solennix-backend/internal/handlers/crud_handler.go:709.2,709.64 1 1
github.com/tiagofur/solennix-backend/internal/handlers/crud_handler.go:709.64,710.72 1 1
github.com/tiagofur/solennix-backend/internal/handlers/crud_handler.go:710.72,712.4 1 0
github.com/tiagofur/solennix-backend/internal/handlers/crud_handler.go:714.3,714.24 1 1
github.com/tiagofur/solennix-backend/internal/handlers/crud_handler.go:714.24,715.14 1 1
github.com/tiagofur/solennix-backend/internal/handlers/crud_handler.go:715.14,717.5 1 1
github.com/tiagofur/solennix-backend/internal/handlers/crud_handler.go:724.2,724.62 1 1
github.com/tiagofur/solennix-backend/internal/handlers/crud_handler.go:724.62,727.13 3 1
github.com/tiagofur/solennix-backend/internal/handlers/crud_handler.go:727.13,728.88 1 1
github.com/tiagofur/solennix-backend/internal/handlers/crud_handler.go:728.88,730.5 1 0
github.com/tiagofur/solennix-backend/internal/handlers/crud_handler.go:734.2,734.39 1 1
github.com/tiagofur/solennix-backend/internal/handlers/crud_handler.go:739.73,742.42 3 1
github.com/tiagofur/solennix-backend/internal/handlers/crud_handler.go:742.42,744.23 2 1
github.com/tiagofur/solennix-backend/internal/handlers/crud_handler.go:744.23,746.4 1 1
github.com/tiagofur/solennix-backend/internal/handlers/crud_handler.go:748.2,748.101 1 1
github.com/tiagofur/solennix-backend/internal/handlers/crud_handler.go:748.101,750.3 1 1
github.com/tiagofur/solennix-backend/internal/handlers/crud_handler.go:751.2,751.19 1 1
github.com/tiagofur/solennix-backend/internal/handlers/crud_handler.go:754.75,757.16 3 1
github.com/tiagofur/solennix-backend/internal/handlers/crud_handler.go:757.16,760.3 2 1
github.com/tiagofur/solennix-backend/internal/handlers/crud_handler.go:762.2,763.16 2 1
github.com/tiagofur/solennix-backend/internal/handlers/crud_handler.go:763.16,766.3 2 1
github.com/tiagofur/solennix-backend/internal/handlers/crud_handler.go:767.2,767.68 1 1
github.com/tiagofur/solennix-backend/internal/handlers/crud_handler.go:767.68,770.3 2 1
github.com/tiagofur/solennix-backend/internal/handlers/crud_handler.go:771.2,771.83 1 1
github.com/tiagofur/solennix-backend/internal/handlers/crud_handler.go:771.83,773.3 1 1
github.com/tiagofur/solennix-backend/internal/handlers/crud_handler.go:774.2,774.37 1 1
github.com/tiagofur/solennix-backend/internal/handlers/crud_handler.go:777.80,780.16 3 1
github.com/tiagofur/solennix-backend/internal/handlers/crud_handler.go:780.16,783.3 2 1
github.com/tiagofur/solennix-backend/internal/handlers/crud_handler.go:785.2,785.77 1 1
github.com/tiagofur/solennix-backend/internal/handlers/crud_handler.go:785.77,788.3 2 1
github.com/tiagofur/solennix-backend/internal/handlers/crud_handler.go:789.2,790.16 2 1
github.com/tiagofur/solennix-backend/internal/handlers/crud_handler.go:790.16,793.3 2 1
github.com/tiagofur/solennix-backend/internal/handlers/crud_handler.go:794.2,794.39 1 1
github.com/tiagofur/solennix-backend/internal/handlers/crud_handler.go:797.78,800.16 3 1
github.com/tiagofur/solennix-backend/internal/handlers/crud_handler.go:800.16,803.3 2 1
github.com/tiagofur/solennix-backend/internal/handlers/crud_handler.go:805.2,805.77 1 1
github.com/tiagofur/solennix-backend/internal/handlers/crud_handler.go:805.77,808.3 2 1
github.com/tiagofur/solennix-backend/internal/handlers/crud_handler.go:809.2,810.16 2 1
github.com/tiagofur/solennix-backend/internal/handlers/crud_handler.go:810.16,813.3 2 1
github.com/tiagofur/solennix-backend/internal/handlers/crud_handler.go:814.2,814.37 1 1
github.com/tiagofur/solennix-backend/internal/handlers/crud_handler.go:817.80,820.16 3 1
github.com/tiagofur/solennix-backend/internal/handlers/crud_handler.go:820.16,823.3 2 1
github.com/tiagofur/solennix-backend/internal/handlers/crud_handler.go:825.2,825.77 1 1
github.com/tiagofur/solennix-backend/internal/handlers/crud_handler.go:825.77,828.3 2 1
github.com/tiagofur/solennix-backend/internal/handlers/crud_handler.go:830.2,837.44 2 1
github.com/tiagofur/solennix-backend/internal/handlers/crud_handler.go:837.44,840.3 2 1
github.com/tiagofur/solennix-backend/internal/handlers/crud_handler.go:843.2,843.39 1 1
github.com/tiagofur/solennix-backend/internal/handlers/crud_handler.go:843.39,844.56 1 1
github.com/tiagofur/solennix-backend/internal/handlers/crud_handler.go:844.56,847.4 2 1
github.com/tiagofur/solennix-backend/internal/handlers/crud_handler.go:851.2,851.35 1 1
github.com/tiagofur/solennix-backend/internal/handlers/crud_handler.go:851.35,852.52 1 1
github.com/tiagofur/solennix-backend/internal/handlers/crud_handler.go:852.52,855.4 2 1
github.com/tiagofur/solennix-backend/internal/handlers/crud_handler.go:859.2,859.26 1 1
github.com/tiagofur/solennix-backend/internal/handlers/crud_handler.go:859.26,860.37 1 1
github.com/tiagofur/solennix-backend/internal/handlers/crud_handler.go:860.37,861.54 1 1
github.com/tiagofur/solennix-backend/internal/handlers/crud_handler.go:861.54,864.5 2 1
github.com/tiagofur/solennix-backend/internal/handlers/crud_handler.go:869.2,869.25 1 1
github.com/tiagofur/solennix-backend/internal/handlers/crud_handler.go:869.25,870.35 1 0
github.com/tiagofur/solennix-backend/internal/handlers/crud_handler.go:870.35,871.50 1 0
github.com/tiagofur/solennix-backend/internal/handlers/crud_handler.go:871.50,874.5 2 0
github.com/tiagofur/solennix-backend/internal/handlers/crud_handler.go:879.2,879.22 1 1
github.com/tiagofur/solennix-backend/internal/handlers/crud_handler.go:879.22,880.32 1 0
github.com/tiagofur/solennix-backend/internal/handlers/crud_handler.go:880.32,881.49 1 0
github.com/tiagofur/solennix-backend/internal/handlers/crud_handler.go:881.49,884.5 2 0
github.com/tiagofur/solennix-backend/internal/handlers/crud_handler.go:888.2,888.141 1 1
github.com/tiagofur/solennix-backend/internal/handlers/crud_handler.go:888.141,890.29 2 1
github.com/tiagofur/solennix-backend/internal/handlers/crud_handler.go:890.29,892.22 2 1
github.com/tiagofur/solennix-backend/internal/handlers/crud_handler.go:893.35,895.11 2 1
github.com/tiagofur/solennix-backend/internal/handlers/crud_handler.go:896.35,898.11 2 0
github.com/tiagofur/solennix-backend/internal/handlers/crud_handler.go:900.4,900.121 1 0
github.com/tiagofur/solennix-backend/internal/handlers/crud_handler.go:900.121,903.5 2 0
github.com/tiagofur/solennix-backend/internal/handlers/crud_handler.go:905.3,906.9 2 1
github.com/tiagofur/solennix-backend/internal/handlers/crud_handler.go:914.2,914.70 1 1
github.com/tiagofur/solennix-backend/internal/handlers/crud_handler.go:914.70,916.3 1 0
github.com/tiagofur/solennix-backend/internal/handlers/crud_handler.go:918.2,918.64 1 1
github.com/tiagofur/solennix-backend/internal/handlers/crud_handler.go:925.70,930.16 3 0
github.com/tiagofur/solennix-backend/internal/handlers/crud_handler.go:930.16,933.3 2 0
github.com/tiagofur/solennix-backend/internal/handlers/crud_handler.go:934.2,934.26 1 0
github.com/tiagofur/solennix-backend/internal/handlers/crud_handler.go:934.26,936.3 1 0
github.com/tiagofur/solennix-backend/internal/handlers/crud_handler.go:938.2,939.16 2 0
github.com/tiagofur/solennix-backend/internal/handlers/crud_handler.go:939.16,942.3 2 0
github.com/tiagofur/solennix-backend/internal/handlers/crud_handler.go:944.2,945.16 2 0
github.com/tiagofur/solennix-backend/internal/handlers/crud_handler.go:945.16,948.3 2 0
github.com/tiagofur/solennix-backend/internal/handlers/crud_handler.go:949.2,949.23 1 0
github.com/tiagofur/solennix-backend/internal/handlers/crud_handler.go:949.23,951.3 1 0
github.com/tiagofur/solennix-backend/internal/handlers/crud_handler.go:953.2,954.58 2 0
github.com/tiagofur/solennix-backend/internal/handlers/crud_handler.go:954.58,956.3 1 0
github.com/tiagofur/solennix-backend/internal/handlers/crud_handler.go:958.2,958.28 1 0
github.com/tiagofur/solennix-backend/internal/handlers/crud_handler.go:958.28,960.53 2 0
github.com/tiagofur/solennix-backend/internal/handlers/crud_handler.go:960.53,962.4 1 0
github.com/tiagofur/solennix-backend/internal/handlers/crud_handler.go:962.9,962.32 1 0
github.com/tiagofur/solennix-backend/internal/handlers/crud_handler.go:962.32,964.4 1 0
github.com/tiagofur/solennix-backend/internal/handlers/crud_handler.go:965.3,966.45 2 0
github.com/tiagofur/solennix-backend/internal/handlers/crud_handler.go:966.45,968.4 1 0
github.com/tiagofur/solennix-backend/internal/handlers/crud_handler.go:970.3,974.21 3 0
github.com/tiagofur/solennix-backend/internal/handlers/crud_handler.go:974.21,978.4 2 0
github.com/tiagofur/solennix-backend/internal/handlers/crud_handler.go:981.3,981.98 1 0
github.com/tiagofur/solennix-backend/internal/handlers/crud_handler.go:981.98,983.4 1 0
github.com/tiagofur/solennix-backend/internal/handlers/crud_handler.go:987.77,990.16 3 0
github.com/tiagofur/solennix-backend/internal/handlers/crud_handler.go:990.16,993.3 2 0
github.com/tiagofur/solennix-backend/internal/handlers/crud_handler.go:994.2,994.77 1 0
github.com/tiagofur/solennix-backend/internal/handlers/crud_handler.go:994.77,997.3 2 0
github.com/tiagofur/solennix-backend/internal/handlers/crud_handler.go:998.2,999.16 2 0
github.com/tiagofur/solennix-backend/internal/handlers/crud_handler.go:999.16,1002.3 2 0
github.com/tiagofur/solennix-backend/internal/handlers/crud_handler.go:1003.2,1003.36 1 0
github.com/tiagofur/solennix-backend/internal/handlers/crud_handler.go:1006.81,1009.16 3 1
github.com/tiagofur/solennix-backend/internal/handlers/crud_handler.go:1009.16,1012.3 2 1
github.com/tiagofur/solennix-backend/internal/handlers/crud_handler.go:1013.2,1013.77 1 1
github.com/tiagofur/solennix-backend/internal/handlers/crud_handler.go:1013.77,1016.3 2 1
github.com/tiagofur/solennix-backend/internal/handlers/crud_handler.go:1017.2,1018.16 2 1
github.com/tiagofur/solennix-backend/internal/handlers/crud_handler.go:1018.16,1021.3 2 1
[...]
github.com/tiagofur/solennix-backend/internal/handlers/upload_handler.go:142.2,142.22 1 1
github.com/tiagofur/solennix-backend/internal/handlers/upload_handler.go:142.22,144.17 2 1
github.com/tiagofur/solennix-backend/internal/handlers/upload_handler.go:144.17,148.4 3 1
github.com/tiagofur/solennix-backend/internal/handlers/upload_handler.go:149.3,158.9 3 1
github.com/tiagofur/solennix-backend/internal/handlers/upload_handler.go:162.2,163.73 2 0
github.com/tiagofur/solennix-backend/internal/handlers/upload_handler.go:168.78,172.61 3 1
github.com/tiagofur/solennix-backend/internal/handlers/upload_handler.go:172.61,175.3 2 0
github.com/tiagofur/solennix-backend/internal/handlers/upload_handler.go:176.2,176.43 1 1
github.com/tiagofur/solennix-backend/internal/handlers/upload_handler.go:176.43,179.3 2 0
github.com/tiagofur/solennix-backend/internal/handlers/upload_handler.go:180.2,180.87 1 1
github.com/tiagofur/solennix-backend/internal/handlers/upload_handler.go:180.87,183.3 2 0
github.com/tiagofur/solennix-backend/internal/handlers/upload_handler.go:185.2,186.9 2 1
github.com/tiagofur/solennix-backend/internal/handlers/upload_handler.go:186.9,189.3 2 1
github.com/tiagofur/solennix-backend/internal/handlers/upload_handler.go:191.2,192.16 2 1
github.com/tiagofur/solennix-backend/internal/handlers/upload_handler.go:192.16,196.3 3 0
github.com/tiagofur/solennix-backend/internal/handlers/upload_handler.go:198.2,205.4 1 1
github.com/tiagofur/solennix-backend/internal/handlers/upload_handler.go:210.89,214.61 3 1
github.com/tiagofur/solennix-backend/internal/handlers/upload_handler.go:214.61,217.3 2 0
github.com/tiagofur/solennix-backend/internal/handlers/upload_handler.go:218.2,218.44 1 1
github.com/tiagofur/solennix-backend/internal/handlers/upload_handler.go:218.44,221.3 2 0
github.com/tiagofur/solennix-backend/internal/handlers/upload_handler.go:223.2,224.9 2 1
github.com/tiagofur/solennix-backend/internal/handlers/upload_handler.go:224.9,227.3 2 1
github.com/tiagofur/solennix-backend/internal/handlers/upload_handler.go:229.2,230.16 2 1
github.com/tiagofur/solennix-backend/internal/handlers/upload_handler.go:230.16,234.3 3 0
github.com/tiagofur/solennix-backend/internal/handlers/upload_handler.go:236.2,243.4 1 1
github.com/tiagofur/solennix-backend/internal/handlers/validation.go:31.38,33.2 1 1
github.com/tiagofur/solennix-backend/internal/handlers/validation.go:36.48,37.14 1 1
github.com/tiagofur/solennix-backend/internal/handlers/validation.go:37.14,39.3 1 1
github.com/tiagofur/solennix-backend/internal/handlers/validation.go:40.2,41.21 2 1
github.com/tiagofur/solennix-backend/internal/handlers/validation.go:41.21,43.3 1 1
github.com/tiagofur/solennix-backend/internal/handlers/validation.go:44.2,44.19 1 1
github.com/tiagofur/solennix-backend/internal/handlers/validation.go:48.66,49.25 1 1
github.com/tiagofur/solennix-backend/internal/handlers/validation.go:49.25,51.3 1 1
github.com/tiagofur/solennix-backend/internal/handlers/validation.go:52.2,52.12 1 1
github.com/tiagofur/solennix-backend/internal/handlers/validation.go:61.41,63.2 1 1
github.com/tiagofur/solennix-backend/internal/handlers/validation.go:65.63,67.2 1 1
github.com/tiagofur/solennix-backend/internal/handlers/validation.go:69.76,70.52 1 1
github.com/tiagofur/solennix-backend/internal/handlers/validation.go:70.52,72.65 2 0
github.com/tiagofur/solennix-backend/internal/handlers/validation.go:72.65,74.4 1 0
github.com/tiagofur/solennix-backend/internal/handlers/validation.go:77.2,77.17 1 1
github.com/tiagofur/solennix-backend/internal/handlers/validation.go:78.28,79.49 1 1
github.com/tiagofur/solennix-backend/internal/handlers/validation.go:80.44,81.50 1 1
github.com/tiagofur/solennix-backend/internal/handlers/validation.go:82.35,83.55 1 1
github.com/tiagofur/solennix-backend/internal/handlers/validation.go:84.60,85.64 1 1
github.com/tiagofur/solennix-backend/internal/handlers/validation.go:86.32,87.59 1 1
github.com/tiagofur/solennix-backend/internal/handlers/validation.go:88.21,89.50 1 1
github.com/tiagofur/solennix-backend/internal/handlers/validation.go:90.30,91.55 1 1
github.com/tiagofur/solennix-backend/internal/handlers/validation.go:92.65,93.59 1 1
github.com/tiagofur/solennix-backend/internal/handlers/validation.go:94.60,95.61 1 0
github.com/tiagofur/solennix-backend/internal/handlers/validation.go:96.10,97.17 1 1
github.com/tiagofur/solennix-backend/internal/handlers/validation.go:101.68,102.41 1 1
github.com/tiagofur/solennix-backend/internal/handlers/validation.go:102.41,104.3 1 1
github.com/tiagofur/solennix-backend/internal/handlers/validation.go:105.2,105.20 1 0
github.com/tiagofur/solennix-backend/internal/handlers/validation.go:109.47,111.25 1 1
github.com/tiagofur/solennix-backend/internal/handlers/validation.go:111.25,113.3 1 1
github.com/tiagofur/solennix-backend/internal/handlers/validation.go:116.2,116.24 1 1
github.com/tiagofur/solennix-backend/internal/handlers/validation.go:116.24,118.3 1 1
github.com/tiagofur/solennix-backend/internal/handlers/validation.go:119.2,119.59 1 1
github.com/tiagofur/solennix-backend/internal/handlers/validation.go:119.59,121.3 1 1
github.com/tiagofur/solennix-backend/internal/handlers/validation.go:124.2,124.46 1 1
github.com/tiagofur/solennix-backend/internal/handlers/validation.go:124.46,126.3 1 1
github.com/tiagofur/solennix-backend/internal/handlers/validation.go:129.2,129.27 1 1
github.com/tiagofur/solennix-backend/internal/handlers/validation.go:129.27,131.3 1 1
github.com/tiagofur/solennix-backend/internal/handlers/validation.go:134.2,134.33 1 1
github.com/tiagofur/solennix-backend/internal/handlers/validation.go:134.33,135.63 1 1
github.com/tiagofur/solennix-backend/internal/handlers/validation.go:135.63,137.4 1 1
github.com/tiagofur/solennix-backend/internal/handlers/validation.go:141.2,141.35 1 1
github.com/tiagofur/solennix-backend/internal/handlers/validation.go:141.35,142.34 1 1
github.com/tiagofur/solennix-backend/internal/handlers/validation.go:142.34,144.4 1 1
github.com/tiagofur/solennix-backend/internal/handlers/validation.go:148.2,148.32 1 1
github.com/tiagofur/solennix-backend/internal/handlers/validation.go:148.32,149.61 1 1
github.com/tiagofur/solennix-backend/internal/handlers/validation.go:149.61,151.4 1 1
github.com/tiagofur/solennix-backend/internal/handlers/validation.go:155.2,161.34 2 1
github.com/tiagofur/solennix-backend/internal/handlers/validation.go:161.34,163.3 1 1
github.com/tiagofur/solennix-backend/internal/handlers/validation.go:166.2,166.102 1 1
github.com/tiagofur/solennix-backend/internal/handlers/validation.go:166.102,168.3 1 1
github.com/tiagofur/solennix-backend/internal/handlers/validation.go:169.2,169.27 1 1
github.com/tiagofur/solennix-backend/internal/handlers/validation.go:169.27,170.94 1 0
github.com/tiagofur/solennix-backend/internal/handlers/validation.go:170.94,172.4 1 0
github.com/tiagofur/solennix-backend/internal/handlers/validation.go:174.2,174.23 1 1
github.com/tiagofur/solennix-backend/internal/handlers/validation.go:174.23,175.82 1 0
github.com/tiagofur/solennix-backend/internal/handlers/validation.go:175.82,177.4 1 0
github.com/tiagofur/solennix-backend/internal/handlers/validation.go:179.2,179.24 1 1
github.com/tiagofur/solennix-backend/internal/handlers/validation.go:179.24,180.85 1 1
github.com/tiagofur/solennix-backend/internal/handlers/validation.go:180.85,182.4 1 0
github.com/tiagofur/solennix-backend/internal/handlers/validation.go:186.2,190.12 4 1
github.com/tiagofur/solennix-backend/internal/handlers/validation.go:194.53,196.25 1 1
github.com/tiagofur/solennix-backend/internal/handlers/validation.go:196.25,198.3 1 1
github.com/tiagofur/solennix-backend/internal/handlers/validation.go:201.2,201.33 1 1
github.com/tiagofur/solennix-backend/internal/handlers/validation.go:201.33,203.3 1 1
github.com/tiagofur/solennix-backend/internal/handlers/validation.go:206.2,209.42 2 1
github.com/tiagofur/solennix-backend/internal/handlers/validation.go:209.42,211.3 1 1
github.com/tiagofur/solennix-backend/internal/handlers/validation.go:213.2,213.26 1 1
github.com/tiagofur/solennix-backend/internal/handlers/validation.go:213.26,214.87 1 1
github.com/tiagofur/solennix-backend/internal/handlers/validation.go:214.87,216.4 1 0
github.com/tiagofur/solennix-backend/internal/handlers/validation.go:217.3,217.56 1 1
github.com/tiagofur/solennix-backend/internal/handlers/validation.go:220.2,220.12 1 1
github.com/tiagofur/solennix-backend/internal/handlers/validation.go:224.58,226.22 1 1
github.com/tiagofur/solennix-backend/internal/handlers/validation.go:226.22,228.3 1 1
github.com/tiagofur/solennix-backend/internal/handlers/validation.go:231.2,231.22 1 1
github.com/tiagofur/solennix-backend/internal/handlers/validation.go:231.22,233.3 1 1
github.com/tiagofur/solennix-backend/internal/handlers/validation.go:236.2,236.21 1 1
github.com/tiagofur/solennix-backend/internal/handlers/validation.go:236.21,238.3 1 1
github.com/tiagofur/solennix-backend/internal/handlers/validation.go:240.2,240.12 1 1
github.com/tiagofur/solennix-backend/internal/handlers/validation.go:244.54,246.17 1 1
github.com/tiagofur/solennix-backend/internal/handlers/validation.go:246.17,248.3 1 1
github.com/tiagofur/solennix-backend/internal/handlers/validation.go:251.2,251.18 1 1
github.com/tiagofur/solennix-backend/internal/handlers/validation.go:251.18,253.3 1 1
github.com/tiagofur/solennix-backend/internal/handlers/validation.go:256.2,256.26 1 1
github.com/tiagofur/solennix-backend/internal/handlers/validation.go:256.26,258.3 1 1
github.com/tiagofur/solennix-backend/internal/handlers/validation.go:260.2,260.12 1 1
github.com/tiagofur/solennix-backend/internal/handlers/validation.go:264.50,266.23 1 1
github.com/tiagofur/solennix-backend/internal/handlers/validation.go:266.23,268.3 1 0
github.com/tiagofur/solennix-backend/internal/handlers/validation.go:271.2,271.28 1 1
github.com/tiagofur/solennix-backend/internal/handlers/validation.go:271.28,273.3 1 0
github.com/tiagofur/solennix-backend/internal/handlers/validation.go:276.2,276.48 1 1
github.com/tiagofur/solennix-backend/internal/handlers/validation.go:276.48,277.45 1 0
github.com/tiagofur/solennix-backend/internal/handlers/validation.go:277.45,279.4 1 0
github.com/tiagofur/solennix-backend/internal/handlers/validation.go:283.2,283.24 1 1
github.com/tiagofur/solennix-backend/internal/handlers/validation.go:283.24,284.85 1 1
github.com/tiagofur/solennix-backend/internal/handlers/validation.go:284.85,286.4 1 1
github.com/tiagofur/solennix-backend/internal/handlers/validation.go:288.2,288.25 1 1
github.com/tiagofur/solennix-backend/internal/handlers/validation.go:288.25,289.86 1 0
github.com/tiagofur/solennix-backend/internal/handlers/validation.go:289.86,291.4 1 0
github.com/tiagofur/solennix-backend/internal/handlers/validation.go:293.2,293.27 1 1
github.com/tiagofur/solennix-backend/internal/handlers/validation.go:293.27,294.92 1 0
github.com/tiagofur/solennix-backend/internal/handlers/validation.go:294.92,296.4 1 0
github.com/tiagofur/solennix-backend/internal/handlers/validation.go:298.2,298.24 1 1
github.com/tiagofur/solennix-backend/internal/handlers/validation.go:298.24,299.83 1 0
github.com/tiagofur/solennix-backend/internal/handlers/validation.go:299.83,301.4 1 0
github.com/tiagofur/solennix-backend/internal/handlers/validation.go:303.2,303.25 1 1
github.com/tiagofur/solennix-backend/internal/handlers/validation.go:303.25,304.86 1 0
github.com/tiagofur/solennix-backend/internal/handlers/validation.go:304.86,306.4 1 0
github.com/tiagofur/solennix-backend/internal/handlers/validation.go:310.2,314.12 4 1
github.com/tiagofur/solennix-backend/internal/handlers/validation.go:318.53,320.24 1 1
github.com/tiagofur/solennix-backend/internal/handlers/validation.go:320.24,322.3 1 1
github.com/tiagofur/solennix-backend/internal/handlers/validation.go:325.2,325.28 1 1
github.com/tiagofur/solennix-backend/internal/handlers/validation.go:325.28,327.3 1 1
github.com/tiagofur/solennix-backend/internal/handlers/validation.go:330.2,330.27 1 1
github.com/tiagofur/solennix-backend/internal/handlers/validation.go:330.27,332.3 1 1
github.com/tiagofur/solennix-backend/internal/handlers/validation.go:335.2,335.82 1 1
github.com/tiagofur/solennix-backend/internal/handlers/validation.go:335.82,337.3 1 1
github.com/tiagofur/solennix-backend/internal/handlers/validation.go:338.2,338.94 1 1
github.com/tiagofur/solennix-backend/internal/handlers/validation.go:338.94,340.3 1 0
github.com/tiagofur/solennix-backend/internal/handlers/validation.go:343.2,346.12 3 1
github.com/tiagofur/solennix-backend/internal/handlers/validation.go:350.62,352.31 1 1
github.com/tiagofur/solennix-backend/internal/handlers/validation.go:352.31,354.3 1 1
github.com/tiagofur/solennix-backend/internal/handlers/validation.go:357.2,357.27 1 1
github.com/tiagofur/solennix-backend/internal/handlers/validation.go:357.27,359.3 1 1
github.com/tiagofur/solennix-backend/internal/handlers/validation.go:362.2,362.27 1 1
github.com/tiagofur/solennix-backend/internal/handlers/validation.go:362.27,364.3 1 1
github.com/tiagofur/solennix-backend/internal/handlers/validation.go:367.2,367.21 1 1
github.com/tiagofur/solennix-backend/internal/handlers/validation.go:367.21,369.3 1 1
github.com/tiagofur/solennix-backend/internal/handlers/validation.go:372.2,372.26 1 1
github.com/tiagofur/solennix-backend/internal/handlers/validation.go:372.26,373.25 1 1
github.com/tiagofur/solennix-backend/internal/handlers/validation.go:373.25,375.4 1 1
github.com/tiagofur/solennix-backend/internal/handlers/validation.go:379.2,384.28 2 1
github.com/tiagofur/solennix-backend/internal/handlers/validation.go:384.28,386.3 1 1
github.com/tiagofur/solennix-backend/internal/handlers/validation.go:389.2,389.100 1 1
github.com/tiagofur/solennix-backend/internal/handlers/validation.go:389.100,391.3 1 0
github.com/tiagofur/solennix-backend/internal/handlers/validation.go:394.2,396.12 2 1
github.com/tiagofur/solennix-backend/internal/handlers/validation.go:400.62,401.21 1 1
github.com/tiagofur/solennix-backend/internal/handlers/validation.go:401.21,403.3 1 1
github.com/tiagofur/solennix-backend/internal/handlers/validation.go:404.2,404.12 1 1
github.com/tiagofur/solennix-backend/internal/handlers/validation.go:408.43,409.18 1 1
github.com/tiagofur/solennix-backend/internal/handlers/validation.go:409.18,411.3 1 1
github.com/tiagofur/solennix-backend/internal/handlers/validation.go:412.2,412.76 1 1
github.com/tiagofur/solennix-backend/internal/handlers/validation.go:412.76,414.3 1 1
github.com/tiagofur/solennix-backend/internal/handlers/validation.go:415.2,415.38 1 1
github.com/tiagofur/solennix-backend/internal/handlers/validation.go:415.38,416.40 1 1
github.com/tiagofur/solennix-backend/internal/handlers/validation.go:416.40,418.4 1 1
github.com/tiagofur/solennix-backend/internal/handlers/validation.go:419.3,419.81 1 1
github.com/tiagofur/solennix-backend/internal/handlers/validation.go:419.81,421.4 1 0
github.com/tiagofur/solennix-backend/internal/handlers/validation.go:423.2,423.20 1 1
github.com/tiagofur/solennix-backend/internal/handlers/validation.go:423.20,424.81 1 0
github.com/tiagofur/solennix-backend/internal/handlers/validation.go:424.81,426.4 1 0
github.com/tiagofur/solennix-backend/internal/handlers/validation.go:428.2,428.24 1 1
github.com/tiagofur/solennix-backend/internal/handlers/validation.go:428.24,429.89 1 1
github.com/tiagofur/solennix-backend/internal/handlers/validation.go:429.89,431.4 1 0
github.com/tiagofur/solennix-backend/internal/handlers/validation.go:433.2,433.20 1 1
github.com/tiagofur/solennix-backend/internal/handlers/validation.go:433.20,434.81 1 0
github.com/tiagofur/solennix-backend/internal/handlers/validation.go:434.81,436.4 1 0
github.com/tiagofur/solennix-backend/internal/handlers/validation.go:439.2,442.12 4 1
github.com/tiagofur/solennix-backend/internal/handlers/validation.go:448.51,449.18 1 1
github.com/tiagofur/solennix-backend/internal/handlers/validation.go:449.18,451.3 1 1
github.com/tiagofur/solennix-backend/internal/handlers/validation.go:452.2,452.76 1 1
github.com/tiagofur/solennix-backend/internal/handlers/validation.go:452.76,454.3 1 0
github.com/tiagofur/solennix-backend/internal/handlers/validation.go:455.2,455.24 1 1
github.com/tiagofur/solennix-backend/internal/handlers/validation.go:455.24,456.89 1 1
github.com/tiagofur/solennix-backend/internal/handlers/validation.go:456.89,458.4 1 0
github.com/tiagofur/solennix-backend/internal/handlers/validation.go:460.2,460.20 1 1
github.com/tiagofur/solennix-backend/internal/handlers/validation.go:460.20,461.81 1 0
github.com/tiagofur/solennix-backend/internal/handlers/validation.go:461.81,463.4 1 0
github.com/tiagofur/solennix-backend/internal/handlers/validation.go:465.2,466.27 2 1
github.com/tiagofur/solennix-backend/internal/handlers/validation.go:466.27,468.33 2 0
github.com/tiagofur/solennix-backend/internal/handlers/validation.go:468.33,470.4 1 0
github.com/tiagofur/solennix-backend/internal/handlers/validation.go:471.3,471.22 1 0
github.com/tiagofur/solennix-backend/internal/handlers/validation.go:471.22,473.4 1 0
github.com/tiagofur/solennix-backend/internal/handlers/validation.go:474.3,474.25 1 0
github.com/tiagofur/solennix-backend/internal/handlers/validation.go:476.2,479.12 4 1
github.com/tiagofur/solennix-backend/internal/handlers/validation.go:483.54,484.33 1 1
github.com/tiagofur/solennix-backend/internal/handlers/validation.go:484.33,486.3 1 1
github.com/tiagofur/solennix-backend/internal/handlers/validation.go:487.2,487.46 1 1
github.com/tiagofur/solennix-backend/internal/handlers/validation.go:487.46,489.3 1 1
github.com/tiagofur/solennix-backend/internal/handlers/validation.go:490.2,490.48 1 1
github.com/tiagofur/solennix-backend/internal/handlers/validation.go:490.48,492.3 1 0
github.com/tiagofur/solennix-backend/internal/handlers/validation.go:493.2,493.28 1 1
github.com/tiagofur/solennix-backend/internal/handlers/validation.go:493.28,494.96 1 0
github.com/tiagofur/solennix-backend/internal/handlers/validation.go:494.96,496.4 1 0
github.com/tiagofur/solennix-backend/internal/handlers/validation.go:498.2,498.21 1 1
github.com/tiagofur/solennix-backend/internal/handlers/validation.go:498.21,499.82 1 0
github.com/tiagofur/solennix-backend/internal/handlers/validation.go:499.82,501.4 1 0
github.com/tiagofur/solennix-backend/internal/handlers/validation.go:503.2,503.86 1 1
github.com/tiagofur/solennix-backend/internal/handlers/validation.go:503.86,505.3 1 1
github.com/tiagofur/solennix-backend/internal/handlers/validation.go:508.2,508.42 1 1
github.com/tiagofur/solennix-backend/internal/handlers/validation.go:508.42,509.21 1 1
github.com/tiagofur/solennix-backend/internal/handlers/validation.go:513.37,513.37 0 1
github.com/tiagofur/solennix-backend/internal/handlers/validation.go:514.11,515.111 1 1
github.com/tiagofur/solennix-backend/internal/handlers/validation.go:518.2,518.12 1 1
github.com/tiagofur/solennix-backend/internal/handlers/validation.go:522.55,523.21 1 1
github.com/tiagofur/solennix-backend/internal/handlers/validation.go:523.21,525.3 1 1
github.com/tiagofur/solennix-backend/internal/handlers/validation.go:526.2,526.20 1 1
github.com/tiagofur/solennix-backend/internal/handlers/validation.go:526.20,528.3 1 1
github.com/tiagofur/solennix-backend/internal/handlers/validation.go:529.2,533.29 2 1
github.com/tiagofur/solennix-backend/internal/handlers/validation.go:533.29,535.3 1 1
github.com/tiagofur/solennix-backend/internal/handlers/validation.go:536.2,536.12 1 1
github.com/tiagofur/solennix-backend/internal/handlers/validation.go:540.68,542.30 1 1
github.com/tiagofur/solennix-backend/internal/handlers/validation.go:542.30,544.3 1 1
github.com/tiagofur/solennix-backend/internal/handlers/validation.go:547.2,547.45 1 1
github.com/tiagofur/solennix-backend/internal/handlers/validation.go:547.45,549.3 1 1
github.com/tiagofur/solennix-backend/internal/handlers/validation.go:551.2,551.12 1 1
