{"numFailedTestSuites":0,"numFailedTests":0,"numPassedTestSuites":1,"numPassedTests":2,"numPendingTestSuites":0,"numPendingTests":0,"numRuntimeErrorTestSuites":0,"numTodoTests":0,"numTotalTestSuites":1,"numTotalTests":2,"openHandles":[],"snapshot":{"added":0,"didUpdate":false,"failure":false,"filesAdded":0,"filesRemoved":0,"filesRemovedList":[],"filesUnmatched":0,"filesUpdated":0,"matched":0,"total":0,"unchecked":0,"uncheckedKeysByFile":[],"unmatched":0,"updated":0},"startTime":1773187918632,"success":true,"testResults":[{"assertionResults":[{"ancestorTitles":["ClientListScreen"],"duration":93,"failing":false,"failureDetails":[],"failureMessages":[],"fullName":"ClientListScreen renders loading skeleton","invocations":1,"location":null,"numPassingAsserts":1,"retryReasons":[],"startAt":1773187920577,"status":"passed","title":"renders loading skeleton"},{"ancestorTitles":["ClientListScreen"],"duration":217,"failing":false,"failureDetails":[],"failureMessages":[],"fullName":"ClientListScreen renders list of clients","invocations":1,"location":null,"numPassingAsserts":1,"retryReasons":[],"startAt":1773187920672,"status":"passed","title":"renders list of clients"}],"endTime":1773187920892,"message":"","name":"C:\\Users\\tfurt\\source\\repos\\eventosapp\\mobile\\src\\screens\\clients\\__tests__\\ClientListScreen.test.tsx","startTime":1773187918845,"status":"passed","summary":""}],"wasInterrupted":false}
