{"numFailedTestSuites":1,"numFailedTests":0,"numPassedTestSuites":0,"numPassedTests":0,"numPendingTestSuites":0,"numPendingTests":0,"numRuntimeErrorTestSuites":1,"numTodoTests":0,"numTotalTestSuites":1,"numTotalTests":0,"openHandles":[],"snapshot":{"added":0,"didUpdate":false,"failure":false,"filesAdded":0,"filesRemoved":0,"filesRemovedList":[],"filesUnmatched":0,"filesUpdated":0,"matched":0,"total":0,"unchecked":0,"uncheckedKeysByFile":[],"unmatched":0,"updated":0},"startTime":1773186305841,"success":false,"testResults":[{"assertionResults":[],"coverage":{},"endTime":1773186307689,"message":"  \u001b[1m● \u001b[22mTest suite failed to run\n\n    Cannot find module 'expo/build/winter' from 'jest.setup.js'\n\n    \u001b[0m \u001b[90m 3 |\u001b[39m jest\u001b[33m.\u001b[39mmock(\u001b[32m'expo-asset'\u001b[39m\u001b[33m,\u001b[39m () \u001b[33m=>\u001b[39m ({ \u001b[33mAsset\u001b[39m\u001b[33m:\u001b[39m { loadAsync\u001b[33m:\u001b[39m jest\u001b[33m.\u001b[39mfn() } }))\u001b[33m;\u001b[39m\n     \u001b[90m 4 |\u001b[39m jest\u001b[33m.\u001b[39mmock(\u001b[32m'expo/src/winter'\u001b[39m\u001b[33m,\u001b[39m () \u001b[33m=>\u001b[39m ({ installGlobal\u001b[33m:\u001b[39m jest\u001b[33m.\u001b[39mfn() }))\u001b[33m;\u001b[39m\n    \u001b[31m\u001b[1m>\u001b[22m\u001b[39m\u001b[90m 5 |\u001b[39m jest\u001b[33m.\u001b[39mmock(\u001b[32m'expo/build/winter'\u001b[39m\u001b[33m,\u001b[39m () \u001b[33m=>\u001b[39m ({ installGlobal\u001b[33m:\u001b[39m jest\u001b[33m.\u001b[39mfn() }))\u001b[33m;\u001b[39m\n     \u001b[90m   |\u001b[39m      \u001b[31m\u001b[1m^\u001b[22m\u001b[39m\n     \u001b[90m 6 |\u001b[39m global\u001b[33m.\u001b[39m__ExpoImportMetaRegistry \u001b[33m=\u001b[39m { \u001b[36mget\u001b[39m\u001b[33m:\u001b[39m jest\u001b[33m.\u001b[39mfn() }\u001b[33m;\u001b[39m\n     \u001b[90m 7 |\u001b[39m\n     \u001b[90m 8 |\u001b[39m \u001b[90m// Mock react-native-reanimated globally to prevent WorkletsError and expo-winter initialization issues\u001b[39m\u001b[0m\n\n      \u001b[2mat Resolver._throwModNotFoundError (\u001b[22mnode_modules/jest-resolve/build/index.js\u001b[2m:863:11)\u001b[22m\n      \u001b[2mat Object.mock (\u001b[22mjest.setup.js\u001b[2m:5:6)\u001b[22m\n","name":"C:\\Users\\tfurt\\source\\repos\\eventosapp\\mobile\\src\\screens\\events\\__tests__\\EventFormScreen.test.tsx","startTime":1773186307689,"status":"failed","summary":""}],"wasInterrupted":false}
