{"numFailedTestSuites":1,"numFailedTests":0,"numPassedTestSuites":0,"numPassedTests":0,"numPendingTestSuites":0,"numPendingTests":0,"numRuntimeErrorTestSuites":1,"numTodoTests":0,"numTotalTestSuites":1,"numTotalTests":0,"openHandles":[],"snapshot":{"added":0,"didUpdate":false,"failure":false,"filesAdded":0,"filesRemoved":0,"filesRemovedList":[],"filesUnmatched":0,"filesUpdated":0,"matched":0,"total":0,"unchecked":0,"uncheckedKeysByFile":[],"unmatched":0,"updated":0},"startTime":1773186630057,"success":false,"testResults":[{"assertionResults":[],"coverage":{},"endTime":1773186631768,"message":"  \u001b[1m● \u001b[22mTest suite failed to run\n\n    Cannot find module '@/hooks/useToast' from 'src/screens/events/__tests__/EventFormScreen.test.tsx'\n\n    \u001b[0m \u001b[90m 129 |\u001b[39m \u001b[36mconst\u001b[39m mockHideToast \u001b[33m=\u001b[39m jest\u001b[33m.\u001b[39mfn()\u001b[33m;\u001b[39m\n     \u001b[90m 130 |\u001b[39m\n    \u001b[31m\u001b[1m>\u001b[22m\u001b[39m\u001b[90m 131 |\u001b[39m jest\u001b[33m.\u001b[39mmock(\u001b[32m'@/hooks/useToast'\u001b[39m\u001b[33m,\u001b[39m () \u001b[33m=>\u001b[39m ({\n     \u001b[90m     |\u001b[39m      \u001b[31m\u001b[1m^\u001b[22m\u001b[39m\n     \u001b[90m 132 |\u001b[39m   __esModule\u001b[33m:\u001b[39m \u001b[36mtrue\u001b[39m\u001b[33m,\u001b[39m\n     \u001b[90m 133 |\u001b[39m   useToast\u001b[33m:\u001b[39m () \u001b[33m=>\u001b[39m ({\n     \u001b[90m 134 |\u001b[39m     addToast\u001b[33m:\u001b[39m mockAddToast\u001b[33m,\u001b[39m\u001b[0m\n\n      \u001b[2mat Resolver._throwModNotFoundError (\u001b[22mnode_modules/jest-resolve/build/index.js\u001b[2m:863:11)\u001b[22m\n      \u001b[2mat Object.mock (\u001b[22m\u001b[0m\u001b[36msrc/screens/events/__tests__/EventFormScreen.test.tsx\u001b[39m\u001b[0m\u001b[2m:131:6)\u001b[22m\n","name":"C:\\Users\\tfurt\\source\\repos\\eventosapp\\mobile\\src\\screens\\events\\__tests__\\EventFormScreen.test.tsx","startTime":1773186631768,"status":"failed","summary":""}],"wasInterrupted":false}
