{"numFailedTestSuites":1,"numFailedTests":4,"numPassedTestSuites":0,"numPassedTests":0,"numPendingTestSuites":0,"numPendingTests":0,"numRuntimeErrorTestSuites":0,"numTodoTests":0,"numTotalTestSuites":1,"numTotalTests":4,"openHandles":[],"snapshot":{"added":0,"didUpdate":false,"failure":false,"filesAdded":0,"filesRemoved":0,"filesRemovedList":[],"filesUnmatched":0,"filesUpdated":0,"matched":0,"total":0,"unchecked":0,"uncheckedKeysByFile":[],"unmatched":0,"updated":0},"startTime":1773188041753,"success":false,"testResults":[{"assertionResults":[{"ancestorTitles":["ClientDetailScreen"],"duration":67,"failing":false,"failureDetails":[{}],"failureMessages":["TypeError: Cannot read properties of undefined (reading 'addEventListener')\n    at addEventListener (C:\\Users\\tfurt\\source\\repos\\eventosapp\\mobile\\node_modules\\@react-navigation\\native\\src\\useLinking.native.tsx:39:36)\n    at subscribe (C:\\Users\\tfurt\\source\\repos\\eventosapp\\mobile\\node_modules\\@react-navigation\\native\\src\\useLinking.native.tsx:211:12)\n    at Object.react_stack_bottom_frame (C:\\Users\\tfurt\\source\\repos\\eventosapp\\mobile\\node_modules\\react-test-renderer\\cjs\\react-test-renderer.development.js:15755:20)\n    at runWithFiberInDEV (C:\\Users\\tfurt\\source\\repos\\eventosapp\\mobile\\node_modules\\react-test-renderer\\cjs\\react-test-renderer.development.js:2315:13)\n    at commitHookEffectListMount (C:\\Users\\tfurt\\source\\repos\\eventosapp\\mobile\\node_modules\\react-test-renderer\\cjs\\react-test-renderer.development.js:9530:29)\n    at commitHookPassiveMountEffects (C:\\Users\\tfurt\\source\\repos\\eventosapp\\mobile\\node_modules\\react-test-renderer\\cjs\\react-test-renderer.development.js:9617:11)\n    at commitPassiveMountOnFiber (C:\\Users\\tfurt\\source\\repos\\eventosapp\\mobile\\node_modules\\react-test-renderer\\cjs\\react-test-renderer.development.js:11205:13)\n    at recursivelyTraversePassiveMountEffects (C:\\Users\\tfurt\\source\\repos\\eventosapp\\mobile\\node_modules\\react-test-renderer\\cjs\\react-test-renderer.development.js:11160:11)\n    at commitPassiveMountOnFiber (C:\\Users\\tfurt\\source\\repos\\eventosapp\\mobile\\node_modules\\react-test-renderer\\cjs\\react-test-renderer.development.js:11240:11)\n    at flushPendingEffects (C:\\Users\\tfurt\\source\\repos\\eventosapp\\mobile\\node_modules\\react-test-renderer\\cjs\\react-test-renderer.development.js:14086:11)\n    at performWorkOnRootViaSchedulerTask (C:\\Users\\tfurt\\source\\repos\\eventosapp\\mobile\\node_modules\\react-test-renderer\\cjs\\react-test-renderer.development.js:2896:11)\n    at flushActQueue (C:\\Users\\tfurt\\source\\repos\\eventosapp\\mobile\\node_modules\\react\\cjs\\react.development.js:590:34)\n    at process.env.NODE_ENV.exports.act (C:\\Users\\tfurt\\source\\repos\\eventosapp\\mobile\\node_modules\\react\\cjs\\react.development.js:884:10)\n    at actImplementation (C:\\Users\\tfurt\\source\\repos\\eventosapp\\mobile\\node_modules\\@testing-library\\react-native\\src\\act.ts:30:25)\n    at renderWithAct (C:\\Users\\tfurt\\source\\repos\\eventosapp\\mobile\\node_modules\\@testing-library\\react-native\\src\\render-act.ts:13:11)\n    at renderInternal (C:\\Users\\tfurt\\source\\repos\\eventosapp\\mobile\\node_modules\\@testing-library\\react-native\\src\\render.tsx:69:33)\n    at renderInternal (C:\\Users\\tfurt\\source\\repos\\eventosapp\\mobile\\node_modules\\@testing-library\\react-native\\src\\render.tsx:44:10)\n    at renderWithProviders (C:\\Users\\tfurt\\source\\repos\\eventosapp\\mobile\\src\\screens\\clients\\__tests__\\ClientDetailScreen.test.tsx:98:16)\n    at Object.renderWithProviders (C:\\Users\\tfurt\\source\\repos\\eventosapp\\mobile\\src\\screens\\clients\\__tests__\\ClientDetailScreen.test.tsx:137:42)\n    at Generator.next (<anonymous>)\n    at asyncGeneratorStep (C:\\Users\\tfurt\\source\\repos\\eventosapp\\mobile\\node_modules\\@babel\\runtime\\helpers\\asyncToGenerator.js:3:17)\n    at _next (C:\\Users\\tfurt\\source\\repos\\eventosapp\\mobile\\node_modules\\@babel\\runtime\\helpers\\asyncToGenerator.js:17:9)\n    at C:\\Users\\tfurt\\source\\repos\\eventosapp\\mobile\\node_modules\\@babel\\runtime\\helpers\\asyncToGenerator.js:22:7\n    at new Promise (<anonymous>)\n    at Object.<anonymous> (C:\\Users\\tfurt\\source\\repos\\eventosapp\\mobile\\node_modules\\@babel\\runtime\\helpers\\asyncToGenerator.js:14:12)\n    at Promise.finally.completed (C:\\Users\\tfurt\\source\\repos\\eventosapp\\mobile\\node_modules\\jest-circus\\build\\jestAdapterInit.js:1557:28)\n    at new Promise (<anonymous>)\n    at callAsyncCircusFn (C:\\Users\\tfurt\\source\\repos\\eventosapp\\mobile\\node_modules\\jest-circus\\build\\jestAdapterInit.js:1497:10)\n    at _callCircusTest (C:\\Users\\tfurt\\source\\repos\\eventosapp\\mobile\\node_modules\\jest-circus\\build\\jestAdapterInit.js:1007:40)\n    at processTicksAndRejections (node:internal/process/task_queues:105:5)\n    at _runTest (C:\\Users\\tfurt\\source\\repos\\eventosapp\\mobile\\node_modules\\jest-circus\\build\\jestAdapterInit.js:947:3)\n    at C:\\Users\\tfurt\\source\\repos\\eventosapp\\mobile\\node_modules\\jest-circus\\build\\jestAdapterInit.js:849:7\n    at _runTestsForDescribeBlock (C:\\Users\\tfurt\\source\\repos\\eventosapp\\mobile\\node_modules\\jest-circus\\build\\jestAdapterInit.js:862:11)\n    at _runTestsForDescribeBlock (C:\\Users\\tfurt\\source\\repos\\eventosapp\\mobile\\node_modules\\jest-circus\\build\\jestAdapterInit.js:857:11)\n    at run (C:\\Users\\tfurt\\source\\repos\\eventosapp\\mobile\\node_modules\\jest-circus\\build\\jestAdapterInit.js:761:3)\n    at runAndTransformResultsToJestFormat (C:\\Users\\tfurt\\source\\repos\\eventosapp\\mobile\\node_modules\\jest-circus\\build\\jestAdapterInit.js:1918:21)\n    at jestAdapter (C:\\Users\\tfurt\\source\\repos\\eventosapp\\mobile\\node_modules\\jest-circus\\build\\runner.js:101:19)\n    at runTestInternal (C:\\Users\\tfurt\\source\\repos\\eventosapp\\mobile\\node_modules\\jest-runner\\build\\index.js:275:16)\n    at runTest (C:\\Users\\tfurt\\source\\repos\\eventosapp\\mobile\\node_modules\\jest-runner\\build\\index.js:343:7)"],"fullName":"ClientDetailScreen renders client details and event history","invocations":1,"location":null,"numPassingAsserts":0,"retryReasons":[],"startAt":1773188045282,"status":"failed","title":"renders client details and event history"},{"ancestorTitles":["ClientDetailScreen"],"duration":17,"failing":false,"failureDetails":[{}],"failureMessages":["TypeError: Cannot read properties of undefined (reading 'addEventListener')\n    at addEventListener (C:\\Users\\tfurt\\source\\repos\\eventosapp\\mobile\\node_modules\\@react-navigation\\native\\src\\useLinking.native.tsx:39:36)\n    at subscribe (C:\\Users\\tfurt\\source\\repos\\eventosapp\\mobile\\node_modules\\@react-navigation\\native\\src\\useLinking.native.tsx:211:12)\n    at Object.react_stack_bottom_frame (C:\\Users\\tfurt\\source\\repos\\eventosapp\\mobile\\node_modules\\react-test-renderer\\cjs\\react-test-renderer.development.js:15755:20)\n    at runWithFiberInDEV (C:\\Users\\tfurt\\source\\repos\\eventosapp\\mobile\\node_modules\\react-test-renderer\\cjs\\react-test-renderer.development.js:2315:13)\n    at commitHookEffectListMount (C:\\Users\\tfurt\\source\\repos\\eventosapp\\mobile\\node_modules\\react-test-renderer\\cjs\\react-test-renderer.development.js:9530:29)\n    at commitHookPassiveMountEffects (C:\\Users\\tfurt\\source\\repos\\eventosapp\\mobile\\node_modules\\react-test-renderer\\cjs\\react-test-renderer.development.js:9617:11)\n    at commitPassiveMountOnFiber (C:\\Users\\tfurt\\source\\repos\\eventosapp\\mobile\\node_modules\\react-test-renderer\\cjs\\react-test-renderer.development.js:11205:13)\n    at recursivelyTraversePassiveMountEffects (C:\\Users\\tfurt\\source\\repos\\eventosapp\\mobile\\node_modules\\react-test-renderer\\cjs\\react-test-renderer.development.js:11160:11)\n    at commitPassiveMountOnFiber (C:\\Users\\tfurt\\source\\repos\\eventosapp\\mobile\\node_modules\\react-test-renderer\\cjs\\react-test-renderer.development.js:11240:11)\n    at flushPendingEffects (C:\\Users\\tfurt\\source\\repos\\eventosapp\\mobile\\node_modules\\react-test-renderer\\cjs\\react-test-renderer.development.js:14086:11)\n    at performWorkOnRootViaSchedulerTask (C:\\Users\\tfurt\\source\\repos\\eventosapp\\mobile\\node_modules\\react-test-renderer\\cjs\\react-test-renderer.development.js:2896:11)\n    at flushActQueue (C:\\Users\\tfurt\\source\\repos\\eventosapp\\mobile\\node_modules\\react\\cjs\\react.development.js:590:34)\n    at process.env.NODE_ENV.exports.act (C:\\Users\\tfurt\\source\\repos\\eventosapp\\mobile\\node_modules\\react\\cjs\\react.development.js:884:10)\n    at actImplementation (C:\\Users\\tfurt\\source\\repos\\eventosapp\\mobile\\node_modules\\@testing-library\\react-native\\src\\act.ts:30:25)\n    at renderWithAct (C:\\Users\\tfurt\\source\\repos\\eventosapp\\mobile\\node_modules\\@testing-library\\react-native\\src\\render-act.ts:13:11)\n    at renderInternal (C:\\Users\\tfurt\\source\\repos\\eventosapp\\mobile\\node_modules\\@testing-library\\react-native\\src\\render.tsx:69:33)\n    at renderInternal (C:\\Users\\tfurt\\source\\repos\\eventosapp\\mobile\\node_modules\\@testing-library\\react-native\\src\\render.tsx:44:10)\n    at renderWithProviders (C:\\Users\\tfurt\\source\\repos\\eventosapp\\mobile\\src\\screens\\clients\\__tests__\\ClientDetailScreen.test.tsx:98:16)\n    at Object.renderWithProviders (C:\\Users\\tfurt\\source\\repos\\eventosapp\\mobile\\src\\screens\\clients\\__tests__\\ClientDetailScreen.test.tsx:162:55)\n    at Generator.next (<anonymous>)\n    at asyncGeneratorStep (C:\\Users\\tfurt\\source\\repos\\eventosapp\\mobile\\node_modules\\@babel\\runtime\\helpers\\asyncToGenerator.js:3:17)\n    at _next (C:\\Users\\tfurt\\source\\repos\\eventosapp\\mobile\\node_modules\\@babel\\runtime\\helpers\\asyncToGenerator.js:17:9)\n    at C:\\Users\\tfurt\\source\\repos\\eventosapp\\mobile\\node_modules\\@babel\\runtime\\helpers\\asyncToGenerator.js:22:7\n    at new Promise (<anonymous>)\n    at Object.<anonymous> (C:\\Users\\tfurt\\source\\repos\\eventosapp\\mobile\\node_modules\\@babel\\runtime\\helpers\\asyncToGenerator.js:14:12)\n    at Promise.finally.completed (C:\\Users\\tfurt\\source\\repos\\eventosapp\\mobile\\node_modules\\jest-circus\\build\\jestAdapterInit.js:1557:28)\n    at new Promise (<anonymous>)\n    at callAsyncCircusFn (C:\\Users\\tfurt\\source\\repos\\eventosapp\\mobile\\node_modules\\jest-circus\\build\\jestAdapterInit.js:1497:10)\n    at _callCircusTest (C:\\Users\\tfurt\\source\\repos\\eventosapp\\mobile\\node_modules\\jest-circus\\build\\jestAdapterInit.js:1007:40)\n    at _runTest (C:\\Users\\tfurt\\source\\repos\\eventosapp\\mobile\\node_modules\\jest-circus\\build\\jestAdapterInit.js:947:3)\n    at C:\\Users\\tfurt\\source\\repos\\eventosapp\\mobile\\node_modules\\jest-circus\\build\\jestAdapterInit.js:849:7\n    at _runTestsForDescribeBlock (C:\\Users\\tfurt\\source\\repos\\eventosapp\\mobile\\node_modules\\jest-circus\\build\\jestAdapterInit.js:862:11)\n    at _runTestsForDescribeBlock (C:\\Users\\tfurt\\source\\repos\\eventosapp\\mobile\\node_modules\\jest-circus\\build\\jestAdapterInit.js:857:11)\n    at run (C:\\Users\\tfurt\\source\\repos\\eventosapp\\mobile\\node_modules\\jest-circus\\build\\jestAdapterInit.js:761:3)\n    at runAndTransformResultsToJestFormat (C:\\Users\\tfurt\\source\\repos\\eventosapp\\mobile\\node_modules\\jest-circus\\build\\jestAdapterInit.js:1918:21)\n    at jestAdapter (C:\\Users\\tfurt\\source\\repos\\eventosapp\\mobile\\node_modules\\jest-circus\\build\\runner.js:101:19)\n    at runTestInternal (C:\\Users\\tfurt\\source\\repos\\eventosapp\\mobile\\node_modules\\jest-runner\\build\\index.js:275:16)\n    at runTest (C:\\Users\\tfurt\\source\\repos\\eventosapp\\mobile\\node_modules\\jest-runner\\build\\index.js:343:7)"],"fullName":"ClientDetailScreen handles client deletion","invocations":1,"location":null,"numPassingAsserts":0,"retryReasons":[],"startAt":1773188045373,"status":"failed","title":"handles client deletion"},{"ancestorTitles":["ClientDetailScreen"],"duration":8,"failing":false,"failureDetails":[{}],"failureMessages":["TypeError: Cannot read properties of undefined (reading 'addEventListener')\n    at addEventListener (C:\\Users\\tfurt\\source\\repos\\eventosapp\\mobile\\node_modules\\@react-navigation\\native\\src\\useLinking.native.tsx:39:36)\n    at subscribe (C:\\Users\\tfurt\\source\\repos\\eventosapp\\mobile\\node_modules\\@react-navigation\\native\\src\\useLinking.native.tsx:211:12)\n    at Object.react_stack_bottom_frame (C:\\Users\\tfurt\\source\\repos\\eventosapp\\mobile\\node_modules\\react-test-renderer\\cjs\\react-test-renderer.development.js:15755:20)\n    at runWithFiberInDEV (C:\\Users\\tfurt\\source\\repos\\eventosapp\\mobile\\node_modules\\react-test-renderer\\cjs\\react-test-renderer.development.js:2315:13)\n    at commitHookEffectListMount (C:\\Users\\tfurt\\source\\repos\\eventosapp\\mobile\\node_modules\\react-test-renderer\\cjs\\react-test-renderer.development.js:9530:29)\n    at commitHookPassiveMountEffects (C:\\Users\\tfurt\\source\\repos\\eventosapp\\mobile\\node_modules\\react-test-renderer\\cjs\\react-test-renderer.development.js:9617:11)\n    at commitPassiveMountOnFiber (C:\\Users\\tfurt\\source\\repos\\eventosapp\\mobile\\node_modules\\react-test-renderer\\cjs\\react-test-renderer.development.js:11205:13)\n    at recursivelyTraversePassiveMountEffects (C:\\Users\\tfurt\\source\\repos\\eventosapp\\mobile\\node_modules\\react-test-renderer\\cjs\\react-test-renderer.development.js:11160:11)\n    at commitPassiveMountOnFiber (C:\\Users\\tfurt\\source\\repos\\eventosapp\\mobile\\node_modules\\react-test-renderer\\cjs\\react-test-renderer.development.js:11240:11)\n    at flushPendingEffects (C:\\Users\\tfurt\\source\\repos\\eventosapp\\mobile\\node_modules\\react-test-renderer\\cjs\\react-test-renderer.development.js:14086:11)\n    at performWorkOnRootViaSchedulerTask (C:\\Users\\tfurt\\source\\repos\\eventosapp\\mobile\\node_modules\\react-test-renderer\\cjs\\react-test-renderer.development.js:2896:11)\n    at flushActQueue (C:\\Users\\tfurt\\source\\repos\\eventosapp\\mobile\\node_modules\\react\\cjs\\react.development.js:590:34)\n    at process.env.NODE_ENV.exports.act (C:\\Users\\tfurt\\source\\repos\\eventosapp\\mobile\\node_modules\\react\\cjs\\react.development.js:884:10)\n    at actImplementation (C:\\Users\\tfurt\\source\\repos\\eventosapp\\mobile\\node_modules\\@testing-library\\react-native\\src\\act.ts:30:25)\n    at renderWithAct (C:\\Users\\tfurt\\source\\repos\\eventosapp\\mobile\\node_modules\\@testing-library\\react-native\\src\\render-act.ts:13:11)\n    at renderInternal (C:\\Users\\tfurt\\source\\repos\\eventosapp\\mobile\\node_modules\\@testing-library\\react-native\\src\\render.tsx:69:33)\n    at renderInternal (C:\\Users\\tfurt\\source\\repos\\eventosapp\\mobile\\node_modules\\@testing-library\\react-native\\src\\render.tsx:44:10)\n    at renderWithProviders (C:\\Users\\tfurt\\source\\repos\\eventosapp\\mobile\\src\\screens\\clients\\__tests__\\ClientDetailScreen.test.tsx:98:16)\n    at Object.renderWithProviders (C:\\Users\\tfurt\\source\\repos\\eventosapp\\mobile\\src\\screens\\clients\\__tests__\\ClientDetailScreen.test.tsx:189:42)\n    at Generator.next (<anonymous>)\n    at asyncGeneratorStep (C:\\Users\\tfurt\\source\\repos\\eventosapp\\mobile\\node_modules\\@babel\\runtime\\helpers\\asyncToGenerator.js:3:17)\n    at _next (C:\\Users\\tfurt\\source\\repos\\eventosapp\\mobile\\node_modules\\@babel\\runtime\\helpers\\asyncToGenerator.js:17:9)\n    at C:\\Users\\tfurt\\source\\repos\\eventosapp\\mobile\\node_modules\\@babel\\runtime\\helpers\\asyncToGenerator.js:22:7\n    at new Promise (<anonymous>)\n    at Object.<anonymous> (C:\\Users\\tfurt\\source\\repos\\eventosapp\\mobile\\node_modules\\@babel\\runtime\\helpers\\asyncToGenerator.js:14:12)\n    at Promise.finally.completed (C:\\Users\\tfurt\\source\\repos\\eventosapp\\mobile\\node_modules\\jest-circus\\build\\jestAdapterInit.js:1557:28)\n    at new Promise (<anonymous>)\n    at callAsyncCircusFn (C:\\Users\\tfurt\\source\\repos\\eventosapp\\mobile\\node_modules\\jest-circus\\build\\jestAdapterInit.js:1497:10)\n    at _callCircusTest (C:\\Users\\tfurt\\source\\repos\\eventosapp\\mobile\\node_modules\\jest-circus\\build\\jestAdapterInit.js:1007:40)\n    at _runTest (C:\\Users\\tfurt\\source\\repos\\eventosapp\\mobile\\node_modules\\jest-circus\\build\\jestAdapterInit.js:947:3)\n    at C:\\Users\\tfurt\\source\\repos\\eventosapp\\mobile\\node_modules\\jest-circus\\build\\jestAdapterInit.js:849:7\n    at _runTestsForDescribeBlock (C:\\Users\\tfurt\\source\\repos\\eventosapp\\mobile\\node_modules\\jest-circus\\build\\jestAdapterInit.js:862:11)\n    at _runTestsForDescribeBlock (C:\\Users\\tfurt\\source\\repos\\eventosapp\\mobile\\node_modules\\jest-circus\\build\\jestAdapterInit.js:857:11)\n    at run (C:\\Users\\tfurt\\source\\repos\\eventosapp\\mobile\\node_modules\\jest-circus\\build\\jestAdapterInit.js:761:3)\n    at runAndTransformResultsToJestFormat (C:\\Users\\tfurt\\source\\repos\\eventosapp\\mobile\\node_modules\\jest-circus\\build\\jestAdapterInit.js:1918:21)\n    at jestAdapter (C:\\Users\\tfurt\\source\\repos\\eventosapp\\mobile\\node_modules\\jest-circus\\build\\runner.js:101:19)\n    at runTestInternal (C:\\Users\\tfurt\\source\\repos\\eventosapp\\mobile\\node_modules\\jest-runner\\build\\index.js:275:16)\n    at runTest (C:\\Users\\tfurt\\source\\repos\\eventosapp\\mobile\\node_modules\\jest-runner\\build\\index.js:343:7)"],"fullName":"ClientDetailScreen navigates to edit form","invocations":1,"location":null,"numPassingAsserts":0,"retryReasons":[],"startAt":1773188045392,"status":"failed","title":"navigates to edit form"},{"ancestorTitles":["ClientDetailScreen"],"duration":4,"failing":false,"failureDetails":[{}],"failureMessages":["TypeError: Cannot read properties of undefined (reading 'addEventListener')\n    at addEventListener (C:\\Users\\tfurt\\source\\repos\\eventosapp\\mobile\\node_modules\\@react-navigation\\native\\src\\useLinking.native.tsx:39:36)\n    at subscribe (C:\\Users\\tfurt\\source\\repos\\eventosapp\\mobile\\node_modules\\@react-navigation\\native\\src\\useLinking.native.tsx:211:12)\n    at Object.react_stack_bottom_frame (C:\\Users\\tfurt\\source\\repos\\eventosapp\\mobile\\node_modules\\react-test-renderer\\cjs\\react-test-renderer.development.js:15755:20)\n    at runWithFiberInDEV (C:\\Users\\tfurt\\source\\repos\\eventosapp\\mobile\\node_modules\\react-test-renderer\\cjs\\react-test-renderer.development.js:2315:13)\n    at commitHookEffectListMount (C:\\Users\\tfurt\\source\\repos\\eventosapp\\mobile\\node_modules\\react-test-renderer\\cjs\\react-test-renderer.development.js:9530:29)\n    at commitHookPassiveMountEffects (C:\\Users\\tfurt\\source\\repos\\eventosapp\\mobile\\node_modules\\react-test-renderer\\cjs\\react-test-renderer.development.js:9617:11)\n    at commitPassiveMountOnFiber (C:\\Users\\tfurt\\source\\repos\\eventosapp\\mobile\\node_modules\\react-test-renderer\\cjs\\react-test-renderer.development.js:11205:13)\n    at recursivelyTraversePassiveMountEffects (C:\\Users\\tfurt\\source\\repos\\eventosapp\\mobile\\node_modules\\react-test-renderer\\cjs\\react-test-renderer.development.js:11160:11)\n    at commitPassiveMountOnFiber (C:\\Users\\tfurt\\source\\repos\\eventosapp\\mobile\\node_modules\\react-test-renderer\\cjs\\react-test-renderer.development.js:11240:11)\n    at flushPendingEffects (C:\\Users\\tfurt\\source\\repos\\eventosapp\\mobile\\node_modules\\react-test-renderer\\cjs\\react-test-renderer.development.js:14086:11)\n    at performWorkOnRootViaSchedulerTask (C:\\Users\\tfurt\\source\\repos\\eventosapp\\mobile\\node_modules\\react-test-renderer\\cjs\\react-test-renderer.development.js:2896:11)\n    at flushActQueue (C:\\Users\\tfurt\\source\\repos\\eventosapp\\mobile\\node_modules\\react\\cjs\\react.development.js:590:34)\n    at process.env.NODE_ENV.exports.act (C:\\Users\\tfurt\\source\\repos\\eventosapp\\mobile\\node_modules\\react\\cjs\\react.development.js:884:10)\n    at actImplementation (C:\\Users\\tfurt\\source\\repos\\eventosapp\\mobile\\node_modules\\@testing-library\\react-native\\src\\act.ts:30:25)\n    at renderWithAct (C:\\Users\\tfurt\\source\\repos\\eventosapp\\mobile\\node_modules\\@testing-library\\react-native\\src\\render-act.ts:13:11)\n    at renderInternal (C:\\Users\\tfurt\\source\\repos\\eventosapp\\mobile\\node_modules\\@testing-library\\react-native\\src\\render.tsx:69:33)\n    at renderInternal (C:\\Users\\tfurt\\source\\repos\\eventosapp\\mobile\\node_modules\\@testing-library\\react-native\\src\\render.tsx:44:10)\n    at renderWithProviders (C:\\Users\\tfurt\\source\\repos\\eventosapp\\mobile\\src\\screens\\clients\\__tests__\\ClientDetailScreen.test.tsx:98:16)\n    at Object.renderWithProviders (C:\\Users\\tfurt\\source\\repos\\eventosapp\\mobile\\src\\screens\\clients\\__tests__\\ClientDetailScreen.test.tsx:208:42)\n    at Generator.next (<anonymous>)\n    at asyncGeneratorStep (C:\\Users\\tfurt\\source\\repos\\eventosapp\\mobile\\node_modules\\@babel\\runtime\\helpers\\asyncToGenerator.js:3:17)\n    at _next (C:\\Users\\tfurt\\source\\repos\\eventosapp\\mobile\\node_modules\\@babel\\runtime\\helpers\\asyncToGenerator.js:17:9)\n    at C:\\Users\\tfurt\\source\\repos\\eventosapp\\mobile\\node_modules\\@babel\\runtime\\helpers\\asyncToGenerator.js:22:7\n    at new Promise (<anonymous>)\n    at Object.<anonymous> (C:\\Users\\tfurt\\source\\repos\\eventosapp\\mobile\\node_modules\\@babel\\runtime\\helpers\\asyncToGenerator.js:14:12)\n    at Promise.finally.completed (C:\\Users\\tfurt\\source\\repos\\eventosapp\\mobile\\node_modules\\jest-circus\\build\\jestAdapterInit.js:1557:28)\n    at new Promise (<anonymous>)\n    at callAsyncCircusFn (C:\\Users\\tfurt\\source\\repos\\eventosapp\\mobile\\node_modules\\jest-circus\\build\\jestAdapterInit.js:1497:10)\n    at _callCircusTest (C:\\Users\\tfurt\\source\\repos\\eventosapp\\mobile\\node_modules\\jest-circus\\build\\jestAdapterInit.js:1007:40)\n    at _runTest (C:\\Users\\tfurt\\source\\repos\\eventosapp\\mobile\\node_modules\\jest-circus\\build\\jestAdapterInit.js:947:3)\n    at C:\\Users\\tfurt\\source\\repos\\eventosapp\\mobile\\node_modules\\jest-circus\\build\\jestAdapterInit.js:849:7\n    at _runTestsForDescribeBlock (C:\\Users\\tfurt\\source\\repos\\eventosapp\\mobile\\node_modules\\jest-circus\\build\\jestAdapterInit.js:862:11)\n    at _runTestsForDescribeBlock (C:\\Users\\tfurt\\source\\repos\\eventosapp\\mobile\\node_modules\\jest-circus\\build\\jestAdapterInit.js:857:11)\n    at run (C:\\Users\\tfurt\\source\\repos\\eventosapp\\mobile\\node_modules\\jest-circus\\build\\jestAdapterInit.js:761:3)\n    at runAndTransformResultsToJestFormat (C:\\Users\\tfurt\\source\\repos\\eventosapp\\mobile\\node_modules\\jest-circus\\build\\jestAdapterInit.js:1918:21)\n    at jestAdapter (C:\\Users\\tfurt\\source\\repos\\eventosapp\\mobile\\node_modules\\jest-circus\\build\\runner.js:101:19)\n    at runTestInternal (C:\\Users\\tfurt\\source\\repos\\eventosapp\\mobile\\node_modules\\jest-runner\\build\\index.js:275:16)\n    at runTest (C:\\Users\\tfurt\\source\\repos\\eventosapp\\mobile\\node_modules\\jest-runner\\build\\index.js:343:7)"],"fullName":"ClientDetailScreen handles phone call action","invocations":1,"location":null,"numPassingAsserts":0,"retryReasons":[],"startAt":1773188045402,"status":"failed","title":"handles phone call action"}],"endTime":1773188045456,"message":"\u001b[1m\u001b[31m  \u001b[1m● \u001b[22m\u001b[1mClientDetailScreen › renders client details and event history\u001b[39m\u001b[22m\n\n    TypeError: Cannot read properties of undefined (reading 'addEventListener')\n\u001b[2m\u001b[22m\n\u001b[2m    \u001b[0m \u001b[90m  96 |\u001b[39m\u001b[22m\n\u001b[2m     \u001b[90m  97 |\u001b[39m \u001b[36mconst\u001b[39m renderWithProviders \u001b[33m=\u001b[39m (ui\u001b[33m:\u001b[39m \u001b[33mReact\u001b[39m\u001b[33m.\u001b[39m\u001b[33mReactElement\u001b[39m) \u001b[33m=>\u001b[39m {\u001b[22m\n\u001b[2m    \u001b[31m\u001b[1m>\u001b[22m\u001b[2m\u001b[39m\u001b[90m  98 |\u001b[39m   \u001b[36mreturn\u001b[39m render(\u001b[22m\n\u001b[2m     \u001b[90m     |\u001b[39m                \u001b[31m\u001b[1m^\u001b[22m\u001b[2m\u001b[39m\u001b[22m\n\u001b[2m     \u001b[90m  99 |\u001b[39m     \u001b[33m<\u001b[39m\u001b[33mNavigationContainer\u001b[39m\u001b[33m>\u001b[39m{ui}\u001b[33m<\u001b[39m\u001b[33m/\u001b[39m\u001b[33mNavigationContainer\u001b[39m\u001b[33m>\u001b[39m\u001b[22m\n\u001b[2m     \u001b[90m 100 |\u001b[39m   )\u001b[33m;\u001b[39m\u001b[22m\n\u001b[2m     \u001b[90m 101 |\u001b[39m }\u001b[33m;\u001b[39m\u001b[0m\u001b[22m\n\u001b[2m\u001b[22m\n\u001b[2m      \u001b[2mat addEventListener (\u001b[22m\u001b[2mnode_modules/@react-navigation/native/src/useLinking.native.tsx\u001b[2m:39:36)\u001b[22m\u001b[2m\u001b[22m\n\u001b[2m      \u001b[2mat subscribe (\u001b[22m\u001b[2mnode_modules/@react-navigation/native/src/useLinking.native.tsx\u001b[2m:211:12)\u001b[22m\u001b[2m\u001b[22m\n\u001b[2m      \u001b[2mat Object.react_stack_bottom_frame (\u001b[22m\u001b[2mnode_modules/react-test-renderer/cjs/react-test-renderer.development.js\u001b[2m:15755:20)\u001b[22m\u001b[2m\u001b[22m\n\u001b[2m      \u001b[2mat runWithFiberInDEV (\u001b[22m\u001b[2mnode_modules/react-test-renderer/cjs/react-test-renderer.development.js\u001b[2m:2315:13)\u001b[22m\u001b[2m\u001b[22m\n\u001b[2m      \u001b[2mat commitHookEffectListMount (\u001b[22m\u001b[2mnode_modules/react-test-renderer/cjs/react-test-renderer.development.js\u001b[2m:9530:29)\u001b[22m\u001b[2m\u001b[22m\n\u001b[2m      \u001b[2mat commitHookPassiveMountEffects (\u001b[22m\u001b[2mnode_modules/react-test-renderer/cjs/react-test-renderer.development.js\u001b[2m:9617:11)\u001b[22m\u001b[2m\u001b[22m\n\u001b[2m      \u001b[2mat commitPassiveMountOnFiber (\u001b[22m\u001b[2mnode_modules/react-test-renderer/cjs/react-test-renderer.development.js\u001b[2m:11205:13)\u001b[22m\u001b[2m\u001b[22m\n\u001b[2m      \u001b[2mat recursivelyTraversePassiveMountEffects (\u001b[22m\u001b[2mnode_modules/react-test-renderer/cjs/react-test-renderer.development.js\u001b[2m:11160:11)\u001b[22m\u001b[2m\u001b[22m\n\u001b[2m      \u001b[2mat commitPassiveMountOnFiber (\u001b[22m\u001b[2mnode_modules/react-test-renderer/cjs/react-test-renderer.development.js\u001b[2m:11240:11)\u001b[22m\u001b[2m\u001b[22m\n\u001b[2m      \u001b[2mat flushPendingEffects (\u001b[22m\u001b[2mnode_modules/react-test-renderer/cjs/react-test-renderer.development.js\u001b[2m:14086:11)\u001b[22m\u001b[2m\u001b[22m\n\u001b[2m      \u001b[2mat performWorkOnRootViaSchedulerTask (\u001b[22m\u001b[2mnode_modules/react-test-renderer/cjs/react-test-renderer.development.js\u001b[2m:2896:11)\u001b[22m\u001b[2m\u001b[22m\n\u001b[2m      \u001b[2mat flushActQueue (\u001b[22m\u001b[2mnode_modules/react/cjs/react.development.js\u001b[2m:590:34)\u001b[22m\u001b[2m\u001b[22m\n\u001b[2m      \u001b[2mat process.env.NODE_ENV.exports.act (\u001b[22m\u001b[2mnode_modules/react/cjs/react.development.js\u001b[2m:884:10)\u001b[22m\u001b[2m\u001b[22m\n\u001b[2m      \u001b[2mat actImplementation (\u001b[22m\u001b[2mnode_modules/@testing-library/react-native/src/act.ts\u001b[2m:30:25)\u001b[22m\u001b[2m\u001b[22m\n\u001b[2m      \u001b[2mat renderWithAct (\u001b[22m\u001b[2mnode_modules/@testing-library/react-native/src/render-act.ts\u001b[2m:13:11)\u001b[22m\u001b[2m\u001b[22m\n\u001b[2m      \u001b[2mat renderInternal (\u001b[22m\u001b[2mnode_modules/@testing-library/react-native/src/render.tsx\u001b[2m:69:33)\u001b[22m\u001b[2m\u001b[22m\n\u001b[2m      \u001b[2mat renderInternal (\u001b[22m\u001b[2mnode_modules/@testing-library/react-native/src/render.tsx\u001b[2m:44:10)\u001b[22m\u001b[2m\u001b[22m\n\u001b[2m      \u001b[2mat renderWithProviders (\u001b[22m\u001b[2m\u001b[0m\u001b[36msrc/screens/clients/__tests__/ClientDetailScreen.test.tsx\u001b[39m\u001b[0m\u001b[2m:98:16)\u001b[22m\u001b[2m\u001b[22m\n\u001b[2m      \u001b[2mat Object.renderWithProviders (\u001b[22m\u001b[2m\u001b[0m\u001b[36msrc/screens/clients/__tests__/ClientDetailScreen.test.tsx\u001b[39m\u001b[0m\u001b[2m:137:42)\u001b[22m\u001b[2m\u001b[22m\n\u001b[2m      \u001b[2mat asyncGeneratorStep (\u001b[22m\u001b[2mnode_modules/@babel/runtime/helpers/asyncToGenerator.js\u001b[2m:3:17)\u001b[22m\u001b[2m\u001b[22m\n\u001b[2m      \u001b[2mat _next (\u001b[22m\u001b[2mnode_modules/@babel/runtime/helpers/asyncToGenerator.js\u001b[2m:17:9)\u001b[22m\u001b[2m\u001b[22m\n\u001b[2m      \u001b[2mat \u001b[22m\u001b[2mnode_modules/@babel/runtime/helpers/asyncToGenerator.js\u001b[2m:22:7\u001b[22m\u001b[2m\u001b[22m\n\u001b[2m      \u001b[2mat Object.<anonymous> (\u001b[22m\u001b[2mnode_modules/@babel/runtime/helpers/asyncToGenerator.js\u001b[2m:14:12)\u001b[22m\u001b[2m\u001b[22m\n\n\u001b[1m\u001b[31m  \u001b[1m● \u001b[22m\u001b[1mClientDetailScreen › handles client deletion\u001b[39m\u001b[22m\n\n    TypeError: Cannot read properties of undefined (reading 'addEventListener')\n\u001b[2m\u001b[22m\n\u001b[2m    \u001b[0m \u001b[90m  96 |\u001b[39m\u001b[22m\n\u001b[2m     \u001b[90m  97 |\u001b[39m \u001b[36mconst\u001b[39m renderWithProviders \u001b[33m=\u001b[39m (ui\u001b[33m:\u001b[39m \u001b[33mReact\u001b[39m\u001b[33m.\u001b[39m\u001b[33mReactElement\u001b[39m) \u001b[33m=>\u001b[39m {\u001b[22m\n\u001b[2m    \u001b[31m\u001b[1m>\u001b[22m\u001b[2m\u001b[39m\u001b[90m  98 |\u001b[39m   \u001b[36mreturn\u001b[39m render(\u001b[22m\n\u001b[2m     \u001b[90m     |\u001b[39m                \u001b[31m\u001b[1m^\u001b[22m\u001b[2m\u001b[39m\u001b[22m\n\u001b[2m     \u001b[90m  99 |\u001b[39m     \u001b[33m<\u001b[39m\u001b[33mNavigationContainer\u001b[39m\u001b[33m>\u001b[39m{ui}\u001b[33m<\u001b[39m\u001b[33m/\u001b[39m\u001b[33mNavigationContainer\u001b[39m\u001b[33m>\u001b[39m\u001b[22m\n\u001b[2m     \u001b[90m 100 |\u001b[39m   )\u001b[33m;\u001b[39m\u001b[22m\n\u001b[2m     \u001b[90m 101 |\u001b[39m }\u001b[33m;\u001b[39m\u001b[0m\u001b[22m\n\u001b[2m\u001b[22m\n\u001b[2m      \u001b[2mat addEventListener (\u001b[22m\u001b[2mnode_modules/@react-navigation/native/src/useLinking.native.tsx\u001b[2m:39:36)\u001b[22m\u001b[2m\u001b[22m\n\u001b[2m      \u001b[2mat subscribe (\u001b[22m\u001b[2mnode_modules/@react-navigation/native/src/useLinking.native.tsx\u001b[2m:211:12)\u001b[22m\u001b[2m\u001b[22m\n\u001b[2m      \u001b[2mat Object.react_stack_bottom_frame (\u001b[22m\u001b[2mnode_modules/react-test-renderer/cjs/react-test-renderer.development.js\u001b[2m:15755:20)\u001b[22m\u001b[2m\u001b[22m\n\u001b[2m      \u001b[2mat runWithFiberInDEV (\u001b[22m\u001b[2mnode_modules/react-test-renderer/cjs/react-test-renderer.development.js\u001b[2m:2315:13)\u001b[22m\u001b[2m\u001b[22m\n\u001b[2m      \u001b[2mat commitHookEffectListMount (\u001b[22m\u001b[2mnode_modules/react-test-renderer/cjs/react-test-renderer.development.js\u001b[2m:9530:29)\u001b[22m\u001b[2m\u001b[22m\n\u001b[2m      \u001b[2mat commitHookPassiveMountEffects (\u001b[22m\u001b[2mnode_modules/react-test-renderer/cjs/react-test-renderer.development.js\u001b[2m:9617:11)\u001b[22m\u001b[2m\u001b[22m\n\u001b[2m      \u001b[2mat commitPassiveMountOnFiber (\u001b[22m\u001b[2mnode_modules/react-test-renderer/cjs/react-test-renderer.development.js\u001b[2m:11205:13)\u001b[22m\u001b[2m\u001b[22m\n\u001b[2m      \u001b[2mat recursivelyTraversePassiveMountEffects (\u001b[22m\u001b[2mnode_modules/react-test-renderer/cjs/react-test-renderer.development.js\u001b[2m:11160:11)\u001b[22m\u001b[2m\u001b[22m\n\u001b[2m      \u001b[2mat commitPassiveMountOnFiber (\u001b[22m\u001b[2mnode_modules/react-test-renderer/cjs/react-test-renderer.development.js\u001b[2m:11240:11)\u001b[22m\u001b[2m\u001b[22m\n\u001b[2m      \u001b[2mat flushPendingEffects (\u001b[22m\u001b[2mnode_modules/react-test-renderer/cjs/react-test-renderer.development.js\u001b[2m:14086:11)\u001b[22m\u001b[2m\u001b[22m\n\u001b[2m      \u001b[2mat performWorkOnRootViaSchedulerTask (\u001b[22m\u001b[2mnode_modules/react-test-renderer/cjs/react-test-renderer.development.js\u001b[2m:2896:11)\u001b[22m\u001b[2m\u001b[22m\n\u001b[2m      \u001b[2mat flushActQueue (\u001b[22m\u001b[2mnode_modules/react/cjs/react.development.js\u001b[2m:590:34)\u001b[22m\u001b[2m\u001b[22m\n\u001b[2m      \u001b[2mat process.env.NODE_ENV.exports.act (\u001b[22m\u001b[2mnode_modules/react/cjs/react.development.js\u001b[2m:884:10)\u001b[22m\u001b[2m\u001b[22m\n\u001b[2m      \u001b[2mat actImplementation (\u001b[22m\u001b[2mnode_modules/@testing-library/react-native/src/act.ts\u001b[2m:30:25)\u001b[22m\u001b[2m\u001b[22m\n\u001b[2m      \u001b[2mat renderWithAct (\u001b[22m\u001b[2mnode_modules/@testing-library/react-native/src/render-act.ts\u001b[2m:13:11)\u001b[22m\u001b[2m\u001b[22m\n\u001b[2m      \u001b[2mat renderInternal (\u001b[22m\u001b[2mnode_modules/@testing-library/react-native/src/render.tsx\u001b[2m:69:33)\u001b[22m\u001b[2m\u001b[22m\n\u001b[2m      \u001b[2mat renderInternal (\u001b[22m\u001b[2mnode_modules/@testing-library/react-native/src/render.tsx\u001b[2m:44:10)\u001b[22m\u001b[2m\u001b[22m\n\u001b[2m      \u001b[2mat renderWithProviders (\u001b[22m\u001b[2m\u001b[0m\u001b[36msrc/screens/clients/__tests__/ClientDetailScreen.test.tsx\u001b[39m\u001b[0m\u001b[2m:98:16)\u001b[22m\u001b[2m\u001b[22m\n\u001b[2m      \u001b[2mat Object.renderWithProviders (\u001b[22m\u001b[2m\u001b[0m\u001b[36msrc/screens/clients/__tests__/ClientDetailScreen.test.tsx\u001b[39m\u001b[0m\u001b[2m:162:55)\u001b[22m\u001b[2m\u001b[22m\n\u001b[2m      \u001b[2mat asyncGeneratorStep (\u001b[22m\u001b[2mnode_modules/@babel/runtime/helpers/asyncToGenerator.js\u001b[2m:3:17)\u001b[22m\u001b[2m\u001b[22m\n\u001b[2m      \u001b[2mat _next (\u001b[22m\u001b[2mnode_modules/@babel/runtime/helpers/asyncToGenerator.js\u001b[2m:17:9)\u001b[22m\u001b[2m\u001b[22m\n\u001b[2m      \u001b[2mat \u001b[22m\u001b[2mnode_modules/@babel/runtime/helpers/asyncToGenerator.js\u001b[2m:22:7\u001b[22m\u001b[2m\u001b[22m\n\u001b[2m      \u001b[2mat Object.<anonymous> (\u001b[22m\u001b[2mnode_modules/@babel/runtime/helpers/asyncToGenerator.js\u001b[2m:14:12)\u001b[22m\u001b[2m\u001b[22m\n\n\u001b[1m\u001b[31m  \u001b[1m● \u001b[22m\u001b[1mClientDetailScreen › navigates to edit form\u001b[39m\u001b[22m\n\n    TypeError: Cannot read properties of undefined (reading 'addEventListener')\n\u001b[2m\u001b[22m\n\u001b[2m    \u001b[0m \u001b[90m  96 |\u001b[39m\u001b[22m\n\u001b[2m     \u001b[90m  97 |\u001b[39m \u001b[36mconst\u001b[39m renderWithProviders \u001b[33m=\u001b[39m (ui\u001b[33m:\u001b[39m \u001b[33mReact\u001b[39m\u001b[33m.\u001b[39m\u001b[33mReactElement\u001b[39m) \u001b[33m=>\u001b[39m {\u001b[22m\n\u001b[2m    \u001b[31m\u001b[1m>\u001b[22m\u001b[2m\u001b[39m\u001b[90m  98 |\u001b[39m   \u001b[36mreturn\u001b[39m render(\u001b[22m\n\u001b[2m     \u001b[90m     |\u001b[39m                \u001b[31m\u001b[1m^\u001b[22m\u001b[2m\u001b[39m\u001b[22m\n\u001b[2m     \u001b[90m  99 |\u001b[39m     \u001b[33m<\u001b[39m\u001b[33mNavigationContainer\u001b[39m\u001b[33m>\u001b[39m{ui}\u001b[33m<\u001b[39m\u001b[33m/\u001b[39m\u001b[33mNavigationContainer\u001b[39m\u001b[33m>\u001b[39m\u001b[22m\n\u001b[2m     \u001b[90m 100 |\u001b[39m   )\u001b[33m;\u001b[39m\u001b[22m\n\u001b[2m     \u001b[90m 101 |\u001b[39m }\u001b[33m;\u001b[39m\u001b[0m\u001b[22m\n\u001b[2m\u001b[22m\n\u001b[2m      \u001b[2mat addEventListener (\u001b[22m\u001b[2mnode_modules/@react-navigation/native/src/useLinking.native.tsx\u001b[2m:39:36)\u001b[22m\u001b[2m\u001b[22m\n\u001b[2m      \u001b[2mat subscribe (\u001b[22m\u001b[2mnode_modules/@react-navigation/native/src/useLinking.native.tsx\u001b[2m:211:12)\u001b[22m\u001b[2m\u001b[22m\n\u001b[2m      \u001b[2mat Object.react_stack_bottom_frame (\u001b[22m\u001b[2mnode_modules/react-test-renderer/cjs/react-test-renderer.development.js\u001b[2m:15755:20)\u001b[22m\u001b[2m\u001b[22m\n\u001b[2m      \u001b[2mat runWithFiberInDEV (\u001b[22m\u001b[2mnode_modules/react-test-renderer/cjs/react-test-renderer.development.js\u001b[2m:2315:13)\u001b[22m\u001b[2m\u001b[22m\n\u001b[2m      \u001b[2mat commitHookEffectListMount (\u001b[22m\u001b[2mnode_modules/react-test-renderer/cjs/react-test-renderer.development.js\u001b[2m:9530:29)\u001b[22m\u001b[2m\u001b[22m\n\u001b[2m      \u001b[2mat commitHookPassiveMountEffects (\u001b[22m\u001b[2mnode_modules/react-test-renderer/cjs/react-test-renderer.development.js\u001b[2m:9617:11)\u001b[22m\u001b[2m\u001b[22m\n\u001b[2m      \u001b[2mat commitPassiveMountOnFiber (\u001b[22m\u001b[2mnode_modules/react-test-renderer/cjs/react-test-renderer.development.js\u001b[2m:11205:13)\u001b[22m\u001b[2m\u001b[22m\n\u001b[2m      \u001b[2mat recursivelyTraversePassiveMountEffects (\u001b[22m\u001b[2mnode_modules/react-test-renderer/cjs/react-test-renderer.development.js\u001b[2m:11160:11)\u001b[22m\u001b[2m\u001b[22m\n\u001b[2m      \u001b[2mat commitPassiveMountOnFiber (\u001b[22m\u001b[2mnode_modules/react-test-renderer/cjs/react-test-renderer.development.js\u001b[2m:11240:11)\u001b[22m\u001b[2m\u001b[22m\n\u001b[2m      \u001b[2mat flushPendingEffects (\u001b[22m\u001b[2mnode_modules/react-test-renderer/cjs/react-test-renderer.development.js\u001b[2m:14086:11)\u001b[22m\u001b[2m\u001b[22m\n\u001b[2m      \u001b[2mat performWorkOnRootViaSchedulerTask (\u001b[22m\u001b[2mnode_modules/react-test-renderer/cjs/react-test-renderer.development.js\u001b[2m:2896:11)\u001b[22m\u001b[2m\u001b[22m\n\u001b[2m      \u001b[2mat flushActQueue (\u001b[22m\u001b[2mnode_modules/react/cjs/react.development.js\u001b[2m:590:34)\u001b[22m\u001b[2m\u001b[22m\n\u001b[2m      \u001b[2mat process.env.NODE_ENV.exports.act (\u001b[22m\u001b[2mnode_modules/react/cjs/react.development.js\u001b[2m:884:10)\u001b[22m\u001b[2m\u001b[22m\n\u001b[2m      \u001b[2mat actImplementation (\u001b[22m\u001b[2mnode_modules/@testing-library/react-native/src/act.ts\u001b[2m:30:25)\u001b[22m\u001b[2m\u001b[22m\n\u001b[2m      \u001b[2mat renderWithAct (\u001b[22m\u001b[2mnode_modules/@testing-library/react-native/src/render-act.ts\u001b[2m:13:11)\u001b[22m\u001b[2m\u001b[22m\n\u001b[2m      \u001b[2mat renderInternal (\u001b[22m\u001b[2mnode_modules/@testing-library/react-native/src/render.tsx\u001b[2m:69:33)\u001b[22m\u001b[2m\u001b[22m\n\u001b[2m      \u001b[2mat renderInternal (\u001b[22m\u001b[2mnode_modules/@testing-library/react-native/src/render.tsx\u001b[2m:44:10)\u001b[22m\u001b[2m\u001b[22m\n\u001b[2m      \u001b[2mat renderWithProviders (\u001b[22m\u001b[2m\u001b[0m\u001b[36msrc/screens/clients/__tests__/ClientDetailScreen.test.tsx\u001b[39m\u001b[0m\u001b[2m:98:16)\u001b[22m\u001b[2m\u001b[22m\n\u001b[2m      \u001b[2mat Object.renderWithProviders (\u001b[22m\u001b[2m\u001b[0m\u001b[36msrc/screens/clients/__tests__/ClientDetailScreen.test.tsx\u001b[39m\u001b[0m\u001b[2m:189:42)\u001b[22m\u001b[2m\u001b[22m\n\u001b[2m      \u001b[2mat asyncGeneratorStep (\u001b[22m\u001b[2mnode_modules/@babel/runtime/helpers/asyncToGenerator.js\u001b[2m:3:17)\u001b[22m\u001b[2m\u001b[22m\n\u001b[2m      \u001b[2mat _next (\u001b[22m\u001b[2mnode_modules/@babel/runtime/helpers/asyncToGenerator.js\u001b[2m:17:9)\u001b[22m\u001b[2m\u001b[22m\n\u001b[2m      \u001b[2mat \u001b[22m\u001b[2mnode_modules/@babel/runtime/helpers/asyncToGenerator.js\u001b[2m:22:7\u001b[22m\u001b[2m\u001b[22m\n\u001b[2m      \u001b[2mat Object.<anonymous> (\u001b[22m\u001b[2mnode_modules/@babel/runtime/helpers/asyncToGenerator.js\u001b[2m:14:12)\u001b[22m\u001b[2m\u001b[22m\n\n\u001b[1m\u001b[31m  \u001b[1m● \u001b[22m\u001b[1mClientDetailScreen › handles phone call action\u001b[39m\u001b[22m\n\n    TypeError: Cannot read properties of undefined (reading 'addEventListener')\n\u001b[2m\u001b[22m\n\u001b[2m    \u001b[0m \u001b[90m  96 |\u001b[39m\u001b[22m\n\u001b[2m     \u001b[90m  97 |\u001b[39m \u001b[36mconst\u001b[39m renderWithProviders \u001b[33m=\u001b[39m (ui\u001b[33m:\u001b[39m \u001b[33mReact\u001b[39m\u001b[33m.\u001b[39m\u001b[33mReactElement\u001b[39m) \u001b[33m=>\u001b[39m {\u001b[22m\n\u001b[2m    \u001b[31m\u001b[1m>\u001b[22m\u001b[2m\u001b[39m\u001b[90m  98 |\u001b[39m   \u001b[36mreturn\u001b[39m render(\u001b[22m\n\u001b[2m     \u001b[90m     |\u001b[39m                \u001b[31m\u001b[1m^\u001b[22m\u001b[2m\u001b[39m\u001b[22m\n\u001b[2m     \u001b[90m  99 |\u001b[39m     \u001b[33m<\u001b[39m\u001b[33mNavigationContainer\u001b[39m\u001b[33m>\u001b[39m{ui}\u001b[33m<\u001b[39m\u001b[33m/\u001b[39m\u001b[33mNavigationContainer\u001b[39m\u001b[33m>\u001b[39m\u001b[22m\n\u001b[2m     \u001b[90m 100 |\u001b[39m   )\u001b[33m;\u001b[39m\u001b[22m\n\u001b[2m     \u001b[90m 101 |\u001b[39m }\u001b[33m;\u001b[39m\u001b[0m\u001b[22m\n\u001b[2m\u001b[22m\n\u001b[2m      \u001b[2mat addEventListener (\u001b[22m\u001b[2mnode_modules/@react-navigation/native/src/useLinking.native.tsx\u001b[2m:39:36)\u001b[22m\u001b[2m\u001b[22m\n\u001b[2m      \u001b[2mat subscribe (\u001b[22m\u001b[2mnode_modules/@react-navigation/native/src/useLinking.native.tsx\u001b[2m:211:12)\u001b[22m\u001b[2m\u001b[22m\n\u001b[2m      \u001b[2mat Object.react_stack_bottom_frame (\u001b[22m\u001b[2mnode_modules/react-test-renderer/cjs/react-test-renderer.development.js\u001b[2m:15755:20)\u001b[22m\u001b[2m\u001b[22m\n\u001b[2m      \u001b[2mat runWithFiberInDEV (\u001b[22m\u001b[2mnode_modules/react-test-renderer/cjs/react-test-renderer.development.js\u001b[2m:2315:13)\u001b[22m\u001b[2m\u001b[22m\n\u001b[2m      \u001b[2mat commitHookEffectListMount (\u001b[22m\u001b[2mnode_modules/react-test-renderer/cjs/react-test-renderer.development.js\u001b[2m:9530:29)\u001b[22m\u001b[2m\u001b[22m\n\u001b[2m      \u001b[2mat commitHookPassiveMountEffects (\u001b[22m\u001b[2mnode_modules/react-test-renderer/cjs/react-test-renderer.development.js\u001b[2m:9617:11)\u001b[22m\u001b[2m\u001b[22m\n\u001b[2m      \u001b[2mat commitPassiveMountOnFiber (\u001b[22m\u001b[2mnode_modules/react-test-renderer/cjs/react-test-renderer.development.js\u001b[2m:11205:13)\u001b[22m\u001b[2m\u001b[22m\n\u001b[2m      \u001b[2mat recursivelyTraversePassiveMountEffects (\u001b[22m\u001b[2mnode_modules/react-test-renderer/cjs/react-test-renderer.development.js\u001b[2m:11160:11)\u001b[22m\u001b[2m\u001b[22m\n\u001b[2m      \u001b[2mat commitPassiveMountOnFiber (\u001b[22m\u001b[2mnode_modules/react-test-renderer/cjs/react-test-renderer.development.js\u001b[2m:11240:11)\u001b[22m\u001b[2m\u001b[22m\n\u001b[2m      \u001b[2mat flushPendingEffects (\u001b[22m\u001b[2mnode_modules/react-test-renderer/cjs/react-test-renderer.development.js\u001b[2m:14086:11)\u001b[22m\u001b[2m\u001b[22m\n\u001b[2m      \u001b[2mat performWorkOnRootViaSchedulerTask (\u001b[22m\u001b[2mnode_modules/react-test-renderer/cjs/react-test-renderer.development.js\u001b[2m:2896:11)\u001b[22m\u001b[2m\u001b[22m\n\u001b[2m      \u001b[2mat flushActQueue (\u001b[22m\u001b[2mnode_modules/react/cjs/react.development.js\u001b[2m:590:34)\u001b[22m\u001b[2m\u001b[22m\n\u001b[2m      \u001b[2mat process.env.NODE_ENV.exports.act (\u001b[22m\u001b[2mnode_modules/react/cjs/react.development.js\u001b[2m:884:10)\u001b[22m\u001b[2m\u001b[22m\n\u001b[2m      \u001b[2mat actImplementation (\u001b[22m\u001b[2mnode_modules/@testing-library/react-native/src/act.ts\u001b[2m:30:25)\u001b[22m\u001b[2m\u001b[22m\n\u001b[2m      \u001b[2mat renderWithAct (\u001b[22m\u001b[2mnode_modules/@testing-library/react-native/src/render-act.ts\u001b[2m:13:11)\u001b[22m\u001b[2m\u001b[22m\n\u001b[2m      \u001b[2mat renderInternal (\u001b[22m\u001b[2mnode_modules/@testing-library/react-native/src/render.tsx\u001b[2m:69:33)\u001b[22m\u001b[2m\u001b[22m\n\u001b[2m      \u001b[2mat renderInternal (\u001b[22m\u001b[2mnode_modules/@testing-library/react-native/src/render.tsx\u001b[2m:44:10)\u001b[22m\u001b[2m\u001b[22m\n\u001b[2m      \u001b[2mat renderWithProviders (\u001b[22m\u001b[2m\u001b[0m\u001b[36msrc/screens/clients/__tests__/ClientDetailScreen.test.tsx\u001b[39m\u001b[0m\u001b[2m:98:16)\u001b[22m\u001b[2m\u001b[22m\n\u001b[2m      \u001b[2mat Object.renderWithProviders (\u001b[22m\u001b[2m\u001b[0m\u001b[36msrc/screens/clients/__tests__/ClientDetailScreen.test.tsx\u001b[39m\u001b[0m\u001b[2m:208:42)\u001b[22m\u001b[2m\u001b[22m\n\u001b[2m      \u001b[2mat asyncGeneratorStep (\u001b[22m\u001b[2mnode_modules/@babel/runtime/helpers/asyncToGenerator.js\u001b[2m:3:17)\u001b[22m\u001b[2m\u001b[22m\n\u001b[2m      \u001b[2mat _next (\u001b[22m\u001b[2mnode_modules/@babel/runtime/helpers/asyncToGenerator.js\u001b[2m:17:9)\u001b[22m\u001b[2m\u001b[22m\n\u001b[2m      \u001b[2mat \u001b[22m\u001b[2mnode_modules/@babel/runtime/helpers/asyncToGenerator.js\u001b[2m:22:7\u001b[22m\u001b[2m\u001b[22m\n\u001b[2m      \u001b[2mat Object.<anonymous> (\u001b[22m\u001b[2mnode_modules/@babel/runtime/helpers/asyncToGenerator.js\u001b[2m:14:12)\u001b[22m\u001b[2m\u001b[22m\n","name":"C:\\Users\\tfurt\\source\\repos\\eventosapp\\mobile\\src\\screens\\clients\\__tests__\\ClientDetailScreen.test.tsx","startTime":1773188042003,"status":"failed","summary":""}],"wasInterrupted":false}
