{"numFailedTestSuites":1,"numFailedTests":0,"numPassedTestSuites":0,"numPassedTests":0,"numPendingTestSuites":0,"numPendingTests":0,"numRuntimeErrorTestSuites":1,"numTodoTests":0,"numTotalTestSuites":1,"numTotalTests":0,"openHandles":[],"snapshot":{"added":0,"didUpdate":false,"failure":false,"filesAdded":0,"filesRemoved":0,"filesRemovedList":[],"filesUnmatched":0,"filesUpdated":0,"matched":0,"total":0,"unchecked":0,"uncheckedKeysByFile":[],"unmatched":0,"updated":0},"startTime":1773187246412,"success":false,"testResults":[{"assertionResults":[],"coverage":{},"endTime":1773187249293,"message":"  \u001b[1m● \u001b[22mTest suite failed to run\n\n    Cannot find module '../../../contexts/ThemeContext' from 'src/screens/clients/__tests__/ClientListScreen.test.tsx'\n\n    \u001b[0m \u001b[90m 2 |\u001b[39m \u001b[36mimport\u001b[39m { render\u001b[33m,\u001b[39m fireEvent\u001b[33m,\u001b[39m waitFor\u001b[33m,\u001b[39m act } \u001b[36mfrom\u001b[39m \u001b[32m'@testing-library/react-native'\u001b[39m\u001b[33m;\u001b[39m\n     \u001b[90m 3 |\u001b[39m \u001b[36mimport\u001b[39m { \u001b[33mNavigationContainer\u001b[39m } \u001b[36mfrom\u001b[39m \u001b[32m'@react-navigation/native'\u001b[39m\u001b[33m;\u001b[39m\n    \u001b[31m\u001b[1m>\u001b[22m\u001b[39m\u001b[90m 4 |\u001b[39m \u001b[36mimport\u001b[39m { \u001b[33mThemeProvider\u001b[39m } \u001b[36mfrom\u001b[39m \u001b[32m'../../../contexts/ThemeContext'\u001b[39m\u001b[33m;\u001b[39m\n     \u001b[90m   |\u001b[39m \u001b[31m\u001b[1m^\u001b[22m\u001b[39m\n     \u001b[90m 5 |\u001b[39m \u001b[36mimport\u001b[39m \u001b[33mClientListScreen\u001b[39m \u001b[36mfrom\u001b[39m \u001b[32m'../ClientListScreen'\u001b[39m\u001b[33m;\u001b[39m\n     \u001b[90m 6 |\u001b[39m \u001b[36mimport\u001b[39m { clientService } \u001b[36mfrom\u001b[39m \u001b[32m'../../../services/clientService'\u001b[39m\u001b[33m;\u001b[39m\n     \u001b[90m 7 |\u001b[39m\u001b[0m\n\n      \u001b[2mat Resolver._throwModNotFoundError (\u001b[22mnode_modules/jest-resolve/build/index.js\u001b[2m:863:11)\u001b[22m\n      \u001b[2mat Object.require (\u001b[22m\u001b[0m\u001b[36msrc/screens/clients/__tests__/ClientListScreen.test.tsx\u001b[39m\u001b[0m\u001b[2m:4:1)\u001b[22m\n","name":"C:\\Users\\tfurt\\source\\repos\\eventosapp\\mobile\\src\\screens\\clients\\__tests__\\ClientListScreen.test.tsx","startTime":1773187249293,"status":"failed","summary":""}],"wasInterrupted":false}
