{"numFailedTestSuites":4,"numFailedTests":0,"numPassedTestSuites":0,"numPassedTests":0,"numPendingTestSuites":0,"numPendingTests":0,"numRuntimeErrorTestSuites":4,"numTodoTests":0,"numTotalTestSuites":4,"numTotalTests":0,"openHandles":[],"snapshot":{"added":0,"didUpdate":false,"failure":false,"filesAdded":0,"filesRemoved":0,"filesRemovedList":[],"filesUnmatched":0,"filesUpdated":0,"matched":0,"total":0,"unchecked":0,"uncheckedKeysByFile":[],"unmatched":0,"updated":0},"startTime":1773188371799,"success":false,"testResults":[{"assertionResults":[],"coverage":{},"endTime":1773188375481,"message":"  \u001b[1m● \u001b[22mTest suite failed to run\n\n    Invariant Violation: TurboModuleRegistry.getEnforcing(...): 'DevMenu' could not be found. Verify that a module by this name is registered in the native binary.\n\n    \u001b[0m \u001b[90m  7 |\u001b[39m jest\u001b[33m.\u001b[39mmock(\u001b[32m'react-native'\u001b[39m\u001b[33m,\u001b[39m () \u001b[33m=>\u001b[39m {\n     \u001b[90m  8 |\u001b[39m   \u001b[36mconst\u001b[39m actual \u001b[33m=\u001b[39m jest\u001b[33m.\u001b[39mrequireActual(\u001b[32m'react-native'\u001b[39m)\u001b[33m;\u001b[39m\n    \u001b[31m\u001b[1m>\u001b[22m\u001b[39m\u001b[90m  9 |\u001b[39m   \u001b[36mreturn\u001b[39m {\n     \u001b[90m    |\u001b[39m   \u001b[31m\u001b[1m^\u001b[22m\u001b[39m\n     \u001b[90m 10 |\u001b[39m     \u001b[33m...\u001b[39mactual\u001b[33m,\u001b[39m\n     \u001b[90m 11 |\u001b[39m     \u001b[33mLinking\u001b[39m\u001b[33m:\u001b[39m {\n     \u001b[90m 12 |\u001b[39m       openURL\u001b[33m:\u001b[39m jest\u001b[33m.\u001b[39mfn()\u001b[33m,\u001b[39m\u001b[0m\n\n      \u001b[2mat invariant (\u001b[22mnode_modules/invariant/invariant.js\u001b[2m:40:15)\u001b[22m\n      \u001b[2mat Object.getEnforcing (\u001b[22mnode_modules/react-native/Libraries/TurboModule/TurboModuleRegistry.js\u001b[2m:41:12)\u001b[22m\n      \u001b[2mat Object.getEnforcing (\u001b[22mnode_modules/react-native/src/private/devsupport/devmenu/specs/NativeDevMenu.js\u001b[2m:22:37)\u001b[22m\n      \u001b[2mat Object.require (\u001b[22mnode_modules/react-native/src/private/devsupport/devmenu/DevMenu.js\u001b[2m:11:1)\u001b[22m\n      \u001b[2mat Object.require (\u001b[22mnode_modules/react-native/index.js\u001b[2m:208:12)\u001b[22m\n          at Function.assign (<anonymous>)\n      \u001b[2mat assign (\u001b[22mjest.setup.js\u001b[2m:9:3)\u001b[22m\n      \u001b[2mat Object.require (\u001b[22mnode_modules/@react-native/virtualized-lists/Lists/VirtualizedListCellRenderer.js\u001b[2m:23:1)\u001b[22m\n      \u001b[2mat Object.require (\u001b[22mnode_modules/@react-native/virtualized-lists/Lists/VirtualizedList.js\u001b[2m:36:1)\u001b[22m\n      \u001b[2mat Object.require [as VirtualizedList] (\u001b[22mnode_modules/@react-native/virtualized-lists/index.js\u001b[2m:46:12)\u001b[22m\n      \u001b[2mat Object.VirtualizedList (\u001b[22mnode_modules/react-native/Libraries/Lists/FlatList.js\u001b[2m:33:42)\u001b[22m\n      \u001b[2mat Object.require [as FlatList] (\u001b[22mnode_modules/react-native/index.js\u001b[2m:46:12)\u001b[22m\n          at Function.assign (<anonymous>)\n      \u001b[2mat assign (\u001b[22mjest.setup.js\u001b[2m:9:3)\u001b[22m\n      \u001b[2mat Object.require (\u001b[22mnode_modules/@testing-library/react-native/src/helpers/accessibility.ts\u001b[2m:2:1)\u001b[22m\n      \u001b[2mat Object.require (\u001b[22mnode_modules/@testing-library/react-native/src/matchers/to-be-busy.ts\u001b[2m:5:1)\u001b[22m\n      \u001b[2mat Object.require (\u001b[22mnode_modules/@testing-library/react-native/src/matchers/extend-expect.ts\u001b[2m:1:1)\u001b[22m\n      \u001b[2mat Object.require (\u001b[22mnode_modules/@testing-library/react-native/src/index.ts\u001b[2m:2:1)\u001b[22m\n      \u001b[2mat Object.require (\u001b[22m\u001b[0m\u001b[36msrc/screens/clients/__tests__/ClientDetailScreen.test.tsx\u001b[39m\u001b[0m\u001b[2m:2:1)\u001b[22m\n","name":"C:\\Users\\tfurt\\source\\repos\\eventosapp\\mobile\\src\\screens\\clients\\__tests__\\ClientDetailScreen.test.tsx","startTime":1773188375481,"status":"failed","summary":""},{"assertionResults":[],"coverage":{},"endTime":1773188375481,"message":"  \u001b[1m● \u001b[22mTest suite failed to run\n\n    Invariant Violation: TurboModuleRegistry.getEnforcing(...): 'DevMenu' could not be found. Verify that a module by this name is registered in the native binary.\n\n    \u001b[0m \u001b[90m  7 |\u001b[39m jest\u001b[33m.\u001b[39mmock(\u001b[32m'react-native'\u001b[39m\u001b[33m,\u001b[39m () \u001b[33m=>\u001b[39m {\n     \u001b[90m  8 |\u001b[39m   \u001b[36mconst\u001b[39m actual \u001b[33m=\u001b[39m jest\u001b[33m.\u001b[39mrequireActual(\u001b[32m'react-native'\u001b[39m)\u001b[33m;\u001b[39m\n    \u001b[31m\u001b[1m>\u001b[22m\u001b[39m\u001b[90m  9 |\u001b[39m   \u001b[36mreturn\u001b[39m {\n     \u001b[90m    |\u001b[39m   \u001b[31m\u001b[1m^\u001b[22m\u001b[39m\n     \u001b[90m 10 |\u001b[39m     \u001b[33m...\u001b[39mactual\u001b[33m,\u001b[39m\n     \u001b[90m 11 |\u001b[39m     \u001b[33mLinking\u001b[39m\u001b[33m:\u001b[39m {\n     \u001b[90m 12 |\u001b[39m       openURL\u001b[33m:\u001b[39m jest\u001b[33m.\u001b[39mfn()\u001b[33m,\u001b[39m\u001b[0m\n\n      \u001b[2mat invariant (\u001b[22mnode_modules/invariant/invariant.js\u001b[2m:40:15)\u001b[22m\n      \u001b[2mat Object.getEnforcing (\u001b[22mnode_modules/react-native/Libraries/TurboModule/TurboModuleRegistry.js\u001b[2m:41:12)\u001b[22m\n      \u001b[2mat Object.getEnforcing (\u001b[22mnode_modules/react-native/src/private/devsupport/devmenu/specs/NativeDevMenu.js\u001b[2m:22:37)\u001b[22m\n      \u001b[2mat Object.require (\u001b[22mnode_modules/react-native/src/private/devsupport/devmenu/DevMenu.js\u001b[2m:11:1)\u001b[22m\n      \u001b[2mat Object.require (\u001b[22mnode_modules/react-native/index.js\u001b[2m:208:12)\u001b[22m\n          at Function.assign (<anonymous>)\n      \u001b[2mat assign (\u001b[22mjest.setup.js\u001b[2m:9:3)\u001b[22m\n      \u001b[2mat Object.require (\u001b[22mnode_modules/@react-native/virtualized-lists/Lists/VirtualizedListCellRenderer.js\u001b[2m:23:1)\u001b[22m\n      \u001b[2mat Object.require (\u001b[22mnode_modules/@react-native/virtualized-lists/Lists/VirtualizedList.js\u001b[2m:36:1)\u001b[22m\n      \u001b[2mat Object.require [as VirtualizedList] (\u001b[22mnode_modules/@react-native/virtualized-lists/index.js\u001b[2m:46:12)\u001b[22m\n      \u001b[2mat Object.VirtualizedList (\u001b[22mnode_modules/react-native/Libraries/Lists/FlatList.js\u001b[2m:33:42)\u001b[22m\n      \u001b[2mat Object.require [as FlatList] (\u001b[22mnode_modules/react-native/index.js\u001b[2m:46:12)\u001b[22m\n          at Function.assign (<anonymous>)\n      \u001b[2mat assign (\u001b[22mjest.setup.js\u001b[2m:9:3)\u001b[22m\n      \u001b[2mat Object.require (\u001b[22mnode_modules/@testing-library/react-native/src/helpers/accessibility.ts\u001b[2m:2:1)\u001b[22m\n      \u001b[2mat Object.require (\u001b[22mnode_modules/@testing-library/react-native/src/matchers/to-be-busy.ts\u001b[2m:5:1)\u001b[22m\n      \u001b[2mat Object.require (\u001b[22mnode_modules/@testing-library/react-native/src/matchers/extend-expect.ts\u001b[2m:1:1)\u001b[22m\n      \u001b[2mat Object.require (\u001b[22mnode_modules/@testing-library/react-native/src/index.ts\u001b[2m:2:1)\u001b[22m\n      \u001b[2mat Object.require (\u001b[22m\u001b[0m\u001b[36msrc/screens/events/__tests__/EventFormScreen.test.tsx\u001b[39m\u001b[0m\u001b[2m:2:1)\u001b[22m\n","name":"C:\\Users\\tfurt\\source\\repos\\eventosapp\\mobile\\src\\screens\\events\\__tests__\\EventFormScreen.test.tsx","startTime":1773188375481,"status":"failed","summary":""},{"assertionResults":[],"coverage":{},"endTime":1773188375481,"message":"  \u001b[1m● \u001b[22mTest suite failed to run\n\n    Invariant Violation: TurboModuleRegistry.getEnforcing(...): 'DevMenu' could not be found. Verify that a module by this name is registered in the native binary.\n\n    \u001b[0m \u001b[90m  7 |\u001b[39m jest\u001b[33m.\u001b[39mmock(\u001b[32m'react-native'\u001b[39m\u001b[33m,\u001b[39m () \u001b[33m=>\u001b[39m {\n     \u001b[90m  8 |\u001b[39m   \u001b[36mconst\u001b[39m actual \u001b[33m=\u001b[39m jest\u001b[33m.\u001b[39mrequireActual(\u001b[32m'react-native'\u001b[39m)\u001b[33m;\u001b[39m\n    \u001b[31m\u001b[1m>\u001b[22m\u001b[39m\u001b[90m  9 |\u001b[39m   \u001b[36mreturn\u001b[39m {\n     \u001b[90m    |\u001b[39m   \u001b[31m\u001b[1m^\u001b[22m\u001b[39m\n     \u001b[90m 10 |\u001b[39m     \u001b[33m...\u001b[39mactual\u001b[33m,\u001b[39m\n     \u001b[90m 11 |\u001b[39m     \u001b[33mLinking\u001b[39m\u001b[33m:\u001b[39m {\n     \u001b[90m 12 |\u001b[39m       openURL\u001b[33m:\u001b[39m jest\u001b[33m.\u001b[39mfn()\u001b[33m,\u001b[39m\u001b[0m\n\n      \u001b[2mat invariant (\u001b[22mnode_modules/invariant/invariant.js\u001b[2m:40:15)\u001b[22m\n      \u001b[2mat Object.getEnforcing (\u001b[22mnode_modules/react-native/Libraries/TurboModule/TurboModuleRegistry.js\u001b[2m:41:12)\u001b[22m\n      \u001b[2mat Object.getEnforcing (\u001b[22mnode_modules/react-native/src/private/devsupport/devmenu/specs/NativeDevMenu.js\u001b[2m:22:37)\u001b[22m\n      \u001b[2mat Object.require (\u001b[22mnode_modules/react-native/src/private/devsupport/devmenu/DevMenu.js\u001b[2m:11:1)\u001b[22m\n      \u001b[2mat Object.require (\u001b[22mnode_modules/react-native/index.js\u001b[2m:208:12)\u001b[22m\n          at Function.assign (<anonymous>)\n      \u001b[2mat assign (\u001b[22mjest.setup.js\u001b[2m:9:3)\u001b[22m\n      \u001b[2mat Object.require (\u001b[22mnode_modules/@react-native/virtualized-lists/Lists/VirtualizedListCellRenderer.js\u001b[2m:23:1)\u001b[22m\n      \u001b[2mat Object.require (\u001b[22mnode_modules/@react-native/virtualized-lists/Lists/VirtualizedList.js\u001b[2m:36:1)\u001b[22m\n      \u001b[2mat Object.require [as VirtualizedList] (\u001b[22mnode_modules/@react-native/virtualized-lists/index.js\u001b[2m:46:12)\u001b[22m\n      \u001b[2mat Object.VirtualizedList (\u001b[22mnode_modules/react-native/Libraries/Lists/FlatList.js\u001b[2m:33:42)\u001b[22m\n      \u001b[2mat Object.require [as FlatList] (\u001b[22mnode_modules/react-native/index.js\u001b[2m:46:12)\u001b[22m\n          at Function.assign (<anonymous>)\n      \u001b[2mat assign (\u001b[22mjest.setup.js\u001b[2m:9:3)\u001b[22m\n      \u001b[2mat Object.require (\u001b[22mnode_modules/@testing-library/react-native/src/helpers/accessibility.ts\u001b[2m:2:1)\u001b[22m\n      \u001b[2mat Object.require (\u001b[22mnode_modules/@testing-library/react-native/src/matchers/to-be-busy.ts\u001b[2m:5:1)\u001b[22m\n      \u001b[2mat Object.require (\u001b[22mnode_modules/@testing-library/react-native/src/matchers/extend-expect.ts\u001b[2m:1:1)\u001b[22m\n      \u001b[2mat Object.require (\u001b[22mnode_modules/@testing-library/react-native/src/index.ts\u001b[2m:2:1)\u001b[22m\n      \u001b[2mat Object.require (\u001b[22m\u001b[0m\u001b[36msrc/screens/clients/__tests__/ClientFormScreen.test.tsx\u001b[39m\u001b[0m\u001b[2m:2:1)\u001b[22m\n","name":"C:\\Users\\tfurt\\source\\repos\\eventosapp\\mobile\\src\\screens\\clients\\__tests__\\ClientFormScreen.test.tsx","startTime":1773188375481,"status":"failed","summary":""},{"assertionResults":[],"coverage":{},"endTime":1773188375481,"message":"  \u001b[1m● \u001b[22mTest suite failed to run\n\n    Invariant Violation: TurboModuleRegistry.getEnforcing(...): 'DevMenu' could not be found. Verify that a module by this name is registered in the native binary.\n\n    \u001b[0m \u001b[90m  7 |\u001b[39m jest\u001b[33m.\u001b[39mmock(\u001b[32m'react-native'\u001b[39m\u001b[33m,\u001b[39m () \u001b[33m=>\u001b[39m {\n     \u001b[90m  8 |\u001b[39m   \u001b[36mconst\u001b[39m actual \u001b[33m=\u001b[39m jest\u001b[33m.\u001b[39mrequireActual(\u001b[32m'react-native'\u001b[39m)\u001b[33m;\u001b[39m\n    \u001b[31m\u001b[1m>\u001b[22m\u001b[39m\u001b[90m  9 |\u001b[39m   \u001b[36mreturn\u001b[39m {\n     \u001b[90m    |\u001b[39m   \u001b[31m\u001b[1m^\u001b[22m\u001b[39m\n     \u001b[90m 10 |\u001b[39m     \u001b[33m...\u001b[39mactual\u001b[33m,\u001b[39m\n     \u001b[90m 11 |\u001b[39m     \u001b[33mLinking\u001b[39m\u001b[33m:\u001b[39m {\n     \u001b[90m 12 |\u001b[39m       openURL\u001b[33m:\u001b[39m jest\u001b[33m.\u001b[39mfn()\u001b[33m,\u001b[39m\u001b[0m\n\n      \u001b[2mat invariant (\u001b[22mnode_modules/invariant/invariant.js\u001b[2m:40:15)\u001b[22m\n      \u001b[2mat Object.getEnforcing (\u001b[22mnode_modules/react-native/Libraries/TurboModule/TurboModuleRegistry.js\u001b[2m:41:12)\u001b[22m\n      \u001b[2mat Object.getEnforcing (\u001b[22mnode_modules/react-native/src/private/devsupport/devmenu/specs/NativeDevMenu.js\u001b[2m:22:37)\u001b[22m\n      \u001b[2mat Object.require (\u001b[22mnode_modules/react-native/src/private/devsupport/devmenu/DevMenu.js\u001b[2m:11:1)\u001b[22m\n      \u001b[2mat Object.require (\u001b[22mnode_modules/react-native/index.js\u001b[2m:208:12)\u001b[22m\n          at Function.assign (<anonymous>)\n      \u001b[2mat assign (\u001b[22mjest.setup.js\u001b[2m:9:3)\u001b[22m\n      \u001b[2mat Object.require (\u001b[22mnode_modules/@react-native/virtualized-lists/Lists/VirtualizedListCellRenderer.js\u001b[2m:23:1)\u001b[22m\n      \u001b[2mat Object.require (\u001b[22mnode_modules/@react-native/virtualized-lists/Lists/VirtualizedList.js\u001b[2m:36:1)\u001b[22m\n      \u001b[2mat Object.require [as VirtualizedList] (\u001b[22mnode_modules/@react-native/virtualized-lists/index.js\u001b[2m:46:12)\u001b[22m\n      \u001b[2mat Object.VirtualizedList (\u001b[22mnode_modules/react-native/Libraries/Lists/FlatList.js\u001b[2m:33:42)\u001b[22m\n      \u001b[2mat Object.require [as FlatList] (\u001b[22mnode_modules/react-native/index.js\u001b[2m:46:12)\u001b[22m\n          at Function.assign (<anonymous>)\n      \u001b[2mat assign (\u001b[22mjest.setup.js\u001b[2m:9:3)\u001b[22m\n      \u001b[2mat Object.require (\u001b[22mnode_modules/@testing-library/react-native/src/helpers/accessibility.ts\u001b[2m:2:1)\u001b[22m\n      \u001b[2mat Object.require (\u001b[22mnode_modules/@testing-library/react-native/src/matchers/to-be-busy.ts\u001b[2m:5:1)\u001b[22m\n      \u001b[2mat Object.require (\u001b[22mnode_modules/@testing-library/react-native/src/matchers/extend-expect.ts\u001b[2m:1:1)\u001b[22m\n      \u001b[2mat Object.require (\u001b[22mnode_modules/@testing-library/react-native/src/index.ts\u001b[2m:2:1)\u001b[22m\n      \u001b[2mat Object.require (\u001b[22m\u001b[0m\u001b[36msrc/screens/clients/__tests__/ClientListScreen.test.tsx\u001b[39m\u001b[0m\u001b[2m:2:1)\u001b[22m\n","name":"C:\\Users\\tfurt\\source\\repos\\eventosapp\\mobile\\src\\screens\\clients\\__tests__\\ClientListScreen.test.tsx","startTime":1773188375481,"status":"failed","summary":""}],"wasInterrupted":false}
