{"numFailedTestSuites":1,"numFailedTests":1,"numPassedTestSuites":0,"numPassedTests":3,"numPendingTestSuites":0,"numPendingTests":0,"numRuntimeErrorTestSuites":0,"numTodoTests":0,"numTotalTestSuites":1,"numTotalTests":4,"openHandles":[],"snapshot":{"added":0,"didUpdate":false,"failure":false,"filesAdded":0,"filesRemoved":0,"filesRemovedList":[],"filesUnmatched":0,"filesUpdated":0,"matched":0,"total":0,"unchecked":0,"uncheckedKeysByFile":[],"unmatched":0,"updated":0},"startTime":1773188089088,"success":false,"testResults":[{"assertionResults":[{"ancestorTitles":["ClientDetailScreen"],"duration":232,"failing":false,"failureDetails":[],"failureMessages":[],"fullName":"ClientDetailScreen renders client details and event history","invocations":1,"location":null,"numPassingAsserts":7,"retryReasons":[],"startAt":1773188091914,"status":"passed","title":"renders client details and event history"},{"ancestorTitles":["ClientDetailScreen"],"duration":221,"failing":false,"failureDetails":[],"failureMessages":[],"fullName":"ClientDetailScreen handles client deletion","invocations":1,"location":null,"numPassingAsserts":5,"retryReasons":[],"startAt":1773188092148,"status":"passed","title":"handles client deletion"},{"ancestorTitles":["ClientDetailScreen"],"duration":211,"failing":false,"failureDetails":[],"failureMessages":[],"fullName":"ClientDetailScreen navigates to edit form","invocations":1,"location":null,"numPassingAsserts":2,"retryReasons":[],"startAt":1773188092370,"status":"passed","title":"navigates to edit form"},{"ancestorTitles":["ClientDetailScreen"],"duration":258,"failing":false,"failureDetails":[{}],"failureMessages":["TypeError: Cannot read properties of undefined (reading 'openURL')\n    at openURL (C:\\Users\\tfurt\\source\\repos\\eventosapp\\mobile\\src\\screens\\clients\\ClientDetailScreen.tsx:120:15)\n    at handler (C:\\Users\\tfurt\\source\\repos\\eventosapp\\mobile\\node_modules\\@testing-library\\react-native\\src\\fire-event.ts:123:19)\n    at callback (C:\\Users\\tfurt\\source\\repos\\eventosapp\\mobile\\node_modules\\@testing-library\\react-native\\src\\act.ts:31:24)\n    at process.env.NODE_ENV.exports.act (C:\\Users\\tfurt\\source\\repos\\eventosapp\\mobile\\node_modules\\react\\cjs\\react.development.js:814:22)\n    at actImplementation (C:\\Users\\tfurt\\source\\repos\\eventosapp\\mobile\\node_modules\\@testing-library\\react-native\\src\\act.ts:30:25)\n    at fireEvent (C:\\Users\\tfurt\\source\\repos\\eventosapp\\mobile\\node_modules\\@testing-library\\react-native\\src\\fire-event.ts:122:11)\n    at Function.fireEvent [as press] (C:\\Users\\tfurt\\source\\repos\\eventosapp\\mobile\\node_modules\\@testing-library\\react-native\\src\\fire-event.ts:130:3)\n    at Object.press (C:\\Users\\tfurt\\source\\repos\\eventosapp\\mobile\\src\\screens\\clients\\__tests__\\ClientDetailScreen.test.tsx:214:15)\n    at Generator.next (<anonymous>)\n    at asyncGeneratorStep (C:\\Users\\tfurt\\source\\repos\\eventosapp\\mobile\\node_modules\\@babel\\runtime\\helpers\\asyncToGenerator.js:3:17)\n    at _next (C:\\Users\\tfurt\\source\\repos\\eventosapp\\mobile\\node_modules\\@babel\\runtime\\helpers\\asyncToGenerator.js:17:9)"],"fullName":"ClientDetailScreen handles phone call action","invocations":1,"location":null,"numPassingAsserts":1,"retryReasons":[],"startAt":1773188092582,"status":"failed","title":"handles phone call action"}],"endTime":1773188092893,"message":"\u001b[1m\u001b[31m  \u001b[1m● \u001b[22m\u001b[1mClientDetailScreen › handles phone call action\u001b[39m\u001b[22m\n\n    TypeError: Cannot read properties of undefined (reading 'openURL')\n\u001b[2m\u001b[22m\n\u001b[2m    \u001b[0m \u001b[90m 118 |\u001b[39m   \u001b[36mconst\u001b[39m handleCall \u001b[33m=\u001b[39m useCallback(() \u001b[33m=>\u001b[39m {\u001b[22m\n\u001b[2m     \u001b[90m 119 |\u001b[39m     \u001b[36mif\u001b[39m (client\u001b[33m?\u001b[39m\u001b[33m.\u001b[39mphone) {\u001b[22m\n\u001b[2m    \u001b[31m\u001b[1m>\u001b[22m\u001b[2m\u001b[39m\u001b[90m 120 |\u001b[39m       \u001b[33mLinking\u001b[39m\u001b[33m.\u001b[39mopenURL(\u001b[32m`tel:${client.phone}`\u001b[39m)\u001b[33m;\u001b[39m\u001b[22m\n\u001b[2m     \u001b[90m     |\u001b[39m               \u001b[31m\u001b[1m^\u001b[22m\u001b[2m\u001b[39m\u001b[22m\n\u001b[2m     \u001b[90m 121 |\u001b[39m     }\u001b[22m\n\u001b[2m     \u001b[90m 122 |\u001b[39m   }\u001b[33m,\u001b[39m [client])\u001b[33m;\u001b[39m\u001b[22m\n\u001b[2m     \u001b[90m 123 |\u001b[39m\u001b[0m\u001b[22m\n\u001b[2m\u001b[22m\n\u001b[2m      \u001b[2mat openURL (\u001b[22m\u001b[2msrc/screens/clients/ClientDetailScreen.tsx\u001b[2m:120:15)\u001b[22m\u001b[2m\u001b[22m\n\u001b[2m      \u001b[2mat handler (\u001b[22m\u001b[2mnode_modules/@testing-library/react-native/src/fire-event.ts\u001b[2m:123:19)\u001b[22m\u001b[2m\u001b[22m\n\u001b[2m      \u001b[2mat callback (\u001b[22m\u001b[2mnode_modules/@testing-library/react-native/src/act.ts\u001b[2m:31:24)\u001b[22m\u001b[2m\u001b[22m\n\u001b[2m      \u001b[2mat process.env.NODE_ENV.exports.act (\u001b[22m\u001b[2mnode_modules/react/cjs/react.development.js\u001b[2m:814:22)\u001b[22m\u001b[2m\u001b[22m\n\u001b[2m      \u001b[2mat actImplementation (\u001b[22m\u001b[2mnode_modules/@testing-library/react-native/src/act.ts\u001b[2m:30:25)\u001b[22m\u001b[2m\u001b[22m\n\u001b[2m      \u001b[2mat fireEvent (\u001b[22m\u001b[2mnode_modules/@testing-library/react-native/src/fire-event.ts\u001b[2m:122:11)\u001b[22m\u001b[2m\u001b[22m\n\u001b[2m      \u001b[2mat Function.fireEvent [as press] (\u001b[22m\u001b[2mnode_modules/@testing-library/react-native/src/fire-event.ts\u001b[2m:130:3)\u001b[22m\u001b[2m\u001b[22m\n\u001b[2m      \u001b[2mat Object.press (\u001b[22m\u001b[2m\u001b[0m\u001b[36msrc/screens/clients/__tests__/ClientDetailScreen.test.tsx\u001b[39m\u001b[0m\u001b[2m:214:15)\u001b[22m\u001b[2m\u001b[22m\n\u001b[2m      \u001b[2mat asyncGeneratorStep (\u001b[22m\u001b[2mnode_modules/@babel/runtime/helpers/asyncToGenerator.js\u001b[2m:3:17)\u001b[22m\u001b[2m\u001b[22m\n\u001b[2m      \u001b[2mat _next (\u001b[22m\u001b[2mnode_modules/@babel/runtime/helpers/asyncToGenerator.js\u001b[2m:17:9)\u001b[22m\u001b[2m\u001b[22m\n","name":"C:\\Users\\tfurt\\source\\repos\\eventosapp\\mobile\\src\\screens\\clients\\__tests__\\ClientDetailScreen.test.tsx","startTime":1773188089327,"status":"failed","summary":""}],"wasInterrupted":false}
