{"numFailedTestSuites":1,"numFailedTests":0,"numPassedTestSuites":0,"numPassedTests":0,"numPendingTestSuites":0,"numPendingTests":0,"numRuntimeErrorTestSuites":1,"numTodoTests":0,"numTotalTestSuites":1,"numTotalTests":0,"openHandles":[],"snapshot":{"added":0,"didUpdate":false,"failure":false,"filesAdded":0,"filesRemoved":0,"filesRemovedList":[],"filesUnmatched":0,"filesUpdated":0,"matched":0,"total":0,"unchecked":0,"uncheckedKeysByFile":[],"unmatched":0,"updated":0},"startTime":1773186436407,"success":false,"testResults":[{"assertionResults":[],"coverage":{},"endTime":1773186443141,"message":"  \u001b[1m● \u001b[22mTest suite failed to run\n\n    TypeError: (0 , _expoModulesCore.requireNativeViewManager) is not a function\n\n    \u001b[0m \u001b[90m 10 |\u001b[39m   \u001b[33mView\u001b[39m\u001b[33m,\u001b[39m\n     \u001b[90m 11 |\u001b[39m } \u001b[36mfrom\u001b[39m \u001b[32m\"react-native\"\u001b[39m\u001b[33m;\u001b[39m\n    \u001b[31m\u001b[1m>\u001b[22m\u001b[39m\u001b[90m 12 |\u001b[39m \u001b[36mimport\u001b[39m { \u001b[33mLinearGradient\u001b[39m } \u001b[36mfrom\u001b[39m \u001b[32m\"expo-linear-gradient\"\u001b[39m\u001b[33m;\u001b[39m\n     \u001b[90m    |\u001b[39m \u001b[31m\u001b[1m^\u001b[22m\u001b[39m\n     \u001b[90m 13 |\u001b[39m \u001b[36mimport\u001b[39m { useTheme } \u001b[36mfrom\u001b[39m \u001b[32m\"../../hooks/useTheme\"\u001b[39m\u001b[33m;\u001b[39m\n     \u001b[90m 14 |\u001b[39m \u001b[36mimport\u001b[39m { colors } \u001b[36mfrom\u001b[39m \u001b[32m\"../../theme/colors\"\u001b[39m\u001b[33m;\u001b[39m\n     \u001b[90m 15 |\u001b[39m \u001b[36mimport\u001b[39m { shadows } \u001b[36mfrom\u001b[39m \u001b[32m\"../../theme/shadows\"\u001b[39m\u001b[33m;\u001b[39m\u001b[0m\n\n      \u001b[2mat Object.<anonymous> (\u001b[22mnode_modules/expo-linear-gradient/src/NativeLinearGradient.ios.tsx\u001b[2m:8:54)\u001b[22m\n      \u001b[2mat Object.require (\u001b[22mnode_modules/expo-linear-gradient/src/LinearGradient.tsx\u001b[2m:8:1)\u001b[22m\n      \u001b[2mat Object.require (\u001b[22msrc/components/shared/PremiumButton.tsx\u001b[2m:12:1)\u001b[22m\n      \u001b[2mat Object.require (\u001b[22msrc/components/shared/index.ts\u001b[2m:20:1)\u001b[22m\n      \u001b[2mat Object.require (\u001b[22msrc/screens/events/EventFormScreen.tsx\u001b[2m:62:1)\u001b[22m\n      \u001b[2mat Object.require (\u001b[22m\u001b[0m\u001b[36msrc/screens/events/__tests__/EventFormScreen.test.tsx\u001b[39m\u001b[0m\u001b[2m:39:1)\u001b[22m\n","name":"C:\\Users\\tfurt\\source\\repos\\eventosapp\\mobile\\src\\screens\\events\\__tests__\\EventFormScreen.test.tsx","startTime":1773186443141,"status":"failed","summary":""}],"wasInterrupted":false}
