{"numFailedTestSuites":2,"numFailedTests":5,"numPassedTestSuites":2,"numPassedTests":9,"numPendingTestSuites":0,"numPendingTests":0,"numRuntimeErrorTestSuites":0,"numTodoTests":0,"numTotalTestSuites":4,"numTotalTests":14,"openHandles":[],"snapshot":{"added":0,"didUpdate":false,"failure":false,"filesAdded":0,"filesRemoved":0,"filesRemovedList":[],"filesUnmatched":0,"filesUpdated":0,"matched":0,"total":0,"unchecked":0,"uncheckedKeysByFile":[],"unmatched":0,"updated":0},"startTime":1773188344287,"success":false,"testResults":[{"assertionResults":[{"ancestorTitles":["ClientListScreen"],"duration":84,"failing":false,"failureDetails":[{}],"failureMessages":["TypeError: Cannot read properties of undefined (reading 'addEventListener')\n    at addEventListener (C:\\Users\\tfurt\\source\\repos\\eventosapp\\mobile\\node_modules\\@react-navigation\\native\\src\\useLinking.native.tsx:39:36)\n    at subscribe (C:\\Users\\tfurt\\source\\repos\\eventosapp\\mobile\\node_modules\\@react-navigation\\native\\src\\useLinking.native.tsx:211:12)\n    at Object.react_stack_bottom_frame (C:\\Users\\tfurt\\source\\repos\\eventosapp\\mobile\\node_modules\\react-test-renderer\\cjs\\react-test-renderer.development.js:15755:20)\n    at runWithFiberInDEV (C:\\Users\\tfurt\\source\\repos\\eventosapp\\mobile\\node_modules\\react-test-renderer\\cjs\\react-test-renderer.development.js:2315:13)\n    at commitHookEffectListMount (C:\\Users\\tfurt\\source\\repos\\eventosapp\\mobile\\node_modules\\react-test-renderer\\cjs\\react-test-renderer.development.js:9530:29)\n    at commitHookPassiveMountEffects (C:\\Users\\tfurt\\source\\repos\\eventosapp\\mobile\\node_modules\\react-test-renderer\\cjs\\react-test-renderer.development.js:9617:11)\n    at commitPassiveMountOnFiber (C:\\Users\\tfurt\\source\\repos\\eventosapp\\mobile\\node_modules\\react-test-renderer\\cjs\\react-test-renderer.development.js:11205:13)\n    at recursivelyTraversePassiveMountEffects (C:\\Users\\tfurt\\source\\repos\\eventosapp\\mobile\\node_modules\\react-test-renderer\\cjs\\react-test-renderer.development.js:11160:11)\n    at commitPassiveMountOnFiber (C:\\Users\\tfurt\\source\\repos\\eventosapp\\mobile\\node_modules\\react-test-renderer\\cjs\\react-test-renderer.development.js:11240:11)\n    at flushPendingEffects (C:\\Users\\tfurt\\source\\repos\\eventosapp\\mobile\\node_modules\\react-test-renderer\\cjs\\react-test-renderer.development.js:14086:11)\n    at performWorkOnRootViaSchedulerTask (C:\\Users\\tfurt\\source\\repos\\eventosapp\\mobile\\node_modules\\react-test-renderer\\cjs\\react-test-renderer.development.js:2896:11)\n    at flushActQueue (C:\\Users\\tfurt\\source\\repos\\eventosapp\\mobile\\node_modules\\react\\cjs\\react.development.js:590:34)\n    at process.env.NODE_ENV.exports.act (C:\\Users\\tfurt\\source\\repos\\eventosapp\\mobile\\node_modules\\react\\cjs\\react.development.js:884:10)\n    at actImplementation (C:\\Users\\tfurt\\source\\repos\\eventosapp\\mobile\\node_modules\\@testing-library\\react-native\\src\\act.ts:30:25)\n    at renderWithAct (C:\\Users\\tfurt\\source\\repos\\eventosapp\\mobile\\node_modules\\@testing-library\\react-native\\src\\render-act.ts:13:11)\n    at renderInternal (C:\\Users\\tfurt\\source\\repos\\eventosapp\\mobile\\node_modules\\@testing-library\\react-native\\src\\render.tsx:69:33)\n    at renderInternal (C:\\Users\\tfurt\\source\\repos\\eventosapp\\mobile\\node_modules\\@testing-library\\react-native\\src\\render.tsx:44:10)\n    at renderWithProviders (C:\\Users\\tfurt\\source\\repos\\eventosapp\\mobile\\src\\screens\\clients\\__tests__\\ClientListScreen.test.tsx:140:16)\n    at Object.renderWithProviders (C:\\Users\\tfurt\\source\\repos\\eventosapp\\mobile\\src\\screens\\clients\\__tests__\\ClientListScreen.test.tsx:166:29)\n    at Promise.finally.completed (C:\\Users\\tfurt\\source\\repos\\eventosapp\\mobile\\node_modules\\jest-circus\\build\\jestAdapterInit.js:1557:28)\n    at new Promise (<anonymous>)\n    at callAsyncCircusFn (C:\\Users\\tfurt\\source\\repos\\eventosapp\\mobile\\node_modules\\jest-circus\\build\\jestAdapterInit.js:1497:10)\n    at _callCircusTest (C:\\Users\\tfurt\\source\\repos\\eventosapp\\mobile\\node_modules\\jest-circus\\build\\jestAdapterInit.js:1007:40)\n    at processTicksAndRejections (node:internal/process/task_queues:105:5)\n    at _runTest (C:\\Users\\tfurt\\source\\repos\\eventosapp\\mobile\\node_modules\\jest-circus\\build\\jestAdapterInit.js:947:3)\n    at C:\\Users\\tfurt\\source\\repos\\eventosapp\\mobile\\node_modules\\jest-circus\\build\\jestAdapterInit.js:849:7\n    at _runTestsForDescribeBlock (C:\\Users\\tfurt\\source\\repos\\eventosapp\\mobile\\node_modules\\jest-circus\\build\\jestAdapterInit.js:862:11)\n    at _runTestsForDescribeBlock (C:\\Users\\tfurt\\source\\repos\\eventosapp\\mobile\\node_modules\\jest-circus\\build\\jestAdapterInit.js:857:11)\n    at run (C:\\Users\\tfurt\\source\\repos\\eventosapp\\mobile\\node_modules\\jest-circus\\build\\jestAdapterInit.js:761:3)\n    at runAndTransformResultsToJestFormat (C:\\Users\\tfurt\\source\\repos\\eventosapp\\mobile\\node_modules\\jest-circus\\build\\jestAdapterInit.js:1918:21)\n    at jestAdapter (C:\\Users\\tfurt\\source\\repos\\eventosapp\\mobile\\node_modules\\jest-circus\\build\\runner.js:101:19)\n    at runTestInternal (C:\\Users\\tfurt\\source\\repos\\eventosapp\\mobile\\node_modules\\jest-runner\\build\\testWorker.js:275:16)\n    at runTest (C:\\Users\\tfurt\\source\\repos\\eventosapp\\mobile\\node_modules\\jest-runner\\build\\testWorker.js:343:7)\n    at Object.worker (C:\\Users\\tfurt\\source\\repos\\eventosapp\\mobile\\node_modules\\jest-runner\\build\\testWorker.js:497:12)"],"fullName":"ClientListScreen renders loading skeleton","invocations":1,"location":null,"numPassingAsserts":0,"retryReasons":[],"startAt":1773188347466,"status":"failed","title":"renders loading skeleton"},{"ancestorTitles":["ClientListScreen"],"duration":12,"failing":false,"failureDetails":[{}],"failureMessages":["TypeError: Cannot read properties of undefined (reading 'addEventListener')\n    at addEventListener (C:\\Users\\tfurt\\source\\repos\\eventosapp\\mobile\\node_modules\\@react-navigation\\native\\src\\useLinking.native.tsx:39:36)\n    at subscribe (C:\\Users\\tfurt\\source\\repos\\eventosapp\\mobile\\node_modules\\@react-navigation\\native\\src\\useLinking.native.tsx:211:12)\n    at Object.react_stack_bottom_frame (C:\\Users\\tfurt\\source\\repos\\eventosapp\\mobile\\node_modules\\react-test-renderer\\cjs\\react-test-renderer.development.js:15755:20)\n    at runWithFiberInDEV (C:\\Users\\tfurt\\source\\repos\\eventosapp\\mobile\\node_modules\\react-test-renderer\\cjs\\react-test-renderer.development.js:2315:13)\n    at commitHookEffectListMount (C:\\Users\\tfurt\\source\\repos\\eventosapp\\mobile\\node_modules\\react-test-renderer\\cjs\\react-test-renderer.development.js:9530:29)\n    at commitHookPassiveMountEffects (C:\\Users\\tfurt\\source\\repos\\eventosapp\\mobile\\node_modules\\react-test-renderer\\cjs\\react-test-renderer.development.js:9617:11)\n    at commitPassiveMountOnFiber (C:\\Users\\tfurt\\source\\repos\\eventosapp\\mobile\\node_modules\\react-test-renderer\\cjs\\react-test-renderer.development.js:11205:13)\n    at recursivelyTraversePassiveMountEffects (C:\\Users\\tfurt\\source\\repos\\eventosapp\\mobile\\node_modules\\react-test-renderer\\cjs\\react-test-renderer.development.js:11160:11)\n    at commitPassiveMountOnFiber (C:\\Users\\tfurt\\source\\repos\\eventosapp\\mobile\\node_modules\\react-test-renderer\\cjs\\react-test-renderer.development.js:11240:11)\n    at flushPendingEffects (C:\\Users\\tfurt\\source\\repos\\eventosapp\\mobile\\node_modules\\react-test-renderer\\cjs\\react-test-renderer.development.js:14086:11)\n    at performWorkOnRootViaSchedulerTask (C:\\Users\\tfurt\\source\\repos\\eventosapp\\mobile\\node_modules\\react-test-renderer\\cjs\\react-test-renderer.development.js:2896:11)\n    at flushActQueue (C:\\Users\\tfurt\\source\\repos\\eventosapp\\mobile\\node_modules\\react\\cjs\\react.development.js:590:34)\n    at process.env.NODE_ENV.exports.act (C:\\Users\\tfurt\\source\\repos\\eventosapp\\mobile\\node_modules\\react\\cjs\\react.development.js:884:10)\n    at actImplementation (C:\\Users\\tfurt\\source\\repos\\eventosapp\\mobile\\node_modules\\@testing-library\\react-native\\src\\act.ts:30:25)\n    at renderWithAct (C:\\Users\\tfurt\\source\\repos\\eventosapp\\mobile\\node_modules\\@testing-library\\react-native\\src\\render-act.ts:13:11)\n    at renderInternal (C:\\Users\\tfurt\\source\\repos\\eventosapp\\mobile\\node_modules\\@testing-library\\react-native\\src\\render.tsx:69:33)\n    at renderInternal (C:\\Users\\tfurt\\source\\repos\\eventosapp\\mobile\\node_modules\\@testing-library\\react-native\\src\\render.tsx:44:10)\n    at renderWithProviders (C:\\Users\\tfurt\\source\\repos\\eventosapp\\mobile\\src\\screens\\clients\\__tests__\\ClientListScreen.test.tsx:140:16)\n    at Object.renderWithProviders (C:\\Users\\tfurt\\source\\repos\\eventosapp\\mobile\\src\\screens\\clients\\__tests__\\ClientListScreen.test.tsx:175:49)\n    at Generator.next (<anonymous>)\n    at asyncGeneratorStep (C:\\Users\\tfurt\\source\\repos\\eventosapp\\mobile\\node_modules\\@babel\\runtime\\helpers\\asyncToGenerator.js:3:17)\n    at _next (C:\\Users\\tfurt\\source\\repos\\eventosapp\\mobile\\node_modules\\@babel\\runtime\\helpers\\asyncToGenerator.js:17:9)\n    at C:\\Users\\tfurt\\source\\repos\\eventosapp\\mobile\\node_modules\\@babel\\runtime\\helpers\\asyncToGenerator.js:22:7\n    at new Promise (<anonymous>)\n    at Object.<anonymous> (C:\\Users\\tfurt\\source\\repos\\eventosapp\\mobile\\node_modules\\@babel\\runtime\\helpers\\asyncToGenerator.js:14:12)\n    at Promise.finally.completed (C:\\Users\\tfurt\\source\\repos\\eventosapp\\mobile\\node_modules\\jest-circus\\build\\jestAdapterInit.js:1557:28)\n    at new Promise (<anonymous>)\n    at callAsyncCircusFn (C:\\Users\\tfurt\\source\\repos\\eventosapp\\mobile\\node_modules\\jest-circus\\build\\jestAdapterInit.js:1497:10)\n    at _callCircusTest (C:\\Users\\tfurt\\source\\repos\\eventosapp\\mobile\\node_modules\\jest-circus\\build\\jestAdapterInit.js:1007:40)\n    at _runTest (C:\\Users\\tfurt\\source\\repos\\eventosapp\\mobile\\node_modules\\jest-circus\\build\\jestAdapterInit.js:947:3)\n    at C:\\Users\\tfurt\\source\\repos\\eventosapp\\mobile\\node_modules\\jest-circus\\build\\jestAdapterInit.js:849:7\n    at _runTestsForDescribeBlock (C:\\Users\\tfurt\\source\\repos\\eventosapp\\mobile\\node_modules\\jest-circus\\build\\jestAdapterInit.js:862:11)\n    at _runTestsForDescribeBlock (C:\\Users\\tfurt\\source\\repos\\eventosapp\\mobile\\node_modules\\jest-circus\\build\\jestAdapterInit.js:857:11)\n    at run (C:\\Users\\tfurt\\source\\repos\\eventosapp\\mobile\\node_modules\\jest-circus\\build\\jestAdapterInit.js:761:3)\n    at runAndTransformResultsToJestFormat (C:\\Users\\tfurt\\source\\repos\\eventosapp\\mobile\\node_modules\\jest-circus\\build\\jestAdapterInit.js:1918:21)\n    at jestAdapter (C:\\Users\\tfurt\\source\\repos\\eventosapp\\mobile\\node_modules\\jest-circus\\build\\runner.js:101:19)\n    at runTestInternal (C:\\Users\\tfurt\\source\\repos\\eventosapp\\mobile\\node_modules\\jest-runner\\build\\testWorker.js:275:16)\n    at runTest (C:\\Users\\tfurt\\source\\repos\\eventosapp\\mobile\\node_modules\\jest-runner\\build\\testWorker.js:343:7)\n    at Object.worker (C:\\Users\\tfurt\\source\\repos\\eventosapp\\mobile\\node_modules\\jest-runner\\build\\testWorker.js:497:12)"],"fullName":"ClientListScreen renders list of clients","invocations":1,"location":null,"numPassingAsserts":0,"retryReasons":[],"startAt":1773188347571,"status":"failed","title":"renders list of clients"},{"ancestorTitles":["ClientListScreen"],"duration":7,"failing":false,"failureDetails":[{}],"failureMessages":["TypeError: Cannot read properties of undefined (reading 'addEventListener')\n    at addEventListener (C:\\Users\\tfurt\\source\\repos\\eventosapp\\mobile\\node_modules\\@react-navigation\\native\\src\\useLinking.native.tsx:39:36)\n    at subscribe (C:\\Users\\tfurt\\source\\repos\\eventosapp\\mobile\\node_modules\\@react-navigation\\native\\src\\useLinking.native.tsx:211:12)\n    at Object.react_stack_bottom_frame (C:\\Users\\tfurt\\source\\repos\\eventosapp\\mobile\\node_modules\\react-test-renderer\\cjs\\react-test-renderer.development.js:15755:20)\n    at runWithFiberInDEV (C:\\Users\\tfurt\\source\\repos\\eventosapp\\mobile\\node_modules\\react-test-renderer\\cjs\\react-test-renderer.development.js:2315:13)\n    at commitHookEffectListMount (C:\\Users\\tfurt\\source\\repos\\eventosapp\\mobile\\node_modules\\react-test-renderer\\cjs\\react-test-renderer.development.js:9530:29)\n    at commitHookPassiveMountEffects (C:\\Users\\tfurt\\source\\repos\\eventosapp\\mobile\\node_modules\\react-test-renderer\\cjs\\react-test-renderer.development.js:9617:11)\n    at commitPassiveMountOnFiber (C:\\Users\\tfurt\\source\\repos\\eventosapp\\mobile\\node_modules\\react-test-renderer\\cjs\\react-test-renderer.development.js:11205:13)\n    at recursivelyTraversePassiveMountEffects (C:\\Users\\tfurt\\source\\repos\\eventosapp\\mobile\\node_modules\\react-test-renderer\\cjs\\react-test-renderer.development.js:11160:11)\n    at commitPassiveMountOnFiber (C:\\Users\\tfurt\\source\\repos\\eventosapp\\mobile\\node_modules\\react-test-renderer\\cjs\\react-test-renderer.development.js:11240:11)\n    at flushPendingEffects (C:\\Users\\tfurt\\source\\repos\\eventosapp\\mobile\\node_modules\\react-test-renderer\\cjs\\react-test-renderer.development.js:14086:11)\n    at performWorkOnRootViaSchedulerTask (C:\\Users\\tfurt\\source\\repos\\eventosapp\\mobile\\node_modules\\react-test-renderer\\cjs\\react-test-renderer.development.js:2896:11)\n    at flushActQueue (C:\\Users\\tfurt\\source\\repos\\eventosapp\\mobile\\node_modules\\react\\cjs\\react.development.js:590:34)\n    at process.env.NODE_ENV.exports.act (C:\\Users\\tfurt\\source\\repos\\eventosapp\\mobile\\node_modules\\react\\cjs\\react.development.js:884:10)\n    at actImplementation (C:\\Users\\tfurt\\source\\repos\\eventosapp\\mobile\\node_modules\\@testing-library\\react-native\\src\\act.ts:30:25)\n    at renderWithAct (C:\\Users\\tfurt\\source\\repos\\eventosapp\\mobile\\node_modules\\@testing-library\\react-native\\src\\render-act.ts:13:11)\n    at renderInternal (C:\\Users\\tfurt\\source\\repos\\eventosapp\\mobile\\node_modules\\@testing-library\\react-native\\src\\render.tsx:69:33)\n    at renderInternal (C:\\Users\\tfurt\\source\\repos\\eventosapp\\mobile\\node_modules\\@testing-library\\react-native\\src\\render.tsx:44:10)\n    at renderWithProviders (C:\\Users\\tfurt\\source\\repos\\eventosapp\\mobile\\src\\screens\\clients\\__tests__\\ClientListScreen.test.tsx:140:16)\n    at Object.renderWithProviders (C:\\Users\\tfurt\\source\\repos\\eventosapp\\mobile\\src\\screens\\clients\\__tests__\\ClientListScreen.test.tsx:199:77)\n    at Generator.next (<anonymous>)\n    at asyncGeneratorStep (C:\\Users\\tfurt\\source\\repos\\eventosapp\\mobile\\node_modules\\@babel\\runtime\\helpers\\asyncToGenerator.js:3:17)\n    at _next (C:\\Users\\tfurt\\source\\repos\\eventosapp\\mobile\\node_modules\\@babel\\runtime\\helpers\\asyncToGenerator.js:17:9)\n    at C:\\Users\\tfurt\\source\\repos\\eventosapp\\mobile\\node_modules\\@babel\\runtime\\helpers\\asyncToGenerator.js:22:7\n    at new Promise (<anonymous>)\n    at Object.<anonymous> (C:\\Users\\tfurt\\source\\repos\\eventosapp\\mobile\\node_modules\\@babel\\runtime\\helpers\\asyncToGenerator.js:14:12)\n    at Promise.finally.completed (C:\\Users\\tfurt\\source\\repos\\eventosapp\\mobile\\node_modules\\jest-circus\\build\\jestAdapterInit.js:1557:28)\n    at new Promise (<anonymous>)\n    at callAsyncCircusFn (C:\\Users\\tfurt\\source\\repos\\eventosapp\\mobile\\node_modules\\jest-circus\\build\\jestAdapterInit.js:1497:10)\n    at _callCircusTest (C:\\Users\\tfurt\\source\\repos\\eventosapp\\mobile\\node_modules\\jest-circus\\build\\jestAdapterInit.js:1007:40)\n    at _runTest (C:\\Users\\tfurt\\source\\repos\\eventosapp\\mobile\\node_modules\\jest-circus\\build\\jestAdapterInit.js:947:3)\n    at C:\\Users\\tfurt\\source\\repos\\eventosapp\\mobile\\node_modules\\jest-circus\\build\\jestAdapterInit.js:849:7\n    at _runTestsForDescribeBlock (C:\\Users\\tfurt\\source\\repos\\eventosapp\\mobile\\node_modules\\jest-circus\\build\\jestAdapterInit.js:862:11)\n    at _runTestsForDescribeBlock (C:\\Users\\tfurt\\source\\repos\\eventosapp\\mobile\\node_modules\\jest-circus\\build\\jestAdapterInit.js:857:11)\n    at run (C:\\Users\\tfurt\\source\\repos\\eventosapp\\mobile\\node_modules\\jest-circus\\build\\jestAdapterInit.js:761:3)\n    at runAndTransformResultsToJestFormat (C:\\Users\\tfurt\\source\\repos\\eventosapp\\mobile\\node_modules\\jest-circus\\build\\jestAdapterInit.js:1918:21)\n    at jestAdapter (C:\\Users\\tfurt\\source\\repos\\eventosapp\\mobile\\node_modules\\jest-circus\\build\\runner.js:101:19)\n    at runTestInternal (C:\\Users\\tfurt\\source\\repos\\eventosapp\\mobile\\node_modules\\jest-runner\\build\\testWorker.js:275:16)\n    at runTest (C:\\Users\\tfurt\\source\\repos\\eventosapp\\mobile\\node_modules\\jest-runner\\build\\testWorker.js:343:7)\n    at Object.worker (C:\\Users\\tfurt\\source\\repos\\eventosapp\\mobile\\node_modules\\jest-runner\\build\\testWorker.js:497:12)"],"fullName":"ClientListScreen searches for clients securely","invocations":1,"location":null,"numPassingAsserts":0,"retryReasons":[],"startAt":1773188347585,"status":"failed","title":"searches for clients securely"},{"ancestorTitles":["ClientListScreen"],"duration":7,"failing":false,"failureDetails":[{}],"failureMessages":["TypeError: Cannot read properties of undefined (reading 'addEventListener')\n    at addEventListener (C:\\Users\\tfurt\\source\\repos\\eventosapp\\mobile\\node_modules\\@react-navigation\\native\\src\\useLinking.native.tsx:39:36)\n    at subscribe (C:\\Users\\tfurt\\source\\repos\\eventosapp\\mobile\\node_modules\\@react-navigation\\native\\src\\useLinking.native.tsx:211:12)\n    at Object.react_stack_bottom_frame (C:\\Users\\tfurt\\source\\repos\\eventosapp\\mobile\\node_modules\\react-test-renderer\\cjs\\react-test-renderer.development.js:15755:20)\n    at runWithFiberInDEV (C:\\Users\\tfurt\\source\\repos\\eventosapp\\mobile\\node_modules\\react-test-renderer\\cjs\\react-test-renderer.development.js:2315:13)\n    at commitHookEffectListMount (C:\\Users\\tfurt\\source\\repos\\eventosapp\\mobile\\node_modules\\react-test-renderer\\cjs\\react-test-renderer.development.js:9530:29)\n    at commitHookPassiveMountEffects (C:\\Users\\tfurt\\source\\repos\\eventosapp\\mobile\\node_modules\\react-test-renderer\\cjs\\react-test-renderer.development.js:9617:11)\n    at commitPassiveMountOnFiber (C:\\Users\\tfurt\\source\\repos\\eventosapp\\mobile\\node_modules\\react-test-renderer\\cjs\\react-test-renderer.development.js:11205:13)\n    at recursivelyTraversePassiveMountEffects (C:\\Users\\tfurt\\source\\repos\\eventosapp\\mobile\\node_modules\\react-test-renderer\\cjs\\react-test-renderer.development.js:11160:11)\n    at commitPassiveMountOnFiber (C:\\Users\\tfurt\\source\\repos\\eventosapp\\mobile\\node_modules\\react-test-renderer\\cjs\\react-test-renderer.development.js:11240:11)\n    at flushPendingEffects (C:\\Users\\tfurt\\source\\repos\\eventosapp\\mobile\\node_modules\\react-test-renderer\\cjs\\react-test-renderer.development.js:14086:11)\n    at performWorkOnRootViaSchedulerTask (C:\\Users\\tfurt\\source\\repos\\eventosapp\\mobile\\node_modules\\react-test-renderer\\cjs\\react-test-renderer.development.js:2896:11)\n    at flushActQueue (C:\\Users\\tfurt\\source\\repos\\eventosapp\\mobile\\node_modules\\react\\cjs\\react.development.js:590:34)\n    at process.env.NODE_ENV.exports.act (C:\\Users\\tfurt\\source\\repos\\eventosapp\\mobile\\node_modules\\react\\cjs\\react.development.js:884:10)\n    at actImplementation (C:\\Users\\tfurt\\source\\repos\\eventosapp\\mobile\\node_modules\\@testing-library\\react-native\\src\\act.ts:30:25)\n    at renderWithAct (C:\\Users\\tfurt\\source\\repos\\eventosapp\\mobile\\node_modules\\@testing-library\\react-native\\src\\render-act.ts:13:11)\n    at renderInternal (C:\\Users\\tfurt\\source\\repos\\eventosapp\\mobile\\node_modules\\@testing-library\\react-native\\src\\render.tsx:69:33)\n    at renderInternal (C:\\Users\\tfurt\\source\\repos\\eventosapp\\mobile\\node_modules\\@testing-library\\react-native\\src\\render.tsx:44:10)\n    at renderWithProviders (C:\\Users\\tfurt\\source\\repos\\eventosapp\\mobile\\src\\screens\\clients\\__tests__\\ClientListScreen.test.tsx:140:16)\n    at Object.renderWithProviders (C:\\Users\\tfurt\\source\\repos\\eventosapp\\mobile\\src\\screens\\clients\\__tests__\\ClientListScreen.test.tsx:221:84)\n    at Generator.next (<anonymous>)\n    at asyncGeneratorStep (C:\\Users\\tfurt\\source\\repos\\eventosapp\\mobile\\node_modules\\@babel\\runtime\\helpers\\asyncToGenerator.js:3:17)\n    at _next (C:\\Users\\tfurt\\source\\repos\\eventosapp\\mobile\\node_modules\\@babel\\runtime\\helpers\\asyncToGenerator.js:17:9)\n    at C:\\Users\\tfurt\\source\\repos\\eventosapp\\mobile\\node_modules\\@babel\\runtime\\helpers\\asyncToGenerator.js:22:7\n    at new Promise (<anonymous>)\n    at Object.<anonymous> (C:\\Users\\tfurt\\source\\repos\\eventosapp\\mobile\\node_modules\\@babel\\runtime\\helpers\\asyncToGenerator.js:14:12)\n    at Promise.finally.completed (C:\\Users\\tfurt\\source\\repos\\eventosapp\\mobile\\node_modules\\jest-circus\\build\\jestAdapterInit.js:1557:28)\n    at new Promise (<anonymous>)\n    at callAsyncCircusFn (C:\\Users\\tfurt\\source\\repos\\eventosapp\\mobile\\node_modules\\jest-circus\\build\\jestAdapterInit.js:1497:10)\n    at _callCircusTest (C:\\Users\\tfurt\\source\\repos\\eventosapp\\mobile\\node_modules\\jest-circus\\build\\jestAdapterInit.js:1007:40)\n    at _runTest (C:\\Users\\tfurt\\source\\repos\\eventosapp\\mobile\\node_modules\\jest-circus\\build\\jestAdapterInit.js:947:3)\n    at C:\\Users\\tfurt\\source\\repos\\eventosapp\\mobile\\node_modules\\jest-circus\\build\\jestAdapterInit.js:849:7\n    at _runTestsForDescribeBlock (C:\\Users\\tfurt\\source\\repos\\eventosapp\\mobile\\node_modules\\jest-circus\\build\\jestAdapterInit.js:862:11)\n    at _runTestsForDescribeBlock (C:\\Users\\tfurt\\source\\repos\\eventosapp\\mobile\\node_modules\\jest-circus\\build\\jestAdapterInit.js:857:11)\n    at run (C:\\Users\\tfurt\\source\\repos\\eventosapp\\mobile\\node_modules\\jest-circus\\build\\jestAdapterInit.js:761:3)\n    at runAndTransformResultsToJestFormat (C:\\Users\\tfurt\\source\\repos\\eventosapp\\mobile\\node_modules\\jest-circus\\build\\jestAdapterInit.js:1918:21)\n    at jestAdapter (C:\\Users\\tfurt\\source\\repos\\eventosapp\\mobile\\node_modules\\jest-circus\\build\\runner.js:101:19)\n    at runTestInternal (C:\\Users\\tfurt\\source\\repos\\eventosapp\\mobile\\node_modules\\jest-runner\\build\\testWorker.js:275:16)\n    at runTest (C:\\Users\\tfurt\\source\\repos\\eventosapp\\mobile\\node_modules\\jest-runner\\build\\testWorker.js:343:7)\n    at Object.worker (C:\\Users\\tfurt\\source\\repos\\eventosapp\\mobile\\node_modules\\jest-runner\\build\\testWorker.js:497:12)"],"fullName":"ClientListScreen deletes a client","invocations":1,"location":null,"numPassingAsserts":0,"retryReasons":[],"startAt":1773188347593,"status":"failed","title":"deletes a client"}],"endTime":1773188347665,"message":"\u001b[1m\u001b[31m  \u001b[1m● \u001b[22m\u001b[1mClientListScreen › renders loading skeleton\u001b[39m\u001b[22m\n\n    TypeError: Cannot read properties of undefined (reading 'addEventListener')\n\u001b[2m\u001b[22m\n\u001b[2m    \u001b[0m \u001b[90m 138 |\u001b[39m\u001b[22m\n\u001b[2m     \u001b[90m 139 |\u001b[39m \u001b[36mconst\u001b[39m renderWithProviders \u001b[33m=\u001b[39m (ui\u001b[33m:\u001b[39m \u001b[33mReact\u001b[39m\u001b[33m.\u001b[39m\u001b[33mReactElement\u001b[39m) \u001b[33m=>\u001b[39m {\u001b[22m\n\u001b[2m    \u001b[31m\u001b[1m>\u001b[22m\u001b[2m\u001b[39m\u001b[90m 140 |\u001b[39m   \u001b[36mreturn\u001b[39m render(\u001b[22m\n\u001b[2m     \u001b[90m     |\u001b[39m                \u001b[31m\u001b[1m^\u001b[22m\u001b[2m\u001b[39m\u001b[22m\n\u001b[2m     \u001b[90m 141 |\u001b[39m     \u001b[33m<\u001b[39m\u001b[33mNavigationContainer\u001b[39m\u001b[33m>\u001b[39m{ui}\u001b[33m<\u001b[39m\u001b[33m/\u001b[39m\u001b[33mNavigationContainer\u001b[39m\u001b[33m>\u001b[39m\u001b[22m\n\u001b[2m     \u001b[90m 142 |\u001b[39m   )\u001b[33m;\u001b[39m\u001b[22m\n\u001b[2m     \u001b[90m 143 |\u001b[39m }\u001b[33m;\u001b[39m\u001b[0m\u001b[22m\n\u001b[2m\u001b[22m\n\u001b[2m      \u001b[2mat addEventListener (\u001b[22m\u001b[2mnode_modules/@react-navigation/native/src/useLinking.native.tsx\u001b[2m:39:36)\u001b[22m\u001b[2m\u001b[22m\n\u001b[2m      \u001b[2mat subscribe (\u001b[22m\u001b[2mnode_modules/@react-navigation/native/src/useLinking.native.tsx\u001b[2m:211:12)\u001b[22m\u001b[2m\u001b[22m\n\u001b[2m      \u001b[2mat Object.react_stack_bottom_frame (\u001b[22m\u001b[2mnode_modules/react-test-renderer/cjs/react-test-renderer.development.js\u001b[2m:15755:20)\u001b[22m\u001b[2m\u001b[22m\n\u001b[2m      \u001b[2mat runWithFiberInDEV (\u001b[22m\u001b[2mnode_modules/react-test-renderer/cjs/react-test-renderer.development.js\u001b[2m:2315:13)\u001b[22m\u001b[2m\u001b[22m\n\u001b[2m      \u001b[2mat commitHookEffectListMount (\u001b[22m\u001b[2mnode_modules/react-test-renderer/cjs/react-test-renderer.development.js\u001b[2m:9530:29)\u001b[22m\u001b[2m\u001b[22m\n\u001b[2m      \u001b[2mat commitHookPassiveMountEffects (\u001b[22m\u001b[2mnode_modules/react-test-renderer/cjs/react-test-renderer.development.js\u001b[2m:9617:11)\u001b[22m\u001b[2m\u001b[22m\n\u001b[2m      \u001b[2mat commitPassiveMountOnFiber (\u001b[22m\u001b[2mnode_modules/react-test-renderer/cjs/react-test-renderer.development.js\u001b[2m:11205:13)\u001b[22m\u001b[2m\u001b[22m\n\u001b[2m      \u001b[2mat recursivelyTraversePassiveMountEffects (\u001b[22m\u001b[2mnode_modules/react-test-renderer/cjs/react-test-renderer.development.js\u001b[2m:11160:11)\u001b[22m\u001b[2m\u001b[22m\n\u001b[2m      \u001b[2mat commitPassiveMountOnFiber (\u001b[22m\u001b[2mnode_modules/react-test-renderer/cjs/react-test-renderer.development.js\u001b[2m:11240:11)\u001b[22m\u001b[2m\u001b[22m\n\u001b[2m      \u001b[2mat flushPendingEffects (\u001b[22m\u001b[2mnode_modules/react-test-renderer/cjs/react-test-renderer.development.js\u001b[2m:14086:11)\u001b[22m\u001b[2m\u001b[22m\n\u001b[2m      \u001b[2mat performWorkOnRootViaSchedulerTask (\u001b[22m\u001b[2mnode_modules/react-test-renderer/cjs/react-test-renderer.development.js\u001b[2m:2896:11)\u001b[22m\u001b[2m\u001b[22m\n\u001b[2m      \u001b[2mat flushActQueue (\u001b[22m\u001b[2mnode_modules/react/cjs/react.development.js\u001b[2m:590:34)\u001b[22m\u001b[2m\u001b[22m\n\u001b[2m      \u001b[2mat process.env.NODE_ENV.exports.act (\u001b[22m\u001b[2mnode_modules/react/cjs/react.development.js\u001b[2m:884:10)\u001b[22m\u001b[2m\u001b[22m\n\u001b[2m      \u001b[2mat actImplementation (\u001b[22m\u001b[2mnode_modules/@testing-library/react-native/src/act.ts\u001b[2m:30:25)\u001b[22m\u001b[2m\u001b[22m\n\u001b[2m      \u001b[2mat renderWithAct (\u001b[22m\u001b[2mnode_modules/@testing-library/react-native/src/render-act.ts\u001b[2m:13:11)\u001b[22m\u001b[2m\u001b[22m\n\u001b[2m      \u001b[2mat renderInternal (\u001b[22m\u001b[2mnode_modules/@testing-library/react-native/src/render.tsx\u001b[2m:69:33)\u001b[22m\u001b[2m\u001b[22m\n\u001b[2m      \u001b[2mat renderInternal (\u001b[22m\u001b[2mnode_modules/@testing-library/react-native/src/render.tsx\u001b[2m:44:10)\u001b[22m\u001b[2m\u001b[22m\n\u001b[2m      \u001b[2mat renderWithProviders (\u001b[22m\u001b[2m\u001b[0m\u001b[36msrc/screens/clients/__tests__/ClientListScreen.test.tsx\u001b[39m\u001b[0m\u001b[2m:140:16)\u001b[22m\u001b[2m\u001b[22m\n\u001b[2m      \u001b[2mat Object.renderWithProviders (\u001b[22m\u001b[2m\u001b[0m\u001b[36msrc/screens/clients/__tests__/ClientListScreen.test.tsx\u001b[39m\u001b[0m\u001b[2m:166:29)\u001b[22m\u001b[2m\u001b[22m\n\n\u001b[1m\u001b[31m  \u001b[1m● \u001b[22m\u001b[1mClientListScreen › renders list of clients\u001b[39m\u001b[22m\n\n    TypeError: Cannot read properties of undefined (reading 'addEventListener')\n\u001b[2m\u001b[22m\n\u001b[2m    \u001b[0m \u001b[90m 138 |\u001b[39m\u001b[22m\n\u001b[2m     \u001b[90m 139 |\u001b[39m \u001b[36mconst\u001b[39m renderWithProviders \u001b[33m=\u001b[39m (ui\u001b[33m:\u001b[39m \u001b[33mReact\u001b[39m\u001b[33m.\u001b[39m\u001b[33mReactElement\u001b[39m) \u001b[33m=>\u001b[39m {\u001b[22m\n\u001b[2m    \u001b[31m\u001b[1m>\u001b[22m\u001b[2m\u001b[39m\u001b[90m 140 |\u001b[39m   \u001b[36mreturn\u001b[39m render(\u001b[22m\n\u001b[2m     \u001b[90m     |\u001b[39m                \u001b[31m\u001b[1m^\u001b[22m\u001b[2m\u001b[39m\u001b[22m\n\u001b[2m     \u001b[90m 141 |\u001b[39m     \u001b[33m<\u001b[39m\u001b[33mNavigationContainer\u001b[39m\u001b[33m>\u001b[39m{ui}\u001b[33m<\u001b[39m\u001b[33m/\u001b[39m\u001b[33mNavigationContainer\u001b[39m\u001b[33m>\u001b[39m\u001b[22m\n\u001b[2m     \u001b[90m 142 |\u001b[39m   )\u001b[33m;\u001b[39m\u001b[22m\n\u001b[2m     \u001b[90m 143 |\u001b[39m }\u001b[33m;\u001b[39m\u001b[0m\u001b[22m\n\u001b[2m\u001b[22m\n\u001b[2m      \u001b[2mat addEventListener (\u001b[22m\u001b[2mnode_modules/@react-navigation/native/src/useLinking.native.tsx\u001b[2m:39:36)\u001b[22m\u001b[2m\u001b[22m\n\u001b[2m      \u001b[2mat subscribe (\u001b[22m\u001b[2mnode_modules/@react-navigation/native/src/useLinking.native.tsx\u001b[2m:211:12)\u001b[22m\u001b[2m\u001b[22m\n\u001b[2m      \u001b[2mat Object.react_stack_bottom_frame (\u001b[22m\u001b[2mnode_modules/react-test-renderer/cjs/react-test-renderer.development.js\u001b[2m:15755:20)\u001b[22m\u001b[2m\u001b[22m\n\u001b[2m      \u001b[2mat runWithFiberInDEV (\u001b[22m\u001b[2mnode_modules/react-test-renderer/cjs/react-test-renderer.development.js\u001b[2m:2315:13)\u001b[22m\u001b[2m\u001b[22m\n\u001b[2m      \u001b[2mat commitHookEffectListMount (\u001b[22m\u001b[2mnode_modules/react-test-renderer/cjs/react-test-renderer.development.js\u001b[2m:9530:29)\u001b[22m\u001b[2m\u001b[22m\n\u001b[2m      \u001b[2mat commitHookPassiveMountEffects (\u001b[22m\u001b[2mnode_modules/react-test-renderer/cjs/react-test-renderer.development.js\u001b[2m:9617:11)\u001b[22m\u001b[2m\u001b[22m\n\u001b[2m      \u001b[2mat commitPassiveMountOnFiber (\u001b[22m\u001b[2mnode_modules/react-test-renderer/cjs/react-test-renderer.development.js\u001b[2m:11205:13)\u001b[22m\u001b[2m\u001b[22m\n\u001b[2m      \u001b[2mat recursivelyTraversePassiveMountEffects (\u001b[22m\u001b[2mnode_modules/react-test-renderer/cjs/react-test-renderer.development.js\u001b[2m:11160:11)\u001b[22m\u001b[2m\u001b[22m\n\u001b[2m      \u001b[2mat commitPassiveMountOnFiber (\u001b[22m\u001b[2mnode_modules/react-test-renderer/cjs/react-test-renderer.development.js\u001b[2m:11240:11)\u001b[22m\u001b[2m\u001b[22m\n\u001b[2m      \u001b[2mat flushPendingEffects (\u001b[22m\u001b[2mnode_modules/react-test-renderer/cjs/react-test-renderer.development.js\u001b[2m:14086:11)\u001b[22m\u001b[2m\u001b[22m\n\u001b[2m      \u001b[2mat performWorkOnRootViaSchedulerTask (\u001b[22m\u001b[2mnode_modules/react-test-renderer/cjs/react-test-renderer.development.js\u001b[2m:2896:11)\u001b[22m\u001b[2m\u001b[22m\n\u001b[2m      \u001b[2mat flushActQueue (\u001b[22m\u001b[2mnode_modules/react/cjs/react.development.js\u001b[2m:590:34)\u001b[22m\u001b[2m\u001b[22m\n\u001b[2m      \u001b[2mat process.env.NODE_ENV.exports.act (\u001b[22m\u001b[2mnode_modules/react/cjs/react.development.js\u001b[2m:884:10)\u001b[22m\u001b[2m\u001b[22m\n\u001b[2m      \u001b[2mat actImplementation (\u001b[22m\u001b[2mnode_modules/@testing-library/react-native/src/act.ts\u001b[2m:30:25)\u001b[22m\u001b[2m\u001b[22m\n\u001b[2m      \u001b[2mat renderWithAct (\u001b[22m\u001b[2mnode_modules/@testing-library/react-native/src/render-act.ts\u001b[2m:13:11)\u001b[22m\u001b[2m\u001b[22m\n\u001b[2m      \u001b[2mat renderInternal (\u001b[22m\u001b[2mnode_modules/@testing-library/react-native/src/render.tsx\u001b[2m:69:33)\u001b[22m\u001b[2m\u001b[22m\n\u001b[2m      \u001b[2mat renderInternal (\u001b[22m\u001b[2mnode_modules/@testing-library/react-native/src/render.tsx\u001b[2m:44:10)\u001b[22m\u001b[2m\u001b[22m\n\u001b[2m      \u001b[2mat renderWithProviders (\u001b[22m\u001b[2m\u001b[0m\u001b[36msrc/screens/clients/__tests__/ClientListScreen.test.tsx\u001b[39m\u001b[0m\u001b[2m:140:16)\u001b[22m\u001b[2m\u001b[22m\n\u001b[2m      \u001b[2mat Object.renderWithProviders (\u001b[22m\u001b[2m\u001b[0m\u001b[36msrc/screens/clients/__tests__/ClientListScreen.test.tsx\u001b[39m\u001b[0m\u001b[2m:175:49)\u001b[22m\u001b[2m\u001b[22m\n\u001b[2m      \u001b[2mat asyncGeneratorStep (\u001b[22m\u001b[2mnode_modules/@babel/runtime/helpers/asyncToGenerator.js\u001b[2m:3:17)\u001b[22m\u001b[2m\u001b[22m\n\u001b[2m      \u001b[2mat _next (\u001b[22m\u001b[2mnode_modules/@babel/runtime/helpers/asyncToGenerator.js\u001b[2m:17:9)\u001b[22m\u001b[2m\u001b[22m\n\u001b[2m      \u001b[2mat \u001b[22m\u001b[2mnode_modules/@babel/runtime/helpers/asyncToGenerator.js\u001b[2m:22:7\u001b[22m\u001b[2m\u001b[22m\n\u001b[2m      \u001b[2mat Object.<anonymous> (\u001b[22m\u001b[2mnode_modules/@babel/runtime/helpers/asyncToGenerator.js\u001b[2m:14:12)\u001b[22m\u001b[2m\u001b[22m\n\n\u001b[1m\u001b[31m  \u001b[1m● \u001b[22m\u001b[1mClientListScreen › searches for clients securely\u001b[39m\u001b[22m\n\n    TypeError: Cannot read properties of undefined (reading 'addEventListener')\n\u001b[2m\u001b[22m\n\u001b[2m    \u001b[0m \u001b[90m 138 |\u001b[39m\u001b[22m\n\u001b[2m     \u001b[90m 139 |\u001b[39m \u001b[36mconst\u001b[39m renderWithProviders \u001b[33m=\u001b[39m (ui\u001b[33m:\u001b[39m \u001b[33mReact\u001b[39m\u001b[33m.\u001b[39m\u001b[33mReactElement\u001b[39m) \u001b[33m=>\u001b[39m {\u001b[22m\n\u001b[2m    \u001b[31m\u001b[1m>\u001b[22m\u001b[2m\u001b[39m\u001b[90m 140 |\u001b[39m   \u001b[36mreturn\u001b[39m render(\u001b[22m\n\u001b[2m     \u001b[90m     |\u001b[39m                \u001b[31m\u001b[1m^\u001b[22m\u001b[2m\u001b[39m\u001b[22m\n\u001b[2m     \u001b[90m 141 |\u001b[39m     \u001b[33m<\u001b[39m\u001b[33mNavigationContainer\u001b[39m\u001b[33m>\u001b[39m{ui}\u001b[33m<\u001b[39m\u001b[33m/\u001b[39m\u001b[33mNavigationContainer\u001b[39m\u001b[33m>\u001b[39m\u001b[22m\n\u001b[2m     \u001b[90m 142 |\u001b[39m   )\u001b[33m;\u001b[39m\u001b[22m\n\u001b[2m     \u001b[90m 143 |\u001b[39m }\u001b[33m;\u001b[39m\u001b[0m\u001b[22m\n\u001b[2m\u001b[22m\n\u001b[2m      \u001b[2mat addEventListener (\u001b[22m\u001b[2mnode_modules/@react-navigation/native/src/useLinking.native.tsx\u001b[2m:39:36)\u001b[22m\u001b[2m\u001b[22m\n\u001b[2m      \u001b[2mat subscribe (\u001b[22m\u001b[2mnode_modules/@react-navigation/native/src/useLinking.native.tsx\u001b[2m:211:12)\u001b[22m\u001b[2m\u001b[22m\n\u001b[2m      \u001b[2mat Object.react_stack_bottom_frame (\u001b[22m\u001b[2mnode_modules/react-test-renderer/cjs/react-test-renderer.development.js\u001b[2m:15755:20)\u001b[22m\u001b[2m\u001b[22m\n\u001b[2m      \u001b[2mat runWithFiberInDEV (\u001b[22m\u001b[2mnode_modules/react-test-renderer/cjs/react-test-renderer.development.js\u001b[2m:2315:13)\u001b[22m\u001b[2m\u001b[22m\n\u001b[2m      \u001b[2mat commitHookEffectListMount (\u001b[22m\u001b[2mnode_modules/react-test-renderer/cjs/react-test-renderer.development.js\u001b[2m:9530:29)\u001b[22m\u001b[2m\u001b[22m\n\u001b[2m      \u001b[2mat commitHookPassiveMountEffects (\u001b[22m\u001b[2mnode_modules/react-test-renderer/cjs/react-test-renderer.development.js\u001b[2m:9617:11)\u001b[22m\u001b[2m\u001b[22m\n\u001b[2m      \u001b[2mat commitPassiveMountOnFiber (\u001b[22m\u001b[2mnode_modules/react-test-renderer/cjs/react-test-renderer.development.js\u001b[2m:11205:13)\u001b[22m\u001b[2m\u001b[22m\n\u001b[2m      \u001b[2mat recursivelyTraversePassiveMountEffects (\u001b[22m\u001b[2mnode_modules/react-test-renderer/cjs/react-test-renderer.development.js\u001b[2m:11160:11)\u001b[22m\u001b[2m\u001b[22m\n\u001b[2m      \u001b[2mat commitPassiveMountOnFiber (\u001b[22m\u001b[2mnode_modules/react-test-renderer/cjs/react-test-renderer.development.js\u001b[2m:11240:11)\u001b[22m\u001b[2m\u001b[22m\n\u001b[2m      \u001b[2mat flushPendingEffects (\u001b[22m\u001b[2mnode_modules/react-test-renderer/cjs/react-test-renderer.development.js\u001b[2m:14086:11)\u001b[22m\u001b[2m\u001b[22m\n\u001b[2m      \u001b[2mat performWorkOnRootViaSchedulerTask (\u001b[22m\u001b[2mnode_modules/react-test-renderer/cjs/react-test-renderer.development.js\u001b[2m:2896:11)\u001b[22m\u001b[2m\u001b[22m\n\u001b[2m      \u001b[2mat flushActQueue (\u001b[22m\u001b[2mnode_modules/react/cjs/react.development.js\u001b[2m:590:34)\u001b[22m\u001b[2m\u001b[22m\n\u001b[2m      \u001b[2mat process.env.NODE_ENV.exports.act (\u001b[22m\u001b[2mnode_modules/react/cjs/react.development.js\u001b[2m:884:10)\u001b[22m\u001b[2m\u001b[22m\n\u001b[2m      \u001b[2mat actImplementation (\u001b[22m\u001b[2mnode_modules/@testing-library/react-native/src/act.ts\u001b[2m:30:25)\u001b[22m\u001b[2m\u001b[22m\n\u001b[2m      \u001b[2mat renderWithAct (\u001b[22m\u001b[2mnode_modules/@testing-library/react-native/src/render-act.ts\u001b[2m:13:11)\u001b[22m\u001b[2m\u001b[22m\n\u001b[2m      \u001b[2mat renderInternal (\u001b[22m\u001b[2mnode_modules/@testing-library/react-native/src/render.tsx\u001b[2m:69:33)\u001b[22m\u001b[2m\u001b[22m\n\u001b[2m      \u001b[2mat renderInternal (\u001b[22m\u001b[2mnode_modules/@testing-library/react-native/src/render.tsx\u001b[2m:44:10)\u001b[22m\u001b[2m\u001b[22m\n\u001b[2m      \u001b[2mat renderWithProviders (\u001b[22m\u001b[2m\u001b[0m\u001b[36msrc/screens/clients/__tests__/ClientListScreen.test.tsx\u001b[39m\u001b[0m\u001b[2m:140:16)\u001b[22m\u001b[2m\u001b[22m\n\u001b[2m      \u001b[2mat Object.renderWithProviders (\u001b[22m\u001b[2m\u001b[0m\u001b[36msrc/screens/clients/__tests__/ClientListScreen.test.tsx\u001b[39m\u001b[0m\u001b[2m:199:77)\u001b[22m\u001b[2m\u001b[22m\n\u001b[2m      \u001b[2mat asyncGeneratorStep (\u001b[22m\u001b[2mnode_modules/@babel/runtime/helpers/asyncToGenerator.js\u001b[2m:3:17)\u001b[22m\u001b[2m\u001b[22m\n\u001b[2m      \u001b[2mat _next (\u001b[22m\u001b[2mnode_modules/@babel/runtime/helpers/asyncToGenerator.js\u001b[2m:17:9)\u001b[22m\u001b[2m\u001b[22m\n\u001b[2m      \u001b[2mat \u001b[22m\u001b[2mnode_modules/@babel/runtime/helpers/asyncToGenerator.js\u001b[2m:22:7\u001b[22m\u001b[2m\u001b[22m\n\u001b[2m      \u001b[2mat Object.<anonymous> (\u001b[22m\u001b[2mnode_modules/@babel/runtime/helpers/asyncToGenerator.js\u001b[2m:14:12)\u001b[22m\u001b[2m\u001b[22m\n\n\u001b[1m\u001b[31m  \u001b[1m● \u001b[22m\u001b[1mClientListScreen › deletes a client\u001b[39m\u001b[22m\n\n    TypeError: Cannot read properties of undefined (reading 'addEventListener')\n\u001b[2m\u001b[22m\n\u001b[2m    \u001b[0m \u001b[90m 138 |\u001b[39m\u001b[22m\n\u001b[2m     \u001b[90m 139 |\u001b[39m \u001b[36mconst\u001b[39m renderWithProviders \u001b[33m=\u001b[39m (ui\u001b[33m:\u001b[39m \u001b[33mReact\u001b[39m\u001b[33m.\u001b[39m\u001b[33mReactElement\u001b[39m) \u001b[33m=>\u001b[39m {\u001b[22m\n\u001b[2m    \u001b[31m\u001b[1m>\u001b[22m\u001b[2m\u001b[39m\u001b[90m 140 |\u001b[39m   \u001b[36mreturn\u001b[39m render(\u001b[22m\n\u001b[2m     \u001b[90m     |\u001b[39m                \u001b[31m\u001b[1m^\u001b[22m\u001b[2m\u001b[39m\u001b[22m\n\u001b[2m     \u001b[90m 141 |\u001b[39m     \u001b[33m<\u001b[39m\u001b[33mNavigationContainer\u001b[39m\u001b[33m>\u001b[39m{ui}\u001b[33m<\u001b[39m\u001b[33m/\u001b[39m\u001b[33mNavigationContainer\u001b[39m\u001b[33m>\u001b[39m\u001b[22m\n\u001b[2m     \u001b[90m 142 |\u001b[39m   )\u001b[33m;\u001b[39m\u001b[22m\n\u001b[2m     \u001b[90m 143 |\u001b[39m }\u001b[33m;\u001b[39m\u001b[0m\u001b[22m\n\u001b[2m\u001b[22m\n\u001b[2m      \u001b[2mat addEventListener (\u001b[22m\u001b[2mnode_modules/@react-navigation/native/src/useLinking.native.tsx\u001b[2m:39:36)\u001b[22m\u001b[2m\u001b[22m\n\u001b[2m      \u001b[2mat subscribe (\u001b[22m\u001b[2mnode_modules/@react-navigation/native/src/useLinking.native.tsx\u001b[2m:211:12)\u001b[22m\u001b[2m\u001b[22m\n\u001b[2m      \u001b[2mat Object.react_stack_bottom_frame (\u001b[22m\u001b[2mnode_modules/react-test-renderer/cjs/react-test-renderer.development.js\u001b[2m:15755:20)\u001b[22m\u001b[2m\u001b[22m\n\u001b[2m      \u001b[2mat runWithFiberInDEV (\u001b[22m\u001b[2mnode_modules/react-test-renderer/cjs/react-test-renderer.development.js\u001b[2m:2315:13)\u001b[22m\u001b[2m\u001b[22m\n\u001b[2m      \u001b[2mat commitHookEffectListMount (\u001b[22m\u001b[2mnode_modules/react-test-renderer/cjs/react-test-renderer.development.js\u001b[2m:9530:29)\u001b[22m\u001b[2m\u001b[22m\n\u001b[2m      \u001b[2mat commitHookPassiveMountEffects (\u001b[22m\u001b[2mnode_modules/react-test-renderer/cjs/react-test-renderer.development.js\u001b[2m:9617:11)\u001b[22m\u001b[2m\u001b[22m\n\u001b[2m      \u001b[2mat commitPassiveMountOnFiber (\u001b[22m\u001b[2mnode_modules/react-test-renderer/cjs/react-test-renderer.development.js\u001b[2m:11205:13)\u001b[22m\u001b[2m\u001b[22m\n\u001b[2m      \u001b[2mat recursivelyTraversePassiveMountEffects (\u001b[22m\u001b[2mnode_modules/react-test-renderer/cjs/react-test-renderer.development.js\u001b[2m:11160:11)\u001b[22m\u001b[2m\u001b[22m\n\u001b[2m      \u001b[2mat commitPassiveMountOnFiber (\u001b[22m\u001b[2mnode_modules/react-test-renderer/cjs/react-test-renderer.development.js\u001b[2m:11240:11)\u001b[22m\u001b[2m\u001b[22m\n\u001b[2m      \u001b[2mat flushPendingEffects (\u001b[22m\u001b[2mnode_modules/react-test-renderer/cjs/react-test-renderer.development.js\u001b[2m:14086:11)\u001b[22m\u001b[2m\u001b[22m\n\u001b[2m      \u001b[2mat performWorkOnRootViaSchedulerTask (\u001b[22m\u001b[2mnode_modules/react-test-renderer/cjs/react-test-renderer.development.js\u001b[2m:2896:11)\u001b[22m\u001b[2m\u001b[22m\n\u001b[2m      \u001b[2mat flushActQueue (\u001b[22m\u001b[2mnode_modules/react/cjs/react.development.js\u001b[2m:590:34)\u001b[22m\u001b[2m\u001b[22m\n\u001b[2m      \u001b[2mat process.env.NODE_ENV.exports.act (\u001b[22m\u001b[2mnode_modules/react/cjs/react.development.js\u001b[2m:884:10)\u001b[22m\u001b[2m\u001b[22m\n\u001b[2m      \u001b[2mat actImplementation (\u001b[22m\u001b[2mnode_modules/@testing-library/react-native/src/act.ts\u001b[2m:30:25)\u001b[22m\u001b[2m\u001b[22m\n\u001b[2m      \u001b[2mat renderWithAct (\u001b[22m\u001b[2mnode_modules/@testing-library/react-native/src/render-act.ts\u001b[2m:13:11)\u001b[22m\u001b[2m\u001b[22m\n\u001b[2m      \u001b[2mat renderInternal (\u001b[22m\u001b[2mnode_modules/@testing-library/react-native/src/render.tsx\u001b[2m:69:33)\u001b[22m\u001b[2m\u001b[22m\n\u001b[2m      \u001b[2mat renderInternal (\u001b[22m\u001b[2mnode_modules/@testing-library/react-native/src/render.tsx\u001b[2m:44:10)\u001b[22m\u001b[2m\u001b[22m\n\u001b[2m      \u001b[2mat renderWithProviders (\u001b[22m\u001b[2m\u001b[0m\u001b[36msrc/screens/clients/__tests__/ClientListScreen.test.tsx\u001b[39m\u001b[0m\u001b[2m:140:16)\u001b[22m\u001b[2m\u001b[22m\n\u001b[2m      \u001b[2mat Object.renderWithProviders (\u001b[22m\u001b[2m\u001b[0m\u001b[36msrc/screens/clients/__tests__/ClientListScreen.test.tsx\u001b[39m\u001b[0m\u001b[2m:221:84)\u001b[22m\u001b[2m\u001b[22m\n\u001b[2m      \u001b[2mat asyncGeneratorStep (\u001b[22m\u001b[2mnode_modules/@babel/runtime/helpers/asyncToGenerator.js\u001b[2m:3:17)\u001b[22m\u001b[2m\u001b[22m\n\u001b[2m      \u001b[2mat _next (\u001b[22m\u001b[2mnode_modules/@babel/runtime/helpers/asyncToGenerator.js\u001b[2m:17:9)\u001b[22m\u001b[2m\u001b[22m\n\u001b[2m      \u001b[2mat \u001b[22m\u001b[2mnode_modules/@babel/runtime/helpers/asyncToGenerator.js\u001b[2m:22:7\u001b[22m\u001b[2m\u001b[22m\n\u001b[2m      \u001b[2mat Object.<anonymous> (\u001b[22m\u001b[2mnode_modules/@babel/runtime/helpers/asyncToGenerator.js\u001b[2m:14:12)\u001b[22m\u001b[2m\u001b[22m\n","name":"C:\\Users\\tfurt\\source\\repos\\eventosapp\\mobile\\src\\screens\\clients\\__tests__\\ClientListScreen.test.tsx","startTime":1773188345095,"status":"failed","summary":""},{"assertionResults":[{"ancestorTitles":["ClientFormScreen"],"duration":217,"failing":false,"failureDetails":[],"failureMessages":[],"fullName":"ClientFormScreen renders \"New Client\" form by default","invocations":1,"location":null,"numPassingAsserts":3,"retryReasons":[],"startAt":1773188347408,"status":"passed","title":"renders \"New Client\" form by default"},{"ancestorTitles":["ClientFormScreen"],"duration":85,"failing":false,"failureDetails":[],"failureMessages":[],"fullName":"ClientFormScreen validates required fields","invocations":1,"location":null,"numPassingAsserts":2,"retryReasons":[],"startAt":1773188347627,"status":"passed","title":"validates required fields"},{"ancestorTitles":["ClientFormScreen"],"duration":39,"failing":false,"failureDetails":[],"failureMessages":[],"fullName":"ClientFormScreen creates a new client successfully","invocations":1,"location":null,"numPassingAsserts":3,"retryReasons":[],"startAt":1773188347712,"status":"passed","title":"creates a new client successfully"},{"ancestorTitles":["ClientFormScreen"],"duration":75,"failing":false,"failureDetails":[],"failureMessages":[],"fullName":"ClientFormScreen loads and updates an existing client","invocations":1,"location":null,"numPassingAsserts":4,"retryReasons":[],"startAt":1773188347751,"status":"passed","title":"loads and updates an existing client"}],"endTime":1773188347828,"message":"","name":"C:\\Users\\tfurt\\source\\repos\\eventosapp\\mobile\\src\\screens\\clients\\__tests__\\ClientFormScreen.test.tsx","startTime":1773188345086,"status":"passed","summary":""},{"assertionResults":[{"ancestorTitles":["ClientDetailScreen"],"duration":259,"failing":false,"failureDetails":[],"failureMessages":[],"fullName":"ClientDetailScreen renders client details and event history","invocations":1,"location":null,"numPassingAsserts":7,"retryReasons":[],"startAt":1773188347951,"status":"passed","title":"renders client details and event history"},{"ancestorTitles":["ClientDetailScreen"],"duration":204,"failing":false,"failureDetails":[],"failureMessages":[],"fullName":"ClientDetailScreen handles client deletion","invocations":1,"location":null,"numPassingAsserts":5,"retryReasons":[],"startAt":1773188348211,"status":"passed","title":"handles client deletion"},{"ancestorTitles":["ClientDetailScreen"],"duration":186,"failing":false,"failureDetails":[],"failureMessages":[],"fullName":"ClientDetailScreen navigates to edit form","invocations":1,"location":null,"numPassingAsserts":2,"retryReasons":[],"startAt":1773188348415,"status":"passed","title":"navigates to edit form"},{"ancestorTitles":["ClientDetailScreen"],"duration":182,"failing":false,"failureDetails":[{}],"failureMessages":["TypeError: Cannot read properties of undefined (reading 'openURL')\n    at openURL (C:\\Users\\tfurt\\source\\repos\\eventosapp\\mobile\\src\\screens\\clients\\ClientDetailScreen.tsx:120:15)\n    at handler (C:\\Users\\tfurt\\source\\repos\\eventosapp\\mobile\\node_modules\\@testing-library\\react-native\\src\\fire-event.ts:123:19)\n    at callback (C:\\Users\\tfurt\\source\\repos\\eventosapp\\mobile\\node_modules\\@testing-library\\react-native\\src\\act.ts:31:24)\n    at process.env.NODE_ENV.exports.act (C:\\Users\\tfurt\\source\\repos\\eventosapp\\mobile\\node_modules\\react\\cjs\\react.development.js:814:22)\n    at actImplementation (C:\\Users\\tfurt\\source\\repos\\eventosapp\\mobile\\node_modules\\@testing-library\\react-native\\src\\act.ts:30:25)\n    at fireEvent (C:\\Users\\tfurt\\source\\repos\\eventosapp\\mobile\\node_modules\\@testing-library\\react-native\\src\\fire-event.ts:122:11)\n    at Function.fireEvent [as press] (C:\\Users\\tfurt\\source\\repos\\eventosapp\\mobile\\node_modules\\@testing-library\\react-native\\src\\fire-event.ts:130:3)\n    at Object.press (C:\\Users\\tfurt\\source\\repos\\eventosapp\\mobile\\src\\screens\\clients\\__tests__\\ClientDetailScreen.test.tsx:208:15)\n    at Generator.next (<anonymous>)\n    at asyncGeneratorStep (C:\\Users\\tfurt\\source\\repos\\eventosapp\\mobile\\node_modules\\@babel\\runtime\\helpers\\asyncToGenerator.js:3:17)\n    at _next (C:\\Users\\tfurt\\source\\repos\\eventosapp\\mobile\\node_modules\\@babel\\runtime\\helpers\\asyncToGenerator.js:17:9)"],"fullName":"ClientDetailScreen handles phone call action","invocations":1,"location":null,"numPassingAsserts":1,"retryReasons":[],"startAt":1773188348601,"status":"failed","title":"handles phone call action"}],"endTime":1773188348834,"message":"\u001b[1m\u001b[31m  \u001b[1m● \u001b[22m\u001b[1mClientDetailScreen › handles phone call action\u001b[39m\u001b[22m\n\n    TypeError: Cannot read properties of undefined (reading 'openURL')\n\u001b[2m\u001b[22m\n\u001b[2m    \u001b[0m \u001b[90m 118 |\u001b[39m   \u001b[36mconst\u001b[39m handleCall \u001b[33m=\u001b[39m useCallback(() \u001b[33m=>\u001b[39m {\u001b[22m\n\u001b[2m     \u001b[90m 119 |\u001b[39m     \u001b[36mif\u001b[39m (client\u001b[33m?\u001b[39m\u001b[33m.\u001b[39mphone) {\u001b[22m\n\u001b[2m    \u001b[31m\u001b[1m>\u001b[22m\u001b[2m\u001b[39m\u001b[90m 120 |\u001b[39m       \u001b[33mLinking\u001b[39m\u001b[33m.\u001b[39mopenURL(\u001b[32m`tel:${client.phone}`\u001b[39m)\u001b[33m;\u001b[39m\u001b[22m\n\u001b[2m     \u001b[90m     |\u001b[39m               \u001b[31m\u001b[1m^\u001b[22m\u001b[2m\u001b[39m\u001b[22m\n\u001b[2m     \u001b[90m 121 |\u001b[39m     }\u001b[22m\n\u001b[2m     \u001b[90m 122 |\u001b[39m   }\u001b[33m,\u001b[39m [client])\u001b[33m;\u001b[39m\u001b[22m\n\u001b[2m     \u001b[90m 123 |\u001b[39m\u001b[0m\u001b[22m\n\u001b[2m\u001b[22m\n\u001b[2m      \u001b[2mat openURL (\u001b[22m\u001b[2msrc/screens/clients/ClientDetailScreen.tsx\u001b[2m:120:15)\u001b[22m\u001b[2m\u001b[22m\n\u001b[2m      \u001b[2mat handler (\u001b[22m\u001b[2mnode_modules/@testing-library/react-native/src/fire-event.ts\u001b[2m:123:19)\u001b[22m\u001b[2m\u001b[22m\n\u001b[2m      \u001b[2mat callback (\u001b[22m\u001b[2mnode_modules/@testing-library/react-native/src/act.ts\u001b[2m:31:24)\u001b[22m\u001b[2m\u001b[22m\n\u001b[2m      \u001b[2mat process.env.NODE_ENV.exports.act (\u001b[22m\u001b[2mnode_modules/react/cjs/react.development.js\u001b[2m:814:22)\u001b[22m\u001b[2m\u001b[22m\n\u001b[2m      \u001b[2mat actImplementation (\u001b[22m\u001b[2mnode_modules/@testing-library/react-native/src/act.ts\u001b[2m:30:25)\u001b[22m\u001b[2m\u001b[22m\n\u001b[2m      \u001b[2mat fireEvent (\u001b[22m\u001b[2mnode_modules/@testing-library/react-native/src/fire-event.ts\u001b[2m:122:11)\u001b[22m\u001b[2m\u001b[22m\n\u001b[2m      \u001b[2mat Function.fireEvent [as press] (\u001b[22m\u001b[2mnode_modules/@testing-library/react-native/src/fire-event.ts\u001b[2m:130:3)\u001b[22m\u001b[2m\u001b[22m\n\u001b[2m      \u001b[2mat Object.press (\u001b[22m\u001b[2m\u001b[0m\u001b[36msrc/screens/clients/__tests__/ClientDetailScreen.test.tsx\u001b[39m\u001b[0m\u001b[2m:208:15)\u001b[22m\u001b[2m\u001b[22m\n\u001b[2m      \u001b[2mat asyncGeneratorStep (\u001b[22m\u001b[2mnode_modules/@babel/runtime/helpers/asyncToGenerator.js\u001b[2m:3:17)\u001b[22m\u001b[2m\u001b[22m\n\u001b[2m      \u001b[2mat _next (\u001b[22m\u001b[2mnode_modules/@babel/runtime/helpers/asyncToGenerator.js\u001b[2m:17:9)\u001b[22m\u001b[2m\u001b[22m\n","name":"C:\\Users\\tfurt\\source\\repos\\eventosapp\\mobile\\src\\screens\\clients\\__tests__\\ClientDetailScreen.test.tsx","startTime":1773188345078,"status":"failed","summary":""},{"assertionResults":[{"ancestorTitles":["EventFormScreen"],"duration":140,"failing":false,"failureDetails":[],"failureMessages":[],"fullName":"EventFormScreen renders correctly and loads data on mount","invocations":1,"location":null,"numPassingAsserts":3,"retryReasons":[],"startAt":1773188349546,"status":"passed","title":"renders correctly and loads data on mount"},{"ancestorTitles":["EventFormScreen"],"duration":109,"failing":false,"failureDetails":[],"failureMessages":[],"fullName":"EventFormScreen navigates to step 2 when required general info is provided","invocations":1,"location":null,"numPassingAsserts":1,"retryReasons":[],"startAt":1773188349687,"status":"passed","title":"navigates to step 2 when required general info is provided"}],"endTime":1773188349798,"message":"","name":"C:\\Users\\tfurt\\source\\repos\\eventosapp\\mobile\\src\\screens\\events\\__tests__\\EventFormScreen.test.tsx","startTime":1773188345108,"status":"passed","summary":""}],"wasInterrupted":false}
