{"numFailedTestSuites":1,"numFailedTests":1,"numPassedTestSuites":0,"numPassedTests":4,"numPendingTestSuites":0,"numPendingTests":0,"numRuntimeErrorTestSuites":0,"numTodoTests":0,"numTotalTestSuites":1,"numTotalTests":5,"openHandles":[],"snapshot":{"added":0,"didUpdate":false,"failure":false,"filesAdded":0,"filesRemoved":0,"filesRemovedList":[],"filesUnmatched":0,"filesUpdated":0,"matched":0,"total":0,"unchecked":0,"uncheckedKeysByFile":[],"unmatched":0,"updated":0},"startTime":1773184523868,"success":false,"testResults":[{"assertionResults":[{"ancestorTitles":["Skeleton Components","SkeletonLine"],"duration":27,"failing":false,"failureDetails":[],"failureMessages":[],"fullName":"Skeleton Components SkeletonLine renders correctly with default props","invocations":1,"location":null,"numPassingAsserts":1,"retryReasons":[],"startAt":1773184525899,"status":"passed","title":"renders correctly with default props"},{"ancestorTitles":["Skeleton Components","SkeletonCircle"],"duration":9,"failing":false,"failureDetails":[],"failureMessages":[],"fullName":"Skeleton Components SkeletonCircle renders correctly with size prop","invocations":1,"location":null,"numPassingAsserts":1,"retryReasons":[],"startAt":1773184525931,"status":"passed","title":"renders correctly with size prop"},{"ancestorTitles":["Skeleton Components","SkeletonCard"],"duration":15,"failing":false,"failureDetails":[],"failureMessages":[],"fullName":"Skeleton Components SkeletonCard renders with avatar when showAvatar is true","invocations":1,"location":null,"numPassingAsserts":1,"retryReasons":[],"startAt":1773184525942,"status":"passed","title":"renders with avatar when showAvatar is true"},{"ancestorTitles":["Skeleton Components","SkeletonCard"],"duration":3,"failing":false,"failureDetails":[],"failureMessages":[],"fullName":"Skeleton Components SkeletonCard renders without avatar by default","invocations":1,"location":null,"numPassingAsserts":1,"retryReasons":[],"startAt":1773184525958,"status":"passed","title":"renders without avatar by default"},{"ancestorTitles":["Skeleton Components","SkeletonList"],"duration":22,"failing":false,"failureDetails":[{"matcherResult":{"actual":1,"expected":3,"message":"\u001b[2mexpect(\u001b[22m\u001b[31mreceived\u001b[39m\u001b[2m).\u001b[22mtoBe\u001b[2m(\u001b[22m\u001b[32mexpected\u001b[39m\u001b[2m) // Object.is equality\u001b[22m\n\nExpected: \u001b[32m3\u001b[39m\nReceived: \u001b[31m1\u001b[39m","name":"toBe","pass":false}}],"failureMessages":["Error: \u001b[2mexpect(\u001b[22m\u001b[31mreceived\u001b[39m\u001b[2m).\u001b[22mtoBe\u001b[2m(\u001b[22m\u001b[32mexpected\u001b[39m\u001b[2m) // Object.is equality\u001b[22m\n\nExpected: \u001b[32m3\u001b[39m\nReceived: \u001b[31m1\u001b[39m\n    at Object.toBe (C:\\Users\\tfurt\\source\\repos\\eventosapp\\mobile\\src\\components\\shared\\__tests__\\Skeleton.test.tsx:71:48)\n    at Promise.finally.completed (C:\\Users\\tfurt\\source\\repos\\eventosapp\\mobile\\node_modules\\jest-circus\\build\\jestAdapterInit.js:1557:28)\n    at new Promise (<anonymous>)\n    at callAsyncCircusFn (C:\\Users\\tfurt\\source\\repos\\eventosapp\\mobile\\node_modules\\jest-circus\\build\\jestAdapterInit.js:1497:10)\n    at _callCircusTest (C:\\Users\\tfurt\\source\\repos\\eventosapp\\mobile\\node_modules\\jest-circus\\build\\jestAdapterInit.js:1007:40)\n    at _runTest (C:\\Users\\tfurt\\source\\repos\\eventosapp\\mobile\\node_modules\\jest-circus\\build\\jestAdapterInit.js:947:3)\n    at C:\\Users\\tfurt\\source\\repos\\eventosapp\\mobile\\node_modules\\jest-circus\\build\\jestAdapterInit.js:849:7\n    at _runTestsForDescribeBlock (C:\\Users\\tfurt\\source\\repos\\eventosapp\\mobile\\node_modules\\jest-circus\\build\\jestAdapterInit.js:862:11)\n    at _runTestsForDescribeBlock (C:\\Users\\tfurt\\source\\repos\\eventosapp\\mobile\\node_modules\\jest-circus\\build\\jestAdapterInit.js:857:11)\n    at _runTestsForDescribeBlock (C:\\Users\\tfurt\\source\\repos\\eventosapp\\mobile\\node_modules\\jest-circus\\build\\jestAdapterInit.js:857:11)\n    at run (C:\\Users\\tfurt\\source\\repos\\eventosapp\\mobile\\node_modules\\jest-circus\\build\\jestAdapterInit.js:761:3)\n    at runAndTransformResultsToJestFormat (C:\\Users\\tfurt\\source\\repos\\eventosapp\\mobile\\node_modules\\jest-circus\\build\\jestAdapterInit.js:1918:21)\n    at jestAdapter (C:\\Users\\tfurt\\source\\repos\\eventosapp\\mobile\\node_modules\\jest-circus\\build\\runner.js:101:19)\n    at runTestInternal (C:\\Users\\tfurt\\source\\repos\\eventosapp\\mobile\\node_modules\\jest-runner\\build\\index.js:275:16)\n    at runTest (C:\\Users\\tfurt\\source\\repos\\eventosapp\\mobile\\node_modules\\jest-runner\\build\\index.js:343:7)"],"fullName":"Skeleton Components SkeletonList renders multiple cards based on count prop","invocations":1,"location":null,"numPassingAsserts":1,"retryReasons":[],"startAt":1773184525963,"status":"failed","title":"renders multiple cards based on count prop"}],"endTime":1773184526022,"message":"\u001b[1m\u001b[31m  \u001b[1m● \u001b[22m\u001b[1mSkeleton Components › SkeletonList › renders multiple cards based on count prop\u001b[39m\u001b[22m\n\n    \u001b[2mexpect(\u001b[22m\u001b[31mreceived\u001b[39m\u001b[2m).\u001b[22mtoBe\u001b[2m(\u001b[22m\u001b[32mexpected\u001b[39m\u001b[2m) // Object.is equality\u001b[22m\n\n    Expected: \u001b[32m3\u001b[39m\n    Received: \u001b[31m1\u001b[39m\n\u001b[2m\u001b[22m\n\u001b[2m    \u001b[0m \u001b[90m 69 |\u001b[39m       expect(root)\u001b[33m.\u001b[39mtoBeTruthy()\u001b[33m;\u001b[39m\u001b[22m\n\u001b[2m     \u001b[90m 70 |\u001b[39m       \u001b[90m// SkeletonList wraps its children in a View. The children are the 3 SkeletonCards.\u001b[39m\u001b[22m\n\u001b[2m    \u001b[31m\u001b[1m>\u001b[22m\u001b[2m\u001b[39m\u001b[90m 71 |\u001b[39m       expect(root\u001b[33m.\u001b[39mchildren[\u001b[35m0\u001b[39m]\u001b[33m.\u001b[39mchildren\u001b[33m.\u001b[39mlength)\u001b[33m.\u001b[39mtoBe(\u001b[35m3\u001b[39m)\u001b[33m;\u001b[39m\u001b[22m\n\u001b[2m     \u001b[90m    |\u001b[39m                                                \u001b[31m\u001b[1m^\u001b[22m\u001b[2m\u001b[39m\u001b[22m\n\u001b[2m     \u001b[90m 72 |\u001b[39m     })\u001b[33m;\u001b[39m\u001b[22m\n\u001b[2m     \u001b[90m 73 |\u001b[39m   })\u001b[33m;\u001b[39m\u001b[22m\n\u001b[2m     \u001b[90m 74 |\u001b[39m })\u001b[33m;\u001b[39m\u001b[0m\u001b[22m\n\u001b[2m\u001b[22m\n\u001b[2m      \u001b[2mat Object.toBe (\u001b[22m\u001b[2m\u001b[0m\u001b[36msrc/components/shared/__tests__/Skeleton.test.tsx\u001b[39m\u001b[0m\u001b[2m:71:48)\u001b[22m\u001b[2m\u001b[22m\n","name":"C:\\Users\\tfurt\\source\\repos\\eventosapp\\mobile\\src\\components\\shared\\__tests__\\Skeleton.test.tsx","startTime":1773184524153,"status":"failed","summary":""}],"wasInterrupted":false}
