{"numFailedTestSuites":2,"numFailedTests":0,"numPassedTestSuites":0,"numPassedTests":0,"numPendingTestSuites":0,"numPendingTests":0,"numRuntimeErrorTestSuites":2,"numTodoTests":0,"numTotalTestSuites":2,"numTotalTests":0,"openHandles":[],"snapshot":{"added":0,"didUpdate":false,"failure":false,"filesAdded":0,"filesRemoved":0,"filesRemovedList":[],"filesUnmatched":0,"filesUpdated":0,"matched":0,"total":0,"unchecked":0,"uncheckedKeysByFile":[],"unmatched":0,"updated":0},"startTime":1773182167016,"success":false,"testResults":[{"assertionResults":[],"coverage":{},"endTime":1773182169153,"message":"  \u001b[1m● \u001b[22mTest suite failed to run\n\n    ReferenceError: You are trying to `import` a file outside of the scope of the test code.\n\n      \u001b[2mat Runtime._execModule (\u001b[22mnode_modules/jest-runtime/build/index.js\u001b[2m:1212:13)\u001b[22m\n      \u001b[2mat require (\u001b[22mnode_modules/expo/src/winter/runtime.native.ts\u001b[2m:20:43)\u001b[22m\n      \u001b[2mat getValue (\u001b[22mnode_modules/expo/src/winter/installGlobal.ts\u001b[2m:97:21)\u001b[22m\n      \u001b[2mat Object.get [as __ExpoImportMetaRegistry] (\u001b[22mnode_modules/expo/src/winter/installGlobal.ts\u001b[2m:44:16)\u001b[22m\n","name":"C:\\Users\\tfurt\\source\\repos\\eventosapp\\mobile\\src\\lib\\__tests__\\finance.test.ts","startTime":1773182169153,"status":"failed","summary":""},{"assertionResults":[],"coverage":{},"endTime":1773182169153,"message":"  \u001b[1m● \u001b[22mTest suite failed to run\n\n    ReferenceError: You are trying to `import` a file outside of the scope of the test code.\n\n      \u001b[2mat Runtime._execModule (\u001b[22mnode_modules/jest-runtime/build/index.js\u001b[2m:1212:13)\u001b[22m\n      \u001b[2mat require (\u001b[22mnode_modules/expo/src/winter/runtime.native.ts\u001b[2m:20:43)\u001b[22m\n      \u001b[2mat getValue (\u001b[22mnode_modules/expo/src/winter/installGlobal.ts\u001b[2m:97:21)\u001b[22m\n      \u001b[2mat Object.get [as __ExpoImportMetaRegistry] (\u001b[22mnode_modules/expo/src/winter/installGlobal.ts\u001b[2m:44:16)\u001b[22m\n","name":"C:\\Users\\tfurt\\source\\repos\\eventosapp\\mobile\\src\\components\\shared\\__tests__\\LoadingSpinner.test.tsx","startTime":1773182169153,"status":"failed","summary":""}],"wasInterrupted":false}
