{"numFailedTestSuites":0,"numFailedTests":0,"numPassedTestSuites":1,"numPassedTests":4,"numPendingTestSuites":0,"numPendingTests":0,"numRuntimeErrorTestSuites":0,"numTodoTests":0,"numTotalTestSuites":1,"numTotalTests":4,"openHandles":[],"snapshot":{"added":0,"didUpdate":false,"failure":false,"filesAdded":0,"filesRemoved":0,"filesRemovedList":[],"filesUnmatched":0,"filesUpdated":0,"matched":0,"total":0,"unchecked":0,"uncheckedKeysByFile":[],"unmatched":0,"updated":0},"startTime":1773188221748,"success":true,"testResults":[{"assertionResults":[{"ancestorTitles":["ClientDetailScreen"],"duration":228,"failing":false,"failureDetails":[],"failureMessages":[],"fullName":"ClientDetailScreen renders client details and event history","invocations":1,"location":null,"numPassingAsserts":7,"retryReasons":[],"startAt":1773188224137,"status":"passed","title":"renders client details and event history"},{"ancestorTitles":["ClientDetailScreen"],"duration":190,"failing":false,"failureDetails":[],"failureMessages":[],"fullName":"ClientDetailScreen handles client deletion","invocations":1,"location":null,"numPassingAsserts":5,"retryReasons":[],"startAt":1773188224367,"status":"passed","title":"handles client deletion"},{"ancestorTitles":["ClientDetailScreen"],"duration":204,"failing":false,"failureDetails":[],"failureMessages":[],"fullName":"ClientDetailScreen navigates to edit form","invocations":1,"location":null,"numPassingAsserts":2,"retryReasons":[],"startAt":1773188224557,"status":"passed","title":"navigates to edit form"},{"ancestorTitles":["ClientDetailScreen"],"duration":195,"failing":false,"failureDetails":[],"failureMessages":[],"fullName":"ClientDetailScreen handles phone call action","invocations":1,"location":null,"numPassingAsserts":2,"retryReasons":[],"startAt":1773188224762,"status":"passed","title":"handles phone call action"}],"endTime":1773188224959,"message":"","name":"C:\\Users\\tfurt\\source\\repos\\eventosapp\\mobile\\src\\screens\\clients\\__tests__\\ClientDetailScreen.test.tsx","startTime":1773188221965,"status":"passed","summary":""}],"wasInterrupted":false}
