{"numFailedTestSuites":1,"numFailedTests":0,"numPassedTestSuites":0,"numPassedTests":0,"numPendingTestSuites":0,"numPendingTests":0,"numRuntimeErrorTestSuites":1,"numTodoTests":0,"numTotalTestSuites":1,"numTotalTests":0,"openHandles":[],"snapshot":{"added":0,"didUpdate":false,"failure":false,"filesAdded":0,"filesRemoved":0,"filesRemovedList":[],"filesUnmatched":0,"filesUpdated":0,"matched":0,"total":0,"unchecked":0,"uncheckedKeysByFile":[],"unmatched":0,"updated":0},"startTime":1773187956590,"success":false,"testResults":[{"assertionResults":[],"coverage":{},"endTime":1773187958146,"message":"  \u001b[1m● \u001b[22mTest suite failed to run\n\n    \u001b[1m\u001b[31mJest encountered an unexpected token\u001b[39m\u001b[22m\n\n    Jest failed to parse a file. This happens e.g. when your code or its dependencies use non-standard JavaScript syntax, or when Jest is not configured to support such syntax.\n\n    Out of the box Jest supports Babel, which will be used to transform your files into valid JS based on your Babel configuration.\n\n    By default \"node_modules\" folder is ignored by transformers.\n\n    Here's what you can do:\n     • If you are trying to use ECMAScript Modules, see \u001b[4mhttps://jestjs.io/docs/ecmascript-modules\u001b[24m for how to enable it.\n     • If you are trying to use TypeScript, see \u001b[4mhttps://jestjs.io/docs/getting-started#using-typescript\u001b[24m\n     • To have some of your \"node_modules\" files transformed, you can specify a custom \u001b[1m\"transformIgnorePatterns\"\u001b[22m in your config.\n     • If you need a custom transformation, specify a \u001b[1m\"transform\"\u001b[22m option in your config.\n     • If you simply want to mock your non-JS modules (e.g. binary assets) you can stub them out with the \u001b[1m\"moduleNameMapper\"\u001b[22m config option.\n\n    You'll find more details and examples of these config options in the docs:\n    \u001b[36mhttps://jestjs.io/docs/configuration\u001b[39m\n    For information about custom transformations, see:\n    \u001b[36mhttps://jestjs.io/docs/code-transformation\u001b[39m\n\n    \u001b[1m\u001b[31mDetails:\u001b[39m\u001b[22m\n\n    SyntaxError: C:\\Users\\tfurt\\source\\repos\\eventosapp\\mobile\\src\\screens\\clients\\__tests__\\ClientListScreen.test.tsx: Unexpected token (246:0)\n\n    \u001b[0m \u001b[90m 244 |\u001b[39m   })\u001b[33m;\u001b[39m\n     \u001b[90m 245 |\u001b[39m })\u001b[33m;\u001b[39m\n    \u001b[31m\u001b[1m>\u001b[22m\u001b[39m\u001b[90m 246 |\u001b[39m\n     \u001b[90m     |\u001b[39m \u001b[31m\u001b[1m^\u001b[22m\u001b[39m\u001b[0m\n\n      \u001b[2mat constructor (\u001b[22mnode_modules/@babel/parser/src/parse-error.ts\u001b[2m:95:45)\u001b[22m\n      \u001b[2mat TypeScriptParserMixin.toParseError [as raise] (\u001b[22mnode_modules/@babel/parser/src/tokenizer/index.ts\u001b[2m:1504:19)\u001b[22m\n      \u001b[2mat TypeScriptParserMixin.raise [as unexpected] (\u001b[22mnode_modules/@babel/parser/src/tokenizer/index.ts\u001b[2m:1544:16)\u001b[22m\n      \u001b[2mat TypeScriptParserMixin.unexpected (\u001b[22mnode_modules/@babel/parser/src/parser/expression.ts\u001b[2m:1355:22)\u001b[22m\n      \u001b[2mat TypeScriptParserMixin.parseExprAtom (\u001b[22mnode_modules/@babel/parser/src/plugins/jsx/index.ts\u001b[2m:583:22)\u001b[22m\n      \u001b[2mat TypeScriptParserMixin.parseExprAtom [as parseExprSubscripts] (\u001b[22mnode_modules/@babel/parser/src/parser/expression.ts\u001b[2m:742:23)\u001b[22m\n      \u001b[2mat TypeScriptParserMixin.parseExprSubscripts [as parseUpdate] (\u001b[22mnode_modules/@babel/parser/src/parser/expression.ts\u001b[2m:721:21)\u001b[22m\n      \u001b[2mat TypeScriptParserMixin.parseUpdate (\u001b[22mnode_modules/@babel/parser/src/parser/expression.ts\u001b[2m:683:23)\u001b[22m\n      \u001b[2mat TypeScriptParserMixin.parseMaybeUnary (\u001b[22mnode_modules/@babel/parser/src/plugins/typescript/index.ts\u001b[2m:3893:20)\u001b[22m\n      \u001b[2mat TypeScriptParserMixin.parseMaybeUnary [as parseMaybeUnaryOrPrivate] (\u001b[22mnode_modules/@babel/parser/src/parser/expression.ts\u001b[2m:417:14)\u001b[22m\n      \u001b[2mat TypeScriptParserMixin.parseMaybeUnaryOrPrivate [as parseExprOps] (\u001b[22mnode_modules/@babel/parser/src/parser/expression.ts\u001b[2m:429:23)\u001b[22m\n      \u001b[2mat TypeScriptParserMixin.parseExprOps [as parseMaybeConditional] (\u001b[22mnode_modules/@babel/parser/src/parser/expression.ts\u001b[2m:384:23)\u001b[22m\n      \u001b[2mat TypeScriptParserMixin.parseMaybeConditional (\u001b[22mnode_modules/@babel/parser/src/parser/expression.ts\u001b[2m:301:21)\u001b[22m\n      \u001b[2mat TypeScriptParserMixin.parseMaybeAssign (\u001b[22mnode_modules/@babel/parser/src/plugins/typescript/index.ts\u001b[2m:3764:22)\u001b[22m\n      \u001b[2mat TypeScriptParserMixin.parseMaybeAssign [as parseExpressionBase] (\u001b[22mnode_modules/@babel/parser/src/parser/expression.ts\u001b[2m:226:23)\u001b[22m\n      \u001b[2mat parseExpressionBase (\u001b[22mnode_modules/@babel/parser/src/parser/expression.ts\u001b[2m:217:39)\u001b[22m\n      \u001b[2mat TypeScriptParserMixin.callback [as allowInAnd] (\u001b[22mnode_modules/@babel/parser/src/parser/expression.ts\u001b[2m:3189:16)\u001b[22m\n      \u001b[2mat TypeScriptParserMixin.allowInAnd [as parseExpression] (\u001b[22mnode_modules/@babel/parser/src/parser/expression.ts\u001b[2m:217:17)\u001b[22m\n      \u001b[2mat TypeScriptParserMixin.parseExpression (\u001b[22mnode_modules/@babel/parser/src/parser/statement.ts\u001b[2m:688:23)\u001b[22m\n      \u001b[2mat TypeScriptParserMixin.parseStatementContent (\u001b[22mnode_modules/@babel/parser/src/plugins/typescript/index.ts\u001b[2m:3220:20)\u001b[22m\n      \u001b[2mat TypeScriptParserMixin.parseStatementContent [as parseStatementLike] (\u001b[22mnode_modules/@babel/parser/src/parser/statement.ts\u001b[2m:482:17)\u001b[22m\n      \u001b[2mat TypeScriptParserMixin.parseStatementLike [as parseStatementListItem] (\u001b[22mnode_modules/@babel/parser/src/parser/statement.ts\u001b[2m:431:17)\u001b[22m\n      \u001b[2mat TypeScriptParserMixin.parseStatementListItem [as parseBlockOrModuleBlockBody] (\u001b[22mnode_modules/@babel/parser/src/parser/statement.ts\u001b[2m:1444:16)\u001b[22m\n      \u001b[2mat TypeScriptParserMixin.parseBlockOrModuleBlockBody [as parseBlockBody] (\u001b[22mnode_modules/@babel/parser/src/parser/statement.ts\u001b[2m:1417:10)\u001b[22m\n      \u001b[2mat TypeScriptParserMixin.parseBlockBody [as parseBlock] (\u001b[22mnode_modules/@babel/parser/src/parser/statement.ts\u001b[2m:1385:10)\u001b[22m\n      \u001b[2mat TypeScriptParserMixin.parseBlock [as parseFunctionBody] (\u001b[22mnode_modules/@babel/parser/src/parser/expression.ts\u001b[2m:2618:24)\u001b[22m\n      \u001b[2mat TypeScriptParserMixin.parseFunctionBody [as parseArrowExpression] (\u001b[22mnode_modules/@babel/parser/src/parser/expression.ts\u001b[2m:2559:10)\u001b[22m\n      \u001b[2mat TypeScriptParserMixin.parseArrowExpression [as parseParenAndDistinguishExpression] (\u001b[22mnode_modules/@babel/parser/src/parser/expression.ts\u001b[2m:1847:12)\u001b[22m\n      \u001b[2mat TypeScriptParserMixin.parseParenAndDistinguishExpression (\u001b[22mnode_modules/@babel/parser/src/parser/expression.ts\u001b[2m:1170:21)\u001b[22m\n      \u001b[2mat TypeScriptParserMixin.parseExprAtom (\u001b[22mnode_modules/@babel/parser/src/plugins/jsx/index.ts\u001b[2m:583:22)\u001b[22m\n      \u001b[2mat TypeScriptParserMixin.parseExprAtom [as parseExprSubscripts] (\u001b[22mnode_modules/@babel/parser/src/parser/expression.ts\u001b[2m:742:23)\u001b[22m\n      \u001b[2mat TypeScriptParserMixin.parseExprSubscripts [as parseUpdate] (\u001b[22mnode_modules/@babel/parser/src/parser/expression.ts\u001b[2m:721:21)\u001b[22m\n      \u001b[2mat TypeScriptParserMixin.parseUpdate (\u001b[22mnode_modules/@babel/parser/src/parser/expression.ts\u001b[2m:683:23)\u001b[22m\n      \u001b[2mat TypeScriptParserMixin.parseMaybeUnary (\u001b[22mnode_modules/@babel/parser/src/plugins/typescript/index.ts\u001b[2m:3893:20)\u001b[22m\n      \u001b[2mat TypeScriptParserMixin.parseMaybeUnary [as parseMaybeUnaryOrPrivate] (\u001b[22mnode_modules/@babel/parser/src/parser/expression.ts\u001b[2m:417:14)\u001b[22m\n      \u001b[2mat TypeScriptParserMixin.parseMaybeUnaryOrPrivate [as parseExprOps] (\u001b[22mnode_modules/@babel/parser/src/parser/expression.ts\u001b[2m:429:23)\u001b[22m\n      \u001b[2mat TypeScriptParserMixin.parseExprOps [as parseMaybeConditional] (\u001b[22mnode_modules/@babel/parser/src/parser/expression.ts\u001b[2m:384:23)\u001b[22m\n      \u001b[2mat TypeScriptParserMixin.parseMaybeConditional (\u001b[22mnode_modules/@babel/parser/src/parser/expression.ts\u001b[2m:301:21)\u001b[22m\n      \u001b[2mat TypeScriptParserMixin.parseMaybeAssign (\u001b[22mnode_modules/@babel/parser/src/plugins/typescript/index.ts\u001b[2m:3764:22)\u001b[22m\n      \u001b[2mat parseMaybeAssign (\u001b[22mnode_modules/@babel/parser/src/parser/expression.ts\u001b[2m:257:12)\u001b[22m\n      \u001b[2mat TypeScriptParserMixin.callback [as allowInAnd] (\u001b[22mnode_modules/@babel/parser/src/parser/expression.ts\u001b[2m:3194:12)\u001b[22m\n      \u001b[2mat TypeScriptParserMixin.allowInAnd [as parseMaybeAssignAllowIn] (\u001b[22mnode_modules/@babel/parser/src/parser/expression.ts\u001b[2m:256:17)\u001b[22m\n      \u001b[2mat TypeScriptParserMixin.parseMaybeAssignAllowIn [as parseMaybeAssignAllowInOrVoidPattern] (\u001b[22mnode_modules/@babel/parser/src/parser/expression.ts\u001b[2m:3308:17)\u001b[22m\n      \u001b[2mat TypeScriptParserMixin.parseMaybeAssignAllowInOrVoidPattern [as parseExprListItem] (\u001b[22mnode_modules/@babel/parser/src/parser/expression.ts\u001b[2m:2790:18)\u001b[22m\n      \u001b[2mat TypeScriptParserMixin.parseExprListItem [as parseCallExpressionArguments] (\u001b[22mnode_modules/@babel/parser/src/parser/expression.ts\u001b[2m:1042:14)\u001b[22m\n      \u001b[2mat TypeScriptParserMixin.parseCallExpressionArguments [as parseCoverCallAndAsyncArrowHead] (\u001b[22mnode_modules/@babel/parser/src/parser/expression.ts\u001b[2m:922:29)\u001b[22m\n      \u001b[2mat TypeScriptParserMixin.parseCoverCallAndAsyncArrowHead (\u001b[22mnode_modules/@babel/parser/src/parser/expression.ts\u001b[2m:804:19)\u001b[22m\n      \u001b[2mat TypeScriptParserMixin.parseSubscript (\u001b[22mnode_modules/@babel/parser/src/plugins/typescript/index.ts\u001b[2m:2809:20)\u001b[22m\n      \u001b[2mat TypeScriptParserMixin.parseSubscript [as parseSubscripts] (\u001b[22mnode_modules/@babel/parser/src/parser/expression.ts\u001b[2m:763:19)\u001b[22m\n      \u001b[2mat TypeScriptParserMixin.parseSubscripts [as parseExprSubscripts] (\u001b[22mnode_modules/@babel/parser/src/parser/expression.ts\u001b[2m:748:17)\u001b[22m\n      \u001b[2mat TypeScriptParserMixin.parseExprSubscripts [as parseUpdate] (\u001b[22mnode_modules/@babel/parser/src/parser/expression.ts\u001b[2m:721:21)\u001b[22m\n      \u001b[2mat TypeScriptParserMixin.parseUpdate (\u001b[22mnode_modules/@babel/parser/src/parser/expression.ts\u001b[2m:683:23)\u001b[22m\n      \u001b[2mat TypeScriptParserMixin.parseMaybeUnary (\u001b[22mnode_modules/@babel/parser/src/plugins/typescript/index.ts\u001b[2m:3893:20)\u001b[22m\n      \u001b[2mat TypeScriptParserMixin.parseMaybeUnary [as parseMaybeUnaryOrPrivate] (\u001b[22mnode_modules/@babel/parser/src/parser/expression.ts\u001b[2m:417:14)\u001b[22m\n      \u001b[2mat TypeScriptParserMixin.parseMaybeUnaryOrPrivate [as parseExprOps] (\u001b[22mnode_modules/@babel/parser/src/parser/expression.ts\u001b[2m:429:23)\u001b[22m\n      \u001b[2mat TypeScriptParserMixin.parseExprOps [as parseMaybeConditional] (\u001b[22mnode_modules/@babel/parser/src/parser/expression.ts\u001b[2m:384:23)\u001b[22m\n      \u001b[2mat TypeScriptParserMixin.parseMaybeConditional (\u001b[22mnode_modules/@babel/parser/src/parser/expression.ts\u001b[2m:301:21)\u001b[22m\n      \u001b[2mat TypeScriptParserMixin.parseMaybeAssign (\u001b[22mnode_modules/@babel/parser/src/plugins/typescript/index.ts\u001b[2m:3764:22)\u001b[22m\n      \u001b[2mat TypeScriptParserMixin.parseMaybeAssign [as parseExpressionBase] (\u001b[22mnode_modules/@babel/parser/src/parser/expression.ts\u001b[2m:226:23)\u001b[22m\n      \u001b[2mat parseExpressionBase (\u001b[22mnode_modules/@babel/parser/src/parser/expression.ts\u001b[2m:217:39)\u001b[22m\n      \u001b[2mat TypeScriptParserMixin.callback [as allowInAnd] (\u001b[22mnode_modules/@babel/parser/src/parser/expression.ts\u001b[2m:3189:16)\u001b[22m\n      \u001b[2mat TypeScriptParserMixin.allowInAnd [as parseExpression] (\u001b[22mnode_modules/@babel/parser/src/parser/expression.ts\u001b[2m:217:17)\u001b[22m\n      \u001b[2mat TypeScriptParserMixin.parseExpression (\u001b[22mnode_modules/@babel/parser/src/parser/statement.ts\u001b[2m:688:23)\u001b[22m\n      \u001b[2mat TypeScriptParserMixin.parseStatementContent (\u001b[22mnode_modules/@babel/parser/src/plugins/typescript/index.ts\u001b[2m:3220:20)\u001b[22m\n      \u001b[2mat TypeScriptParserMixin.parseStatementContent [as parseStatementLike] (\u001b[22mnode_modules/@babel/parser/src/parser/statement.ts\u001b[2m:482:17)\u001b[22m\n      \u001b[2mat TypeScriptParserMixin.parseStatementLike [as parseModuleItem] (\u001b[22mnode_modules/@babel/parser/src/parser/statement.ts\u001b[2m:419:17)\u001b[22m\n      \u001b[2mat TypeScriptParserMixin.parseModuleItem [as parseBlockOrModuleBlockBody] (\u001b[22mnode_modules/@babel/parser/src/parser/statement.ts\u001b[2m:1443:16)\u001b[22m\n      \u001b[2mat TypeScriptParserMixin.parseBlockOrModuleBlockBody [as parseBlockBody] (\u001b[22mnode_modules/@babel/parser/src/parser/statement.ts\u001b[2m:1417:10)\u001b[22m\n      \u001b[2mat TypeScriptParserMixin.parseBlockBody [as parseProgram] (\u001b[22mnode_modules/@babel/parser/src/parser/statement.ts\u001b[2m:229:10)\u001b[22m\n      \u001b[2mat TypeScriptParserMixin.parseProgram [as parseTopLevel] (\u001b[22mnode_modules/@babel/parser/src/parser/statement.ts\u001b[2m:203:25)\u001b[22m\n      \u001b[2mat TypeScriptParserMixin.parseTopLevel (\u001b[22mnode_modules/@babel/parser/src/parser/index.ts\u001b[2m:83:25)\u001b[22m\n      \u001b[2mat TypeScriptParserMixin.parse (\u001b[22mnode_modules/@babel/parser/src/plugins/typescript/index.ts\u001b[2m:4354:20)\u001b[22m\n      \u001b[2mat parse (\u001b[22mnode_modules/@babel/parser/src/index.ts\u001b[2m:86:38)\u001b[22m\n      \u001b[2mat parser (\u001b[22mnode_modules/@babel/core/src/parser/index.ts\u001b[2m:29:19)\u001b[22m\n          at parser.next (<anonymous>)\n      \u001b[2mat normalizeFile (\u001b[22mnode_modules/@babel/core/src/transformation/normalize-file.ts\u001b[2m:50:24)\u001b[22m\n          at normalizeFile.next (<anonymous>)\n      \u001b[2mat run (\u001b[22mnode_modules/@babel/core/src/transformation/index.ts\u001b[2m:41:36)\u001b[22m\n          at run.next (<anonymous>)\n      \u001b[2mat transform (\u001b[22mnode_modules/@babel/core/src/transform.ts\u001b[2m:29:20)\u001b[22m\n          at transform.next (<anonymous>)\n      \u001b[2mat evaluateSync (\u001b[22mnode_modules/gensync/index.js\u001b[2m:251:28)\u001b[22m\n      \u001b[2mat sync (\u001b[22mnode_modules/gensync/index.js\u001b[2m:89:14)\u001b[22m\n      \u001b[2mat fn (\u001b[22mnode_modules/@babel/core/src/errors/rewrite-stack-trace.ts\u001b[2m:99:14)\u001b[22m\n      \u001b[2mat transformSync (\u001b[22mnode_modules/@babel/core/src/transform.ts\u001b[2m:66:52)\u001b[22m\n","name":"C:\\Users\\tfurt\\source\\repos\\eventosapp\\mobile\\src\\screens\\clients\\__tests__\\ClientListScreen.test.tsx","startTime":1773187958146,"status":"failed","summary":""}],"wasInterrupted":false}
