{"numFailedTestSuites":0,"numFailedTests":0,"numPassedTestSuites":1,"numPassedTests":2,"numPendingTestSuites":0,"numPendingTests":0,"numRuntimeErrorTestSuites":0,"numTodoTests":0,"numTotalTestSuites":1,"numTotalTests":2,"openHandles":[],"snapshot":{"added":0,"didUpdate":false,"failure":false,"filesAdded":0,"filesRemoved":0,"filesRemovedList":[],"filesUnmatched":0,"filesUpdated":0,"matched":0,"total":0,"unchecked":0,"uncheckedKeysByFile":[],"unmatched":0,"updated":0},"startTime":1773186688296,"success":true,"testResults":[{"assertionResults":[{"ancestorTitles":["EventFormScreen"],"duration":182,"failing":false,"failureDetails":[],"failureMessages":[],"fullName":"EventFormScreen renders correctly and loads data on mount","invocations":1,"location":null,"numPassingAsserts":3,"retryReasons":[],"startAt":1773186693537,"status":"passed","title":"renders correctly and loads data on mount"},{"ancestorTitles":["EventFormScreen"],"duration":107,"failing":false,"failureDetails":[],"failureMessages":[],"fullName":"EventFormScreen navigates to step 2 when required general info is provided","invocations":1,"location":null,"numPassingAsserts":1,"retryReasons":[],"startAt":1773186693721,"status":"passed","title":"navigates to step 2 when required general info is provided"}],"endTime":1773186693832,"message":"","name":"C:\\Users\\tfurt\\source\\repos\\eventosapp\\mobile\\src\\screens\\events\\__tests__\\EventFormScreen.test.tsx","startTime":1773186688607,"status":"passed","summary":""}],"wasInterrupted":false}
