{"numFailedTestSuites":1,"numFailedTests":0,"numPassedTestSuites":0,"numPassedTests":0,"numPendingTestSuites":0,"numPendingTests":0,"numRuntimeErrorTestSuites":1,"numTodoTests":0,"numTotalTestSuites":1,"numTotalTests":0,"openHandles":[],"snapshot":{"added":0,"didUpdate":false,"failure":false,"filesAdded":0,"filesRemoved":0,"filesRemovedList":[],"filesUnmatched":0,"filesUpdated":0,"matched":0,"total":0,"unchecked":0,"uncheckedKeysByFile":[],"unmatched":0,"updated":0},"startTime":1773185424715,"success":false,"testResults":[{"assertionResults":[],"coverage":{},"endTime":1773185431201,"message":"  \u001b[1m● \u001b[22mTest suite failed to run\n\n    TypeError: _reanimatedWrapper$Re2.createAnimatedComponent is not a function\n\n    \u001b[0m \u001b[90m  6 |\u001b[39m   withSpring\u001b[33m,\u001b[39m\n     \u001b[90m  7 |\u001b[39m } \u001b[36mfrom\u001b[39m \u001b[32m\"react-native-reanimated\"\u001b[39m\u001b[33m;\u001b[39m\n    \u001b[31m\u001b[1m>\u001b[22m\u001b[39m\u001b[90m  8 |\u001b[39m \u001b[36mimport\u001b[39m { \u001b[33mGesture\u001b[39m\u001b[33m,\u001b[39m \u001b[33mGestureDetector\u001b[39m } \u001b[36mfrom\u001b[39m \u001b[32m\"react-native-gesture-handler\"\u001b[39m\u001b[33m;\u001b[39m\n     \u001b[90m    |\u001b[39m \u001b[31m\u001b[1m^\u001b[22m\u001b[39m\n     \u001b[90m  9 |\u001b[39m \u001b[36mimport\u001b[39m \u001b[33m*\u001b[39m \u001b[36mas\u001b[39m \u001b[33mHaptics\u001b[39m \u001b[36mfrom\u001b[39m \u001b[32m\"expo-haptics\"\u001b[39m\u001b[33m;\u001b[39m\n     \u001b[90m 10 |\u001b[39m \u001b[36mimport\u001b[39m { \u001b[33mPlatform\u001b[39m } \u001b[36mfrom\u001b[39m \u001b[32m\"react-native\"\u001b[39m\u001b[33m;\u001b[39m\n     \u001b[90m 11 |\u001b[39m\u001b[0m\n\n      \u001b[2mat Object.createAnimatedComponent (\u001b[22mnode_modules/react-native-gesture-handler/src/handlers/gestures/GestureDetector/Wrap.tsx\u001b[2m:35:24)\u001b[22m\n      \u001b[2mat Object.require (\u001b[22mnode_modules/react-native-gesture-handler/src/handlers/gestures/GestureDetector/index.tsx\u001b[2m:17:1)\u001b[22m\n      \u001b[2mat Object.require (\u001b[22mnode_modules/react-native-gesture-handler/src/index.ts\u001b[2m:53:1)\u001b[22m\n      \u001b[2mat Object.require (\u001b[22msrc/components/shared/AnimatedPressable.tsx\u001b[2m:8:1)\u001b[22m\n      \u001b[2mat Object.require (\u001b[22msrc/components/shared/index.ts\u001b[2m:13:1)\u001b[22m\n      \u001b[2mat Object.require (\u001b[22msrc/screens/events/EventFormScreen.tsx\u001b[2m:62:1)\u001b[22m\n      \u001b[2mat Object.require (\u001b[22m\u001b[0m\u001b[36msrc/screens/events/__tests__/EventFormScreen.test.tsx\u001b[39m\u001b[0m\u001b[2m:3:1)\u001b[22m\n","name":"C:\\Users\\tfurt\\source\\repos\\eventosapp\\mobile\\src\\screens\\events\\__tests__\\EventFormScreen.test.tsx","startTime":1773185431201,"status":"failed","summary":""}],"wasInterrupted":false}
