{"numFailedTestSuites":1,"numFailedTests":0,"numPassedTestSuites":0,"numPassedTests":0,"numPendingTestSuites":0,"numPendingTests":0,"numRuntimeErrorTestSuites":1,"numTodoTests":0,"numTotalTestSuites":1,"numTotalTests":0,"openHandles":[],"snapshot":{"added":0,"didUpdate":false,"failure":false,"filesAdded":0,"filesRemoved":0,"filesRemovedList":[],"filesUnmatched":0,"filesUpdated":0,"matched":0,"total":0,"unchecked":0,"uncheckedKeysByFile":[],"unmatched":0,"updated":0},"startTime":1773188257340,"success":false,"testResults":[{"assertionResults":[],"coverage":{},"endTime":1773188260909,"message":"  \u001b[1m● \u001b[22mTest suite failed to run\n\n    TypeError: _reanimatedWrapper$Re2.createAnimatedComponent is not a function\n\n    \u001b[0m \u001b[90m 1 |\u001b[39m \u001b[36mimport\u001b[39m \u001b[33mReact\u001b[39m\u001b[33m,\u001b[39m { useCallback\u001b[33m,\u001b[39m useMemo\u001b[33m,\u001b[39m useRef\u001b[33m,\u001b[39m useEffect } \u001b[36mfrom\u001b[39m \u001b[32m'react'\u001b[39m\u001b[33m;\u001b[39m\n     \u001b[90m 2 |\u001b[39m \u001b[36mimport\u001b[39m { \u001b[33mStyleSheet\u001b[39m } \u001b[36mfrom\u001b[39m \u001b[32m'react-native'\u001b[39m\u001b[33m;\u001b[39m\n    \u001b[31m\u001b[1m>\u001b[22m\u001b[39m\u001b[90m 3 |\u001b[39m \u001b[36mimport\u001b[39m \u001b[33mBottomSheet\u001b[39m\u001b[33m,\u001b[39m { \u001b[33mBottomSheetBackdrop\u001b[39m\u001b[33m,\u001b[39m \u001b[33mBottomSheetView\u001b[39m\u001b[33m,\u001b[39m \u001b[33mBottomSheetScrollView\u001b[39m } \u001b[36mfrom\u001b[39m \u001b[32m'@gorhom/bottom-sheet'\u001b[39m\u001b[33m;\u001b[39m\n     \u001b[90m   |\u001b[39m \u001b[31m\u001b[1m^\u001b[22m\u001b[39m\n     \u001b[90m 4 |\u001b[39m \u001b[36mimport\u001b[39m { colors } \u001b[36mfrom\u001b[39m \u001b[32m'../../theme/colors'\u001b[39m\u001b[33m;\u001b[39m\n     \u001b[90m 5 |\u001b[39m \u001b[36mimport\u001b[39m { spacing } \u001b[36mfrom\u001b[39m \u001b[32m'../../theme/spacing'\u001b[39m\u001b[33m;\u001b[39m\n     \u001b[90m 6 |\u001b[39m \u001b[36mimport\u001b[39m { useTheme } \u001b[36mfrom\u001b[39m \u001b[32m'../../hooks/useTheme'\u001b[39m\u001b[33m;\u001b[39m\u001b[0m\n\n      \u001b[2mat Object.createAnimatedComponent (\u001b[22mnode_modules/react-native-gesture-handler/src/handlers/gestures/GestureDetector/Wrap.tsx\u001b[2m:35:24)\u001b[22m\n      \u001b[2mat Object.require (\u001b[22mnode_modules/react-native-gesture-handler/src/handlers/gestures/GestureDetector/index.tsx\u001b[2m:17:1)\u001b[22m\n      \u001b[2mat Object.require (\u001b[22mnode_modules/react-native-gesture-handler/src/index.ts\u001b[2m:53:1)\u001b[22m\n      \u001b[2mat Object.require (\u001b[22mnode_modules/@gorhom/bottom-sheet/src/components/bottomSheet/BottomSheet.tsx\u001b[2m:11:1)\u001b[22m\n      \u001b[2mat Object.require (\u001b[22mnode_modules/@gorhom/bottom-sheet/src/components/bottomSheet/index.ts\u001b[2m:1:1)\u001b[22m\n      \u001b[2mat Object.require (\u001b[22mnode_modules/@gorhom/bottom-sheet/src/index.ts\u001b[2m:2:1)\u001b[22m\n      \u001b[2mat Object.require (\u001b[22msrc/components/shared/AppBottomSheet.tsx\u001b[2m:3:1)\u001b[22m\n      \u001b[2mat Object.require (\u001b[22msrc/components/shared/ConfirmDialog.tsx\u001b[2m:3:1)\u001b[22m\n      \u001b[2mat Object.require (\u001b[22msrc/components/shared/index.ts\u001b[2m:4:1)\u001b[22m\n      \u001b[2mat Object.require (\u001b[22msrc/screens/clients/ClientFormScreen.tsx\u001b[2m:27:1)\u001b[22m\n      \u001b[2mat Object.require (\u001b[22m\u001b[0m\u001b[36msrc/screens/clients/__tests__/ClientFormScreen.test.tsx\u001b[39m\u001b[0m\u001b[2m:3:1)\u001b[22m\n","name":"C:\\Users\\tfurt\\source\\repos\\eventosapp\\mobile\\src\\screens\\clients\\__tests__\\ClientFormScreen.test.tsx","startTime":1773188260909,"status":"failed","summary":""}],"wasInterrupted":false}
