{"numFailedTestSuites":1,"numFailedTests":1,"numPassedTestSuites":0,"numPassedTests":5,"numPendingTestSuites":0,"numPendingTests":0,"numRuntimeErrorTestSuites":0,"numTodoTests":0,"numTotalTestSuites":1,"numTotalTests":6,"openHandles":[],"snapshot":{"added":0,"didUpdate":false,"failure":false,"filesAdded":0,"filesRemoved":0,"filesRemovedList":[],"filesUnmatched":0,"filesUpdated":0,"matched":0,"total":0,"unchecked":0,"uncheckedKeysByFile":[],"unmatched":0,"updated":0},"startTime":1773184631103,"success":false,"testResults":[{"assertionResults":[{"ancestorTitles":["SortSelector"],"duration":375,"failing":false,"failureDetails":[],"failureMessages":[],"fullName":"SortSelector renders correctly with current selected option label","invocations":1,"location":null,"numPassingAsserts":1,"retryReasons":[],"startAt":1773184632440,"status":"passed","title":"renders correctly with current selected option label"},{"ancestorTitles":["SortSelector"],"duration":7,"failing":false,"failureDetails":[],"failureMessages":[],"fullName":"SortSelector shows arrow up icon when sorted ascending","invocations":1,"location":null,"numPassingAsserts":1,"retryReasons":[],"startAt":1773184632817,"status":"passed","title":"shows arrow up icon when sorted ascending"},{"ancestorTitles":["SortSelector"],"duration":5,"failing":false,"failureDetails":[],"failureMessages":[],"fullName":"SortSelector shows arrow down icon when sorted descending","invocations":1,"location":null,"numPassingAsserts":1,"retryReasons":[],"startAt":1773184632825,"status":"passed","title":"shows arrow down icon when sorted descending"},{"ancestorTitles":["SortSelector"],"duration":25,"failing":false,"failureDetails":[],"failureMessages":[],"fullName":"SortSelector opens bottom sheet when trigger is pressed","invocations":1,"location":null,"numPassingAsserts":3,"retryReasons":[],"startAt":1773184632831,"status":"passed","title":"opens bottom sheet when trigger is pressed"},{"ancestorTitles":["SortSelector"],"duration":9,"failing":false,"failureDetails":[{}],"failureMessages":["Error: Found multiple elements with text: Date\n    at Object.getByText (C:\\Users\\tfurt\\source\\repos\\eventosapp\\mobile\\src\\components\\shared\\__tests__\\SortSelector.test.tsx:125:25)\n    at Promise.finally.completed (C:\\Users\\tfurt\\source\\repos\\eventosapp\\mobile\\node_modules\\jest-circus\\build\\jestAdapterInit.js:1557:28)\n    at new Promise (<anonymous>)\n    at callAsyncCircusFn (C:\\Users\\tfurt\\source\\repos\\eventosapp\\mobile\\node_modules\\jest-circus\\build\\jestAdapterInit.js:1497:10)\n    at _callCircusTest (C:\\Users\\tfurt\\source\\repos\\eventosapp\\mobile\\node_modules\\jest-circus\\build\\jestAdapterInit.js:1007:40)\n    at _runTest (C:\\Users\\tfurt\\source\\repos\\eventosapp\\mobile\\node_modules\\jest-circus\\build\\jestAdapterInit.js:947:3)\n    at C:\\Users\\tfurt\\source\\repos\\eventosapp\\mobile\\node_modules\\jest-circus\\build\\jestAdapterInit.js:849:7\n    at _runTestsForDescribeBlock (C:\\Users\\tfurt\\source\\repos\\eventosapp\\mobile\\node_modules\\jest-circus\\build\\jestAdapterInit.js:862:11)\n    at _runTestsForDescribeBlock (C:\\Users\\tfurt\\source\\repos\\eventosapp\\mobile\\node_modules\\jest-circus\\build\\jestAdapterInit.js:857:11)\n    at run (C:\\Users\\tfurt\\source\\repos\\eventosapp\\mobile\\node_modules\\jest-circus\\build\\jestAdapterInit.js:761:3)\n    at runAndTransformResultsToJestFormat (C:\\Users\\tfurt\\source\\repos\\eventosapp\\mobile\\node_modules\\jest-circus\\build\\jestAdapterInit.js:1918:21)\n    at jestAdapter (C:\\Users\\tfurt\\source\\repos\\eventosapp\\mobile\\node_modules\\jest-circus\\build\\runner.js:101:19)\n    at runTestInternal (C:\\Users\\tfurt\\source\\repos\\eventosapp\\mobile\\node_modules\\jest-runner\\build\\index.js:275:16)\n    at runTest (C:\\Users\\tfurt\\source\\repos\\eventosapp\\mobile\\node_modules\\jest-runner\\build\\index.js:343:7)"],"fullName":"SortSelector swaps sortOrder when selecting the same currently active key","invocations":1,"location":null,"numPassingAsserts":0,"retryReasons":[],"startAt":1773184632857,"status":"failed","title":"swaps sortOrder when selecting the same currently active key"},{"ancestorTitles":["SortSelector"],"duration":10,"failing":false,"failureDetails":[],"failureMessages":[],"fullName":"SortSelector selects new key and defaults to asc order when selecting different key","invocations":1,"location":null,"numPassingAsserts":1,"retryReasons":[],"startAt":1773184632867,"status":"passed","title":"selects new key and defaults to asc order when selecting different key"}],"endTime":1773184632899,"message":"\u001b[1m\u001b[31m  \u001b[1m● \u001b[22m\u001b[1mSortSelector › swaps sortOrder when selecting the same currently active key\u001b[39m\u001b[22m\n\n    Found multiple elements with text: Date\n\u001b[2m\u001b[22m\n\u001b[2m    \u001b[0m \u001b[90m 123 |\u001b[39m     \u001b[90m// we search for the specific TouchableOpacity for the date within the sheet\u001b[39m\u001b[22m\n\u001b[2m     \u001b[90m 124 |\u001b[39m     \u001b[90m// finding correct instance of 'Date' text\u001b[39m\u001b[22m\n\u001b[2m    \u001b[31m\u001b[1m>\u001b[22m\u001b[2m\u001b[39m\u001b[90m 125 |\u001b[39m     \u001b[36mconst\u001b[39m dateOptions \u001b[33m=\u001b[39m getByText(\u001b[32m'Date'\u001b[39m)\u001b[33m;\u001b[39m \u001b[90m// trigger\u001b[39m\u001b[22m\n\u001b[2m     \u001b[90m     |\u001b[39m                         \u001b[31m\u001b[1m^\u001b[22m\u001b[2m\u001b[39m\u001b[22m\n\u001b[2m     \u001b[90m 126 |\u001b[39m     \u001b[90m// Actually simpler: Since 'Date' appears twice now (trigger, and list), we can grab all and click the second\u001b[39m\u001b[22m\n\u001b[2m     \u001b[90m 127 |\u001b[39m     \u001b[22m\n\u001b[2m     \u001b[90m 128 |\u001b[39m     \u001b[90m// Instead of querying by text because of ambiguity, find the option container\u001b[39m\u001b[0m\u001b[22m\n\u001b[2m\u001b[22m\n\u001b[2m      \u001b[2mat Object.getByText (\u001b[22m\u001b[2m\u001b[0m\u001b[36msrc/components/shared/__tests__/SortSelector.test.tsx\u001b[39m\u001b[0m\u001b[2m:125:25)\u001b[22m\u001b[2m\u001b[22m\n","name":"C:\\Users\\tfurt\\source\\repos\\eventosapp\\mobile\\src\\components\\shared\\__tests__\\SortSelector.test.tsx","startTime":1773184631392,"status":"failed","summary":""}],"wasInterrupted":false}
