{"numFailedTestSuites":1,"numFailedTests":0,"numPassedTestSuites":1,"numPassedTests":5,"numPendingTestSuites":0,"numPendingTests":0,"numRuntimeErrorTestSuites":1,"numTodoTests":0,"numTotalTestSuites":2,"numTotalTests":5,"openHandles":[],"snapshot":{"added":0,"didUpdate":false,"failure":false,"filesAdded":0,"filesRemoved":0,"filesRemovedList":[],"filesUnmatched":0,"filesUpdated":0,"matched":0,"total":0,"unchecked":0,"uncheckedKeysByFile":[],"unmatched":0,"updated":0},"startTime":1773184488861,"success":false,"testResults":[{"assertionResults":[],"coverage":{},"endTime":1773184491811,"message":"  \u001b[1m● \u001b[22mTest suite failed to run\n\n    WorkletsError: [Worklets] Native part of Worklets doesn't seem to be initialized.\n    See https://docs.swmansion.com/react-native-worklets/docs/guides/troubleshooting#native-part-of-worklets-doesnt-seem-to-be-initialized for more details.\n\n    \u001b[0m \u001b[90m 22 |\u001b[39m \u001b[90m// Mock `react-native-reanimated` for testing\u001b[39m\n     \u001b[90m 23 |\u001b[39m jest\u001b[33m.\u001b[39mmock(\u001b[32m'react-native-reanimated'\u001b[39m\u001b[33m,\u001b[39m () \u001b[33m=>\u001b[39m {\n    \u001b[31m\u001b[1m>\u001b[22m\u001b[39m\u001b[90m 24 |\u001b[39m     \u001b[36mconst\u001b[39m \u001b[33mReanimated\u001b[39m \u001b[33m=\u001b[39m require(\u001b[32m'react-native-reanimated/mock'\u001b[39m)\u001b[33m;\u001b[39m\n     \u001b[90m    |\u001b[39m                        \u001b[31m\u001b[1m^\u001b[22m\u001b[39m\n     \u001b[90m 25 |\u001b[39m     \u001b[33mReanimated\u001b[39m\u001b[33m.\u001b[39m\u001b[36mdefault\u001b[39m\u001b[33m.\u001b[39mcall \u001b[33m=\u001b[39m () \u001b[33m=>\u001b[39m {}\u001b[33m;\u001b[39m\n     \u001b[90m 26 |\u001b[39m     \u001b[90m// Override useSharedValue and effects\u001b[39m\n     \u001b[90m 27 |\u001b[39m     \u001b[33mReanimated\u001b[39m\u001b[33m.\u001b[39museSharedValue \u001b[33m=\u001b[39m jest\u001b[33m.\u001b[39mfn(() \u001b[33m=>\u001b[39m ({ value\u001b[33m:\u001b[39m \u001b[35m0\u001b[39m }))\u001b[33m;\u001b[39m\u001b[0m\n\n      \u001b[2mat new WorkletsErrorConstructor (\u001b[22mnode_modules/react-native-worklets/src/debug/WorkletsError.native.ts\u001b[2m:14:25)\u001b[22m\n      \u001b[2mat new NativeWorklets (\u001b[22mnode_modules/react-native-worklets/src/WorkletsModule/NativeWorklets.native.ts\u001b[2m:31:13)\u001b[22m\n      \u001b[2mat Object.<anonymous> (\u001b[22mnode_modules/react-native-worklets/src/WorkletsModule/NativeWorklets.native.ts\u001b[2m:275:48)\u001b[22m\n      \u001b[2mat Object.require (\u001b[22mnode_modules/react-native-worklets/src/memory/serializable.native.ts\u001b[2m:10:1)\u001b[22m\n      \u001b[2mat Object.require (\u001b[22mnode_modules/react-native-worklets/src/memory/synchronizableUnpacker.native.ts\u001b[2m:3:1)\u001b[22m\n      \u001b[2mat Object.require (\u001b[22mnode_modules/react-native-worklets/src/initializers/initializers.native.ts\u001b[2m:8:1)\u001b[22m\n      \u001b[2mat Object.require (\u001b[22mnode_modules/react-native-worklets/src/index.ts\u001b[2m:3:1)\u001b[22m\n      \u001b[2mat Object.require (\u001b[22mnode_modules/react-native-reanimated/src/initializers.ts\u001b[2m:2:1)\u001b[22m\n      \u001b[2mat Object.require (\u001b[22mnode_modules/react-native-reanimated/src/index.ts\u001b[2m:5:1)\u001b[22m\n      \u001b[2mat Object.require (\u001b[22mnode_modules/react-native-reanimated/src/mock.ts\u001b[2m:20:1)\u001b[22m\n      \u001b[2mat Object.require (\u001b[22mnode_modules/react-native-reanimated/mock.js\u001b[2m:1:20)\u001b[22m\n      \u001b[2mat require (\u001b[22m\u001b[0m\u001b[36msrc/components/shared/__tests__/Skeleton.test.tsx\u001b[39m\u001b[0m\u001b[2m:24:24)\u001b[22m\n      \u001b[2mat Object.require (\u001b[22msrc/components/shared/Skeleton.tsx\u001b[2m:3:1)\u001b[22m\n      \u001b[2mat Object.require (\u001b[22m\u001b[0m\u001b[36msrc/components/shared/__tests__/Skeleton.test.tsx\u001b[39m\u001b[0m\u001b[2m:3:1)\u001b[22m\n","name":"C:\\Users\\tfurt\\source\\repos\\eventosapp\\mobile\\src\\components\\shared\\__tests__\\Skeleton.test.tsx","startTime":1773184491811,"status":"failed","summary":""},{"assertionResults":[{"ancestorTitles":["FormInput"],"duration":312,"failing":false,"failureDetails":[],"failureMessages":[],"fullName":"FormInput renders correctly with label","invocations":1,"location":null,"numPassingAsserts":2,"retryReasons":[],"startAt":1773184491390,"status":"passed","title":"renders correctly with label"},{"ancestorTitles":["FormInput"],"duration":7,"failing":false,"failureDetails":[],"failureMessages":[],"fullName":"FormInput displays error message when provided","invocations":1,"location":null,"numPassingAsserts":1,"retryReasons":[],"startAt":1773184491703,"status":"passed","title":"displays error message when provided"},{"ancestorTitles":["FormInput"],"duration":7,"failing":false,"failureDetails":[],"failureMessages":[],"fullName":"FormInput renders icon and rightElement when provided","invocations":1,"location":null,"numPassingAsserts":2,"retryReasons":[],"startAt":1773184491710,"status":"passed","title":"renders icon and rightElement when provided"},{"ancestorTitles":["FormInput"],"duration":5,"failing":false,"failureDetails":[],"failureMessages":[],"fullName":"FormInput handles value changes from user input","invocations":1,"location":null,"numPassingAsserts":1,"retryReasons":[],"startAt":1773184491718,"status":"passed","title":"handles value changes from user input"},{"ancestorTitles":["FormInput"],"duration":4,"failing":false,"failureDetails":[],"failureMessages":[],"fullName":"FormInput forwards ref to TextInput","invocations":1,"location":null,"numPassingAsserts":2,"retryReasons":[],"startAt":1773184491723,"status":"passed","title":"forwards ref to TextInput"}],"endTime":1773184491729,"message":"","name":"C:\\Users\\tfurt\\source\\repos\\eventosapp\\mobile\\src\\components\\shared\\__tests__\\FormInput.test.tsx","startTime":1773184489968,"status":"passed","summary":""}],"wasInterrupted":false}
