{"numFailedTestSuites":1,"numFailedTests":0,"numPassedTestSuites":0,"numPassedTests":0,"numPendingTestSuites":0,"numPendingTests":0,"numRuntimeErrorTestSuites":1,"numTodoTests":0,"numTotalTestSuites":1,"numTotalTests":0,"openHandles":[],"snapshot":{"added":0,"didUpdate":false,"failure":false,"filesAdded":0,"filesRemoved":0,"filesRemovedList":[],"filesUnmatched":0,"filesUpdated":0,"matched":0,"total":0,"unchecked":0,"uncheckedKeysByFile":[],"unmatched":0,"updated":0},"startTime":1773186362538,"success":false,"testResults":[{"assertionResults":[],"coverage":{},"endTime":1773186368734,"message":"  \u001b[1m● \u001b[22mTest suite failed to run\n\n    TypeError: Cannot read properties of undefined (reading 'AFTER_FIRST_UNLOCK')\n\n    \u001b[0m \u001b[90m 1 |\u001b[39m \u001b[36mimport\u001b[39m \u001b[33mReact\u001b[39m\u001b[33m,\u001b[39m { useState\u001b[33m,\u001b[39m useEffect\u001b[33m,\u001b[39m useCallback\u001b[33m,\u001b[39m createContext\u001b[33m,\u001b[39m useContext } \u001b[36mfrom\u001b[39m \u001b[32m'react'\u001b[39m\u001b[33m;\u001b[39m\n     \u001b[90m 2 |\u001b[39m \u001b[36mimport\u001b[39m { useColorScheme } \u001b[36mfrom\u001b[39m \u001b[32m'react-native'\u001b[39m\u001b[33m;\u001b[39m\n    \u001b[31m\u001b[1m>\u001b[22m\u001b[39m\u001b[90m 3 |\u001b[39m \u001b[36mimport\u001b[39m \u001b[33m*\u001b[39m \u001b[36mas\u001b[39m \u001b[33mSecureStore\u001b[39m \u001b[36mfrom\u001b[39m \u001b[32m'expo-secure-store'\u001b[39m\u001b[33m;\u001b[39m\n     \u001b[90m   |\u001b[39m \u001b[31m\u001b[1m^\u001b[22m\u001b[39m\n     \u001b[90m 4 |\u001b[39m\n     \u001b[90m 5 |\u001b[39m type \u001b[33mTheme\u001b[39m \u001b[33m=\u001b[39m \u001b[32m'light'\u001b[39m \u001b[33m|\u001b[39m \u001b[32m'dark'\u001b[39m \u001b[33m|\u001b[39m \u001b[32m'system'\u001b[39m\u001b[33m;\u001b[39m\n     \u001b[90m 6 |\u001b[39m\u001b[0m\n\n      \u001b[2mat Object.AFTER_FIRST_UNLOCK (\u001b[22mnode_modules/expo-secure-store/src/SecureStore.ts\u001b[2m:11:82)\u001b[22m\n      \u001b[2mat Object.require (\u001b[22msrc/hooks/useTheme.tsx\u001b[2m:3:1)\u001b[22m\n      \u001b[2mat Object.require (\u001b[22msrc/screens/events/EventFormScreen.tsx\u001b[2m:61:1)\u001b[22m\n      \u001b[2mat Object.require (\u001b[22m\u001b[0m\u001b[36msrc/screens/events/__tests__/EventFormScreen.test.tsx\u001b[39m\u001b[0m\u001b[2m:19:1)\u001b[22m\n","name":"C:\\Users\\tfurt\\source\\repos\\eventosapp\\mobile\\src\\screens\\events\\__tests__\\EventFormScreen.test.tsx","startTime":1773186368734,"status":"failed","summary":""}],"wasInterrupted":false}
