{"numFailedTestSuites":1,"numFailedTests":0,"numPassedTestSuites":0,"numPassedTests":0,"numPendingTestSuites":0,"numPendingTests":0,"numRuntimeErrorTestSuites":1,"numTodoTests":0,"numTotalTestSuites":1,"numTotalTests":0,"openHandles":[],"snapshot":{"added":0,"didUpdate":false,"failure":false,"filesAdded":0,"filesRemoved":0,"filesRemovedList":[],"filesUnmatched":0,"filesUpdated":0,"matched":0,"total":0,"unchecked":0,"uncheckedKeysByFile":[],"unmatched":0,"updated":0},"startTime":1773186385936,"success":false,"testResults":[{"assertionResults":[],"coverage":{},"endTime":1773186392755,"message":"  \u001b[1m● \u001b[22mTest suite failed to run\n\n    TypeError: Cannot read properties of undefined (reading 'FileSystemFile')\n\n    \u001b[0m\u001b[31m\u001b[1m>\u001b[22m\u001b[39m\u001b[90m 1 |\u001b[39m \u001b[36mimport\u001b[39m \u001b[33m*\u001b[39m \u001b[36mas\u001b[39m \u001b[33mFileSystem\u001b[39m \u001b[36mfrom\u001b[39m \u001b[32m'expo-file-system'\u001b[39m\u001b[33m;\u001b[39m\n     \u001b[90m   |\u001b[39m \u001b[31m\u001b[1m^\u001b[22m\u001b[39m\n     \u001b[90m 2 |\u001b[39m \u001b[36mimport\u001b[39m \u001b[33m*\u001b[39m \u001b[36mas\u001b[39m \u001b[33mSecureStore\u001b[39m \u001b[36mfrom\u001b[39m \u001b[32m'expo-secure-store'\u001b[39m\u001b[33m;\u001b[39m\n     \u001b[90m 3 |\u001b[39m\n     \u001b[90m 4 |\u001b[39m \u001b[36mconst\u001b[39m \u001b[33mAPI_URL\u001b[39m \u001b[33m=\u001b[39m process\u001b[33m.\u001b[39menv\u001b[33m.\u001b[39m\u001b[33mEXPO_PUBLIC_API_URL\u001b[39m \u001b[33m||\u001b[39m \u001b[32m'http://localhost:8080/api'\u001b[39m\u001b[33m;\u001b[39m\u001b[0m\n\n      \u001b[2mat Object.FileSystemFile (\u001b[22mnode_modules/expo-file-system/src/FileSystem.ts\u001b[2m:71:42)\u001b[22m\n      \u001b[2mat Object.require (\u001b[22mnode_modules/expo-file-system/src/index.ts\u001b[2m:1:1)\u001b[22m\n      \u001b[2mat Object.require (\u001b[22msrc/services/uploadService.ts\u001b[2m:1:1)\u001b[22m\n      \u001b[2mat Object.require (\u001b[22msrc/components/shared/Avatar.tsx\u001b[2m:5:1)\u001b[22m\n      \u001b[2mat Object.require (\u001b[22msrc/components/shared/index.ts\u001b[2m:8:1)\u001b[22m\n      \u001b[2mat Object.require (\u001b[22msrc/screens/events/EventFormScreen.tsx\u001b[2m:62:1)\u001b[22m\n      \u001b[2mat Object.require (\u001b[22m\u001b[0m\u001b[36msrc/screens/events/__tests__/EventFormScreen.test.tsx\u001b[39m\u001b[0m\u001b[2m:24:1)\u001b[22m\n","name":"C:\\Users\\tfurt\\source\\repos\\eventosapp\\mobile\\src\\screens\\events\\__tests__\\EventFormScreen.test.tsx","startTime":1773186392755,"status":"failed","summary":""}],"wasInterrupted":false}
