{"numFailedTestSuites":0,"numFailedTests":0,"numPassedTestSuites":1,"numPassedTests":4,"numPendingTestSuites":0,"numPendingTests":0,"numRuntimeErrorTestSuites":0,"numTodoTests":0,"numTotalTestSuites":1,"numTotalTests":4,"openHandles":[],"snapshot":{"added":0,"didUpdate":false,"failure":false,"filesAdded":0,"filesRemoved":0,"filesRemovedList":[],"filesUnmatched":0,"filesUpdated":0,"matched":0,"total":0,"unchecked":0,"uncheckedKeysByFile":[],"unmatched":0,"updated":0},"startTime":1773188326322,"success":true,"testResults":[{"assertionResults":[{"ancestorTitles":["ClientFormScreen"],"duration":128,"failing":false,"failureDetails":[],"failureMessages":[],"fullName":"ClientFormScreen renders \"New Client\" form by default","invocations":1,"location":null,"numPassingAsserts":3,"retryReasons":[],"startAt":1773188328377,"status":"passed","title":"renders \"New Client\" form by default"},{"ancestorTitles":["ClientFormScreen"],"duration":80,"failing":false,"failureDetails":[],"failureMessages":[],"fullName":"ClientFormScreen validates required fields","invocations":1,"location":null,"numPassingAsserts":2,"retryReasons":[],"startAt":1773188328507,"status":"passed","title":"validates required fields"},{"ancestorTitles":["ClientFormScreen"],"duration":24,"failing":false,"failureDetails":[],"failureMessages":[],"fullName":"ClientFormScreen creates a new client successfully","invocations":1,"location":null,"numPassingAsserts":3,"retryReasons":[],"startAt":1773188328588,"status":"passed","title":"creates a new client successfully"},{"ancestorTitles":["ClientFormScreen"],"duration":73,"failing":false,"failureDetails":[],"failureMessages":[],"fullName":"ClientFormScreen loads and updates an existing client","invocations":1,"location":null,"numPassingAsserts":4,"retryReasons":[],"startAt":1773188328613,"status":"passed","title":"loads and updates an existing client"}],"endTime":1773188328688,"message":"","name":"C:\\Users\\tfurt\\source\\repos\\eventosapp\\mobile\\src\\screens\\clients\\__tests__\\ClientFormScreen.test.tsx","startTime":1773188326539,"status":"passed","summary":""}],"wasInterrupted":false}
