{"numFailedTestSuites":1,"numFailedTests":2,"numPassedTestSuites":0,"numPassedTests":2,"numPendingTestSuites":0,"numPendingTests":0,"numRuntimeErrorTestSuites":0,"numTodoTests":0,"numTotalTestSuites":1,"numTotalTests":4,"openHandles":[],"snapshot":{"added":0,"didUpdate":false,"failure":false,"filesAdded":0,"filesRemoved":0,"filesRemovedList":[],"filesUnmatched":0,"filesUpdated":0,"matched":0,"total":0,"unchecked":0,"uncheckedKeysByFile":[],"unmatched":0,"updated":0},"startTime":1773187972312,"success":false,"testResults":[{"assertionResults":[{"ancestorTitles":["ClientListScreen"],"duration":113,"failing":false,"failureDetails":[],"failureMessages":[],"fullName":"ClientListScreen renders loading skeleton","invocations":1,"location":null,"numPassingAsserts":1,"retryReasons":[],"startAt":1773187974602,"status":"passed","title":"renders loading skeleton"},{"ancestorTitles":["ClientListScreen"],"duration":240,"failing":false,"failureDetails":[],"failureMessages":[],"fullName":"ClientListScreen renders list of clients","invocations":1,"location":null,"numPassingAsserts":1,"retryReasons":[],"startAt":1773187974717,"status":"passed","title":"renders list of clients"},{"ancestorTitles":["ClientListScreen"],"duration":25414,"failing":false,"failureDetails":[{"matcherResult":{"message":"\u001b[2mexpect(\u001b[22m\u001b[31mreceived\u001b[39m\u001b[2m).\u001b[22mtoBeNull\u001b[2m()\u001b[22m\n\nReceived: \u001b[31m{\"_fiber\": {\"_debugHookTypes\": null, \"_debugInfo\": null, \"_debugNeedsRemount\": false, \"_debugOwner\": [FiberNode], \"_debugStack\": [Error: react-stack-top-frame], \"_debugTask\": null, \"actualDuration\": 0, \"actualStartTime\": 1773187974966, \"alternate\": [FiberNode], \"child\": [FiberNode], \"childLanes\": 0, \"deletions\": null, \"dependencies\": null, \"elementType\": \"View\", \"flags\": 4, \"index\": 0, \"key\": null, \"lanes\": 0, \"memoizedProps\": [Object], \"memoizedState\": null, \"mode\": 3, \"pendingProps\": [Object], \"ref\": null, \"refCleanup\": null, \"return\": [FiberNode], \"selfBaseDuration\": 0, \"sibling\": null, \"stateNode\": [Object], \"subtreeFlags\": 262149, \"tag\": 5, \"treeBaseDuration\": 0, \"type\": \"View\", \"updateQueue\": null}}\u001b[39m","pass":false}}],"failureMessages":["Error: \u001b[2mexpect(\u001b[22m\u001b[31mreceived\u001b[39m\u001b[2m).\u001b[22mtoBeNull\u001b[2m()\u001b[22m\n\nReceived: \u001b[31m{\"_fiber\": {\"_debugHookTypes\": null, \"_debugInfo\": null, \"_debugNeedsRemount\": false, \"_debugOwner\": [FiberNode], \"_debugStack\": [Error: react-stack-top-frame], \"_debugTask\": null, \"actualDuration\": 0, \"actualStartTime\": 1773187974966, \"alternate\": [FiberNode], \"child\": [FiberNode], \"childLanes\": 0, \"deletions\": null, \"dependencies\": null, \"elementType\": \"View\", \"flags\": 4, \"index\": 0, \"key\": null, \"lanes\": 0, \"memoizedProps\": [Object], \"memoizedState\": null, \"mode\": 3, \"pendingProps\": [Object], \"ref\": null, \"refCleanup\": null, \"return\": [FiberNode], \"selfBaseDuration\": 0, \"sibling\": null, \"stateNode\": [Object], \"subtreeFlags\": 262149, \"tag\": 5, \"treeBaseDuration\": 0, \"type\": \"View\", \"updateQueue\": null}}\u001b[39m\n    at Object.<anonymous> (C:\\Users\\tfurt\\source\\repos\\eventosapp\\mobile\\src\\screens\\clients\\__tests__\\ClientListScreen.test.tsx:203:18)\n    at Generator.next (<anonymous>)\n    at asyncGeneratorStep (C:\\Users\\tfurt\\source\\repos\\eventosapp\\mobile\\node_modules\\@babel\\runtime\\helpers\\asyncToGenerator.js:3:17)\n    at _next (C:\\Users\\tfurt\\source\\repos\\eventosapp\\mobile\\node_modules\\@babel\\runtime\\helpers\\asyncToGenerator.js:17:9)\n    at C:\\Users\\tfurt\\source\\repos\\eventosapp\\mobile\\node_modules\\@babel\\runtime\\helpers\\asyncToGenerator.js:22:7\n    at new Promise (<anonymous>)\n    at Object.<anonymous> (C:\\Users\\tfurt\\source\\repos\\eventosapp\\mobile\\node_modules\\@babel\\runtime\\helpers\\asyncToGenerator.js:14:12)\n    at Promise.finally.completed (C:\\Users\\tfurt\\source\\repos\\eventosapp\\mobile\\node_modules\\jest-circus\\build\\jestAdapterInit.js:1557:28)\n    at new Promise (<anonymous>)\n    at callAsyncCircusFn (C:\\Users\\tfurt\\source\\repos\\eventosapp\\mobile\\node_modules\\jest-circus\\build\\jestAdapterInit.js:1497:10)\n    at _callCircusTest (C:\\Users\\tfurt\\source\\repos\\eventosapp\\mobile\\node_modules\\jest-circus\\build\\jestAdapterInit.js:1007:40)\n    at _runTest (C:\\Users\\tfurt\\source\\repos\\eventosapp\\mobile\\node_modules\\jest-circus\\build\\jestAdapterInit.js:947:3)\n    at C:\\Users\\tfurt\\source\\repos\\eventosapp\\mobile\\node_modules\\jest-circus\\build\\jestAdapterInit.js:849:7\n    at _runTestsForDescribeBlock (C:\\Users\\tfurt\\source\\repos\\eventosapp\\mobile\\node_modules\\jest-circus\\build\\jestAdapterInit.js:862:11)\n    at _runTestsForDescribeBlock (C:\\Users\\tfurt\\source\\repos\\eventosapp\\mobile\\node_modules\\jest-circus\\build\\jestAdapterInit.js:857:11)\n    at run (C:\\Users\\tfurt\\source\\repos\\eventosapp\\mobile\\node_modules\\jest-circus\\build\\jestAdapterInit.js:761:3)\n    at runAndTransformResultsToJestFormat (C:\\Users\\tfurt\\source\\repos\\eventosapp\\mobile\\node_modules\\jest-circus\\build\\jestAdapterInit.js:1918:21)\n    at jestAdapter (C:\\Users\\tfurt\\source\\repos\\eventosapp\\mobile\\node_modules\\jest-circus\\build\\runner.js:101:19)\n    at runTestInternal (C:\\Users\\tfurt\\source\\repos\\eventosapp\\mobile\\node_modules\\jest-runner\\build\\index.js:275:16)\n    at runTest (C:\\Users\\tfurt\\source\\repos\\eventosapp\\mobile\\node_modules\\jest-runner\\build\\index.js:343:7)"],"fullName":"ClientListScreen searches for clients securely","invocations":1,"location":null,"numPassingAsserts":0,"retryReasons":[],"startAt":1773187974958,"status":"failed","title":"searches for clients securely"},{"ancestorTitles":["ClientListScreen"],"duration":26536,"failing":false,"failureDetails":[{"matcherResult":{"message":"\u001b[2mexpect(\u001b[22m\u001b[31mreceived\u001b[39m\u001b[2m).\u001b[22mtoBeNull\u001b[2m()\u001b[22m\n\nReceived: \u001b[31m{\"_fiber\": {\"_debugHookTypes\": null, \"_debugInfo\": null, \"_debugNeedsRemount\": false, \"_debugOwner\": [FiberNode], \"_debugStack\": [Error: react-stack-top-frame], \"_debugTask\": null, \"actualDuration\": 0, \"actualStartTime\": 1773188000381, \"alternate\": [FiberNode], \"child\": [FiberNode], \"childLanes\": 0, \"deletions\": null, \"dependencies\": null, \"elementType\": \"View\", \"flags\": 4, \"index\": 0, \"key\": null, \"lanes\": 0, \"memoizedProps\": [Object], \"memoizedState\": null, \"mode\": 3, \"pendingProps\": [Object], \"ref\": null, \"refCleanup\": null, \"return\": [FiberNode], \"selfBaseDuration\": 0, \"sibling\": null, \"stateNode\": [Object], \"subtreeFlags\": 262149, \"tag\": 5, \"treeBaseDuration\": 0, \"type\": \"View\", \"updateQueue\": null}}\u001b[39m","pass":false}}],"failureMessages":["Error: \u001b[2mexpect(\u001b[22m\u001b[31mreceived\u001b[39m\u001b[2m).\u001b[22mtoBeNull\u001b[2m()\u001b[22m\n\nReceived: \u001b[31m{\"_fiber\": {\"_debugHookTypes\": null, \"_debugInfo\": null, \"_debugNeedsRemount\": false, \"_debugOwner\": [FiberNode], \"_debugStack\": [Error: react-stack-top-frame], \"_debugTask\": null, \"actualDuration\": 0, \"actualStartTime\": 1773188000381, \"alternate\": [FiberNode], \"child\": [FiberNode], \"childLanes\": 0, \"deletions\": null, \"dependencies\": null, \"elementType\": \"View\", \"flags\": 4, \"index\": 0, \"key\": null, \"lanes\": 0, \"memoizedProps\": [Object], \"memoizedState\": null, \"mode\": 3, \"pendingProps\": [Object], \"ref\": null, \"refCleanup\": null, \"return\": [FiberNode], \"selfBaseDuration\": 0, \"sibling\": null, \"stateNode\": [Object], \"subtreeFlags\": 262149, \"tag\": 5, \"treeBaseDuration\": 0, \"type\": \"View\", \"updateQueue\": null}}\u001b[39m\n    at Object.<anonymous> (C:\\Users\\tfurt\\source\\repos\\eventosapp\\mobile\\src\\screens\\clients\\__tests__\\ClientListScreen.test.tsx:225:18)\n    at Generator.next (<anonymous>)\n    at asyncGeneratorStep (C:\\Users\\tfurt\\source\\repos\\eventosapp\\mobile\\node_modules\\@babel\\runtime\\helpers\\asyncToGenerator.js:3:17)\n    at _next (C:\\Users\\tfurt\\source\\repos\\eventosapp\\mobile\\node_modules\\@babel\\runtime\\helpers\\asyncToGenerator.js:17:9)\n    at C:\\Users\\tfurt\\source\\repos\\eventosapp\\mobile\\node_modules\\@babel\\runtime\\helpers\\asyncToGenerator.js:22:7\n    at new Promise (<anonymous>)\n    at Object.<anonymous> (C:\\Users\\tfurt\\source\\repos\\eventosapp\\mobile\\node_modules\\@babel\\runtime\\helpers\\asyncToGenerator.js:14:12)\n    at Promise.finally.completed (C:\\Users\\tfurt\\source\\repos\\eventosapp\\mobile\\node_modules\\jest-circus\\build\\jestAdapterInit.js:1557:28)\n    at new Promise (<anonymous>)\n    at callAsyncCircusFn (C:\\Users\\tfurt\\source\\repos\\eventosapp\\mobile\\node_modules\\jest-circus\\build\\jestAdapterInit.js:1497:10)\n    at _callCircusTest (C:\\Users\\tfurt\\source\\repos\\eventosapp\\mobile\\node_modules\\jest-circus\\build\\jestAdapterInit.js:1007:40)\n    at _runTest (C:\\Users\\tfurt\\source\\repos\\eventosapp\\mobile\\node_modules\\jest-circus\\build\\jestAdapterInit.js:947:3)\n    at C:\\Users\\tfurt\\source\\repos\\eventosapp\\mobile\\node_modules\\jest-circus\\build\\jestAdapterInit.js:849:7\n    at _runTestsForDescribeBlock (C:\\Users\\tfurt\\source\\repos\\eventosapp\\mobile\\node_modules\\jest-circus\\build\\jestAdapterInit.js:862:11)\n    at _runTestsForDescribeBlock (C:\\Users\\tfurt\\source\\repos\\eventosapp\\mobile\\node_modules\\jest-circus\\build\\jestAdapterInit.js:857:11)\n    at run (C:\\Users\\tfurt\\source\\repos\\eventosapp\\mobile\\node_modules\\jest-circus\\build\\jestAdapterInit.js:761:3)\n    at runAndTransformResultsToJestFormat (C:\\Users\\tfurt\\source\\repos\\eventosapp\\mobile\\node_modules\\jest-circus\\build\\jestAdapterInit.js:1918:21)\n    at jestAdapter (C:\\Users\\tfurt\\source\\repos\\eventosapp\\mobile\\node_modules\\jest-circus\\build\\runner.js:101:19)\n    at runTestInternal (C:\\Users\\tfurt\\source\\repos\\eventosapp\\mobile\\node_modules\\jest-runner\\build\\index.js:275:16)\n    at runTest (C:\\Users\\tfurt\\source\\repos\\eventosapp\\mobile\\node_modules\\jest-runner\\build\\index.js:343:7)"],"fullName":"ClientListScreen deletes a client","invocations":1,"location":null,"numPassingAsserts":0,"retryReasons":[],"startAt":1773188000374,"status":"failed","title":"deletes a client"}],"endTime":1773188026945,"message":"\u001b[1m\u001b[31m  \u001b[1m● \u001b[22m\u001b[1mClientListScreen › searches for clients securely\u001b[39m\u001b[22m\n\n    \u001b[2mexpect(\u001b[22m\u001b[31mreceived\u001b[39m\u001b[2m).\u001b[22mtoBeNull\u001b[2m()\u001b[22m\n\n    Received: \u001b[31m{\"_fiber\": {\"_debugHookTypes\": null, \"_debugInfo\": null, \"_debugNeedsRemount\": false, \"_debugOwner\": [FiberNode], \"_debugStack\": [Error: react-stack-top-frame], \"_debugTask\": null, \"actualDuration\": 0, \"actualStartTime\": 1773187974966, \"alternate\": [FiberNode], \"child\": [FiberNode], \"childLanes\": 0, \"deletions\": null, \"dependencies\": null, \"elementType\": \"View\", \"flags\": 4, \"index\": 0, \"key\": null, \"lanes\": 0, \"memoizedProps\": [Object], \"memoizedState\": null, \"mode\": 3, \"pendingProps\": [Object], \"ref\": null, \"refCleanup\": null, \"return\": [FiberNode], \"selfBaseDuration\": 0, \"sibling\": null, \"stateNode\": [Object], \"subtreeFlags\": 262149, \"tag\": 5, \"treeBaseDuration\": 0, \"type\": \"View\", \"updateQueue\": null}}\u001b[39m\n\u001b[2m\u001b[22m\n\u001b[2m    \u001b[0m \u001b[90m 201 |\u001b[39m     \u001b[36mconst\u001b[39m { getByPlaceholderText\u001b[33m,\u001b[39m getByText\u001b[33m,\u001b[39m queryByText\u001b[33m,\u001b[39m queryByTestId } \u001b[33m=\u001b[39m renderWithProviders(\u001b[22m\n\u001b[2m     \u001b[90m 202 |\u001b[39m       \u001b[33m<\u001b[39m\u001b[33mClientListScreen\u001b[39m navigation\u001b[33m=\u001b[39m{mockNavigation \u001b[36mas\u001b[39m any} route\u001b[33m=\u001b[39m{{} \u001b[36mas\u001b[39m any} \u001b[33m/\u001b[39m\u001b[33m>\u001b[39m\u001b[22m\n\u001b[2m    \u001b[31m\u001b[1m>\u001b[22m\u001b[2m\u001b[39m\u001b[90m 203 |\u001b[39m     )\u001b[33m;\u001b[39m\u001b[22m\n\u001b[2m     \u001b[90m     |\u001b[39m                 \u001b[31m\u001b[1m^\u001b[22m\u001b[2m\u001b[39m\u001b[22m\n\u001b[2m     \u001b[90m 204 |\u001b[39m\u001b[22m\n\u001b[2m     \u001b[90m 205 |\u001b[39m     \u001b[36mawait\u001b[39m waitFor(() \u001b[33m=>\u001b[39m {\u001b[22m\n\u001b[2m     \u001b[90m 206 |\u001b[39m       expect(queryByTestId(\u001b[32m'mock-skeleton'\u001b[39m))\u001b[33m.\u001b[39mtoBeNull()\u001b[33m;\u001b[39m\u001b[0m\u001b[22m\n\u001b[2m\u001b[22m\n\u001b[2m      \u001b[2mat Object.<anonymous> (\u001b[22m\u001b[2m\u001b[0m\u001b[36msrc/screens/clients/__tests__/ClientListScreen.test.tsx\u001b[39m\u001b[0m\u001b[2m:203:18)\u001b[22m\u001b[2m\u001b[22m\n\u001b[2m      \u001b[2mat asyncGeneratorStep (\u001b[22m\u001b[2mnode_modules/@babel/runtime/helpers/asyncToGenerator.js\u001b[2m:3:17)\u001b[22m\u001b[2m\u001b[22m\n\u001b[2m      \u001b[2mat _next (\u001b[22m\u001b[2mnode_modules/@babel/runtime/helpers/asyncToGenerator.js\u001b[2m:17:9)\u001b[22m\u001b[2m\u001b[22m\n\u001b[2m      \u001b[2mat \u001b[22m\u001b[2mnode_modules/@babel/runtime/helpers/asyncToGenerator.js\u001b[2m:22:7\u001b[22m\u001b[2m\u001b[22m\n\u001b[2m      \u001b[2mat Object.<anonymous> (\u001b[22m\u001b[2mnode_modules/@babel/runtime/helpers/asyncToGenerator.js\u001b[2m:14:12)\u001b[22m\u001b[2m\u001b[22m\n\n\u001b[1m\u001b[31m  \u001b[1m● \u001b[22m\u001b[1mClientListScreen › deletes a client\u001b[39m\u001b[22m\n\n    \u001b[2mexpect(\u001b[22m\u001b[31mreceived\u001b[39m\u001b[2m).\u001b[22mtoBeNull\u001b[2m()\u001b[22m\n\n    Received: \u001b[31m{\"_fiber\": {\"_debugHookTypes\": null, \"_debugInfo\": null, \"_debugNeedsRemount\": false, \"_debugOwner\": [FiberNode], \"_debugStack\": [Error: react-stack-top-frame], \"_debugTask\": null, \"actualDuration\": 0, \"actualStartTime\": 1773188000381, \"alternate\": [FiberNode], \"child\": [FiberNode], \"childLanes\": 0, \"deletions\": null, \"dependencies\": null, \"elementType\": \"View\", \"flags\": 4, \"index\": 0, \"key\": null, \"lanes\": 0, \"memoizedProps\": [Object], \"memoizedState\": null, \"mode\": 3, \"pendingProps\": [Object], \"ref\": null, \"refCleanup\": null, \"return\": [FiberNode], \"selfBaseDuration\": 0, \"sibling\": null, \"stateNode\": [Object], \"subtreeFlags\": 262149, \"tag\": 5, \"treeBaseDuration\": 0, \"type\": \"View\", \"updateQueue\": null}}\u001b[39m\n\u001b[2m\u001b[22m\n\u001b[2m    \u001b[0m \u001b[90m 223 |\u001b[39m     \u001b[36mconst\u001b[39m { getByText\u001b[33m,\u001b[39m queryByText\u001b[33m,\u001b[39m queryByTestId\u001b[33m,\u001b[39m getAllByTestId\u001b[33m,\u001b[39m getByTestId } \u001b[33m=\u001b[39m renderWithProviders(\u001b[22m\n\u001b[2m     \u001b[90m 224 |\u001b[39m       \u001b[33m<\u001b[39m\u001b[33mClientListScreen\u001b[39m navigation\u001b[33m=\u001b[39m{mockNavigation \u001b[36mas\u001b[39m any} route\u001b[33m=\u001b[39m{{} \u001b[36mas\u001b[39m any} \u001b[33m/\u001b[39m\u001b[33m>\u001b[39m\u001b[22m\n\u001b[2m    \u001b[31m\u001b[1m>\u001b[22m\u001b[2m\u001b[39m\u001b[90m 225 |\u001b[39m     )\u001b[33m;\u001b[39m\u001b[22m\n\u001b[2m     \u001b[90m     |\u001b[39m                 \u001b[31m\u001b[1m^\u001b[22m\u001b[2m\u001b[39m\u001b[22m\n\u001b[2m     \u001b[90m 226 |\u001b[39m\u001b[22m\n\u001b[2m     \u001b[90m 227 |\u001b[39m     \u001b[36mawait\u001b[39m waitFor(() \u001b[33m=>\u001b[39m {\u001b[22m\n\u001b[2m     \u001b[90m 228 |\u001b[39m       expect(queryByTestId(\u001b[32m'mock-skeleton'\u001b[39m))\u001b[33m.\u001b[39mtoBeNull()\u001b[33m;\u001b[39m\u001b[0m\u001b[22m\n\u001b[2m\u001b[22m\n\u001b[2m      \u001b[2mat Object.<anonymous> (\u001b[22m\u001b[2m\u001b[0m\u001b[36msrc/screens/clients/__tests__/ClientListScreen.test.tsx\u001b[39m\u001b[0m\u001b[2m:225:18)\u001b[22m\u001b[2m\u001b[22m\n\u001b[2m      \u001b[2mat asyncGeneratorStep (\u001b[22m\u001b[2mnode_modules/@babel/runtime/helpers/asyncToGenerator.js\u001b[2m:3:17)\u001b[22m\u001b[2m\u001b[22m\n\u001b[2m      \u001b[2mat _next (\u001b[22m\u001b[2mnode_modules/@babel/runtime/helpers/asyncToGenerator.js\u001b[2m:17:9)\u001b[22m\u001b[2m\u001b[22m\n\u001b[2m      \u001b[2mat \u001b[22m\u001b[2mnode_modules/@babel/runtime/helpers/asyncToGenerator.js\u001b[2m:22:7\u001b[22m\u001b[2m\u001b[22m\n\u001b[2m      \u001b[2mat Object.<anonymous> (\u001b[22m\u001b[2mnode_modules/@babel/runtime/helpers/asyncToGenerator.js\u001b[2m:14:12)\u001b[22m\u001b[2m\u001b[22m\n","name":"C:\\Users\\tfurt\\source\\repos\\eventosapp\\mobile\\src\\screens\\clients\\__tests__\\ClientListScreen.test.tsx","startTime":1773187972555,"status":"failed","summary":""}],"wasInterrupted":false}
