{"numFailedTestSuites":1,"numFailedTests":0,"numPassedTestSuites":0,"numPassedTests":0,"numPendingTestSuites":0,"numPendingTests":0,"numRuntimeErrorTestSuites":1,"numTodoTests":0,"numTotalTestSuites":1,"numTotalTests":0,"openHandles":[],"snapshot":{"added":0,"didUpdate":false,"failure":false,"filesAdded":0,"filesRemoved":0,"filesRemovedList":[],"filesUnmatched":0,"filesUpdated":0,"matched":0,"total":0,"unchecked":0,"uncheckedKeysByFile":[],"unmatched":0,"updated":0},"startTime":1773185259728,"success":false,"testResults":[{"assertionResults":[],"coverage":{},"endTime":1773185264103,"message":"  \u001b[1m● \u001b[22mTest suite failed to run\n\n    WorkletsError: [Worklets] Native part of Worklets doesn't seem to be initialized.\n    See https://docs.swmansion.com/react-native-worklets/docs/guides/troubleshooting#native-part-of-worklets-doesnt-seem-to-be-initialized for more details.\n\n    \u001b[0m \u001b[90m 1 |\u001b[39m \u001b[36mimport\u001b[39m \u001b[33mReact\u001b[39m\u001b[33m,\u001b[39m { useCallback\u001b[33m,\u001b[39m useMemo\u001b[33m,\u001b[39m useRef\u001b[33m,\u001b[39m useEffect } \u001b[36mfrom\u001b[39m \u001b[32m'react'\u001b[39m\u001b[33m;\u001b[39m\n     \u001b[90m 2 |\u001b[39m \u001b[36mimport\u001b[39m { \u001b[33mStyleSheet\u001b[39m } \u001b[36mfrom\u001b[39m \u001b[32m'react-native'\u001b[39m\u001b[33m;\u001b[39m\n    \u001b[31m\u001b[1m>\u001b[22m\u001b[39m\u001b[90m 3 |\u001b[39m \u001b[36mimport\u001b[39m \u001b[33mBottomSheet\u001b[39m\u001b[33m,\u001b[39m { \u001b[33mBottomSheetBackdrop\u001b[39m\u001b[33m,\u001b[39m \u001b[33mBottomSheetView\u001b[39m\u001b[33m,\u001b[39m \u001b[33mBottomSheetScrollView\u001b[39m } \u001b[36mfrom\u001b[39m \u001b[32m'@gorhom/bottom-sheet'\u001b[39m\u001b[33m;\u001b[39m\n     \u001b[90m   |\u001b[39m \u001b[31m\u001b[1m^\u001b[22m\u001b[39m\n     \u001b[90m 4 |\u001b[39m \u001b[36mimport\u001b[39m { colors } \u001b[36mfrom\u001b[39m \u001b[32m'../../theme/colors'\u001b[39m\u001b[33m;\u001b[39m\n     \u001b[90m 5 |\u001b[39m \u001b[36mimport\u001b[39m { spacing } \u001b[36mfrom\u001b[39m \u001b[32m'../../theme/spacing'\u001b[39m\u001b[33m;\u001b[39m\n     \u001b[90m 6 |\u001b[39m \u001b[36mimport\u001b[39m { useTheme } \u001b[36mfrom\u001b[39m \u001b[32m'../../hooks/useTheme'\u001b[39m\u001b[33m;\u001b[39m\u001b[0m\n\n      \u001b[2mat new WorkletsErrorConstructor (\u001b[22mnode_modules/react-native-worklets/src/debug/WorkletsError.native.ts\u001b[2m:14:25)\u001b[22m\n      \u001b[2mat new NativeWorklets (\u001b[22mnode_modules/react-native-worklets/src/WorkletsModule/NativeWorklets.native.ts\u001b[2m:31:13)\u001b[22m\n      \u001b[2mat Object.<anonymous> (\u001b[22mnode_modules/react-native-worklets/src/WorkletsModule/NativeWorklets.native.ts\u001b[2m:275:48)\u001b[22m\n      \u001b[2mat Object.require (\u001b[22mnode_modules/react-native-worklets/src/memory/serializable.native.ts\u001b[2m:10:1)\u001b[22m\n      \u001b[2mat Object.require (\u001b[22mnode_modules/react-native-worklets/src/memory/synchronizableUnpacker.native.ts\u001b[2m:3:1)\u001b[22m\n      \u001b[2mat Object.require (\u001b[22mnode_modules/react-native-worklets/src/initializers/initializers.native.ts\u001b[2m:8:1)\u001b[22m\n      \u001b[2mat Object.require (\u001b[22mnode_modules/react-native-worklets/src/index.ts\u001b[2m:3:1)\u001b[22m\n      \u001b[2mat Object.require (\u001b[22mnode_modules/react-native-reanimated/src/initializers.ts\u001b[2m:2:1)\u001b[22m\n      \u001b[2mat Object.require (\u001b[22mnode_modules/react-native-reanimated/src/index.ts\u001b[2m:5:1)\u001b[22m\n      \u001b[2mat Object.require (\u001b[22mnode_modules/@gorhom/bottom-sheet/src/components/bottomSheet/BottomSheet.tsx\u001b[2m:12:1)\u001b[22m\n      \u001b[2mat Object.require (\u001b[22mnode_modules/@gorhom/bottom-sheet/src/components/bottomSheet/index.ts\u001b[2m:1:1)\u001b[22m\n      \u001b[2mat Object.require (\u001b[22mnode_modules/@gorhom/bottom-sheet/src/index.ts\u001b[2m:2:1)\u001b[22m\n      \u001b[2mat Object.require (\u001b[22msrc/components/shared/AppBottomSheet.tsx\u001b[2m:3:1)\u001b[22m\n      \u001b[2mat Object.require (\u001b[22msrc/components/shared/ConfirmDialog.tsx\u001b[2m:3:1)\u001b[22m\n      \u001b[2mat Object.require (\u001b[22msrc/components/shared/index.ts\u001b[2m:4:1)\u001b[22m\n      \u001b[2mat Object.require (\u001b[22msrc/screens/events/EventFormScreen.tsx\u001b[2m:62:1)\u001b[22m\n      \u001b[2mat Object.require (\u001b[22m\u001b[0m\u001b[36msrc/screens/events/__tests__/EventFormScreen.test.tsx\u001b[39m\u001b[0m\u001b[2m:3:1)\u001b[22m\n","name":"C:\\Users\\tfurt\\source\\repos\\eventosapp\\mobile\\src\\screens\\events\\__tests__\\EventFormScreen.test.tsx","startTime":1773185264103,"status":"failed","summary":""}],"wasInterrupted":false}
