{"numFailedTestSuites":1,"numFailedTests":3,"numPassedTestSuites":0,"numPassedTests":1,"numPendingTestSuites":0,"numPendingTests":0,"numRuntimeErrorTestSuites":0,"numTodoTests":0,"numTotalTestSuites":1,"numTotalTests":4,"openHandles":[],"snapshot":{"added":0,"didUpdate":false,"failure":false,"filesAdded":0,"filesRemoved":0,"filesRemovedList":[],"filesUnmatched":0,"filesUpdated":0,"matched":0,"total":0,"unchecked":0,"uncheckedKeysByFile":[],"unmatched":0,"updated":0},"startTime":1773187439616,"success":false,"testResults":[{"assertionResults":[{"ancestorTitles":["ClientListScreen"],"duration":82,"failing":false,"failureDetails":[],"failureMessages":[],"fullName":"ClientListScreen renders loading skeleton initially","invocations":1,"location":null,"numPassingAsserts":1,"retryReasons":[],"startAt":1773187444291,"status":"passed","title":"renders loading skeleton initially"},{"ancestorTitles":["ClientListScreen"],"duration":21825,"failing":false,"failureDetails":[{"matcherResult":{"message":"\u001b[2mexpect(\u001b[22m\u001b[31mreceived\u001b[39m\u001b[2m).\u001b[22mtoBeNull\u001b[2m()\u001b[22m\n\nReceived: \u001b[31m{\"_fiber\": {\"_debugHookTypes\": null, \"_debugInfo\": null, \"_debugNeedsRemount\": false, \"_debugOwner\": [FiberNode], \"_debugStack\": [Error: react-stack-top-frame], \"_debugTask\": null, \"actualDuration\": 0, \"actualStartTime\": 1773187444379, \"alternate\": [FiberNode], \"child\": null, \"childLanes\": 0, \"deletions\": null, \"dependencies\": null, \"elementType\": \"View\", \"flags\": 4, \"index\": 0, \"key\": null, \"lanes\": 0, \"memoizedProps\": [Object], \"memoizedState\": null, \"mode\": 3, \"pendingProps\": [Object], \"ref\": null, \"refCleanup\": null, \"return\": [FiberNode], \"selfBaseDuration\": 0, \"sibling\": null, \"stateNode\": [Object], \"subtreeFlags\": 0, \"tag\": 5, \"treeBaseDuration\": 0, \"type\": \"View\", \"updateQueue\": null}}\u001b[39m","pass":false}}],"failureMessages":["Error: \u001b[2mexpect(\u001b[22m\u001b[31mreceived\u001b[39m\u001b[2m).\u001b[22mtoBeNull\u001b[2m()\u001b[22m\n\nReceived: \u001b[31m{\"_fiber\": {\"_debugHookTypes\": null, \"_debugInfo\": null, \"_debugNeedsRemount\": false, \"_debugOwner\": [FiberNode], \"_debugStack\": [Error: react-stack-top-frame], \"_debugTask\": null, \"actualDuration\": 0, \"actualStartTime\": 1773187444379, \"alternate\": [FiberNode], \"child\": null, \"childLanes\": 0, \"deletions\": null, \"dependencies\": null, \"elementType\": \"View\", \"flags\": 4, \"index\": 0, \"key\": null, \"lanes\": 0, \"memoizedProps\": [Object], \"memoizedState\": null, \"mode\": 3, \"pendingProps\": [Object], \"ref\": null, \"refCleanup\": null, \"return\": [FiberNode], \"selfBaseDuration\": 0, \"sibling\": null, \"stateNode\": [Object], \"subtreeFlags\": 0, \"tag\": 5, \"treeBaseDuration\": 0, \"type\": \"View\", \"updateQueue\": null}}\u001b[39m\n    at Object.<anonymous> (C:\\Users\\tfurt\\source\\repos\\eventosapp\\mobile\\src\\screens\\clients\\__tests__\\ClientListScreen.test.tsx:171:18)\n    at Generator.next (<anonymous>)\n    at asyncGeneratorStep (C:\\Users\\tfurt\\source\\repos\\eventosapp\\mobile\\node_modules\\@babel\\runtime\\helpers\\asyncToGenerator.js:3:17)\n    at _next (C:\\Users\\tfurt\\source\\repos\\eventosapp\\mobile\\node_modules\\@babel\\runtime\\helpers\\asyncToGenerator.js:17:9)\n    at C:\\Users\\tfurt\\source\\repos\\eventosapp\\mobile\\node_modules\\@babel\\runtime\\helpers\\asyncToGenerator.js:22:7\n    at new Promise (<anonymous>)\n    at Object.<anonymous> (C:\\Users\\tfurt\\source\\repos\\eventosapp\\mobile\\node_modules\\@babel\\runtime\\helpers\\asyncToGenerator.js:14:12)\n    at Promise.finally.completed (C:\\Users\\tfurt\\source\\repos\\eventosapp\\mobile\\node_modules\\jest-circus\\build\\jestAdapterInit.js:1557:28)\n    at new Promise (<anonymous>)\n    at callAsyncCircusFn (C:\\Users\\tfurt\\source\\repos\\eventosapp\\mobile\\node_modules\\jest-circus\\build\\jestAdapterInit.js:1497:10)\n    at _callCircusTest (C:\\Users\\tfurt\\source\\repos\\eventosapp\\mobile\\node_modules\\jest-circus\\build\\jestAdapterInit.js:1007:40)\n    at _runTest (C:\\Users\\tfurt\\source\\repos\\eventosapp\\mobile\\node_modules\\jest-circus\\build\\jestAdapterInit.js:947:3)\n    at C:\\Users\\tfurt\\source\\repos\\eventosapp\\mobile\\node_modules\\jest-circus\\build\\jestAdapterInit.js:849:7\n    at _runTestsForDescribeBlock (C:\\Users\\tfurt\\source\\repos\\eventosapp\\mobile\\node_modules\\jest-circus\\build\\jestAdapterInit.js:862:11)\n    at _runTestsForDescribeBlock (C:\\Users\\tfurt\\source\\repos\\eventosapp\\mobile\\node_modules\\jest-circus\\build\\jestAdapterInit.js:857:11)\n    at run (C:\\Users\\tfurt\\source\\repos\\eventosapp\\mobile\\node_modules\\jest-circus\\build\\jestAdapterInit.js:761:3)\n    at runAndTransformResultsToJestFormat (C:\\Users\\tfurt\\source\\repos\\eventosapp\\mobile\\node_modules\\jest-circus\\build\\jestAdapterInit.js:1918:21)\n    at jestAdapter (C:\\Users\\tfurt\\source\\repos\\eventosapp\\mobile\\node_modules\\jest-circus\\build\\runner.js:101:19)\n    at runTestInternal (C:\\Users\\tfurt\\source\\repos\\eventosapp\\mobile\\node_modules\\jest-runner\\build\\index.js:275:16)\n    at runTest (C:\\Users\\tfurt\\source\\repos\\eventosapp\\mobile\\node_modules\\jest-runner\\build\\index.js:343:7)"],"fullName":"ClientListScreen renders list of clients after loading","invocations":1,"location":null,"numPassingAsserts":0,"retryReasons":[],"startAt":1773187444375,"status":"failed","title":"renders list of clients after loading"},{"ancestorTitles":["ClientListScreen"],"duration":22256,"failing":false,"failureDetails":[{"matcherResult":{"message":"\u001b[2mexpect(\u001b[22m\u001b[31mreceived\u001b[39m\u001b[2m).\u001b[22mtoBeNull\u001b[2m()\u001b[22m\n\nReceived: \u001b[31m{\"_fiber\": {\"_debugHookTypes\": null, \"_debugInfo\": null, \"_debugNeedsRemount\": false, \"_debugOwner\": [FiberNode], \"_debugStack\": [Error: react-stack-top-frame], \"_debugTask\": null, \"actualDuration\": 0, \"actualStartTime\": 1773187466203, \"alternate\": [FiberNode], \"child\": null, \"childLanes\": 0, \"deletions\": null, \"dependencies\": null, \"elementType\": \"View\", \"flags\": 4, \"index\": 0, \"key\": null, \"lanes\": 0, \"memoizedProps\": [Object], \"memoizedState\": null, \"mode\": 3, \"pendingProps\": [Object], \"ref\": null, \"refCleanup\": null, \"return\": [FiberNode], \"selfBaseDuration\": 0, \"sibling\": null, \"stateNode\": [Object], \"subtreeFlags\": 0, \"tag\": 5, \"treeBaseDuration\": 0, \"type\": \"View\", \"updateQueue\": null}}\u001b[39m","pass":false}}],"failureMessages":["Error: \u001b[2mexpect(\u001b[22m\u001b[31mreceived\u001b[39m\u001b[2m).\u001b[22mtoBeNull\u001b[2m()\u001b[22m\n\nReceived: \u001b[31m{\"_fiber\": {\"_debugHookTypes\": null, \"_debugInfo\": null, \"_debugNeedsRemount\": false, \"_debugOwner\": [FiberNode], \"_debugStack\": [Error: react-stack-top-frame], \"_debugTask\": null, \"actualDuration\": 0, \"actualStartTime\": 1773187466203, \"alternate\": [FiberNode], \"child\": null, \"childLanes\": 0, \"deletions\": null, \"dependencies\": null, \"elementType\": \"View\", \"flags\": 4, \"index\": 0, \"key\": null, \"lanes\": 0, \"memoizedProps\": [Object], \"memoizedState\": null, \"mode\": 3, \"pendingProps\": [Object], \"ref\": null, \"refCleanup\": null, \"return\": [FiberNode], \"selfBaseDuration\": 0, \"sibling\": null, \"stateNode\": [Object], \"subtreeFlags\": 0, \"tag\": 5, \"treeBaseDuration\": 0, \"type\": \"View\", \"updateQueue\": null}}\u001b[39m\n    at Object.<anonymous> (C:\\Users\\tfurt\\source\\repos\\eventosapp\\mobile\\src\\screens\\clients\\__tests__\\ClientListScreen.test.tsx:186:18)\n    at Generator.next (<anonymous>)\n    at asyncGeneratorStep (C:\\Users\\tfurt\\source\\repos\\eventosapp\\mobile\\node_modules\\@babel\\runtime\\helpers\\asyncToGenerator.js:3:17)\n    at _next (C:\\Users\\tfurt\\source\\repos\\eventosapp\\mobile\\node_modules\\@babel\\runtime\\helpers\\asyncToGenerator.js:17:9)\n    at C:\\Users\\tfurt\\source\\repos\\eventosapp\\mobile\\node_modules\\@babel\\runtime\\helpers\\asyncToGenerator.js:22:7\n    at new Promise (<anonymous>)\n    at Object.<anonymous> (C:\\Users\\tfurt\\source\\repos\\eventosapp\\mobile\\node_modules\\@babel\\runtime\\helpers\\asyncToGenerator.js:14:12)\n    at Promise.finally.completed (C:\\Users\\tfurt\\source\\repos\\eventosapp\\mobile\\node_modules\\jest-circus\\build\\jestAdapterInit.js:1557:28)\n    at new Promise (<anonymous>)\n    at callAsyncCircusFn (C:\\Users\\tfurt\\source\\repos\\eventosapp\\mobile\\node_modules\\jest-circus\\build\\jestAdapterInit.js:1497:10)\n    at _callCircusTest (C:\\Users\\tfurt\\source\\repos\\eventosapp\\mobile\\node_modules\\jest-circus\\build\\jestAdapterInit.js:1007:40)\n    at _runTest (C:\\Users\\tfurt\\source\\repos\\eventosapp\\mobile\\node_modules\\jest-circus\\build\\jestAdapterInit.js:947:3)\n    at C:\\Users\\tfurt\\source\\repos\\eventosapp\\mobile\\node_modules\\jest-circus\\build\\jestAdapterInit.js:849:7\n    at _runTestsForDescribeBlock (C:\\Users\\tfurt\\source\\repos\\eventosapp\\mobile\\node_modules\\jest-circus\\build\\jestAdapterInit.js:862:11)\n    at _runTestsForDescribeBlock (C:\\Users\\tfurt\\source\\repos\\eventosapp\\mobile\\node_modules\\jest-circus\\build\\jestAdapterInit.js:857:11)\n    at run (C:\\Users\\tfurt\\source\\repos\\eventosapp\\mobile\\node_modules\\jest-circus\\build\\jestAdapterInit.js:761:3)\n    at runAndTransformResultsToJestFormat (C:\\Users\\tfurt\\source\\repos\\eventosapp\\mobile\\node_modules\\jest-circus\\build\\jestAdapterInit.js:1918:21)\n    at jestAdapter (C:\\Users\\tfurt\\source\\repos\\eventosapp\\mobile\\node_modules\\jest-circus\\build\\runner.js:101:19)\n    at runTestInternal (C:\\Users\\tfurt\\source\\repos\\eventosapp\\mobile\\node_modules\\jest-runner\\build\\index.js:275:16)\n    at runTest (C:\\Users\\tfurt\\source\\repos\\eventosapp\\mobile\\node_modules\\jest-runner\\build\\index.js:343:7)"],"fullName":"ClientListScreen navigates to ClientForm when add button is pressed","invocations":1,"location":null,"numPassingAsserts":0,"retryReasons":[],"startAt":1773187466200,"status":"failed","title":"navigates to ClientForm when add button is pressed"},{"ancestorTitles":["ClientListScreen"],"duration":21048,"failing":false,"failureDetails":[{"matcherResult":{"message":"\u001b[2mexpect(\u001b[22m\u001b[31mreceived\u001b[39m\u001b[2m).\u001b[22mtoBeNull\u001b[2m()\u001b[22m\n\nReceived: \u001b[31m{\"_fiber\": {\"_debugHookTypes\": null, \"_debugInfo\": null, \"_debugNeedsRemount\": false, \"_debugOwner\": [FiberNode], \"_debugStack\": [Error: react-stack-top-frame], \"_debugTask\": null, \"actualDuration\": 0, \"actualStartTime\": 1773187488459, \"alternate\": [FiberNode], \"child\": null, \"childLanes\": 0, \"deletions\": null, \"dependencies\": null, \"elementType\": \"View\", \"flags\": 4, \"index\": 0, \"key\": null, \"lanes\": 0, \"memoizedProps\": [Object], \"memoizedState\": null, \"mode\": 3, \"pendingProps\": [Object], \"ref\": null, \"refCleanup\": null, \"return\": [FiberNode], \"selfBaseDuration\": 0, \"sibling\": null, \"stateNode\": [Object], \"subtreeFlags\": 0, \"tag\": 5, \"treeBaseDuration\": 0, \"type\": \"View\", \"updateQueue\": null}}\u001b[39m","pass":false}}],"failureMessages":["Error: \u001b[2mexpect(\u001b[22m\u001b[31mreceived\u001b[39m\u001b[2m).\u001b[22mtoBeNull\u001b[2m()\u001b[22m\n\nReceived: \u001b[31m{\"_fiber\": {\"_debugHookTypes\": null, \"_debugInfo\": null, \"_debugNeedsRemount\": false, \"_debugOwner\": [FiberNode], \"_debugStack\": [Error: react-stack-top-frame], \"_debugTask\": null, \"actualDuration\": 0, \"actualStartTime\": 1773187488459, \"alternate\": [FiberNode], \"child\": null, \"childLanes\": 0, \"deletions\": null, \"dependencies\": null, \"elementType\": \"View\", \"flags\": 4, \"index\": 0, \"key\": null, \"lanes\": 0, \"memoizedProps\": [Object], \"memoizedState\": null, \"mode\": 3, \"pendingProps\": [Object], \"ref\": null, \"refCleanup\": null, \"return\": [FiberNode], \"selfBaseDuration\": 0, \"sibling\": null, \"stateNode\": [Object], \"subtreeFlags\": 0, \"tag\": 5, \"treeBaseDuration\": 0, \"type\": \"View\", \"updateQueue\": null}}\u001b[39m\n    at Object.<anonymous> (C:\\Users\\tfurt\\source\\repos\\eventosapp\\mobile\\src\\screens\\clients\\__tests__\\ClientListScreen.test.tsx:203:18)\n    at Generator.next (<anonymous>)\n    at asyncGeneratorStep (C:\\Users\\tfurt\\source\\repos\\eventosapp\\mobile\\node_modules\\@babel\\runtime\\helpers\\asyncToGenerator.js:3:17)\n    at _next (C:\\Users\\tfurt\\source\\repos\\eventosapp\\mobile\\node_modules\\@babel\\runtime\\helpers\\asyncToGenerator.js:17:9)\n    at C:\\Users\\tfurt\\source\\repos\\eventosapp\\mobile\\node_modules\\@babel\\runtime\\helpers\\asyncToGenerator.js:22:7\n    at new Promise (<anonymous>)\n    at Object.<anonymous> (C:\\Users\\tfurt\\source\\repos\\eventosapp\\mobile\\node_modules\\@babel\\runtime\\helpers\\asyncToGenerator.js:14:12)\n    at Promise.finally.completed (C:\\Users\\tfurt\\source\\repos\\eventosapp\\mobile\\node_modules\\jest-circus\\build\\jestAdapterInit.js:1557:28)\n    at new Promise (<anonymous>)\n    at callAsyncCircusFn (C:\\Users\\tfurt\\source\\repos\\eventosapp\\mobile\\node_modules\\jest-circus\\build\\jestAdapterInit.js:1497:10)\n    at _callCircusTest (C:\\Users\\tfurt\\source\\repos\\eventosapp\\mobile\\node_modules\\jest-circus\\build\\jestAdapterInit.js:1007:40)\n    at _runTest (C:\\Users\\tfurt\\source\\repos\\eventosapp\\mobile\\node_modules\\jest-circus\\build\\jestAdapterInit.js:947:3)\n    at C:\\Users\\tfurt\\source\\repos\\eventosapp\\mobile\\node_modules\\jest-circus\\build\\jestAdapterInit.js:849:7\n    at _runTestsForDescribeBlock (C:\\Users\\tfurt\\source\\repos\\eventosapp\\mobile\\node_modules\\jest-circus\\build\\jestAdapterInit.js:862:11)\n    at _runTestsForDescribeBlock (C:\\Users\\tfurt\\source\\repos\\eventosapp\\mobile\\node_modules\\jest-circus\\build\\jestAdapterInit.js:857:11)\n    at run (C:\\Users\\tfurt\\source\\repos\\eventosapp\\mobile\\node_modules\\jest-circus\\build\\jestAdapterInit.js:761:3)\n    at runAndTransformResultsToJestFormat (C:\\Users\\tfurt\\source\\repos\\eventosapp\\mobile\\node_modules\\jest-circus\\build\\jestAdapterInit.js:1918:21)\n    at jestAdapter (C:\\Users\\tfurt\\source\\repos\\eventosapp\\mobile\\node_modules\\jest-circus\\build\\runner.js:101:19)\n    at runTestInternal (C:\\Users\\tfurt\\source\\repos\\eventosapp\\mobile\\node_modules\\jest-runner\\build\\index.js:275:16)\n    at runTest (C:\\Users\\tfurt\\source\\repos\\eventosapp\\mobile\\node_modules\\jest-runner\\build\\index.js:343:7)"],"fullName":"ClientListScreen searches for clients securely","invocations":1,"location":null,"numPassingAsserts":0,"retryReasons":[],"startAt":1773187488457,"status":"failed","title":"searches for clients securely"}],"endTime":1773187509541,"message":"\u001b[1m\u001b[31m  \u001b[1m● \u001b[22m\u001b[1mClientListScreen › renders list of clients after loading\u001b[39m\u001b[22m\n\n    \u001b[2mexpect(\u001b[22m\u001b[31mreceived\u001b[39m\u001b[2m).\u001b[22mtoBeNull\u001b[2m()\u001b[22m\n\n    Received: \u001b[31m{\"_fiber\": {\"_debugHookTypes\": null, \"_debugInfo\": null, \"_debugNeedsRemount\": false, \"_debugOwner\": [FiberNode], \"_debugStack\": [Error: react-stack-top-frame], \"_debugTask\": null, \"actualDuration\": 0, \"actualStartTime\": 1773187444379, \"alternate\": [FiberNode], \"child\": null, \"childLanes\": 0, \"deletions\": null, \"dependencies\": null, \"elementType\": \"View\", \"flags\": 4, \"index\": 0, \"key\": null, \"lanes\": 0, \"memoizedProps\": [Object], \"memoizedState\": null, \"mode\": 3, \"pendingProps\": [Object], \"ref\": null, \"refCleanup\": null, \"return\": [FiberNode], \"selfBaseDuration\": 0, \"sibling\": null, \"stateNode\": [Object], \"subtreeFlags\": 0, \"tag\": 5, \"treeBaseDuration\": 0, \"type\": \"View\", \"updateQueue\": null}}\u001b[39m\n\u001b[2m\u001b[22m\n\u001b[2m    \u001b[0m \u001b[90m 169 |\u001b[39m\u001b[22m\n\u001b[2m     \u001b[90m 170 |\u001b[39m     \u001b[90m// Wait for the clients to load and be displayed\u001b[39m\u001b[22m\n\u001b[2m    \u001b[31m\u001b[1m>\u001b[22m\u001b[2m\u001b[39m\u001b[90m 171 |\u001b[39m     \u001b[36mawait\u001b[39m waitFor(() \u001b[33m=>\u001b[39m {\u001b[22m\n\u001b[2m     \u001b[90m     |\u001b[39m                  \u001b[31m\u001b[1m^\u001b[22m\u001b[2m\u001b[39m\u001b[22m\n\u001b[2m     \u001b[90m 172 |\u001b[39m       expect(queryByTestId(\u001b[32m'mock-skeleton-list'\u001b[39m))\u001b[33m.\u001b[39mtoBeNull()\u001b[33m;\u001b[39m\u001b[22m\n\u001b[2m     \u001b[90m 173 |\u001b[39m     })\u001b[33m;\u001b[39m\u001b[22m\n\u001b[2m     \u001b[90m 174 |\u001b[39m\u001b[0m\u001b[22m\n\u001b[2m\u001b[22m\n\u001b[2m      \u001b[2mat Object.<anonymous> (\u001b[22m\u001b[2m\u001b[0m\u001b[36msrc/screens/clients/__tests__/ClientListScreen.test.tsx\u001b[39m\u001b[0m\u001b[2m:171:18)\u001b[22m\u001b[2m\u001b[22m\n\u001b[2m      \u001b[2mat asyncGeneratorStep (\u001b[22m\u001b[2mnode_modules/@babel/runtime/helpers/asyncToGenerator.js\u001b[2m:3:17)\u001b[22m\u001b[2m\u001b[22m\n\u001b[2m      \u001b[2mat _next (\u001b[22m\u001b[2mnode_modules/@babel/runtime/helpers/asyncToGenerator.js\u001b[2m:17:9)\u001b[22m\u001b[2m\u001b[22m\n\u001b[2m      \u001b[2mat \u001b[22m\u001b[2mnode_modules/@babel/runtime/helpers/asyncToGenerator.js\u001b[2m:22:7\u001b[22m\u001b[2m\u001b[22m\n\u001b[2m      \u001b[2mat Object.<anonymous> (\u001b[22m\u001b[2mnode_modules/@babel/runtime/helpers/asyncToGenerator.js\u001b[2m:14:12)\u001b[22m\u001b[2m\u001b[22m\n\n\u001b[1m\u001b[31m  \u001b[1m● \u001b[22m\u001b[1mClientListScreen › navigates to ClientForm when add button is pressed\u001b[39m\u001b[22m\n\n    \u001b[2mexpect(\u001b[22m\u001b[31mreceived\u001b[39m\u001b[2m).\u001b[22mtoBeNull\u001b[2m()\u001b[22m\n\n    Received: \u001b[31m{\"_fiber\": {\"_debugHookTypes\": null, \"_debugInfo\": null, \"_debugNeedsRemount\": false, \"_debugOwner\": [FiberNode], \"_debugStack\": [Error: react-stack-top-frame], \"_debugTask\": null, \"actualDuration\": 0, \"actualStartTime\": 1773187466203, \"alternate\": [FiberNode], \"child\": null, \"childLanes\": 0, \"deletions\": null, \"dependencies\": null, \"elementType\": \"View\", \"flags\": 4, \"index\": 0, \"key\": null, \"lanes\": 0, \"memoizedProps\": [Object], \"memoizedState\": null, \"mode\": 3, \"pendingProps\": [Object], \"ref\": null, \"refCleanup\": null, \"return\": [FiberNode], \"selfBaseDuration\": 0, \"sibling\": null, \"stateNode\": [Object], \"subtreeFlags\": 0, \"tag\": 5, \"treeBaseDuration\": 0, \"type\": \"View\", \"updateQueue\": null}}\u001b[39m\n\u001b[2m\u001b[22m\n\u001b[2m    \u001b[0m \u001b[90m 184 |\u001b[39m     )\u001b[33m;\u001b[39m\u001b[22m\n\u001b[2m     \u001b[90m 185 |\u001b[39m\u001b[22m\n\u001b[2m    \u001b[31m\u001b[1m>\u001b[22m\u001b[2m\u001b[39m\u001b[90m 186 |\u001b[39m     \u001b[36mawait\u001b[39m waitFor(() \u001b[33m=>\u001b[39m {\u001b[22m\n\u001b[2m     \u001b[90m     |\u001b[39m                  \u001b[31m\u001b[1m^\u001b[22m\u001b[2m\u001b[39m\u001b[22m\n\u001b[2m     \u001b[90m 187 |\u001b[39m       expect(queryByTestId(\u001b[32m'mock-skeleton-list'\u001b[39m))\u001b[33m.\u001b[39mtoBeNull()\u001b[33m;\u001b[39m\u001b[22m\n\u001b[2m     \u001b[90m 188 |\u001b[39m     })\u001b[33m;\u001b[39m\u001b[22m\n\u001b[2m     \u001b[90m 189 |\u001b[39m\u001b[0m\u001b[22m\n\u001b[2m\u001b[22m\n\u001b[2m      \u001b[2mat Object.<anonymous> (\u001b[22m\u001b[2m\u001b[0m\u001b[36msrc/screens/clients/__tests__/ClientListScreen.test.tsx\u001b[39m\u001b[0m\u001b[2m:186:18)\u001b[22m\u001b[2m\u001b[22m\n\u001b[2m      \u001b[2mat asyncGeneratorStep (\u001b[22m\u001b[2mnode_modules/@babel/runtime/helpers/asyncToGenerator.js\u001b[2m:3:17)\u001b[22m\u001b[2m\u001b[22m\n\u001b[2m      \u001b[2mat _next (\u001b[22m\u001b[2mnode_modules/@babel/runtime/helpers/asyncToGenerator.js\u001b[2m:17:9)\u001b[22m\u001b[2m\u001b[22m\n\u001b[2m      \u001b[2mat \u001b[22m\u001b[2mnode_modules/@babel/runtime/helpers/asyncToGenerator.js\u001b[2m:22:7\u001b[22m\u001b[2m\u001b[22m\n\u001b[2m      \u001b[2mat Object.<anonymous> (\u001b[22m\u001b[2mnode_modules/@babel/runtime/helpers/asyncToGenerator.js\u001b[2m:14:12)\u001b[22m\u001b[2m\u001b[22m\n\n\u001b[1m\u001b[31m  \u001b[1m● \u001b[22m\u001b[1mClientListScreen › searches for clients securely\u001b[39m\u001b[22m\n\n    \u001b[2mexpect(\u001b[22m\u001b[31mreceived\u001b[39m\u001b[2m).\u001b[22mtoBeNull\u001b[2m()\u001b[22m\n\n    Received: \u001b[31m{\"_fiber\": {\"_debugHookTypes\": null, \"_debugInfo\": null, \"_debugNeedsRemount\": false, \"_debugOwner\": [FiberNode], \"_debugStack\": [Error: react-stack-top-frame], \"_debugTask\": null, \"actualDuration\": 0, \"actualStartTime\": 1773187488459, \"alternate\": [FiberNode], \"child\": null, \"childLanes\": 0, \"deletions\": null, \"dependencies\": null, \"elementType\": \"View\", \"flags\": 4, \"index\": 0, \"key\": null, \"lanes\": 0, \"memoizedProps\": [Object], \"memoizedState\": null, \"mode\": 3, \"pendingProps\": [Object], \"ref\": null, \"refCleanup\": null, \"return\": [FiberNode], \"selfBaseDuration\": 0, \"sibling\": null, \"stateNode\": [Object], \"subtreeFlags\": 0, \"tag\": 5, \"treeBaseDuration\": 0, \"type\": \"View\", \"updateQueue\": null}}\u001b[39m\n\u001b[2m\u001b[22m\n\u001b[2m    \u001b[0m \u001b[90m 201 |\u001b[39m     )\u001b[33m;\u001b[39m\u001b[22m\n\u001b[2m     \u001b[90m 202 |\u001b[39m\u001b[22m\n\u001b[2m    \u001b[31m\u001b[1m>\u001b[22m\u001b[2m\u001b[39m\u001b[90m 203 |\u001b[39m     \u001b[36mawait\u001b[39m waitFor(() \u001b[33m=>\u001b[39m {\u001b[22m\n\u001b[2m     \u001b[90m     |\u001b[39m                  \u001b[31m\u001b[1m^\u001b[22m\u001b[2m\u001b[39m\u001b[22m\n\u001b[2m     \u001b[90m 204 |\u001b[39m       expect(queryByTestId(\u001b[32m'mock-skeleton-list'\u001b[39m))\u001b[33m.\u001b[39mtoBeNull()\u001b[33m;\u001b[39m\u001b[22m\n\u001b[2m     \u001b[90m 205 |\u001b[39m     })\u001b[33m;\u001b[39m\u001b[22m\n\u001b[2m     \u001b[90m 206 |\u001b[39m\u001b[0m\u001b[22m\n\u001b[2m\u001b[22m\n\u001b[2m      \u001b[2mat Object.<anonymous> (\u001b[22m\u001b[2m\u001b[0m\u001b[36msrc/screens/clients/__tests__/ClientListScreen.test.tsx\u001b[39m\u001b[0m\u001b[2m:203:18)\u001b[22m\u001b[2m\u001b[22m\n\u001b[2m      \u001b[2mat asyncGeneratorStep (\u001b[22m\u001b[2mnode_modules/@babel/runtime/helpers/asyncToGenerator.js\u001b[2m:3:17)\u001b[22m\u001b[2m\u001b[22m\n\u001b[2m      \u001b[2mat _next (\u001b[22m\u001b[2mnode_modules/@babel/runtime/helpers/asyncToGenerator.js\u001b[2m:17:9)\u001b[22m\u001b[2m\u001b[22m\n\u001b[2m      \u001b[2mat \u001b[22m\u001b[2mnode_modules/@babel/runtime/helpers/asyncToGenerator.js\u001b[2m:22:7\u001b[22m\u001b[2m\u001b[22m\n\u001b[2m      \u001b[2mat Object.<anonymous> (\u001b[22m\u001b[2mnode_modules/@babel/runtime/helpers/asyncToGenerator.js\u001b[2m:14:12)\u001b[22m\u001b[2m\u001b[22m\n","name":"C:\\Users\\tfurt\\source\\repos\\eventosapp\\mobile\\src\\screens\\clients\\__tests__\\ClientListScreen.test.tsx","startTime":1773187439870,"status":"failed","summary":""}],"wasInterrupted":false}
