{"numFailedTestSuites":0,"numFailedTests":0,"numPassedTestSuites":10,"numPassedTests":52,"numPendingTestSuites":0,"numPendingTests":0,"numRuntimeErrorTestSuites":0,"numTodoTests":0,"numTotalTestSuites":10,"numTotalTests":52,"openHandles":[],"snapshot":{"added":0,"didUpdate":false,"failure":false,"filesAdded":0,"filesRemoved":0,"filesRemovedList":[],"filesUnmatched":0,"filesUpdated":0,"matched":0,"total":0,"unchecked":0,"uncheckedKeysByFile":[],"unmatched":0,"updated":0},"startTime":1773186726289,"success":true,"testResults":[{"assertionResults":[{"ancestorTitles":["finance utilities","getEventTaxAmount"],"duration":11,"failing":false,"failureDetails":[],"failureMessages":[],"fullName":"finance utilities getEventTaxAmount returns tax_amount if requires_invoice is true","invocations":1,"location":null,"numPassingAsserts":1,"retryReasons":[],"startAt":1773186731562,"status":"passed","title":"returns tax_amount if requires_invoice is true"},{"ancestorTitles":["finance utilities","getEventTaxAmount"],"duration":6,"failing":false,"failureDetails":[],"failureMessages":[],"fullName":"finance utilities getEventTaxAmount returns 0 if requires_invoice is false","invocations":1,"location":null,"numPassingAsserts":1,"retryReasons":[],"startAt":1773186731574,"status":"passed","title":"returns 0 if requires_invoice is false"},{"ancestorTitles":["finance utilities","getEventTotalCharged"],"duration":1,"failing":false,"failureDetails":[],"failureMessages":[],"fullName":"finance utilities getEventTotalCharged returns total_amount","invocations":1,"location":null,"numPassingAsserts":1,"retryReasons":[],"startAt":1773186731580,"status":"passed","title":"returns total_amount"},{"ancestorTitles":["finance utilities","getEventTotalCharged"],"duration":1,"failing":false,"failureDetails":[],"failureMessages":[],"fullName":"finance utilities getEventTotalCharged returns 0 if total_amount is falsy","invocations":1,"location":null,"numPassingAsserts":1,"retryReasons":[],"startAt":1773186731581,"status":"passed","title":"returns 0 if total_amount is falsy"},{"ancestorTitles":["finance utilities","getEventNetSales"],"duration":1,"failing":false,"failureDetails":[],"failureMessages":[],"fullName":"finance utilities getEventNetSales returns total minus tax when invoice required","invocations":1,"location":null,"numPassingAsserts":1,"retryReasons":[],"startAt":1773186731583,"status":"passed","title":"returns total minus tax when invoice required"},{"ancestorTitles":["finance utilities","getEventNetSales"],"duration":1,"failing":false,"failureDetails":[],"failureMessages":[],"fullName":"finance utilities getEventNetSales returns total when invoice not required","invocations":1,"location":null,"numPassingAsserts":1,"retryReasons":[],"startAt":1773186731584,"status":"passed","title":"returns total when invoice not required"},{"ancestorTitles":["finance utilities","getEventNetSales"],"duration":1,"failing":false,"failureDetails":[],"failureMessages":[],"fullName":"finance utilities getEventNetSales does not return negative net sales","invocations":1,"location":null,"numPassingAsserts":1,"retryReasons":[],"startAt":1773186731585,"status":"passed","title":"does not return negative net sales"}],"endTime":1773186731590,"message":"","name":"C:\\Users\\tfurt\\source\\repos\\eventosapp\\mobile\\src\\lib\\__tests__\\finance.test.ts","startTime":1773186727741,"status":"passed","summary":""},{"assertionResults":[{"ancestorTitles":["inlineFormatting","parseInlineFormatting"],"duration":14,"failing":false,"failureDetails":[],"failureMessages":[],"fullName":"inlineFormatting parseInlineFormatting returns original text if no formatting is present","invocations":1,"location":null,"numPassingAsserts":1,"retryReasons":[],"startAt":1773186731603,"status":"passed","title":"returns original text if no formatting is present"},{"ancestorTitles":["inlineFormatting","parseInlineFormatting"],"duration":3,"failing":false,"failureDetails":[],"failureMessages":[],"fullName":"inlineFormatting parseInlineFormatting parses bold text correctly","invocations":1,"location":null,"numPassingAsserts":1,"retryReasons":[],"startAt":1773186731618,"status":"passed","title":"parses bold text correctly"},{"ancestorTitles":["inlineFormatting","parseInlineFormatting"],"duration":2,"failing":false,"failureDetails":[],"failureMessages":[],"fullName":"inlineFormatting parseInlineFormatting parses italic text correctly","invocations":1,"location":null,"numPassingAsserts":1,"retryReasons":[],"startAt":1773186731622,"status":"passed","title":"parses italic text correctly"},{"ancestorTitles":["inlineFormatting","parseInlineFormatting"],"duration":2,"failing":false,"failureDetails":[],"failureMessages":[],"fullName":"inlineFormatting parseInlineFormatting parses underline text correctly","invocations":1,"location":null,"numPassingAsserts":1,"retryReasons":[],"startAt":1773186731624,"status":"passed","title":"parses underline text correctly"},{"ancestorTitles":["inlineFormatting","parseInlineFormatting"],"duration":5,"failing":false,"failureDetails":[],"failureMessages":[],"fullName":"inlineFormatting parseInlineFormatting parses multiple formatting types in one string","invocations":1,"location":null,"numPassingAsserts":1,"retryReasons":[],"startAt":1773186731627,"status":"passed","title":"parses multiple formatting types in one string"},{"ancestorTitles":["inlineFormatting","parseInlineFormatting"],"duration":1,"failing":false,"failureDetails":[],"failureMessages":[],"fullName":"inlineFormatting parseInlineFormatting handles contiguous formatting","invocations":1,"location":null,"numPassingAsserts":1,"retryReasons":[],"startAt":1773186731633,"status":"passed","title":"handles contiguous formatting"},{"ancestorTitles":["inlineFormatting","renderFormattedHTML"],"duration":1,"failing":false,"failureDetails":[],"failureMessages":[],"fullName":"inlineFormatting renderFormattedHTML escapes HTML tags properly when no formatting is used","invocations":1,"location":null,"numPassingAsserts":1,"retryReasons":[],"startAt":1773186731634,"status":"passed","title":"escapes HTML tags properly when no formatting is used"},{"ancestorTitles":["inlineFormatting","renderFormattedHTML"],"duration":1,"failing":false,"failureDetails":[],"failureMessages":[],"fullName":"inlineFormatting renderFormattedHTML renders HTML tags for formatting correctly","invocations":1,"location":null,"numPassingAsserts":1,"retryReasons":[],"startAt":1773186731636,"status":"passed","title":"renders HTML tags for formatting correctly"},{"ancestorTitles":["inlineFormatting","renderFormattedHTML"],"duration":2,"failing":false,"failureDetails":[],"failureMessages":[],"fullName":"inlineFormatting renderFormattedHTML escapes text inside formatting tags","invocations":1,"location":null,"numPassingAsserts":1,"retryReasons":[],"startAt":1773186731637,"status":"passed","title":"escapes text inside formatting tags"}],"endTime":1773186731643,"message":"","name":"C:\\Users\\tfurt\\source\\repos\\eventosapp\\mobile\\src\\lib\\__tests__\\inlineFormatting.test.ts","startTime":1773186727714,"status":"passed","summary":""},{"assertionResults":[{"ancestorTitles":["Avatar"],"duration":397,"failing":false,"failureDetails":[],"failureMessages":[],"fullName":"Avatar renders initials when no photoUrl is provided","invocations":1,"location":null,"numPassingAsserts":1,"retryReasons":[],"startAt":1773186732147,"status":"passed","title":"renders initials when no photoUrl is provided"},{"ancestorTitles":["Avatar"],"duration":19,"failing":false,"failureDetails":[],"failureMessages":[],"fullName":"Avatar renders single initial when only first name is provided","invocations":1,"location":null,"numPassingAsserts":1,"retryReasons":[],"startAt":1773186732546,"status":"passed","title":"renders single initial when only first name is provided"},{"ancestorTitles":["Avatar"],"duration":10,"failing":false,"failureDetails":[],"failureMessages":[],"fullName":"Avatar renders initials properly with extra spaces","invocations":1,"location":null,"numPassingAsserts":1,"retryReasons":[],"startAt":1773186732565,"status":"passed","title":"renders initials properly with extra spaces"},{"ancestorTitles":["Avatar"],"duration":4,"failing":false,"failureDetails":[],"failureMessages":[],"fullName":"Avatar renders an Image when photoUrl is provided","invocations":1,"location":null,"numPassingAsserts":2,"retryReasons":[],"startAt":1773186732576,"status":"passed","title":"renders an Image when photoUrl is provided"},{"ancestorTitles":["Avatar"],"duration":11,"failing":false,"failureDetails":[],"failureMessages":[],"fullName":"Avatar applies custom size correctly to initials avatar","invocations":1,"location":null,"numPassingAsserts":2,"retryReasons":[],"startAt":1773186732581,"status":"passed","title":"applies custom size correctly to initials avatar"}],"endTime":1773186732596,"message":"","name":"C:\\Users\\tfurt\\source\\repos\\eventosapp\\mobile\\src\\components\\shared\\__tests__\\Avatar.test.tsx","startTime":1773186727664,"status":"passed","summary":""},{"assertionResults":[{"ancestorTitles":["FormInput"],"duration":546,"failing":false,"failureDetails":[],"failureMessages":[],"fullName":"FormInput renders correctly with label","invocations":1,"location":null,"numPassingAsserts":2,"retryReasons":[],"startAt":1773186732153,"status":"passed","title":"renders correctly with label"},{"ancestorTitles":["FormInput"],"duration":8,"failing":false,"failureDetails":[],"failureMessages":[],"fullName":"FormInput displays error message when provided","invocations":1,"location":null,"numPassingAsserts":1,"retryReasons":[],"startAt":1773186732701,"status":"passed","title":"displays error message when provided"},{"ancestorTitles":["FormInput"],"duration":8,"failing":false,"failureDetails":[],"failureMessages":[],"fullName":"FormInput renders icon and rightElement when provided","invocations":1,"location":null,"numPassingAsserts":2,"retryReasons":[],"startAt":1773186732710,"status":"passed","title":"renders icon and rightElement when provided"},{"ancestorTitles":["FormInput"],"duration":8,"failing":false,"failureDetails":[],"failureMessages":[],"fullName":"FormInput handles value changes from user input","invocations":1,"location":null,"numPassingAsserts":1,"retryReasons":[],"startAt":1773186732718,"status":"passed","title":"handles value changes from user input"},{"ancestorTitles":["FormInput"],"duration":9,"failing":false,"failureDetails":[],"failureMessages":[],"fullName":"FormInput forwards ref to TextInput","invocations":1,"location":null,"numPassingAsserts":2,"retryReasons":[],"startAt":1773186732727,"status":"passed","title":"forwards ref to TextInput"}],"endTime":1773186732740,"message":"","name":"C:\\Users\\tfurt\\source\\repos\\eventosapp\\mobile\\src\\components\\shared\\__tests__\\FormInput.test.tsx","startTime":1773186727718,"status":"passed","summary":""},{"assertionResults":[{"ancestorTitles":["AuthContext"],"duration":501,"failing":false,"failureDetails":[],"failureMessages":[],"fullName":"AuthContext initializes as loading and goes to ready when no token exists","invocations":1,"location":null,"numPassingAsserts":3,"retryReasons":[],"startAt":1773186732211,"status":"passed","title":"initializes as loading and goes to ready when no token exists"},{"ancestorTitles":["AuthContext"],"duration":20,"failing":false,"failureDetails":[],"failureMessages":[],"fullName":"AuthContext fetches user info on mount if token exists","invocations":1,"location":null,"numPassingAsserts":3,"retryReasons":[],"startAt":1773186732714,"status":"passed","title":"fetches user info on mount if token exists"},{"ancestorTitles":["AuthContext"],"duration":13,"failing":false,"failureDetails":[],"failureMessages":[],"fullName":"AuthContext handles signIn successfully with standard token response","invocations":1,"location":null,"numPassingAsserts":3,"retryReasons":[],"startAt":1773186732734,"status":"passed","title":"handles signIn successfully with standard token response"},{"ancestorTitles":["AuthContext"],"duration":13,"failing":false,"failureDetails":[],"failureMessages":[],"fullName":"AuthContext handles signOut successfully","invocations":1,"location":null,"numPassingAsserts":4,"retryReasons":[],"startAt":1773186732748,"status":"passed","title":"handles signOut successfully"},{"ancestorTitles":["AuthContext"],"duration":34,"failing":false,"failureDetails":[],"failureMessages":[],"fullName":"AuthContext clears user when auth check fails","invocations":1,"location":null,"numPassingAsserts":2,"retryReasons":[],"startAt":1773186732761,"status":"passed","title":"clears user when auth check fails"}],"endTime":1773186732800,"message":"","name":"C:\\Users\\tfurt\\source\\repos\\eventosapp\\mobile\\src\\contexts\\__tests__\\AuthContext.test.tsx","startTime":1773186727709,"status":"passed","summary":""},{"assertionResults":[{"ancestorTitles":["LoadingSpinner"],"duration":704,"failing":false,"failureDetails":[],"failureMessages":[],"fullName":"LoadingSpinner renders correctly","invocations":1,"location":null,"numPassingAsserts":1,"retryReasons":[],"startAt":1773186732225,"status":"passed","title":"renders correctly"}],"endTime":1773186732933,"message":"","name":"C:\\Users\\tfurt\\source\\repos\\eventosapp\\mobile\\src\\components\\shared\\__tests__\\LoadingSpinner.test.tsx","startTime":1773186727737,"status":"passed","summary":""},{"assertionResults":[{"ancestorTitles":["Skeleton Components","SkeletonLine"],"duration":42,"failing":false,"failureDetails":[],"failureMessages":[],"fullName":"Skeleton Components SkeletonLine renders correctly with default props","invocations":1,"location":null,"numPassingAsserts":1,"retryReasons":[],"startAt":1773186733033,"status":"passed","title":"renders correctly with default props"},{"ancestorTitles":["Skeleton Components","SkeletonCircle"],"duration":7,"failing":false,"failureDetails":[],"failureMessages":[],"fullName":"Skeleton Components SkeletonCircle renders correctly with size prop","invocations":1,"location":null,"numPassingAsserts":1,"retryReasons":[],"startAt":1773186733076,"status":"passed","title":"renders correctly with size prop"},{"ancestorTitles":["Skeleton Components","SkeletonCard"],"duration":10,"failing":false,"failureDetails":[],"failureMessages":[],"fullName":"Skeleton Components SkeletonCard renders with avatar when showAvatar is true","invocations":1,"location":null,"numPassingAsserts":1,"retryReasons":[],"startAt":1773186733083,"status":"passed","title":"renders with avatar when showAvatar is true"},{"ancestorTitles":["Skeleton Components","SkeletonCard"],"duration":6,"failing":false,"failureDetails":[],"failureMessages":[],"fullName":"Skeleton Components SkeletonCard renders without avatar by default","invocations":1,"location":null,"numPassingAsserts":1,"retryReasons":[],"startAt":1773186733093,"status":"passed","title":"renders without avatar by default"},{"ancestorTitles":["Skeleton Components","SkeletonList"],"duration":11,"failing":false,"failureDetails":[],"failureMessages":[],"fullName":"Skeleton Components SkeletonList renders multiple cards based on count prop","invocations":1,"location":null,"numPassingAsserts":1,"retryReasons":[],"startAt":1773186733099,"status":"passed","title":"renders multiple cards based on count prop"}],"endTime":1773186733113,"message":"","name":"C:\\Users\\tfurt\\source\\repos\\eventosapp\\mobile\\src\\components\\shared\\__tests__\\Skeleton.test.tsx","startTime":1773186727679,"status":"passed","summary":""},{"assertionResults":[{"ancestorTitles":["SortSelector"],"duration":690,"failing":false,"failureDetails":[],"failureMessages":[],"fullName":"SortSelector renders correctly with current selected option label","invocations":1,"location":null,"numPassingAsserts":1,"retryReasons":[],"startAt":1773186732360,"status":"passed","title":"renders correctly with current selected option label"},{"ancestorTitles":["SortSelector"],"duration":12,"failing":false,"failureDetails":[],"failureMessages":[],"fullName":"SortSelector shows arrow up icon when sorted ascending","invocations":1,"location":null,"numPassingAsserts":1,"retryReasons":[],"startAt":1773186733051,"status":"passed","title":"shows arrow up icon when sorted ascending"},{"ancestorTitles":["SortSelector"],"duration":5,"failing":false,"failureDetails":[],"failureMessages":[],"fullName":"SortSelector shows arrow down icon when sorted descending","invocations":1,"location":null,"numPassingAsserts":1,"retryReasons":[],"startAt":1773186733063,"status":"passed","title":"shows arrow down icon when sorted descending"},{"ancestorTitles":["SortSelector"],"duration":21,"failing":false,"failureDetails":[],"failureMessages":[],"fullName":"SortSelector opens bottom sheet when trigger is pressed","invocations":1,"location":null,"numPassingAsserts":3,"retryReasons":[],"startAt":1773186733068,"status":"passed","title":"opens bottom sheet when trigger is pressed"},{"ancestorTitles":["SortSelector"],"duration":21,"failing":false,"failureDetails":[],"failureMessages":[],"fullName":"SortSelector swaps sortOrder when selecting the same currently active key","invocations":1,"location":null,"numPassingAsserts":1,"retryReasons":[],"startAt":1773186733089,"status":"passed","title":"swaps sortOrder when selecting the same currently active key"},{"ancestorTitles":["SortSelector"],"duration":20,"failing":false,"failureDetails":[],"failureMessages":[],"fullName":"SortSelector selects new key and defaults to asc order when selecting different key","invocations":1,"location":null,"numPassingAsserts":1,"retryReasons":[],"startAt":1773186733110,"status":"passed","title":"selects new key and defaults to asc order when selecting different key"}],"endTime":1773186733133,"message":"","name":"C:\\Users\\tfurt\\source\\repos\\eventosapp\\mobile\\src\\components\\shared\\__tests__\\SortSelector.test.tsx","startTime":1773186727718,"status":"passed","summary":""},{"assertionResults":[{"ancestorTitles":["PremiumButton"],"duration":2841,"failing":false,"failureDetails":[],"failureMessages":[],"fullName":"PremiumButton renders correctly with primary variant and label","invocations":1,"location":null,"numPassingAsserts":1,"retryReasons":[],"startAt":1773186732541,"status":"passed","title":"renders correctly with primary variant and label"},{"ancestorTitles":["PremiumButton"],"duration":5,"failing":false,"failureDetails":[],"failureMessages":[],"fullName":"PremiumButton renders correctly with secondary variant and label","invocations":1,"location":null,"numPassingAsserts":1,"retryReasons":[],"startAt":1773186735383,"status":"passed","title":"renders correctly with secondary variant and label"},{"ancestorTitles":["PremiumButton"],"duration":8,"failing":false,"failureDetails":[],"failureMessages":[],"fullName":"PremiumButton renders loading state text instead of label","invocations":1,"location":null,"numPassingAsserts":2,"retryReasons":[],"startAt":1773186735388,"status":"passed","title":"renders loading state text instead of label"},{"ancestorTitles":["PremiumButton"],"duration":6,"failing":false,"failureDetails":[],"failureMessages":[],"fullName":"PremiumButton calls onPress when clicked","invocations":1,"location":null,"numPassingAsserts":1,"retryReasons":[],"startAt":1773186735397,"status":"passed","title":"calls onPress when clicked"},{"ancestorTitles":["PremiumButton"],"duration":13,"failing":false,"failureDetails":[],"failureMessages":[],"fullName":"PremiumButton does not call onPress when disabled","invocations":1,"location":null,"numPassingAsserts":1,"retryReasons":[],"startAt":1773186735403,"status":"passed","title":"does not call onPress when disabled"},{"ancestorTitles":["PremiumButton"],"duration":3,"failing":false,"failureDetails":[],"failureMessages":[],"fullName":"PremiumButton does not call onPress when loading","invocations":1,"location":null,"numPassingAsserts":1,"retryReasons":[],"startAt":1773186735416,"status":"passed","title":"does not call onPress when loading"},{"ancestorTitles":["PremiumButton"],"duration":4,"failing":false,"failureDetails":[],"failureMessages":[],"fullName":"PremiumButton renders icon when provided","invocations":1,"location":null,"numPassingAsserts":1,"retryReasons":[],"startAt":1773186735420,"status":"passed","title":"renders icon when provided"}],"endTime":1773186735427,"message":"","name":"C:\\Users\\tfurt\\source\\repos\\eventosapp\\mobile\\src\\components\\shared\\__tests__\\PremiumButton.test.tsx","startTime":1773186727754,"status":"passed","summary":""},{"assertionResults":[{"ancestorTitles":["EventFormScreen"],"duration":248,"failing":false,"failureDetails":[],"failureMessages":[],"fullName":"EventFormScreen renders correctly and loads data on mount","invocations":1,"location":null,"numPassingAsserts":3,"retryReasons":[],"startAt":1773186735109,"status":"passed","title":"renders correctly and loads data on mount"},{"ancestorTitles":["EventFormScreen"],"duration":128,"failing":false,"failureDetails":[],"failureMessages":[],"fullName":"EventFormScreen navigates to step 2 when required general info is provided","invocations":1,"location":null,"numPassingAsserts":1,"retryReasons":[],"startAt":1773186735357,"status":"passed","title":"navigates to step 2 when required general info is provided"}],"endTime":1773186735487,"message":"","name":"C:\\Users\\tfurt\\source\\repos\\eventosapp\\mobile\\src\\screens\\events\\__tests__\\EventFormScreen.test.tsx","startTime":1773186727745,"status":"passed","summary":""}],"wasInterrupted":false}
