{"numFailedTestSuites":1,"numFailedTests":1,"numPassedTestSuites":0,"numPassedTests":1,"numPendingTestSuites":0,"numPendingTests":0,"numRuntimeErrorTestSuites":0,"numTodoTests":0,"numTotalTestSuites":1,"numTotalTests":2,"openHandles":[],"snapshot":{"added":0,"didUpdate":false,"failure":false,"filesAdded":0,"filesRemoved":0,"filesRemovedList":[],"filesUnmatched":0,"filesUpdated":0,"matched":0,"total":0,"unchecked":0,"uncheckedKeysByFile":[],"unmatched":0,"updated":0},"startTime":1773186555954,"success":false,"testResults":[{"assertionResults":[{"ancestorTitles":["EventFormScreen"],"duration":192,"failing":false,"failureDetails":[],"failureMessages":[],"fullName":"EventFormScreen renders correctly and loads data on mount","invocations":1,"location":null,"numPassingAsserts":3,"retryReasons":[],"startAt":1773186560843,"status":"passed","title":"renders correctly and loads data on mount"},{"ancestorTitles":["EventFormScreen"],"duration":98,"failing":false,"failureDetails":[{}],"failureMessages":["TypeError: addToast is not a function\n    at addToast (C:\\Users\\tfurt\\source\\repos\\eventosapp\\mobile\\src\\screens\\events\\EventFormScreen.tsx:626:9)\n    at handler (C:\\Users\\tfurt\\source\\repos\\eventosapp\\mobile\\node_modules\\@testing-library\\react-native\\src\\fire-event.ts:123:19)\n    at callback (C:\\Users\\tfurt\\source\\repos\\eventosapp\\mobile\\node_modules\\@testing-library\\react-native\\src\\act.ts:31:24)\n    at process.env.NODE_ENV.exports.act (C:\\Users\\tfurt\\source\\repos\\eventosapp\\mobile\\node_modules\\react\\cjs\\react.development.js:814:22)\n    at actImplementation (C:\\Users\\tfurt\\source\\repos\\eventosapp\\mobile\\node_modules\\@testing-library\\react-native\\src\\act.ts:30:25)\n    at fireEvent (C:\\Users\\tfurt\\source\\repos\\eventosapp\\mobile\\node_modules\\@testing-library\\react-native\\src\\fire-event.ts:122:11)\n    at Function.fireEvent [as press] (C:\\Users\\tfurt\\source\\repos\\eventosapp\\mobile\\node_modules\\@testing-library\\react-native\\src\\fire-event.ts:130:3)\n    at press (C:\\Users\\tfurt\\source\\repos\\eventosapp\\mobile\\src\\screens\\events\\__tests__\\EventFormScreen.test.tsx:257:17)\n    at Generator.next (<anonymous>)\n    at asyncGeneratorStep (C:\\Users\\tfurt\\source\\repos\\eventosapp\\mobile\\node_modules\\@babel\\runtime\\helpers\\asyncToGenerator.js:3:17)\n    at _next (C:\\Users\\tfurt\\source\\repos\\eventosapp\\mobile\\node_modules\\@babel\\runtime\\helpers\\asyncToGenerator.js:17:9)\n    at C:\\Users\\tfurt\\source\\repos\\eventosapp\\mobile\\node_modules\\@babel\\runtime\\helpers\\asyncToGenerator.js:22:7\n    at new Promise (<anonymous>)\n    at C:\\Users\\tfurt\\source\\repos\\eventosapp\\mobile\\node_modules\\@babel\\runtime\\helpers\\asyncToGenerator.js:14:12\n    at callback (C:\\Users\\tfurt\\source\\repos\\eventosapp\\mobile\\node_modules\\@testing-library\\react-native\\src\\act.ts:31:24)\n    at process.env.NODE_ENV.exports.act (C:\\Users\\tfurt\\source\\repos\\eventosapp\\mobile\\node_modules\\react\\cjs\\react.development.js:814:22)\n    at actImplementation (C:\\Users\\tfurt\\source\\repos\\eventosapp\\mobile\\node_modules\\@testing-library\\react-native\\src\\act.ts:30:25)\n    at Object.<anonymous> (C:\\Users\\tfurt\\source\\repos\\eventosapp\\mobile\\src\\screens\\events\\__tests__\\EventFormScreen.test.tsx:256:14)\n    at Generator.next (<anonymous>)\n    at asyncGeneratorStep (C:\\Users\\tfurt\\source\\repos\\eventosapp\\mobile\\node_modules\\@babel\\runtime\\helpers\\asyncToGenerator.js:3:17)\n    at _next (C:\\Users\\tfurt\\source\\repos\\eventosapp\\mobile\\node_modules\\@babel\\runtime\\helpers\\asyncToGenerator.js:17:9)"],"fullName":"EventFormScreen navigates to step 2 when required general info is provided","invocations":1,"location":null,"numPassingAsserts":0,"retryReasons":[],"startAt":1773186561038,"status":"failed","title":"navigates to step 2 when required general info is provided"}],"endTime":1773186561250,"message":"\u001b[1m\u001b[31m  \u001b[1m● \u001b[22m\u001b[1mEventFormScreen › navigates to step 2 when required general info is provided\u001b[39m\u001b[22m\n\n    TypeError: addToast is not a function\n\u001b[2m\u001b[22m\n\u001b[2m    \u001b[0m \u001b[90m 624 |\u001b[39m     \u001b[36mif\u001b[39m (step \u001b[33m===\u001b[39m \u001b[35m1\u001b[39m) {\u001b[22m\n\u001b[2m     \u001b[90m 625 |\u001b[39m       \u001b[36mif\u001b[39m (\u001b[33m!\u001b[39mformData\u001b[33m.\u001b[39mclient_id) {\u001b[22m\n\u001b[2m    \u001b[31m\u001b[1m>\u001b[22m\u001b[2m\u001b[39m\u001b[90m 626 |\u001b[39m         addToast(\u001b[32m\"Selecciona un cliente\"\u001b[39m\u001b[33m,\u001b[39m \u001b[32m\"error\"\u001b[39m)\u001b[33m;\u001b[39m\u001b[22m\n\u001b[2m     \u001b[90m     |\u001b[39m         \u001b[31m\u001b[1m^\u001b[22m\u001b[2m\u001b[39m\u001b[22m\n\u001b[2m     \u001b[90m 627 |\u001b[39m         \u001b[36mreturn\u001b[39m\u001b[33m;\u001b[39m\u001b[22m\n\u001b[2m     \u001b[90m 628 |\u001b[39m       }\u001b[22m\n\u001b[2m     \u001b[90m 629 |\u001b[39m       \u001b[36mif\u001b[39m (\u001b[33m!\u001b[39mformData\u001b[33m.\u001b[39mservice_type \u001b[33m||\u001b[39m formData\u001b[33m.\u001b[39mservice_type\u001b[33m.\u001b[39mtrim()\u001b[33m.\u001b[39mlength \u001b[33m<\u001b[39m \u001b[35m2\u001b[39m) {\u001b[0m\u001b[22m\n\u001b[2m\u001b[22m\n\u001b[2m      \u001b[2mat addToast (\u001b[22m\u001b[2msrc/screens/events/EventFormScreen.tsx\u001b[2m:626:9)\u001b[22m\u001b[2m\u001b[22m\n\u001b[2m      \u001b[2mat handler (\u001b[22m\u001b[2mnode_modules/@testing-library/react-native/src/fire-event.ts\u001b[2m:123:19)\u001b[22m\u001b[2m\u001b[22m\n\u001b[2m      \u001b[2mat callback (\u001b[22m\u001b[2mnode_modules/@testing-library/react-native/src/act.ts\u001b[2m:31:24)\u001b[22m\u001b[2m\u001b[22m\n\u001b[2m      \u001b[2mat process.env.NODE_ENV.exports.act (\u001b[22m\u001b[2mnode_modules/react/cjs/react.development.js\u001b[2m:814:22)\u001b[22m\u001b[2m\u001b[22m\n\u001b[2m      \u001b[2mat actImplementation (\u001b[22m\u001b[2mnode_modules/@testing-library/react-native/src/act.ts\u001b[2m:30:25)\u001b[22m\u001b[2m\u001b[22m\n\u001b[2m      \u001b[2mat fireEvent (\u001b[22m\u001b[2mnode_modules/@testing-library/react-native/src/fire-event.ts\u001b[2m:122:11)\u001b[22m\u001b[2m\u001b[22m\n\u001b[2m      \u001b[2mat Function.fireEvent [as press] (\u001b[22m\u001b[2mnode_modules/@testing-library/react-native/src/fire-event.ts\u001b[2m:130:3)\u001b[22m\u001b[2m\u001b[22m\n\u001b[2m      \u001b[2mat press (\u001b[22m\u001b[2m\u001b[0m\u001b[36msrc/screens/events/__tests__/EventFormScreen.test.tsx\u001b[39m\u001b[0m\u001b[2m:257:17)\u001b[22m\u001b[2m\u001b[22m\n\u001b[2m      \u001b[2mat asyncGeneratorStep (\u001b[22m\u001b[2mnode_modules/@babel/runtime/helpers/asyncToGenerator.js\u001b[2m:3:17)\u001b[22m\u001b[2m\u001b[22m\n\u001b[2m      \u001b[2mat _next (\u001b[22m\u001b[2mnode_modules/@babel/runtime/helpers/asyncToGenerator.js\u001b[2m:17:9)\u001b[22m\u001b[2m\u001b[22m\n\u001b[2m      \u001b[2mat \u001b[22m\u001b[2mnode_modules/@babel/runtime/helpers/asyncToGenerator.js\u001b[2m:22:7\u001b[22m\u001b[2m\u001b[22m\n\u001b[2m      \u001b[2mat \u001b[22m\u001b[2mnode_modules/@babel/runtime/helpers/asyncToGenerator.js\u001b[2m:14:12\u001b[22m\u001b[2m\u001b[22m\n\u001b[2m      \u001b[2mat callback (\u001b[22m\u001b[2mnode_modules/@testing-library/react-native/src/act.ts\u001b[2m:31:24)\u001b[22m\u001b[2m\u001b[22m\n\u001b[2m      \u001b[2mat process.env.NODE_ENV.exports.act (\u001b[22m\u001b[2mnode_modules/react/cjs/react.development.js\u001b[2m:814:22)\u001b[22m\u001b[2m\u001b[22m\n\u001b[2m      \u001b[2mat actImplementation (\u001b[22m\u001b[2mnode_modules/@testing-library/react-native/src/act.ts\u001b[2m:30:25)\u001b[22m\u001b[2m\u001b[22m\n\u001b[2m      \u001b[2mat Object.<anonymous> (\u001b[22m\u001b[2m\u001b[0m\u001b[36msrc/screens/events/__tests__/EventFormScreen.test.tsx\u001b[39m\u001b[0m\u001b[2m:256:14)\u001b[22m\u001b[2m\u001b[22m\n\u001b[2m      \u001b[2mat asyncGeneratorStep (\u001b[22m\u001b[2mnode_modules/@babel/runtime/helpers/asyncToGenerator.js\u001b[2m:3:17)\u001b[22m\u001b[2m\u001b[22m\n\u001b[2m      \u001b[2mat _next (\u001b[22m\u001b[2mnode_modules/@babel/runtime/helpers/asyncToGenerator.js\u001b[2m:17:9)\u001b[22m\u001b[2m\u001b[22m\n","name":"C:\\Users\\tfurt\\source\\repos\\eventosapp\\mobile\\src\\screens\\events\\__tests__\\EventFormScreen.test.tsx","startTime":1773186556295,"status":"failed","summary":""}],"wasInterrupted":false}
