{"C:\\Users\\tfurt\\source\\repos\\eventosapp\\mobile\\src\\components\\shared\\AnimatedPressable.tsx": {"path":"C:\\Users\\tfurt\\source\\repos\\eventosapp\\mobile\\src\\components\\shared\\AnimatedPressable.tsx","statementMap":{"0":{"start":{"line":29,"column":16},"end":{"line":29,"column":33}},"1":{"start":{"line":31,"column":24},"end":{"line":33,"column":5}},"2":{"start":{"line":31,"column":48},"end":{"line":33,"column":3}},"3":{"start":{"line":35,"column":14},"end":{"line":50,"column":6}},"4":{"start":{"line":38,"column":6},"end":{"line":38,"column":76}},"5":{"start":{"line":41,"column":6},"end":{"line":41,"column":67}},"6":{"start":{"line":44,"column":6},"end":{"line":46,"column":7}},"7":{"start":{"line":45,"column":8},"end":{"line":45,"column":63}},"8":{"start":{"line":47,"column":6},"end":{"line":49,"column":7}},"9":{"start":{"line":48,"column":8},"end":{"line":48,"column":18}},"10":{"start":{"line":52,"column":2},"end":{"line":58,"column":4}}},"fnMap":{"0":{"name":"AnimatedPressable","decl":{"start":{"line":21,"column":16},"end":{"line":21,"column":33}},"loc":{"start":{"line":28,"column":27},"end":{"line":59,"column":1}},"line":28},"1":{"name":"(anonymous_1)","decl":{"start":{"line":31,"column":41},"end":{"line":31,"column":42}},"loc":{"start":{"line":31,"column":48},"end":{"line":33,"column":3}},"line":31},"2":{"name":"(anonymous_2)","decl":{"start":{"line":37,"column":13},"end":{"line":37,"column":14}},"loc":{"start":{"line":37,"column":19},"end":{"line":39,"column":5}},"line":37},"3":{"name":"(anonymous_3)","decl":{"start":{"line":40,"column":16},"end":{"line":40,"column":17}},"loc":{"start":{"line":40,"column":22},"end":{"line":42,"column":5}},"line":40},"4":{"name":"(anonymous_4)","decl":{"start":{"line":43,"column":11},"end":{"line":43,"column":12}},"loc":{"start":{"line":43,"column":17},"end":{"line":50,"column":5}},"line":43}},"branchMap":{"0":{"loc":{"start":{"line":25,"column":2},"end":{"line":25,"column":16}},"type":"default-arg","locations":[{"start":{"line":25,"column":11},"end":{"line":25,"column":16}}],"line":25},"1":{"loc":{"start":{"line":26,"column":2},"end":{"line":26,"column":19}},"type":"default-arg","locations":[{"start":{"line":26,"column":15},"end":{"line":26,"column":19}}],"line":26},"2":{"loc":{"start":{"line":27,"column":2},"end":{"line":27,"column":18}},"type":"default-arg","locations":[{"start":{"line":27,"column":13},"end":{"line":27,"column":18}}],"line":27},"3":{"loc":{"start":{"line":44,"column":6},"end":{"line":46,"column":7}},"type":"if","locations":[{"start":{"line":44,"column":6},"end":{"line":46,"column":7}},{"start":{},"end":{}}],"line":44},"4":{"loc":{"start":{"line":44,"column":10},"end":{"line":44,"column":41}},"type":"binary-expr","locations":[{"start":{"line":44,"column":10},"end":{"line":44,"column":16}},{"start":{"line":44,"column":20},"end":{"line":44,"column":41}}],"line":44},"5":{"loc":{"start":{"line":47,"column":6},"end":{"line":49,"column":7}},"type":"if","locations":[{"start":{"line":47,"column":6},"end":{"line":49,"column":7}},{"start":{},"end":{}}],"line":47},"6":{"loc":{"start":{"line":54,"column":51},"end":{"line":54,"column":79}},"type":"binary-expr","locations":[{"start":{"line":54,"column":51},"end":{"line":54,"column":59}},{"start":{"line":54,"column":63},"end":{"line":54,"column":79}}],"line":54}},"s":{"0":0,"1":0,"2":0,"3":0,"4":0,"5":0,"6":0,"7":0,"8":0,"9":0,"10":0},"f":{"0":0,"1":0,"2":0,"3":0,"4":0},"b":{"0":[0],"1":[0],"2":[0],"3":[0,0],"4":[0,0],"5":[0,0],"6":[0,0]},"_coverageSchema":"1a1c01bbd47fc00a2c39e90264f33305004495a9","hash":"fbe7da9fc00c25e5a24cc8d0d6652d9e52a11c41"}
,"C:\\Users\\tfurt\\source\\repos\\eventosapp\\mobile\\src\\components\\shared\\Avatar.tsx": {"path":"C:\\Users\\tfurt\\source\\repos\\eventosapp\\mobile\\src\\components\\shared\\Avatar.tsx","statementMap":{"0":{"start":{"line":14,"column":17},"end":{"line":14,"column":47}},"1":{"start":{"line":17,"column":20},"end":{"line":17,"column":54}},"2":{"start":{"line":18,"column":25},"end":{"line":18,"column":33}},"3":{"start":{"line":19,"column":23},"end":{"line":19,"column":33}},"4":{"start":{"line":20,"column":20},"end":{"line":20,"column":55}},"5":{"start":{"line":21,"column":19},"end":{"line":21,"column":37}},"6":{"start":{"line":23,"column":24},"end":{"line":27,"column":5}},"7":{"start":{"line":24,"column":22},"end":{"line":24,"column":43}},"8":{"start":{"line":25,"column":8},"end":{"line":25,"column":80}},"9":{"start":{"line":25,"column":31},"end":{"line":25,"column":80}},"10":{"start":{"line":26,"column":8},"end":{"line":26,"column":47}},"11":{"start":{"line":29,"column":4},"end":{"line":39,"column":5}},"12":{"start":{"line":30,"column":8},"end":{"line":38,"column":10}},"13":{"start":{"line":41,"column":20},"end":{"line":41,"column":90}},"14":{"start":{"line":42,"column":21},"end":{"line":42,"column":32}},"15":{"start":{"line":44,"column":4},"end":{"line":48,"column":6}},"16":{"start":{"line":51,"column":18},"end":{"line":63,"column":2}},"17":{"start":{"line":51,"column":52},"end":{"line":63,"column":2}}},"fnMap":{"0":{"name":"Avatar","decl":{"start":{"line":16,"column":16},"end":{"line":16,"column":22}},"loc":{"start":{"line":16,"column":67},"end":{"line":49,"column":1}},"line":16},"1":{"name":"(anonymous_1)","decl":{"start":{"line":23,"column":24},"end":{"line":23,"column":25}},"loc":{"start":{"line":23,"column":39},"end":{"line":27,"column":5}},"line":23},"2":{"name":"(anonymous_2)","decl":{"start":{"line":51,"column":18},"end":{"line":51,"column":19}},"loc":{"start":{"line":51,"column":52},"end":{"line":63,"column":2}},"line":51}},"branchMap":{"0":{"loc":{"start":{"line":16,"column":41},"end":{"line":16,"column":50}},"type":"default-arg","locations":[{"start":{"line":16,"column":48},"end":{"line":16,"column":50}}],"line":16},"1":{"loc":{"start":{"line":20,"column":20},"end":{"line":20,"column":55}},"type":"cond-expr","locations":[{"start":{"line":20,"column":29},"end":{"line":20,"column":40}},{"start":{"line":20,"column":43},"end":{"line":20,"column":55}}],"line":20},"2":{"loc":{"start":{"line":25,"column":8},"end":{"line":25,"column":80}},"type":"if","locations":[{"start":{"line":25,"column":8},"end":{"line":25,"column":80}},{"start":{},"end":{}}],"line":25},"3":{"loc":{"start":{"line":29,"column":4},"end":{"line":39,"column":5}},"type":"if","locations":[{"start":{"line":29,"column":4},"end":{"line":39,"column":5}},{"start":{},"end":{}}],"line":29}},"s":{"0":1,"1":0,"2":0,"3":0,"4":0,"5":0,"6":0,"7":0,"8":0,"9":0,"10":0,"11":0,"12":0,"13":0,"14":0,"15":0,"16":1,"17":0},"f":{"0":0,"1":0,"2":0},"b":{"0":[0],"1":[0,0],"2":[0,0],"3":[0,0]},"_coverageSchema":"1a1c01bbd47fc00a2c39e90264f33305004495a9","hash":"83a8558be6bcfa04078913ac894ee10a2a30e4fc"}
,"C:\\Users\\tfurt\\source\\repos\\eventosapp\\mobile\\src\\components\\shared\\ConfirmDialog.tsx": {"path":"C:\\Users\\tfurt\\source\\repos\\eventosapp\\mobile\\src\\components\\shared\\ConfirmDialog.tsx","statementMap":{"0":{"start":{"line":30,"column":21},"end":{"line":30,"column":31}},"1":{"start":{"line":31,"column":18},"end":{"line":31,"column":53}},"2":{"start":{"line":32,"column":17},"end":{"line":32,"column":35}},"3":{"start":{"line":34,"column":2},"end":{"line":60,"column":4}},"4":{"start":{"line":63,"column":18},"end":{"line":104,"column":2}},"5":{"start":{"line":63,"column":52},"end":{"line":104,"column":2}}},"fnMap":{"0":{"name":"ConfirmDialog","decl":{"start":{"line":20,"column":24},"end":{"line":20,"column":37}},"loc":{"start":{"line":29,"column":23},"end":{"line":61,"column":1}},"line":29},"1":{"name":"(anonymous_1)","decl":{"start":{"line":63,"column":18},"end":{"line":63,"column":19}},"loc":{"start":{"line":63,"column":52},"end":{"line":104,"column":2}},"line":63}},"branchMap":{"0":{"loc":{"start":{"line":24,"column":2},"end":{"line":24,"column":28}},"type":"default-arg","locations":[{"start":{"line":24,"column":17},"end":{"line":24,"column":28}}],"line":24},"1":{"loc":{"start":{"line":25,"column":2},"end":{"line":25,"column":26}},"type":"default-arg","locations":[{"start":{"line":25,"column":16},"end":{"line":25,"column":26}}],"line":25},"2":{"loc":{"start":{"line":26,"column":2},"end":{"line":26,"column":21}},"type":"default-arg","locations":[{"start":{"line":26,"column":16},"end":{"line":26,"column":21}}],"line":26},"3":{"loc":{"start":{"line":31,"column":18},"end":{"line":31,"column":53}},"type":"cond-expr","locations":[{"start":{"line":31,"column":27},"end":{"line":31,"column":38}},{"start":{"line":31,"column":41},"end":{"line":31,"column":53}}],"line":31},"4":{"loc":{"start":{"line":38,"column":9},"end":{"line":38,"column":77}},"type":"binary-expr","locations":[{"start":{"line":38,"column":9},"end":{"line":38,"column":20}},{"start":{"line":38,"column":24},"end":{"line":38,"column":77}}],"line":38},"5":{"loc":{"start":{"line":43,"column":12},"end":{"line":43,"column":51}},"type":"binary-expr","locations":[{"start":{"line":43,"column":12},"end":{"line":43,"column":23}},{"start":{"line":43,"column":27},"end":{"line":43,"column":51}}],"line":43}},"s":{"0":0,"1":0,"2":0,"3":0,"4":1,"5":0},"f":{"0":0,"1":0},"b":{"0":[0],"1":[0],"2":[0],"3":[0,0],"4":[0,0],"5":[0,0]},"_coverageSchema":"1a1c01bbd47fc00a2c39e90264f33305004495a9","hash":"927e50a25bbbe1af9d8ce542b3171186b5784fd0"}
,"C:\\Users\\tfurt\\source\\repos\\eventosapp\\mobile\\src\\components\\shared\\EmptyState.tsx": {"path":"C:\\Users\\tfurt\\source\\repos\\eventosapp\\mobile\\src\\components\\shared\\EmptyState.tsx","statementMap":{"0":{"start":{"line":24,"column":21},"end":{"line":24,"column":31}},"1":{"start":{"line":25,"column":18},"end":{"line":25,"column":53}},"2":{"start":{"line":26,"column":17},"end":{"line":26,"column":35}},"3":{"start":{"line":28,"column":2},"end":{"line":41,"column":4}},"4":{"start":{"line":44,"column":18},"end":{"line":80,"column":2}},"5":{"start":{"line":44,"column":52},"end":{"line":80,"column":2}}},"fnMap":{"0":{"name":"EmptyState","decl":{"start":{"line":17,"column":24},"end":{"line":17,"column":34}},"loc":{"start":{"line":23,"column":20},"end":{"line":42,"column":1}},"line":23},"1":{"name":"(anonymous_1)","decl":{"start":{"line":44,"column":18},"end":{"line":44,"column":19}},"loc":{"start":{"line":44,"column":52},"end":{"line":80,"column":2}},"line":44}},"branchMap":{"0":{"loc":{"start":{"line":25,"column":18},"end":{"line":25,"column":53}},"type":"cond-expr","locations":[{"start":{"line":25,"column":27},"end":{"line":25,"column":38}},{"start":{"line":25,"column":41},"end":{"line":25,"column":53}}],"line":25},"1":{"loc":{"start":{"line":31,"column":9},"end":{"line":31,"column":65}},"type":"binary-expr","locations":[{"start":{"line":31,"column":9},"end":{"line":31,"column":13}},{"start":{"line":31,"column":17},"end":{"line":31,"column":65}}],"line":31},"2":{"loc":{"start":{"line":34,"column":7},"end":{"line":34,"column":75}},"type":"binary-expr","locations":[{"start":{"line":34,"column":7},"end":{"line":34,"column":18}},{"start":{"line":34,"column":22},"end":{"line":34,"column":75}}],"line":34},"3":{"loc":{"start":{"line":35,"column":7},"end":{"line":39,"column":7}},"type":"binary-expr","locations":[{"start":{"line":35,"column":7},"end":{"line":35,"column":18}},{"start":{"line":35,"column":22},"end":{"line":35,"column":30}},{"start":{"line":36,"column":8},"end":{"line":38,"column":27}}],"line":35}},"s":{"0":0,"1":0,"2":0,"3":0,"4":1,"5":0},"f":{"0":0,"1":0},"b":{"0":[0,0],"1":[0,0],"2":[0,0],"3":[0,0,0]},"_coverageSchema":"1a1c01bbd47fc00a2c39e90264f33305004495a9","hash":"3042b631c39defeb2489fdd9ed7d7b66081b3d80"}
,"C:\\Users\\tfurt\\source\\repos\\eventosapp\\mobile\\src\\components\\shared\\FormInput.tsx": {"path":"C:\\Users\\tfurt\\source\\repos\\eventosapp\\mobile\\src\\components\\shared\\FormInput.tsx","statementMap":{"0":{"start":{"line":22,"column":18},"end":{"line":67,"column":1}},"1":{"start":{"line":24,"column":34},"end":{"line":24,"column":49}},"2":{"start":{"line":25,"column":23},"end":{"line":25,"column":33}},"3":{"start":{"line":26,"column":20},"end":{"line":26,"column":55}},"4":{"start":{"line":27,"column":19},"end":{"line":27,"column":37}},"5":{"start":{"line":29,"column":4},"end":{"line":65,"column":6}},"6":{"start":{"line":52,"column":14},"end":{"line":52,"column":31}},"7":{"start":{"line":53,"column":14},"end":{"line":53,"column":27}},"8":{"start":{"line":56,"column":14},"end":{"line":56,"column":32}},"9":{"start":{"line":57,"column":14},"end":{"line":57,"column":26}},"10":{"start":{"line":69,"column":0},"end":{"line":69,"column":36}},"11":{"start":{"line":72,"column":18},"end":{"line":127,"column":2}},"12":{"start":{"line":72,"column":52},"end":{"line":127,"column":2}}},"fnMap":{"0":{"name":"(anonymous_0)","decl":{"start":{"line":23,"column":2},"end":{"line":23,"column":3}},"loc":{"start":{"line":23,"column":91},"end":{"line":66,"column":3}},"line":23},"1":{"name":"(anonymous_1)","decl":{"start":{"line":51,"column":21},"end":{"line":51,"column":22}},"loc":{"start":{"line":51,"column":28},"end":{"line":54,"column":13}},"line":51},"2":{"name":"(anonymous_2)","decl":{"start":{"line":55,"column":20},"end":{"line":55,"column":21}},"loc":{"start":{"line":55,"column":27},"end":{"line":58,"column":13}},"line":55},"3":{"name":"(anonymous_3)","decl":{"start":{"line":72,"column":18},"end":{"line":72,"column":19}},"loc":{"start":{"line":72,"column":52},"end":{"line":127,"column":2}},"line":72}},"branchMap":{"0":{"loc":{"start":{"line":26,"column":20},"end":{"line":26,"column":55}},"type":"cond-expr","locations":[{"start":{"line":26,"column":29},"end":{"line":26,"column":40}},{"start":{"line":26,"column":43},"end":{"line":26,"column":55}}],"line":26},"1":{"loc":{"start":{"line":35,"column":12},"end":{"line":35,"column":42}},"type":"binary-expr","locations":[{"start":{"line":35,"column":12},"end":{"line":35,"column":19}},{"start":{"line":35,"column":23},"end":{"line":35,"column":42}}],"line":35},"2":{"loc":{"start":{"line":36,"column":12},"end":{"line":36,"column":49}},"type":"cond-expr","locations":[{"start":{"line":36,"column":20},"end":{"line":36,"column":37}},{"start":{"line":36,"column":40},"end":{"line":36,"column":49}}],"line":36},"3":{"loc":{"start":{"line":37,"column":12},"end":{"line":37,"column":46}},"type":"cond-expr","locations":[{"start":{"line":37,"column":19},"end":{"line":37,"column":34}},{"start":{"line":37,"column":37},"end":{"line":37,"column":46}}],"line":37},"4":{"loc":{"start":{"line":40,"column":11},"end":{"line":40,"column":58}},"type":"binary-expr","locations":[{"start":{"line":40,"column":11},"end":{"line":40,"column":15}},{"start":{"line":40,"column":19},"end":{"line":40,"column":58}}],"line":40},"5":{"loc":{"start":{"line":41,"column":11},"end":{"line":41,"column":64}},"type":"binary-expr","locations":[{"start":{"line":41,"column":11},"end":{"line":41,"column":17}},{"start":{"line":41,"column":21},"end":{"line":41,"column":64}}],"line":41},"6":{"loc":{"start":{"line":46,"column":14},"end":{"line":46,"column":53}},"type":"cond-expr","locations":[{"start":{"line":46,"column":21},"end":{"line":46,"column":41}},{"start":{"line":46,"column":44},"end":{"line":46,"column":53}}],"line":46},"7":{"loc":{"start":{"line":47,"column":14},"end":{"line":47,"column":57}},"type":"cond-expr","locations":[{"start":{"line":47,"column":23},"end":{"line":47,"column":45}},{"start":{"line":47,"column":48},"end":{"line":47,"column":57}}],"line":47},"8":{"loc":{"start":{"line":61,"column":11},"end":{"line":61,"column":82}},"type":"binary-expr","locations":[{"start":{"line":61,"column":11},"end":{"line":61,"column":23}},{"start":{"line":61,"column":27},"end":{"line":61,"column":82}}],"line":61},"9":{"loc":{"start":{"line":63,"column":9},"end":{"line":63,"column":63}},"type":"binary-expr","locations":[{"start":{"line":63,"column":9},"end":{"line":63,"column":14}},{"start":{"line":63,"column":18},"end":{"line":63,"column":63}}],"line":63}},"s":{"0":1,"1":0,"2":0,"3":0,"4":0,"5":0,"6":0,"7":0,"8":0,"9":0,"10":1,"11":1,"12":0},"f":{"0":0,"1":0,"2":0,"3":0},"b":{"0":[0,0],"1":[0,0],"2":[0,0],"3":[0,0],"4":[0,0],"5":[0,0],"6":[0,0],"7":[0,0],"8":[0,0],"9":[0,0]},"_coverageSchema":"1a1c01bbd47fc00a2c39e90264f33305004495a9","hash":"7e60063751f577010598eb9a8fa9981d0e032e1e"}
,"C:\\Users\\tfurt\\source\\repos\\eventosapp\\mobile\\src\\components\\shared\\ImagePickerSheet.tsx": {"path":"C:\\Users\\tfurt\\source\\repos\\eventosapp\\mobile\\src\\components\\shared\\ImagePickerSheet.tsx","statementMap":{"0":{"start":{"line":18,"column":23},"end":{"line":18,"column":33}},"1":{"start":{"line":19,"column":20},"end":{"line":19,"column":55}},"2":{"start":{"line":20,"column":19},"end":{"line":20,"column":37}},"3":{"start":{"line":22,"column":4},"end":{"line":54,"column":6}},"4":{"start":{"line":57,"column":18},"end":{"line":107,"column":2}},"5":{"start":{"line":57,"column":52},"end":{"line":107,"column":2}}},"fnMap":{"0":{"name":"ImagePickerSheet","decl":{"start":{"line":17,"column":16},"end":{"line":17,"column":32}},"loc":{"start":{"line":17,"column":111},"end":{"line":55,"column":1}},"line":17},"1":{"name":"(anonymous_1)","decl":{"start":{"line":57,"column":18},"end":{"line":57,"column":19}},"loc":{"start":{"line":57,"column":52},"end":{"line":107,"column":2}},"line":57}},"branchMap":{"0":{"loc":{"start":{"line":19,"column":20},"end":{"line":19,"column":55}},"type":"cond-expr","locations":[{"start":{"line":19,"column":29},"end":{"line":19,"column":40}},{"start":{"line":19,"column":43},"end":{"line":19,"column":55}}],"line":19},"1":{"loc":{"start":{"line":41,"column":13},"end":{"line":48,"column":13}},"type":"binary-expr","locations":[{"start":{"line":41,"column":13},"end":{"line":41,"column":21}},{"start":{"line":41,"column":25},"end":{"line":41,"column":33}},{"start":{"line":42,"column":16},"end":{"line":47,"column":35}}],"line":41}},"s":{"0":0,"1":0,"2":0,"3":0,"4":1,"5":0},"f":{"0":0,"1":0},"b":{"0":[0,0],"1":[0,0,0]},"_coverageSchema":"1a1c01bbd47fc00a2c39e90264f33305004495a9","hash":"123c1e88d02e490b1f7a48499733bfb5758145fc"}
,"C:\\Users\\tfurt\\source\\repos\\eventosapp\\mobile\\src\\components\\shared\\KPICard.tsx": {"path":"C:\\Users\\tfurt\\source\\repos\\eventosapp\\mobile\\src\\components\\shared\\KPICard.tsx","statementMap":{"0":{"start":{"line":30,"column":21},"end":{"line":30,"column":31}},"1":{"start":{"line":31,"column":18},"end":{"line":31,"column":53}},"2":{"start":{"line":32,"column":17},"end":{"line":32,"column":35}},"3":{"start":{"line":35,"column":4},"end":{"line":59,"column":11}},"4":{"start":{"line":62,"column":2},"end":{"line":68,"column":3}},"5":{"start":{"line":63,"column":4},"end":{"line":67,"column":6}},"6":{"start":{"line":70,"column":2},"end":{"line":70,"column":17}},"7":{"start":{"line":73,"column":18},"end":{"line":118,"column":2}},"8":{"start":{"line":73,"column":52},"end":{"line":118,"column":2}}},"fnMap":{"0":{"name":"KPICard","decl":{"start":{"line":20,"column":24},"end":{"line":20,"column":31}},"loc":{"start":{"line":29,"column":17},"end":{"line":71,"column":1}},"line":29},"1":{"name":"(anonymous_1)","decl":{"start":{"line":73,"column":18},"end":{"line":73,"column":19}},"loc":{"start":{"line":73,"column":52},"end":{"line":118,"column":2}},"line":73}},"branchMap":{"0":{"loc":{"start":{"line":31,"column":18},"end":{"line":31,"column":53}},"type":"cond-expr","locations":[{"start":{"line":31,"column":27},"end":{"line":31,"column":38}},{"start":{"line":31,"column":41},"end":{"line":31,"column":53}}],"line":31},"1":{"loc":{"start":{"line":47,"column":14},"end":{"line":47,"column":60}},"type":"cond-expr","locations":[{"start":{"line":47,"column":27},"end":{"line":47,"column":48}},{"start":{"line":47,"column":51},"end":{"line":47,"column":60}}],"line":47},"2":{"loc":{"start":{"line":50,"column":13},"end":{"line":50,"column":36}},"type":"cond-expr","locations":[{"start":{"line":50,"column":23},"end":{"line":50,"column":28}},{"start":{"line":50,"column":31},"end":{"line":50,"column":36}}],"line":50},"3":{"loc":{"start":{"line":54,"column":7},"end":{"line":58,"column":14}},"type":"cond-expr","locations":[{"start":{"line":55,"column":8},"end":{"line":57,"column":15}},{"start":{"line":58,"column":10},"end":{"line":58,"column":14}}],"line":54},"4":{"loc":{"start":{"line":62,"column":2},"end":{"line":68,"column":3}},"type":"if","locations":[{"start":{"line":62,"column":2},"end":{"line":68,"column":3}},{"start":{},"end":{}}],"line":62}},"s":{"0":0,"1":0,"2":0,"3":0,"4":0,"5":0,"6":0,"7":1,"8":0},"f":{"0":0,"1":0},"b":{"0":[0,0],"1":[0,0],"2":[0,0],"3":[0,0],"4":[0,0]},"_coverageSchema":"1a1c01bbd47fc00a2c39e90264f33305004495a9","hash":"27251cbd8c1a30d83198aab9e9fcf6764de9629f"}
,"C:\\Users\\tfurt\\source\\repos\\eventosapp\\mobile\\src\\components\\shared\\LoadingSpinner.tsx": {"path":"C:\\Users\\tfurt\\source\\repos\\eventosapp\\mobile\\src\\components\\shared\\LoadingSpinner.tsx","statementMap":{"0":{"start":{"line":21,"column":21},"end":{"line":21,"column":31}},"1":{"start":{"line":22,"column":18},"end":{"line":22,"column":53}},"2":{"start":{"line":23,"column":17},"end":{"line":23,"column":35}},"3":{"start":{"line":26,"column":4},"end":{"line":29,"column":7}},"4":{"start":{"line":32,"column":2},"end":{"line":34,"column":3}},"5":{"start":{"line":33,"column":4},"end":{"line":33,"column":60}},"6":{"start":{"line":36,"column":2},"end":{"line":36,"column":54}},"7":{"start":{"line":39,"column":18},"end":{"line":55,"column":2}},"8":{"start":{"line":39,"column":52},"end":{"line":55,"column":2}}},"fnMap":{"0":{"name":"LoadingSpinner","decl":{"start":{"line":15,"column":24},"end":{"line":15,"column":38}},"loc":{"start":{"line":20,"column":24},"end":{"line":37,"column":1}},"line":20},"1":{"name":"(anonymous_1)","decl":{"start":{"line":39,"column":18},"end":{"line":39,"column":19}},"loc":{"start":{"line":39,"column":52},"end":{"line":55,"column":2}},"line":39}},"branchMap":{"0":{"loc":{"start":{"line":17,"column":2},"end":{"line":17,"column":16}},"type":"default-arg","locations":[{"start":{"line":17,"column":9},"end":{"line":17,"column":16}}],"line":17},"1":{"loc":{"start":{"line":18,"column":2},"end":{"line":18,"column":19}},"type":"default-arg","locations":[{"start":{"line":18,"column":15},"end":{"line":18,"column":19}}],"line":18},"2":{"loc":{"start":{"line":22,"column":18},"end":{"line":22,"column":53}},"type":"cond-expr","locations":[{"start":{"line":22,"column":27},"end":{"line":22,"column":38}},{"start":{"line":22,"column":41},"end":{"line":22,"column":53}}],"line":22},"3":{"loc":{"start":{"line":28,"column":7},"end":{"line":28,"column":63}},"type":"binary-expr","locations":[{"start":{"line":28,"column":7},"end":{"line":28,"column":14}},{"start":{"line":28,"column":18},"end":{"line":28,"column":63}}],"line":28},"4":{"loc":{"start":{"line":32,"column":2},"end":{"line":34,"column":3}},"type":"if","locations":[{"start":{"line":32,"column":2},"end":{"line":34,"column":3}},{"start":{},"end":{}}],"line":32}},"s":{"0":0,"1":0,"2":0,"3":0,"4":0,"5":0,"6":0,"7":1,"8":0},"f":{"0":0,"1":0},"b":{"0":[0],"1":[0],"2":[0,0],"3":[0,0],"4":[0,0]},"_coverageSchema":"1a1c01bbd47fc00a2c39e90264f33305004495a9","hash":"504c3972a48b4e8a39b637812599eceb8147bf47"}
,"C:\\Users\\tfurt\\source\\repos\\eventosapp\\mobile\\src\\components\\shared\\Logo.tsx": {"path":"C:\\Users\\tfurt\\source\\repos\\eventosapp\\mobile\\src\\components\\shared\\Logo.tsx","statementMap":{"0":{"start":{"line":10,"column":20},"end":{"line":34,"column":7}},"1":{"start":{"line":36,"column":21},"end":{"line":56,"column":7}},"2":{"start":{"line":58,"column":41},"end":{"line":67,"column":1}},"3":{"start":{"line":59,"column":21},"end":{"line":59,"column":31}},"4":{"start":{"line":64,"column":18},"end":{"line":64,"column":53}},"5":{"start":{"line":66,"column":2},"end":{"line":66,"column":75}}},"fnMap":{"0":{"name":"(anonymous_0)","decl":{"start":{"line":58,"column":41},"end":{"line":58,"column":42}},"loc":{"start":{"line":58,"column":68},"end":{"line":67,"column":1}},"line":58}},"branchMap":{"0":{"loc":{"start":{"line":58,"column":44},"end":{"line":58,"column":54}},"type":"default-arg","locations":[{"start":{"line":58,"column":51},"end":{"line":58,"column":54}}],"line":58},"1":{"loc":{"start":{"line":64,"column":18},"end":{"line":64,"column":53}},"type":"cond-expr","locations":[{"start":{"line":64,"column":27},"end":{"line":64,"column":39}},{"start":{"line":64,"column":42},"end":{"line":64,"column":53}}],"line":64}},"s":{"0":1,"1":1,"2":1,"3":0,"4":0,"5":0},"f":{"0":0},"b":{"0":[0],"1":[0,0]},"_coverageSchema":"1a1c01bbd47fc00a2c39e90264f33305004495a9","hash":"f65254f5b5773fd2280861de6c39e961060d0b48"}
,"C:\\Users\\tfurt\\source\\repos\\eventosapp\\mobile\\src\\components\\shared\\PhotoGallery.tsx": {"path":"C:\\Users\\tfurt\\source\\repos\\eventosapp\\mobile\\src\\components\\shared\\PhotoGallery.tsx","statementMap":{"0":{"start":{"line":11,"column":32},"end":{"line":11,"column":56}},"1":{"start":{"line":12,"column":19},"end":{"line":12,"column":21}},"2":{"start":{"line":21,"column":17},"end":{"line":21,"column":47}},"3":{"start":{"line":24,"column":50},"end":{"line":24,"column":79}},"4":{"start":{"line":25,"column":23},"end":{"line":25,"column":33}},"5":{"start":{"line":26,"column":20},"end":{"line":26,"column":55}},"6":{"start":{"line":27,"column":19},"end":{"line":27,"column":37}},"7":{"start":{"line":29,"column":4},"end":{"line":88,"column":6}},"8":{"start":{"line":33,"column":32},"end":{"line":33,"column":63}},"9":{"start":{"line":34,"column":20},"end":{"line":58,"column":22}},"10":{"start":{"line":39,"column":43},"end":{"line":39,"column":68}},"11":{"start":{"line":51,"column":51},"end":{"line":51,"column":66}},"12":{"start":{"line":72,"column":88},"end":{"line":72,"column":112}},"13":{"start":{"line":91,"column":18},"end":{"line":157,"column":2}},"14":{"start":{"line":91,"column":52},"end":{"line":157,"column":2}}},"fnMap":{"0":{"name":"PhotoGallery","decl":{"start":{"line":23,"column":16},"end":{"line":23,"column":28}},"loc":{"start":{"line":23,"column":95},"end":{"line":89,"column":1}},"line":23},"1":{"name":"(anonymous_1)","decl":{"start":{"line":32,"column":28},"end":{"line":32,"column":29}},"loc":{"start":{"line":32,"column":46},"end":{"line":59,"column":17}},"line":32},"2":{"name":"(anonymous_2)","decl":{"start":{"line":39,"column":37},"end":{"line":39,"column":38}},"loc":{"start":{"line":39,"column":43},"end":{"line":39,"column":68}},"line":39},"3":{"name":"(anonymous_3)","decl":{"start":{"line":51,"column":45},"end":{"line":51,"column":46}},"loc":{"start":{"line":51,"column":51},"end":{"line":51,"column":66}},"line":51},"4":{"name":"(anonymous_4)","decl":{"start":{"line":72,"column":82},"end":{"line":72,"column":83}},"loc":{"start":{"line":72,"column":88},"end":{"line":72,"column":112}},"line":72},"5":{"name":"(anonymous_5)","decl":{"start":{"line":91,"column":18},"end":{"line":91,"column":19}},"loc":{"start":{"line":91,"column":52},"end":{"line":157,"column":2}},"line":91}},"branchMap":{"0":{"loc":{"start":{"line":23,"column":56},"end":{"line":23,"column":72}},"type":"default-arg","locations":[{"start":{"line":23,"column":67},"end":{"line":23,"column":72}}],"line":23},"1":{"loc":{"start":{"line":26,"column":20},"end":{"line":26,"column":55}},"type":"cond-expr","locations":[{"start":{"line":26,"column":29},"end":{"line":26,"column":40}},{"start":{"line":26,"column":43},"end":{"line":26,"column":55}}],"line":26},"2":{"loc":{"start":{"line":42,"column":47},"end":{"line":42,"column":56}},"type":"binary-expr","locations":[{"start":{"line":42,"column":47},"end":{"line":42,"column":50}},{"start":{"line":42,"column":54},"end":{"line":42,"column":56}}],"line":42},"3":{"loc":{"start":{"line":48,"column":29},"end":{"line":56,"column":29}},"type":"binary-expr","locations":[{"start":{"line":48,"column":29},"end":{"line":48,"column":37}},{"start":{"line":48,"column":41},"end":{"line":48,"column":49}},{"start":{"line":49,"column":32},"end":{"line":55,"column":51}}],"line":48},"4":{"loc":{"start":{"line":60,"column":17},"end":{"line":65,"column":17}},"type":"binary-expr","locations":[{"start":{"line":60,"column":17},"end":{"line":60,"column":25}},{"start":{"line":60,"column":29},"end":{"line":60,"column":34}},{"start":{"line":61,"column":20},"end":{"line":64,"column":39}}],"line":60},"5":{"loc":{"start":{"line":69,"column":13},"end":{"line":86,"column":13}},"type":"binary-expr","locations":[{"start":{"line":69,"column":13},"end":{"line":69,"column":37}},{"start":{"line":70,"column":16},"end":{"line":85,"column":24}}],"line":69},"6":{"loc":{"start":{"line":76,"column":43},"end":{"line":76,"column":98}},"type":"binary-expr","locations":[{"start":{"line":76,"column":43},"end":{"line":76,"column":92}},{"start":{"line":76,"column":96},"end":{"line":76,"column":98}}],"line":76}},"s":{"0":1,"1":1,"2":1,"3":0,"4":0,"5":0,"6":0,"7":0,"8":0,"9":0,"10":0,"11":0,"12":0,"13":1,"14":0},"f":{"0":0,"1":0,"2":0,"3":0,"4":0,"5":0},"b":{"0":[0],"1":[0,0],"2":[0,0],"3":[0,0,0],"4":[0,0,0],"5":[0,0],"6":[0,0]},"_coverageSchema":"1a1c01bbd47fc00a2c39e90264f33305004495a9","hash":"36cd032e37acf5b9edc0711f65e3ff59b5ced8d5"}
,"C:\\Users\\tfurt\\source\\repos\\eventosapp\\mobile\\src\\components\\shared\\PremiumButton.tsx": {"path":"C:\\Users\\tfurt\\source\\repos\\eventosapp\\mobile\\src\\components\\shared\\PremiumButton.tsx","statementMap":{"0":{"start":{"line":27,"column":59},"end":{"line":145,"column":1}},"1":{"start":{"line":38,"column":21},"end":{"line":38,"column":31}},"2":{"start":{"line":39,"column":18},"end":{"line":39,"column":53}},"3":{"start":{"line":41,"column":28},"end":{"line":51,"column":3}},"4":{"start":{"line":42,"column":4},"end":{"line":50,"column":5}},"5":{"start":{"line":44,"column":8},"end":{"line":44,"column":79}},"6":{"start":{"line":46,"column":8},"end":{"line":46,"column":80}},"7":{"start":{"line":49,"column":8},"end":{"line":49,"column":80}},"8":{"start":{"line":53,"column":23},"end":{"line":63,"column":3}},"9":{"start":{"line":54,"column":4},"end":{"line":62,"column":5}},"10":{"start":{"line":56,"column":8},"end":{"line":56,"column":51}},"11":{"start":{"line":58,"column":8},"end":{"line":58,"column":51}},"12":{"start":{"line":61,"column":8},"end":{"line":61,"column":51}},"13":{"start":{"line":65,"column":27},"end":{"line":65,"column":46}},"14":{"start":{"line":67,"column":2},"end":{"line":98,"column":3}},"15":{"start":{"line":68,"column":4},"end":{"line":97,"column":6}},"16":{"start":{"line":101,"column":24},"end":{"line":109,"column":3}},"17":{"start":{"line":111,"column":28},"end":{"line":115,"column":3}},"18":{"start":{"line":117,"column":2},"end":{"line":144,"column":4}},"19":{"start":{"line":147,"column":15},"end":{"line":172,"column":2}}},"fnMap":{"0":{"name":"(anonymous_0)","decl":{"start":{"line":27,"column":59},"end":{"line":27,"column":60}},"loc":{"start":{"line":37,"column":6},"end":{"line":145,"column":1}},"line":37},"1":{"name":"(anonymous_1)","decl":{"start":{"line":41,"column":28},"end":{"line":41,"column":29}},"loc":{"start":{"line":41,"column":56},"end":{"line":51,"column":3}},"line":41},"2":{"name":"(anonymous_2)","decl":{"start":{"line":53,"column":23},"end":{"line":53,"column":24}},"loc":{"start":{"line":53,"column":51},"end":{"line":63,"column":3}},"line":53}},"branchMap":{"0":{"loc":{"start":{"line":30,"column":2},"end":{"line":30,"column":21}},"type":"default-arg","locations":[{"start":{"line":30,"column":12},"end":{"line":30,"column":21}}],"line":30},"1":{"loc":{"start":{"line":31,"column":2},"end":{"line":31,"column":17}},"type":"default-arg","locations":[{"start":{"line":31,"column":9},"end":{"line":31,"column":17}}],"line":31},"2":{"loc":{"start":{"line":34,"column":2},"end":{"line":34,"column":17}},"type":"default-arg","locations":[{"start":{"line":34,"column":12},"end":{"line":34,"column":17}}],"line":34},"3":{"loc":{"start":{"line":39,"column":18},"end":{"line":39,"column":53}},"type":"cond-expr","locations":[{"start":{"line":39,"column":27},"end":{"line":39,"column":38}},{"start":{"line":39,"column":41},"end":{"line":39,"column":53}}],"line":39},"4":{"loc":{"start":{"line":42,"column":4},"end":{"line":50,"column":5}},"type":"switch","locations":[{"start":{"line":43,"column":6},"end":{"line":44,"column":79}},{"start":{"line":45,"column":6},"end":{"line":46,"column":80}},{"start":{"line":47,"column":6},"end":{"line":47,"column":20}},{"start":{"line":48,"column":6},"end":{"line":49,"column":80}}],"line":42},"5":{"loc":{"start":{"line":54,"column":4},"end":{"line":62,"column":5}},"type":"switch","locations":[{"start":{"line":55,"column":6},"end":{"line":56,"column":51}},{"start":{"line":57,"column":6},"end":{"line":58,"column":51}},{"start":{"line":59,"column":6},"end":{"line":59,"column":20}},{"start":{"line":60,"column":6},"end":{"line":61,"column":51}}],"line":54},"6":{"loc":{"start":{"line":65,"column":27},"end":{"line":65,"column":46}},"type":"binary-expr","locations":[{"start":{"line":65,"column":27},"end":{"line":65,"column":35}},{"start":{"line":65,"column":39},"end":{"line":65,"column":46}}],"line":65},"7":{"loc":{"start":{"line":67,"column":2},"end":{"line":98,"column":3}},"type":"if","locations":[{"start":{"line":67,"column":2},"end":{"line":98,"column":3}},{"start":{},"end":{}}],"line":67},"8":{"loc":{"start":{"line":77,"column":10},"end":{"line":77,"column":45}},"type":"binary-expr","locations":[{"start":{"line":77,"column":10},"end":{"line":77,"column":26}},{"start":{"line":77,"column":30},"end":{"line":77,"column":45}}],"line":77},"9":{"loc":{"start":{"line":89,"column":11},"end":{"line":89,"column":67}},"type":"binary-expr","locations":[{"start":{"line":89,"column":11},"end":{"line":89,"column":15}},{"start":{"line":89,"column":19},"end":{"line":89,"column":67}}],"line":89},"10":{"loc":{"start":{"line":93,"column":13},"end":{"line":93,"column":44}},"type":"cond-expr","locations":[{"start":{"line":93,"column":23},"end":{"line":93,"column":36}},{"start":{"line":93,"column":39},"end":{"line":93,"column":44}}],"line":93},"11":{"loc":{"start":{"line":126,"column":8},"end":{"line":126,"column":43}},"type":"binary-expr","locations":[{"start":{"line":126,"column":8},"end":{"line":126,"column":24}},{"start":{"line":126,"column":28},"end":{"line":126,"column":43}}],"line":126},"12":{"loc":{"start":{"line":131,"column":9},"end":{"line":131,"column":65}},"type":"binary-expr","locations":[{"start":{"line":131,"column":9},"end":{"line":131,"column":13}},{"start":{"line":131,"column":17},"end":{"line":131,"column":65}}],"line":131},"13":{"loc":{"start":{"line":140,"column":11},"end":{"line":140,"column":42}},"type":"cond-expr","locations":[{"start":{"line":140,"column":21},"end":{"line":140,"column":34}},{"start":{"line":140,"column":37},"end":{"line":140,"column":42}}],"line":140}},"s":{"0":1,"1":0,"2":0,"3":0,"4":0,"5":0,"6":0,"7":0,"8":0,"9":0,"10":0,"11":0,"12":0,"13":0,"14":0,"15":0,"16":0,"17":0,"18":0,"19":1},"f":{"0":0,"1":0,"2":0},"b":{"0":[0],"1":[0],"2":[0],"3":[0,0],"4":[0,0,0,0],"5":[0,0,0,0],"6":[0,0],"7":[0,0],"8":[0,0],"9":[0,0],"10":[0,0],"11":[0,0],"12":[0,0],"13":[0,0]},"_coverageSchema":"1a1c01bbd47fc00a2c39e90264f33305004495a9","hash":"6f357e464688e67680eafe0291ed67281bf3d3ed"}
,"C:\\Users\\tfurt\\source\\repos\\eventosapp\\mobile\\src\\components\\shared\\SegmentedControl.tsx": {"path":"C:\\Users\\tfurt\\source\\repos\\eventosapp\\mobile\\src\\components\\shared\\SegmentedControl.tsx","statementMap":{"0":{"start":{"line":26,"column":21},"end":{"line":26,"column":38}},"1":{"start":{"line":27,"column":23},"end":{"line":27,"column":40}},"2":{"start":{"line":28,"column":21},"end":{"line":28,"column":31}},"3":{"start":{"line":29,"column":18},"end":{"line":29,"column":53}},"4":{"start":{"line":30,"column":17},"end":{"line":30,"column":35}},"5":{"start":{"line":32,"column":23},"end":{"line":42,"column":3}},"6":{"start":{"line":34,"column":20},"end":{"line":34,"column":68}},"7":{"start":{"line":35,"column":6},"end":{"line":35,"column":33}},"8":{"start":{"line":36,"column":6},"end":{"line":39,"column":9}},"9":{"start":{"line":44,"column":22},"end":{"line":57,"column":3}},"10":{"start":{"line":46,"column":6},"end":{"line":46,"column":42}},"11":{"start":{"line":46,"column":35},"end":{"line":46,"column":42}},"12":{"start":{"line":47,"column":6},"end":{"line":50,"column":9}},"13":{"start":{"line":51,"column":6},"end":{"line":53,"column":7}},"14":{"start":{"line":52,"column":8},"end":{"line":52,"column":33}},"15":{"start":{"line":54,"column":6},"end":{"line":54,"column":22}},"16":{"start":{"line":59,"column":25},"end":{"line":62,"column":5}},"17":{"start":{"line":59,"column":49},"end":{"line":62,"column":3}},"18":{"start":{"line":64,"column":2},"end":{"line":85,"column":4}},"19":{"start":{"line":68,"column":8},"end":{"line":82,"column":27}},"20":{"start":{"line":71,"column":25},"end":{"line":71,"column":43}},"21":{"start":{"line":88,"column":18},"end":{"line":123,"column":2}},"22":{"start":{"line":88,"column":52},"end":{"line":123,"column":2}}},"fnMap":{"0":{"name":"SegmentedControl","decl":{"start":{"line":21,"column":16},"end":{"line":21,"column":32}},"loc":{"start":{"line":25,"column":26},"end":{"line":86,"column":1}},"line":25},"1":{"name":"(anonymous_1)","decl":{"start":{"line":33,"column":4},"end":{"line":33,"column":5}},"loc":{"start":{"line":33,"column":34},"end":{"line":40,"column":5}},"line":33},"2":{"name":"(anonymous_2)","decl":{"start":{"line":45,"column":4},"end":{"line":45,"column":5}},"loc":{"start":{"line":45,"column":23},"end":{"line":55,"column":5}},"line":45},"3":{"name":"(anonymous_3)","decl":{"start":{"line":59,"column":42},"end":{"line":59,"column":43}},"loc":{"start":{"line":59,"column":49},"end":{"line":62,"column":3}},"line":59},"4":{"name":"(anonymous_4)","decl":{"start":{"line":67,"column":20},"end":{"line":67,"column":21}},"loc":{"start":{"line":68,"column":8},"end":{"line":82,"column":27}},"line":68},"5":{"name":"(anonymous_5)","decl":{"start":{"line":71,"column":19},"end":{"line":71,"column":20}},"loc":{"start":{"line":71,"column":25},"end":{"line":71,"column":43}},"line":71},"6":{"name":"(anonymous_6)","decl":{"start":{"line":88,"column":18},"end":{"line":88,"column":19}},"loc":{"start":{"line":88,"column":52},"end":{"line":123,"column":2}},"line":88}},"branchMap":{"0":{"loc":{"start":{"line":29,"column":18},"end":{"line":29,"column":53}},"type":"cond-expr","locations":[{"start":{"line":29,"column":27},"end":{"line":29,"column":38}},{"start":{"line":29,"column":41},"end":{"line":29,"column":53}}],"line":29},"1":{"loc":{"start":{"line":46,"column":6},"end":{"line":46,"column":42}},"type":"if","locations":[{"start":{"line":46,"column":6},"end":{"line":46,"column":42}},{"start":{},"end":{}}],"line":46},"2":{"loc":{"start":{"line":51,"column":6},"end":{"line":53,"column":7}},"type":"if","locations":[{"start":{"line":51,"column":6},"end":{"line":53,"column":7}},{"start":{},"end":{}}],"line":51},"3":{"loc":{"start":{"line":77,"column":14},"end":{"line":77,"column":65}},"type":"binary-expr","locations":[{"start":{"line":77,"column":14},"end":{"line":77,"column":37}},{"start":{"line":77,"column":41},"end":{"line":77,"column":65}}],"line":77}},"s":{"0":0,"1":0,"2":0,"3":0,"4":0,"5":0,"6":0,"7":0,"8":0,"9":0,"10":0,"11":0,"12":0,"13":0,"14":0,"15":0,"16":0,"17":0,"18":0,"19":0,"20":0,"21":1,"22":0},"f":{"0":0,"1":0,"2":0,"3":0,"4":0,"5":0,"6":0},"b":{"0":[0,0],"1":[0,0],"2":[0,0],"3":[0,0]},"_coverageSchema":"1a1c01bbd47fc00a2c39e90264f33305004495a9","hash":"0aae2da6b4df0e124de11a4793600b370e373897"}
,"C:\\Users\\tfurt\\source\\repos\\eventosapp\\mobile\\src\\components\\shared\\Skeleton.tsx": {"path":"C:\\Users\\tfurt\\source\\repos\\eventosapp\\mobile\\src\\components\\shared\\Skeleton.tsx","statementMap":{"0":{"start":{"line":22,"column":18},"end":{"line":22,"column":35}},"1":{"start":{"line":23,"column":21},"end":{"line":23,"column":31}},"2":{"start":{"line":24,"column":18},"end":{"line":24,"column":53}},"3":{"start":{"line":26,"column":2},"end":{"line":32,"column":9}},"4":{"start":{"line":27,"column":4},"end":{"line":31,"column":6}},"5":{"start":{"line":34,"column":24},"end":{"line":36,"column":5}},"6":{"start":{"line":34,"column":48},"end":{"line":36,"column":3}},"7":{"start":{"line":38,"column":2},"end":{"line":51,"column":4}},"8":{"start":{"line":55,"column":2},"end":{"line":55,"column":87}},"9":{"start":{"line":59,"column":2},"end":{"line":59,"column":77}},"10":{"start":{"line":68,"column":21},"end":{"line":68,"column":31}},"11":{"start":{"line":69,"column":18},"end":{"line":69,"column":53}},"12":{"start":{"line":70,"column":25},"end":{"line":70,"column":51}},"13":{"start":{"line":72,"column":2},"end":{"line":89,"column":4}},"14":{"start":{"line":79,"column":12},"end":{"line":84,"column":14}},"15":{"start":{"line":93,"column":21},"end":{"line":93,"column":31}},"16":{"start":{"line":94,"column":18},"end":{"line":94,"column":53}},"17":{"start":{"line":95,"column":25},"end":{"line":95,"column":51}},"18":{"start":{"line":97,"column":2},"end":{"line":105,"column":4}},"19":{"start":{"line":100,"column":8},"end":{"line":102,"column":15}},"20":{"start":{"line":108,"column":26},"end":{"line":127,"column":2}},"21":{"start":{"line":108,"column":60},"end":{"line":127,"column":2}}},"fnMap":{"0":{"name":"SkeletonBase","decl":{"start":{"line":21,"column":9},"end":{"line":21,"column":21}},"loc":{"start":{"line":21,"column":86},"end":{"line":52,"column":1}},"line":21},"1":{"name":"(anonymous_1)","decl":{"start":{"line":26,"column":12},"end":{"line":26,"column":13}},"loc":{"start":{"line":26,"column":18},"end":{"line":32,"column":3}},"line":26},"2":{"name":"(anonymous_2)","decl":{"start":{"line":34,"column":41},"end":{"line":34,"column":42}},"loc":{"start":{"line":34,"column":48},"end":{"line":36,"column":3}},"line":34},"3":{"name":"SkeletonLine","decl":{"start":{"line":54,"column":16},"end":{"line":54,"column":28}},"loc":{"start":{"line":54,"column":84},"end":{"line":56,"column":1}},"line":54},"4":{"name":"SkeletonCircle","decl":{"start":{"line":58,"column":16},"end":{"line":58,"column":30}},"loc":{"start":{"line":58,"column":65},"end":{"line":60,"column":1}},"line":58},"5":{"name":"SkeletonCard","decl":{"start":{"line":67,"column":16},"end":{"line":67,"column":28}},"loc":{"start":{"line":67,"column":83},"end":{"line":90,"column":1}},"line":67},"6":{"name":"(anonymous_6)","decl":{"start":{"line":78,"column":49},"end":{"line":78,"column":50}},"loc":{"start":{"line":79,"column":12},"end":{"line":84,"column":14}},"line":79},"7":{"name":"SkeletonList","decl":{"start":{"line":92,"column":16},"end":{"line":92,"column":28}},"loc":{"start":{"line":92,"column":106},"end":{"line":106,"column":1}},"line":92},"8":{"name":"(anonymous_8)","decl":{"start":{"line":99,"column":41},"end":{"line":99,"column":42}},"loc":{"start":{"line":100,"column":8},"end":{"line":102,"column":15}},"line":100},"9":{"name":"(anonymous_9)","decl":{"start":{"line":108,"column":26},"end":{"line":108,"column":27}},"loc":{"start":{"line":108,"column":60},"end":{"line":127,"column":2}},"line":108}},"branchMap":{"0":{"loc":{"start":{"line":21,"column":31},"end":{"line":21,"column":42}},"type":"default-arg","locations":[{"start":{"line":21,"column":40},"end":{"line":21,"column":42}}],"line":21},"1":{"loc":{"start":{"line":21,"column":44},"end":{"line":21,"column":60}},"type":"default-arg","locations":[{"start":{"line":21,"column":59},"end":{"line":21,"column":60}}],"line":21},"2":{"loc":{"start":{"line":24,"column":18},"end":{"line":24,"column":53}},"type":"cond-expr","locations":[{"start":{"line":24,"column":27},"end":{"line":24,"column":38}},{"start":{"line":24,"column":41},"end":{"line":24,"column":53}}],"line":24},"3":{"loc":{"start":{"line":54,"column":31},"end":{"line":54,"column":45}},"type":"default-arg","locations":[{"start":{"line":54,"column":39},"end":{"line":54,"column":45}}],"line":54},"4":{"loc":{"start":{"line":54,"column":47},"end":{"line":54,"column":58}},"type":"default-arg","locations":[{"start":{"line":54,"column":56},"end":{"line":54,"column":58}}],"line":54},"5":{"loc":{"start":{"line":58,"column":33},"end":{"line":58,"column":42}},"type":"default-arg","locations":[{"start":{"line":58,"column":40},"end":{"line":58,"column":42}}],"line":58},"6":{"loc":{"start":{"line":67,"column":31},"end":{"line":67,"column":40}},"type":"default-arg","locations":[{"start":{"line":67,"column":39},"end":{"line":67,"column":40}}],"line":67},"7":{"loc":{"start":{"line":67,"column":42},"end":{"line":67,"column":60}},"type":"default-arg","locations":[{"start":{"line":67,"column":55},"end":{"line":67,"column":60}}],"line":67},"8":{"loc":{"start":{"line":69,"column":18},"end":{"line":69,"column":53}},"type":"cond-expr","locations":[{"start":{"line":69,"column":27},"end":{"line":69,"column":38}},{"start":{"line":69,"column":41},"end":{"line":69,"column":53}}],"line":69},"9":{"loc":{"start":{"line":75,"column":9},"end":{"line":75,"column":51}},"type":"binary-expr","locations":[{"start":{"line":75,"column":9},"end":{"line":75,"column":19}},{"start":{"line":75,"column":23},"end":{"line":75,"column":51}}],"line":75},"10":{"loc":{"start":{"line":81,"column":21},"end":{"line":81,"column":44}},"type":"cond-expr","locations":[{"start":{"line":81,"column":31},"end":{"line":81,"column":36}},{"start":{"line":81,"column":39},"end":{"line":81,"column":44}}],"line":81},"11":{"loc":{"start":{"line":92,"column":31},"end":{"line":92,"column":40}},"type":"default-arg","locations":[{"start":{"line":92,"column":39},"end":{"line":92,"column":40}}],"line":92},"12":{"loc":{"start":{"line":92,"column":42},"end":{"line":92,"column":60}},"type":"default-arg","locations":[{"start":{"line":92,"column":55},"end":{"line":92,"column":60}}],"line":92},"13":{"loc":{"start":{"line":94,"column":18},"end":{"line":94,"column":53}},"type":"cond-expr","locations":[{"start":{"line":94,"column":27},"end":{"line":94,"column":38}},{"start":{"line":94,"column":41},"end":{"line":94,"column":53}}],"line":94}},"s":{"0":0,"1":0,"2":0,"3":0,"4":0,"5":0,"6":0,"7":0,"8":0,"9":0,"10":0,"11":0,"12":0,"13":0,"14":0,"15":0,"16":0,"17":0,"18":0,"19":0,"20":1,"21":0},"f":{"0":0,"1":0,"2":0,"3":0,"4":0,"5":0,"6":0,"7":0,"8":0,"9":0},"b":{"0":[0],"1":[0],"2":[0,0],"3":[0],"4":[0],"5":[0],"6":[0],"7":[0],"8":[0,0],"9":[0,0],"10":[0,0],"11":[0],"12":[0],"13":[0,0]},"_coverageSchema":"1a1c01bbd47fc00a2c39e90264f33305004495a9","hash":"278ac1a11b742ca826a284bc92c789a22338ea40"}
,"C:\\Users\\tfurt\\source\\repos\\eventosapp\\mobile\\src\\components\\shared\\SortSelector.tsx": {"path":"C:\\Users\\tfurt\\source\\repos\\eventosapp\\mobile\\src\\components\\shared\\SortSelector.tsx","statementMap":{"0":{"start":{"line":33,"column":36},"end":{"line":33,"column":51}},"1":{"start":{"line":34,"column":21},"end":{"line":34,"column":31}},"2":{"start":{"line":35,"column":18},"end":{"line":35,"column":53}},"3":{"start":{"line":36,"column":17},"end":{"line":36,"column":35}},"4":{"start":{"line":38,"column":23},"end":{"line":38,"column":74}},"5":{"start":{"line":38,"column":43},"end":{"line":38,"column":60}},"6":{"start":{"line":40,"column":23},"end":{"line":47,"column":3}},"7":{"start":{"line":41,"column":4},"end":{"line":45,"column":5}},"8":{"start":{"line":42,"column":6},"end":{"line":42,"column":56}},"9":{"start":{"line":44,"column":6},"end":{"line":44,"column":25}},"10":{"start":{"line":46,"column":4},"end":{"line":46,"column":24}},"11":{"start":{"line":49,"column":2},"end":{"line":104,"column":4}},"12":{"start":{"line":53,"column":23},"end":{"line":53,"column":41}},"13":{"start":{"line":69,"column":23},"end":{"line":69,"column":42}},"14":{"start":{"line":75,"column":29},"end":{"line":75,"column":48}},"15":{"start":{"line":76,"column":12},"end":{"line":99,"column":14}},"16":{"start":{"line":80,"column":31},"end":{"line":80,"column":52}},"17":{"start":{"line":107,"column":18},"end":{"line":154,"column":4}},"18":{"start":{"line":108,"column":2},"end":{"line":154,"column":4}}},"fnMap":{"0":{"name":"SortSelector","decl":{"start":{"line":27,"column":16},"end":{"line":27,"column":28}},"loc":{"start":{"line":32,"column":22},"end":{"line":105,"column":1}},"line":32},"1":{"name":"(anonymous_1)","decl":{"start":{"line":38,"column":36},"end":{"line":38,"column":37}},"loc":{"start":{"line":38,"column":43},"end":{"line":38,"column":60}},"line":38},"2":{"name":"(anonymous_2)","decl":{"start":{"line":40,"column":23},"end":{"line":40,"column":24}},"loc":{"start":{"line":40,"column":40},"end":{"line":47,"column":3}},"line":40},"3":{"name":"(anonymous_3)","decl":{"start":{"line":53,"column":17},"end":{"line":53,"column":18}},"loc":{"start":{"line":53,"column":23},"end":{"line":53,"column":41}},"line":53},"4":{"name":"(anonymous_4)","decl":{"start":{"line":69,"column":17},"end":{"line":69,"column":18}},"loc":{"start":{"line":69,"column":23},"end":{"line":69,"column":42}},"line":69},"5":{"name":"(anonymous_5)","decl":{"start":{"line":74,"column":23},"end":{"line":74,"column":24}},"loc":{"start":{"line":74,"column":32},"end":{"line":100,"column":11}},"line":74},"6":{"name":"(anonymous_6)","decl":{"start":{"line":80,"column":25},"end":{"line":80,"column":26}},"loc":{"start":{"line":80,"column":31},"end":{"line":80,"column":52}},"line":80},"7":{"name":"(anonymous_7)","decl":{"start":{"line":107,"column":18},"end":{"line":107,"column":19}},"loc":{"start":{"line":108,"column":2},"end":{"line":154,"column":4}},"line":108}},"branchMap":{"0":{"loc":{"start":{"line":35,"column":18},"end":{"line":35,"column":53}},"type":"cond-expr","locations":[{"start":{"line":35,"column":27},"end":{"line":35,"column":38}},{"start":{"line":35,"column":41},"end":{"line":35,"column":53}}],"line":35},"1":{"loc":{"start":{"line":38,"column":23},"end":{"line":38,"column":74}},"type":"binary-expr","locations":[{"start":{"line":38,"column":23},"end":{"line":38,"column":68}},{"start":{"line":38,"column":72},"end":{"line":38,"column":74}}],"line":38},"2":{"loc":{"start":{"line":41,"column":4},"end":{"line":45,"column":5}},"type":"if","locations":[{"start":{"line":41,"column":4},"end":{"line":45,"column":5}},{"start":{"line":43,"column":11},"end":{"line":45,"column":5}}],"line":41},"3":{"loc":{"start":{"line":42,"column":18},"end":{"line":42,"column":54}},"type":"cond-expr","locations":[{"start":{"line":42,"column":40},"end":{"line":42,"column":46}},{"start":{"line":42,"column":49},"end":{"line":42,"column":54}}],"line":42},"4":{"loc":{"start":{"line":60,"column":9},"end":{"line":64,"column":9}},"type":"cond-expr","locations":[{"start":{"line":61,"column":10},"end":{"line":61,"column":61}},{"start":{"line":63,"column":10},"end":{"line":63,"column":63}}],"line":60},"5":{"loc":{"start":{"line":79,"column":39},"end":{"line":79,"column":70}},"type":"binary-expr","locations":[{"start":{"line":79,"column":39},"end":{"line":79,"column":47}},{"start":{"line":79,"column":51},"end":{"line":79,"column":70}}],"line":79},"6":{"loc":{"start":{"line":86,"column":20},"end":{"line":86,"column":55}},"type":"binary-expr","locations":[{"start":{"line":86,"column":20},"end":{"line":86,"column":28}},{"start":{"line":86,"column":32},"end":{"line":86,"column":55}}],"line":86},"7":{"loc":{"start":{"line":91,"column":17},"end":{"line":97,"column":17}},"type":"binary-expr","locations":[{"start":{"line":91,"column":17},"end":{"line":91,"column":25}},{"start":{"line":92,"column":18},"end":{"line":96,"column":19}}],"line":91},"8":{"loc":{"start":{"line":92,"column":18},"end":{"line":96,"column":19}},"type":"cond-expr","locations":[{"start":{"line":93,"column":20},"end":{"line":93,"column":65}},{"start":{"line":95,"column":20},"end":{"line":95,"column":67}}],"line":92}},"s":{"0":0,"1":0,"2":0,"3":0,"4":0,"5":0,"6":0,"7":0,"8":0,"9":0,"10":0,"11":0,"12":0,"13":0,"14":0,"15":0,"16":0,"17":1,"18":0},"f":{"0":0,"1":0,"2":0,"3":0,"4":0,"5":0,"6":0,"7":0},"b":{"0":[0,0],"1":[0,0],"2":[0,0],"3":[0,0],"4":[0,0],"5":[0,0],"6":[0,0],"7":[0,0],"8":[0,0]},"_coverageSchema":"1a1c01bbd47fc00a2c39e90264f33305004495a9","hash":"5c6c70f993906fc6779bf99cfa3a8f0f096aafee"}
,"C:\\Users\\tfurt\\source\\repos\\eventosapp\\mobile\\src\\components\\shared\\SwipeableRow.tsx": {"path":"C:\\Users\\tfurt\\source\\repos\\eventosapp\\mobile\\src\\components\\shared\\SwipeableRow.tsx","statementMap":{"0":{"start":{"line":38,"column":23},"end":{"line":38,"column":46}},"1":{"start":{"line":39,"column":21},"end":{"line":39,"column":31}},"2":{"start":{"line":40,"column":18},"end":{"line":40,"column":53}},"3":{"start":{"line":41,"column":17},"end":{"line":41,"column":35}},"4":{"start":{"line":43,"column":16},"end":{"line":45,"column":8}},"5":{"start":{"line":44,"column":4},"end":{"line":44,"column":34}},"6":{"start":{"line":47,"column":23},"end":{"line":56,"column":3}},"7":{"start":{"line":49,"column":6},"end":{"line":49,"column":14}},"8":{"start":{"line":50,"column":6},"end":{"line":52,"column":7}},"9":{"start":{"line":51,"column":8},"end":{"line":51,"column":64}},"10":{"start":{"line":53,"column":6},"end":{"line":53,"column":15}},"11":{"start":{"line":58,"column":29},"end":{"line":105,"column":69}},"12":{"start":{"line":59,"column":20},"end":{"line":59,"column":38}},"13":{"start":{"line":61,"column":4},"end":{"line":80,"column":5}},"14":{"start":{"line":62,"column":6},"end":{"line":70,"column":7}},"15":{"start":{"line":63,"column":8},"end":{"line":69,"column":11}},"16":{"start":{"line":71,"column":6},"end":{"line":79,"column":7}},"17":{"start":{"line":72,"column":8},"end":{"line":78,"column":11}},"18":{"start":{"line":82,"column":4},"end":{"line":82,"column":42}},"19":{"start":{"line":82,"column":30},"end":{"line":82,"column":42}},"20":{"start":{"line":84,"column":4},"end":{"line":104,"column":6}},"21":{"start":{"line":87,"column":10},"end":{"line":101,"column":29}},"22":{"start":{"line":90,"column":27},"end":{"line":90,"column":55}},"23":{"start":{"line":107,"column":2},"end":{"line":117,"column":4}},"24":{"start":{"line":120,"column":18},"end":{"line":136,"column":2}},"25":{"start":{"line":120,"column":52},"end":{"line":136,"column":2}}},"fnMap":{"0":{"name":"SwipeableRow","decl":{"start":{"line":32,"column":16},"end":{"line":32,"column":28}},"loc":{"start":{"line":37,"column":22},"end":{"line":118,"column":1}},"line":37},"1":{"name":"(anonymous_1)","decl":{"start":{"line":43,"column":28},"end":{"line":43,"column":29}},"loc":{"start":{"line":43,"column":34},"end":{"line":45,"column":3}},"line":43},"2":{"name":"(anonymous_2)","decl":{"start":{"line":48,"column":4},"end":{"line":48,"column":5}},"loc":{"start":{"line":48,"column":28},"end":{"line":54,"column":5}},"line":48},"3":{"name":"(anonymous_3)","decl":{"start":{"line":58,"column":41},"end":{"line":58,"column":42}},"loc":{"start":{"line":58,"column":47},"end":{"line":105,"column":3}},"line":58},"4":{"name":"(anonymous_4)","decl":{"start":{"line":86,"column":21},"end":{"line":86,"column":22}},"loc":{"start":{"line":87,"column":10},"end":{"line":101,"column":29}},"line":87},"5":{"name":"(anonymous_5)","decl":{"start":{"line":90,"column":21},"end":{"line":90,"column":22}},"loc":{"start":{"line":90,"column":27},"end":{"line":90,"column":55}},"line":90},"6":{"name":"(anonymous_6)","decl":{"start":{"line":120,"column":18},"end":{"line":120,"column":19}},"loc":{"start":{"line":120,"column":52},"end":{"line":136,"column":2}},"line":120}},"branchMap":{"0":{"loc":{"start":{"line":40,"column":18},"end":{"line":40,"column":53}},"type":"cond-expr","locations":[{"start":{"line":40,"column":27},"end":{"line":40,"column":38}},{"start":{"line":40,"column":41},"end":{"line":40,"column":53}}],"line":40},"1":{"loc":{"start":{"line":50,"column":6},"end":{"line":52,"column":7}},"type":"if","locations":[{"start":{"line":50,"column":6},"end":{"line":52,"column":7}},{"start":{},"end":{}}],"line":50},"2":{"loc":{"start":{"line":59,"column":20},"end":{"line":59,"column":38}},"type":"binary-expr","locations":[{"start":{"line":59,"column":20},"end":{"line":59,"column":32}},{"start":{"line":59,"column":36},"end":{"line":59,"column":38}}],"line":59},"3":{"loc":{"start":{"line":61,"column":4},"end":{"line":80,"column":5}},"type":"if","locations":[{"start":{"line":61,"column":4},"end":{"line":80,"column":5}},{"start":{},"end":{}}],"line":61},"4":{"loc":{"start":{"line":62,"column":6},"end":{"line":70,"column":7}},"type":"if","locations":[{"start":{"line":62,"column":6},"end":{"line":70,"column":7}},{"start":{},"end":{}}],"line":62},"5":{"loc":{"start":{"line":71,"column":6},"end":{"line":79,"column":7}},"type":"if","locations":[{"start":{"line":71,"column":6},"end":{"line":79,"column":7}},{"start":{},"end":{}}],"line":71},"6":{"loc":{"start":{"line":82,"column":4},"end":{"line":82,"column":42}},"type":"if","locations":[{"start":{"line":82,"column":4},"end":{"line":82,"column":42}},{"start":{},"end":{}}],"line":82},"7":{"loc":{"start":{"line":93,"column":13},"end":{"line":97,"column":13}},"type":"cond-expr","locations":[{"start":{"line":94,"column":14},"end":{"line":94,"column":54}},{"start":{"line":96,"column":14},"end":{"line":96,"column":55}}],"line":93}},"s":{"0":0,"1":0,"2":0,"3":0,"4":0,"5":0,"6":0,"7":0,"8":0,"9":0,"10":0,"11":0,"12":0,"13":0,"14":0,"15":0,"16":0,"17":0,"18":0,"19":0,"20":0,"21":0,"22":0,"23":0,"24":1,"25":0},"f":{"0":0,"1":0,"2":0,"3":0,"4":0,"5":0,"6":0},"b":{"0":[0,0],"1":[0,0],"2":[0,0],"3":[0,0],"4":[0,0],"5":[0,0],"6":[0,0],"7":[0,0]},"_coverageSchema":"1a1c01bbd47fc00a2c39e90264f33305004495a9","hash":"88c315da06b1b6c705a823392659bc767944cb1e"}
,"C:\\Users\\tfurt\\source\\repos\\eventosapp\\mobile\\src\\components\\shared\\ToastContainer.tsx": {"path":"C:\\Users\\tfurt\\source\\repos\\eventosapp\\mobile\\src\\components\\shared\\ToastContainer.tsx","statementMap":{"0":{"start":{"line":18,"column":18},"end":{"line":18,"column":42}},"1":{"start":{"line":33,"column":21},"end":{"line":33,"column":60}},"2":{"start":{"line":34,"column":18},"end":{"line":34,"column":55}},"3":{"start":{"line":35,"column":17},"end":{"line":35,"column":35}},"4":{"start":{"line":37,"column":20},"end":{"line":37,"column":39}},"5":{"start":{"line":38,"column":55},"end":{"line":42,"column":3}},"6":{"start":{"line":44,"column":44},"end":{"line":48,"column":3}},"7":{"start":{"line":50,"column":2},"end":{"line":64,"column":9}},"8":{"start":{"line":51,"column":4},"end":{"line":63,"column":15}},"9":{"start":{"line":66,"column":2},"end":{"line":81,"column":4}},"10":{"start":{"line":77,"column":39},"end":{"line":77,"column":52}},"11":{"start":{"line":85,"column":34},"end":{"line":85,"column":44}},"12":{"start":{"line":86,"column":21},"end":{"line":86,"column":31}},"13":{"start":{"line":87,"column":18},"end":{"line":87,"column":53}},"14":{"start":{"line":88,"column":17},"end":{"line":88,"column":35}},"15":{"start":{"line":90,"column":2},"end":{"line":90,"column":39}},"16":{"start":{"line":90,"column":27},"end":{"line":90,"column":39}},"17":{"start":{"line":92,"column":2},"end":{"line":105,"column":4}},"18":{"start":{"line":95,"column":8},"end":{"line":102,"column":10}},"19":{"start":{"line":108,"column":18},"end":{"line":133,"column":2}},"20":{"start":{"line":108,"column":52},"end":{"line":133,"column":2}}},"fnMap":{"0":{"name":"ToastItem","decl":{"start":{"line":20,"column":9},"end":{"line":20,"column":18}},"loc":{"start":{"line":32,"column":3},"end":{"line":82,"column":1}},"line":32},"1":{"name":"(anonymous_1)","decl":{"start":{"line":50,"column":12},"end":{"line":50,"column":13}},"loc":{"start":{"line":50,"column":18},"end":{"line":64,"column":3}},"line":50},"2":{"name":"(anonymous_2)","decl":{"start":{"line":77,"column":33},"end":{"line":77,"column":34}},"loc":{"start":{"line":77,"column":39},"end":{"line":77,"column":52}},"line":77},"3":{"name":"ToastContainer","decl":{"start":{"line":84,"column":24},"end":{"line":84,"column":38}},"loc":{"start":{"line":84,"column":41},"end":{"line":106,"column":1}},"line":84},"4":{"name":"(anonymous_4)","decl":{"start":{"line":94,"column":18},"end":{"line":94,"column":19}},"loc":{"start":{"line":95,"column":8},"end":{"line":102,"column":10}},"line":95},"5":{"name":"(anonymous_5)","decl":{"start":{"line":108,"column":18},"end":{"line":108,"column":19}},"loc":{"start":{"line":108,"column":52},"end":{"line":133,"column":2}},"line":108}},"branchMap":{"0":{"loc":{"start":{"line":87,"column":18},"end":{"line":87,"column":53}},"type":"cond-expr","locations":[{"start":{"line":87,"column":27},"end":{"line":87,"column":38}},{"start":{"line":87,"column":41},"end":{"line":87,"column":53}}],"line":87},"1":{"loc":{"start":{"line":90,"column":2},"end":{"line":90,"column":39}},"type":"if","locations":[{"start":{"line":90,"column":2},"end":{"line":90,"column":39}},{"start":{},"end":{}}],"line":90}},"s":{"0":1,"1":0,"2":0,"3":0,"4":0,"5":0,"6":0,"7":0,"8":0,"9":0,"10":0,"11":0,"12":0,"13":0,"14":0,"15":0,"16":0,"17":0,"18":0,"19":1,"20":0},"f":{"0":0,"1":0,"2":0,"3":0,"4":0,"5":0},"b":{"0":[0,0],"1":[0,0]},"_coverageSchema":"1a1c01bbd47fc00a2c39e90264f33305004495a9","hash":"ece3352c8e26bcab645032ca9526929069895c3b"}
,"C:\\Users\\tfurt\\source\\repos\\eventosapp\\mobile\\src\\components\\shared\\UpgradeBanner.tsx": {"path":"C:\\Users\\tfurt\\source\\repos\\eventosapp\\mobile\\src\\components\\shared\\UpgradeBanner.tsx","statementMap":{"0":{"start":{"line":25,"column":21},"end":{"line":25,"column":31}},"1":{"start":{"line":26,"column":18},"end":{"line":26,"column":53}},"2":{"start":{"line":27,"column":17},"end":{"line":27,"column":35}},"3":{"start":{"line":29,"column":25},"end":{"line":29,"column":49}},"4":{"start":{"line":31,"column":16},"end":{"line":33,"column":30}},"5":{"start":{"line":35,"column":22},"end":{"line":37,"column":75}},"6":{"start":{"line":39,"column":2},"end":{"line":76,"column":4}},"7":{"start":{"line":79,"column":18},"end":{"line":125,"column":2}},"8":{"start":{"line":79,"column":52},"end":{"line":125,"column":2}}},"fnMap":{"0":{"name":"UpgradeBanner","decl":{"start":{"line":18,"column":24},"end":{"line":18,"column":37}},"loc":{"start":{"line":24,"column":23},"end":{"line":77,"column":1}},"line":24},"1":{"name":"(anonymous_1)","decl":{"start":{"line":79,"column":18},"end":{"line":79,"column":19}},"loc":{"start":{"line":79,"column":52},"end":{"line":125,"column":2}},"line":79}},"branchMap":{"0":{"loc":{"start":{"line":26,"column":18},"end":{"line":26,"column":53}},"type":"cond-expr","locations":[{"start":{"line":26,"column":27},"end":{"line":26,"column":38}},{"start":{"line":26,"column":41},"end":{"line":26,"column":53}}],"line":26},"1":{"loc":{"start":{"line":31,"column":16},"end":{"line":33,"column":30}},"type":"cond-expr","locations":[{"start":{"line":32,"column":6},"end":{"line":32,"column":59}},{"start":{"line":33,"column":6},"end":{"line":33,"column":30}}],"line":31},"2":{"loc":{"start":{"line":32,"column":25},"end":{"line":32,"column":57}},"type":"cond-expr","locations":[{"start":{"line":32,"column":36},"end":{"line":32,"column":52}},{"start":{"line":32,"column":55},"end":{"line":32,"column":57}}],"line":32},"3":{"loc":{"start":{"line":35,"column":22},"end":{"line":37,"column":75}},"type":"cond-expr","locations":[{"start":{"line":36,"column":6},"end":{"line":36,"column":94}},{"start":{"line":37,"column":6},"end":{"line":37,"column":75}}],"line":35},"4":{"loc":{"start":{"line":36,"column":19},"end":{"line":36,"column":38}},"type":"binary-expr","locations":[{"start":{"line":36,"column":19},"end":{"line":36,"column":31}},{"start":{"line":36,"column":35},"end":{"line":36,"column":38}}],"line":36},"5":{"loc":{"start":{"line":36,"column":45},"end":{"line":36,"column":57}},"type":"binary-expr","locations":[{"start":{"line":36,"column":45},"end":{"line":36,"column":50}},{"start":{"line":36,"column":54},"end":{"line":36,"column":57}}],"line":36},"6":{"loc":{"start":{"line":43,"column":8},"end":{"line":43,"column":60}},"type":"cond-expr","locations":[{"start":{"line":43,"column":25},"end":{"line":43,"column":44}},{"start":{"line":43,"column":47},"end":{"line":43,"column":60}}],"line":43},"7":{"loc":{"start":{"line":49,"column":19},"end":{"line":49,"column":69}},"type":"cond-expr","locations":[{"start":{"line":49,"column":36},"end":{"line":49,"column":51}},{"start":{"line":49,"column":54},"end":{"line":49,"column":69}}],"line":49},"8":{"loc":{"start":{"line":55,"column":23},"end":{"line":55,"column":70}},"type":"cond-expr","locations":[{"start":{"line":55,"column":40},"end":{"line":55,"column":55}},{"start":{"line":55,"column":58},"end":{"line":55,"column":70}}],"line":55},"9":{"loc":{"start":{"line":62,"column":9},"end":{"line":73,"column":9}},"type":"binary-expr","locations":[{"start":{"line":62,"column":9},"end":{"line":62,"column":18}},{"start":{"line":63,"column":10},"end":{"line":72,"column":29}}],"line":62},"10":{"loc":{"start":{"line":66,"column":14},"end":{"line":66,"column":71}},"type":"cond-expr","locations":[{"start":{"line":66,"column":31},"end":{"line":66,"column":49}},{"start":{"line":66,"column":52},"end":{"line":66,"column":71}}],"line":66}},"s":{"0":0,"1":0,"2":0,"3":0,"4":0,"5":0,"6":0,"7":1,"8":0},"f":{"0":0,"1":0},"b":{"0":[0,0],"1":[0,0],"2":[0,0],"3":[0,0],"4":[0,0],"5":[0,0],"6":[0,0],"7":[0,0],"8":[0,0],"9":[0,0],"10":[0,0]},"_coverageSchema":"1a1c01bbd47fc00a2c39e90264f33305004495a9","hash":"85dd2263cb9c302cdb3e9295e4e876ed3838294a"}
,"C:\\Users\\tfurt\\source\\repos\\eventosapp\\mobile\\src\\components\\shared\\index.ts": {"path":"C:\\Users\\tfurt\\source\\repos\\eventosapp\\mobile\\src\\components\\shared\\index.ts","statementMap":{},"fnMap":{},"branchMap":{},"s":{},"f":{},"b":{},"_coverageSchema":"1a1c01bbd47fc00a2c39e90264f33305004495a9","hash":"9e9ff079b8cb179fb96de37ce90a2b4cf107e17e"}
,"C:\\Users\\tfurt\\source\\repos\\eventosapp\\mobile\\src\\hooks\\useTheme.tsx": {"path":"C:\\Users\\tfurt\\source\\repos\\eventosapp\\mobile\\src\\hooks\\useTheme.tsx","statementMap":{"0":{"start":{"line":7,"column":18},"end":{"line":7,"column":29}},"1":{"start":{"line":17,"column":28},"end":{"line":17,"column":73}},"2":{"start":{"line":20,"column":25},"end":{"line":20,"column":41}},"3":{"start":{"line":21,"column":40},"end":{"line":21,"column":65}},"4":{"start":{"line":22,"column":32},"end":{"line":22,"column":47}},"5":{"start":{"line":24,"column":4},"end":{"line":31,"column":11}},"6":{"start":{"line":25,"column":8},"end":{"line":30,"column":11}},"7":{"start":{"line":26,"column":12},"end":{"line":28,"column":13}},"8":{"start":{"line":27,"column":16},"end":{"line":27,"column":37}},"9":{"start":{"line":29,"column":12},"end":{"line":29,"column":28}},"10":{"start":{"line":33,"column":27},"end":{"line":33,"column":69}},"11":{"start":{"line":35,"column":8},"end":{"line":35,"column":61}},"12":{"start":{"line":37,"column":24},"end":{"line":41,"column":23}},"13":{"start":{"line":38,"column":39},"end":{"line":38,"column":83}},"14":{"start":{"line":39,"column":8},"end":{"line":39,"column":28}},"15":{"start":{"line":40,"column":8},"end":{"line":40,"column":50}},"16":{"start":{"line":43,"column":4},"end":{"line":53,"column":6}},"17":{"start":{"line":57,"column":16},"end":{"line":57,"column":40}},"18":{"start":{"line":58,"column":4},"end":{"line":58,"column":76}},"19":{"start":{"line":58,"column":14},"end":{"line":58,"column":76}},"20":{"start":{"line":59,"column":4},"end":{"line":59,"column":15}}},"fnMap":{"0":{"name":"ThemeProvider","decl":{"start":{"line":19,"column":16},"end":{"line":19,"column":29}},"loc":{"start":{"line":19,"column":75},"end":{"line":54,"column":1}},"line":19},"1":{"name":"(anonymous_1)","decl":{"start":{"line":24,"column":14},"end":{"line":24,"column":15}},"loc":{"start":{"line":24,"column":20},"end":{"line":31,"column":5}},"line":24},"2":{"name":"(anonymous_2)","decl":{"start":{"line":25,"column":49},"end":{"line":25,"column":50}},"loc":{"start":{"line":25,"column":60},"end":{"line":30,"column":9}},"line":25},"3":{"name":"(anonymous_3)","decl":{"start":{"line":37,"column":36},"end":{"line":37,"column":37}},"loc":{"start":{"line":37,"column":42},"end":{"line":41,"column":5}},"line":37},"4":{"name":"useTheme","decl":{"start":{"line":56,"column":16},"end":{"line":56,"column":24}},"loc":{"start":{"line":56,"column":27},"end":{"line":60,"column":1}},"line":56}},"branchMap":{"0":{"loc":{"start":{"line":26,"column":12},"end":{"line":28,"column":13}},"type":"if","locations":[{"start":{"line":26,"column":12},"end":{"line":28,"column":13}},{"start":{},"end":{}}],"line":26},"1":{"loc":{"start":{"line":26,"column":16},"end":{"line":26,"column":75}},"type":"binary-expr","locations":[{"start":{"line":26,"column":16},"end":{"line":26,"column":33}},{"start":{"line":26,"column":37},"end":{"line":26,"column":53}},{"start":{"line":26,"column":57},"end":{"line":26,"column":75}}],"line":26},"2":{"loc":{"start":{"line":33,"column":27},"end":{"line":33,"column":69}},"type":"cond-expr","locations":[{"start":{"line":33,"column":53},"end":{"line":33,"column":59}},{"start":{"line":33,"column":62},"end":{"line":33,"column":69}}],"line":33},"3":{"loc":{"start":{"line":35,"column":8},"end":{"line":35,"column":61}},"type":"cond-expr","locations":[{"start":{"line":35,"column":34},"end":{"line":35,"column":48}},{"start":{"line":35,"column":51},"end":{"line":35,"column":61}}],"line":35},"4":{"loc":{"start":{"line":38,"column":39},"end":{"line":38,"column":83}},"type":"cond-expr","locations":[{"start":{"line":38,"column":67},"end":{"line":38,"column":73}},{"start":{"line":38,"column":76},"end":{"line":38,"column":83}}],"line":38},"5":{"loc":{"start":{"line":58,"column":4},"end":{"line":58,"column":76}},"type":"if","locations":[{"start":{"line":58,"column":4},"end":{"line":58,"column":76}},{"start":{},"end":{}}],"line":58}},"s":{"0":1,"1":1,"2":0,"3":0,"4":0,"5":0,"6":0,"7":0,"8":0,"9":0,"10":0,"11":0,"12":0,"13":0,"14":0,"15":0,"16":0,"17":7,"18":7,"19":0,"20":7},"f":{"0":0,"1":0,"2":0,"3":0,"4":7},"b":{"0":[0,0],"1":[0,0,0],"2":[0,0],"3":[0,0],"4":[0,0],"5":[0,7]},"_coverageSchema":"1a1c01bbd47fc00a2c39e90264f33305004495a9","hash":"d162a14bde18ec82a18a26b28becfc796996f052"}
,"C:\\Users\\tfurt\\source\\repos\\eventosapp\\mobile\\src\\lib\\errorHandler.ts": {"path":"C:\\Users\\tfurt\\source\\repos\\eventosapp\\mobile\\src\\lib\\errorHandler.ts","statementMap":{"0":{"start":{"line":10,"column":24},"end":{"line":28,"column":1}},"1":{"start":{"line":11,"column":4},"end":{"line":27,"column":5}},"2":{"start":{"line":13,"column":8},"end":{"line":13,"column":45}},"3":{"start":{"line":16,"column":24},"end":{"line":16,"column":80}},"4":{"start":{"line":17,"column":8},"end":{"line":17,"column":54}},"5":{"start":{"line":19,"column":8},"end":{"line":26,"column":9}},"6":{"start":{"line":20,"column":27},"end":{"line":20,"column":46}},"7":{"start":{"line":21,"column":12},"end":{"line":23,"column":13}},"8":{"start":{"line":22,"column":16},"end":{"line":22,"column":56}},"9":{"start":{"line":36,"column":31},"end":{"line":50,"column":1}},"10":{"start":{"line":37,"column":4},"end":{"line":39,"column":5}},"11":{"start":{"line":38,"column":8},"end":{"line":38,"column":29}},"12":{"start":{"line":41,"column":4},"end":{"line":43,"column":5}},"13":{"start":{"line":42,"column":8},"end":{"line":42,"column":21}},"14":{"start":{"line":45,"column":4},"end":{"line":47,"column":5}},"15":{"start":{"line":46,"column":8},"end":{"line":46,"column":37}},"16":{"start":{"line":49,"column":4},"end":{"line":49,"column":26}},"17":{"start":{"line":57,"column":40},"end":{"line":84,"column":1}},"18":{"start":{"line":58,"column":23},"end":{"line":58,"column":40}},"19":{"start":{"line":61,"column":4},"end":{"line":69,"column":5}},"20":{"start":{"line":62,"column":32},"end":{"line":62,"column":61}},"21":{"start":{"line":63,"column":8},"end":{"line":68,"column":11}},"22":{"start":{"line":64,"column":12},"end":{"line":64,"column":78}},"23":{"start":{"line":65,"column":12},"end":{"line":67,"column":13}},"24":{"start":{"line":66,"column":16},"end":{"line":66,"column":48}},"25":{"start":{"line":72,"column":4},"end":{"line":83,"column":5}},"26":{"start":{"line":73,"column":34},"end":{"line":73,"column":84}},"27":{"start":{"line":74,"column":8},"end":{"line":80,"column":11}},"28":{"start":{"line":77,"column":16},"end":{"line":77,"column":63}}},"fnMap":{"0":{"name":"(anonymous_0)","decl":{"start":{"line":10,"column":24},"end":{"line":10,"column":25}},"loc":{"start":{"line":10,"column":67},"end":{"line":28,"column":1}},"line":10},"1":{"name":"(anonymous_1)","decl":{"start":{"line":36,"column":31},"end":{"line":36,"column":32}},"loc":{"start":{"line":36,"column":109},"end":{"line":50,"column":1}},"line":36},"2":{"name":"(anonymous_2)","decl":{"start":{"line":57,"column":40},"end":{"line":57,"column":41}},"loc":{"start":{"line":57,"column":52},"end":{"line":84,"column":1}},"line":57},"3":{"name":"(anonymous_3)","decl":{"start":{"line":63,"column":36},"end":{"line":63,"column":37}},"loc":{"start":{"line":63,"column":73},"end":{"line":68,"column":9}},"line":63},"4":{"name":"(anonymous_4)","decl":{"start":{"line":76,"column":25},"end":{"line":76,"column":26}},"loc":{"start":{"line":76,"column":58},"end":{"line":78,"column":13}},"line":76},"5":{"name":"(anonymous_5)","decl":{"start":{"line":79,"column":23},"end":{"line":79,"column":24}},"loc":{"start":{"line":79,"column":29},"end":{"line":79,"column":31}},"line":79}},"branchMap":{"0":{"loc":{"start":{"line":11,"column":4},"end":{"line":27,"column":5}},"type":"if","locations":[{"start":{"line":11,"column":4},"end":{"line":27,"column":5}},{"start":{"line":14,"column":11},"end":{"line":27,"column":5}}],"line":11},"1":{"loc":{"start":{"line":16,"column":24},"end":{"line":16,"column":80}},"type":"cond-expr","locations":[{"start":{"line":16,"column":49},"end":{"line":16,"column":62}},{"start":{"line":16,"column":65},"end":{"line":16,"column":80}}],"line":16},"2":{"loc":{"start":{"line":21,"column":12},"end":{"line":23,"column":13}},"type":"if","locations":[{"start":{"line":21,"column":12},"end":{"line":23,"column":13}},{"start":{},"end":{}}],"line":21},"3":{"loc":{"start":{"line":36,"column":48},"end":{"line":36,"column":96}},"type":"default-arg","locations":[{"start":{"line":36,"column":73},"end":{"line":36,"column":96}}],"line":36},"4":{"loc":{"start":{"line":37,"column":4},"end":{"line":39,"column":5}},"type":"if","locations":[{"start":{"line":37,"column":4},"end":{"line":39,"column":5}},{"start":{},"end":{}}],"line":37},"5":{"loc":{"start":{"line":41,"column":4},"end":{"line":43,"column":5}},"type":"if","locations":[{"start":{"line":41,"column":4},"end":{"line":43,"column":5}},{"start":{},"end":{}}],"line":41},"6":{"loc":{"start":{"line":45,"column":4},"end":{"line":47,"column":5}},"type":"if","locations":[{"start":{"line":45,"column":4},"end":{"line":47,"column":5}},{"start":{},"end":{}}],"line":45},"7":{"loc":{"start":{"line":45,"column":8},"end":{"line":45,"column":64}},"type":"binary-expr","locations":[{"start":{"line":45,"column":8},"end":{"line":45,"column":13}},{"start":{"line":45,"column":17},"end":{"line":45,"column":42}},{"start":{"line":45,"column":46},"end":{"line":45,"column":64}}],"line":45},"8":{"loc":{"start":{"line":61,"column":4},"end":{"line":69,"column":5}},"type":"if","locations":[{"start":{"line":61,"column":4},"end":{"line":69,"column":5}},{"start":{},"end":{}}],"line":61},"9":{"loc":{"start":{"line":61,"column":8},"end":{"line":61,"column":68}},"type":"binary-expr","locations":[{"start":{"line":61,"column":8},"end":{"line":61,"column":36}},{"start":{"line":61,"column":40},"end":{"line":61,"column":68}}],"line":61},"10":{"loc":{"start":{"line":64,"column":21},"end":{"line":64,"column":69}},"type":"cond-expr","locations":[{"start":{"line":64,"column":31},"end":{"line":64,"column":47}},{"start":{"line":64,"column":50},"end":{"line":64,"column":69}}],"line":64},"11":{"loc":{"start":{"line":65,"column":12},"end":{"line":67,"column":13}},"type":"if","locations":[{"start":{"line":65,"column":12},"end":{"line":67,"column":13}},{"start":{},"end":{}}],"line":65}},"s":{"0":1,"1":0,"2":0,"3":0,"4":0,"5":0,"6":0,"7":0,"8":0,"9":1,"10":0,"11":0,"12":0,"13":0,"14":0,"15":0,"16":0,"17":1,"18":0,"19":0,"20":0,"21":0,"22":0,"23":0,"24":0,"25":0,"26":0,"27":0,"28":0},"f":{"0":0,"1":0,"2":0,"3":0,"4":0,"5":0},"b":{"0":[0,0],"1":[0,0],"2":[0,0],"3":[0],"4":[0,0],"5":[0,0],"6":[0,0],"7":[0,0,0],"8":[0,0],"9":[0,0],"10":[0,0],"11":[0,0]},"_coverageSchema":"1a1c01bbd47fc00a2c39e90264f33305004495a9","hash":"d25ff0cab2510c4bd28d76c5621ec7f4fce89f3c"}
,"C:\\Users\\tfurt\\source\\repos\\eventosapp\\mobile\\src\\screens\\events\\EventFormScreen.tsx": {"path":"C:\\Users\\tfurt\\source\\repos\\eventosapp\\mobile\\src\\screens\\events\\EventFormScreen.tsx","statementMap":{"0":{"start":{"line":75,"column":14},"end":{"line":81,"column":1}},"1":{"start":{"line":83,"column":20},"end":{"line":89,"column":2}},"2":{"start":{"line":117,"column":38},"end":{"line":117,"column":50}},"3":{"start":{"line":118,"column":20},"end":{"line":118,"column":24}},"4":{"start":{"line":119,"column":19},"end":{"line":119,"column":46}},"5":{"start":{"line":119,"column":35},"end":{"line":119,"column":45}},"6":{"start":{"line":120,"column":19},"end":{"line":120,"column":28}},"7":{"start":{"line":122,"column":4},"end":{"line":122,"column":19}},"8":{"start":{"line":123,"column":32},"end":{"line":123,"column":48}},"9":{"start":{"line":124,"column":21},"end":{"line":124,"column":31}},"10":{"start":{"line":125,"column":18},"end":{"line":125,"column":53}},"11":{"start":{"line":126,"column":17},"end":{"line":126,"column":35}},"12":{"start":{"line":127,"column":23},"end":{"line":127,"column":46}},"13":{"start":{"line":128,"column":20},"end":{"line":128,"column":41}},"14":{"start":{"line":129,"column":19},"end":{"line":129,"column":31}},"15":{"start":{"line":131,"column":26},"end":{"line":131,"column":37}},"16":{"start":{"line":132,"column":32},"end":{"line":132,"column":51}},"17":{"start":{"line":133,"column":30},"end":{"line":133,"column":45}},"18":{"start":{"line":135,"column":32},"end":{"line":135,"column":54}},"19":{"start":{"line":136,"column":34},"end":{"line":136,"column":57}},"20":{"start":{"line":137,"column":50},"end":{"line":139,"column":3}},"21":{"start":{"line":140,"column":30},"end":{"line":140,"column":59}},"22":{"start":{"line":141,"column":50},"end":{"line":143,"column":7}},"23":{"start":{"line":144,"column":54},"end":{"line":146,"column":3}},"24":{"start":{"line":147,"column":52},"end":{"line":149,"column":7}},"25":{"start":{"line":150,"column":54},"end":{"line":152,"column":7}},"26":{"start":{"line":153,"column":58},"end":{"line":155,"column":7}},"27":{"start":{"line":156,"column":56},"end":{"line":156,"column":71}},"28":{"start":{"line":166,"column":48},"end":{"line":166,"column":77}},"29":{"start":{"line":167,"column":50},"end":{"line":169,"column":7}},"30":{"start":{"line":170,"column":52},"end":{"line":172,"column":7}},"31":{"start":{"line":173,"column":50},"end":{"line":173,"column":65}},"32":{"start":{"line":175,"column":46},"end":{"line":175,"column":61}},"33":{"start":{"line":176,"column":56},"end":{"line":176,"column":71}},"34":{"start":{"line":177,"column":52},"end":{"line":177,"column":67}},"35":{"start":{"line":178,"column":50},"end":{"line":178,"column":65}},"36":{"start":{"line":179,"column":48},"end":{"line":179,"column":63}},"37":{"start":{"line":180,"column":52},"end":{"line":180,"column":67}},"38":{"start":{"line":181,"column":42},"end":{"line":181,"column":54}},"39":{"start":{"line":182,"column":44},"end":{"line":182,"column":56}},"40":{"start":{"line":184,"column":26},"end":{"line":188,"column":29}},"41":{"start":{"line":185,"column":4},"end":{"line":185,"column":38}},"42":{"start":{"line":185,"column":23},"end":{"line":185,"column":38}},"43":{"start":{"line":186,"column":18},"end":{"line":186,"column":44}},"44":{"start":{"line":187,"column":4},"end":{"line":187,"column":71}},"45":{"start":{"line":187,"column":33},"end":{"line":187,"column":69}},"46":{"start":{"line":190,"column":27},"end":{"line":194,"column":31}},"47":{"start":{"line":191,"column":4},"end":{"line":191,"column":40}},"48":{"start":{"line":191,"column":24},"end":{"line":191,"column":40}},"49":{"start":{"line":192,"column":18},"end":{"line":192,"column":45}},"50":{"start":{"line":193,"column":4},"end":{"line":193,"column":72}},"51":{"start":{"line":193,"column":34},"end":{"line":193,
[...]
:51}}],"line":1706},"154":{"loc":{"start":{"line":1712,"column":27},"end":{"line":1712,"column":57}},"type":"cond-expr","locations":[{"start":{"line":1712,"column":48},"end":{"line":1712,"column":51}},{"start":{"line":1712,"column":54},"end":{"line":1712,"column":57}}],"line":1712},"155":{"loc":{"start":{"line":1722,"column":57},"end":{"line":1722,"column":75}},"type":"binary-expr","locations":[{"start":{"line":1722,"column":57},"end":{"line":1722,"column":70}},{"start":{"line":1722,"column":74},"end":{"line":1722,"column":75}}],"line":1722},"156":{"loc":{"start":{"line":1750,"column":22},"end":{"line":1752,"column":41}},"type":"cond-expr","locations":[{"start":{"line":1751,"column":26},"end":{"line":1751,"column":41}},{"start":{"line":1752,"column":26},"end":{"line":1752,"column":41}}],"line":1750},"157":{"loc":{"start":{"line":1759,"column":20},"end":{"line":1759,"column":66}},"type":"binary-expr","locations":[{"start":{"line":1759,"column":20},"end":{"line":1759,"column":46}},{"start":{"line":1759,"column":50},"end":{"line":1759,"column":66}}],"line":1759},"158":{"loc":{"start":{"line":1763,"column":57},"end":{"line":1763,"column":75}},"type":"binary-expr","locations":[{"start":{"line":1763,"column":57},"end":{"line":1763,"column":70}},{"start":{"line":1763,"column":74},"end":{"line":1763,"column":75}}],"line":1763},"159":{"loc":{"start":{"line":1778,"column":35},"end":{"line":1778,"column":53}},"type":"binary-expr","locations":[{"start":{"line":1778,"column":35},"end":{"line":1778,"column":48}},{"start":{"line":1778,"column":52},"end":{"line":1778,"column":53}}],"line":1778},"160":{"loc":{"start":{"line":1793,"column":41},"end":{"line":1793,"column":57}},"type":"binary-expr","locations":[{"start":{"line":1793,"column":41},"end":{"line":1793,"column":52}},{"start":{"line":1793,"column":56},"end":{"line":1793,"column":57}}],"line":1793},"161":{"loc":{"start":{"line":1807,"column":38},"end":{"line":1807,"column":56}},"type":"binary-expr","locations":[{"start":{"line":1807,"column":38},"end":{"line":1807,"column":51}},{"start":{"line":1807,"column":55},"end":{"line":1807,"column":56}}],"line":1807},"162":{"loc":{"start":{"line":1832,"column":15},"end":{"line":1841,"column":15}},"type":"binary-expr","locations":[{"start":{"line":1832,"column":15},"end":{"line":1832,"column":36}},{"start":{"line":1833,"column":16},"end":{"line":1840,"column":23}}],"line":1832},"163":{"loc":{"start":{"line":1881,"column":25},"end":{"line":1881,"column":60}},"type":"binary-expr","locations":[{"start":{"line":1881,"column":25},"end":{"line":1881,"column":55}},{"start":{"line":1881,"column":59},"end":{"line":1881,"column":60}}],"line":1881},"164":{"loc":{"start":{"line":1893,"column":16},"end":{"line":1893,"column":74}},"type":"cond-expr","locations":[{"start":{"line":1893,"column":38},"end":{"line":1893,"column":70}},{"start":{"line":1893,"column":73},"end":{"line":1893,"column":74}}],"line":1893},"165":{"loc":{"start":{"line":1911,"column":33},"end":{"line":1911,"column":78}},"type":"cond-expr","locations":[{"start":{"line":1911,"column":47},"end":{"line":1911,"column":62}},{"start":{"line":1911,"column":65},"end":{"line":1911,"column":78}}],"line":1911},"166":{"loc":{"start":{"line":1923,"column":33},"end":{"line":1923,"column":64}},"type":"binary-expr","locations":[{"start":{"line":1923,"column":33},"end":{"line":1923,"column":45}},{"start":{"line":1923,"column":49},"end":{"line":1923,"column":64}}],"line":1923},"167":{"loc":{"start":{"line":1939,"column":10},"end":{"line":1939,"column":41}},"type":"binary-expr","locations":[{"start":{"line":1939,"column":10},"end":{"line":1939,"column":18}},{"start":{"line":1939,"column":22},"end":{"line":1939,"column":41}}],"line":1939},"168":{"loc":{"start":{"line":1944,"column":36},"end":{"line":1944,"column":74}},"type":"binary-expr","locations":[{"start":{"line":1944,"column":36},"end":{"line":1944,"column":46}},{"start":{"line":1944,"column":50},"end":{"line":1944,"column":74}}],"line":1944},"169":{"loc":{"start":{"line":1949,"column":19},"end":{"line":1949,"column":67}},"type":"cond-expr","locations":[{"start":{"line":1949,"column":32},"end":{"line":1949,"column":49}},{"start":{"line":1949,"column":52},"end":{"line":1949,"column":67}}],"line":1949},"170":{"loc":{"start":{"line":1955,"column":37},"end":{"line":1955,"column":72}},"type":"binary-expr","locations":[{"start":{"line":1955,"column":37},"end":{"line":1955,"column":43}},{"start":{"line":1955,"column":47},"end":{"line":1955,"column":72}}],"line":1955},"171":{"loc":{"start":{"line":1959,"column":11},"end":{"line":1975,"column":11}},"type":"cond-expr","locations":[{"start":{"line":1960,"column":12},"end":{"line":1960,"column":61}},{"start":{"line":1962,"column":12},"end":{"line":1974,"column":15}}],"line":1959},"172":{"loc":{"start":{"line":1963,"column":15},"end":{"line":1973,"column":15}},"type":"cond-expr","locations":[{"start":{"line":1964,"column":16},"end":{"line":1967,"column":19}},{"start":{"line":1969,"column":16},"end":{"line":1972,"column":19}}],"line":1963},"173":{"loc":{"start":{"line":2008,"column":14},"end":{"line":2008,"column":72}},"type":"binary-expr","locations":[{"start":{"line":2008,"column":14},"end":{"line":2008,"column":46}},{"start":{"line":2008,"column":50},"end":{"line":2008,"column":72}}],"line":2008},"174":{"loc":{"start":{"line":2020,"column":15},"end":{"line":2022,"column":15}},"type":"binary-expr","locations":[{"start":{"line":2020,"column":15},"end":{"line":2020,"column":27}},{"start":{"line":2021,"column":16},"end":{"line":2021,"column":75}}],"line":2020},"175":{"loc":{"start":{"line":2024,"column":13},"end":{"line":2026,"column":13}},"type":"binary-expr","locations":[{"start":{"line":2024,"column":13},"end":{"line":2024,"column":45}},{"start":{"line":2025,"column":14},"end":{"line":2025,"column":57}}],"line":2024},"176":{"loc":{"start":{"line":2034,"column":16},"end":{"line":2034,"column":30}},"type":"binary-expr","locations":[{"start":{"line":2034,"column":16},"end":{"line":2034,"column":24}},{"start":{"line":2034,"column":28},"end":{"line":2034,"column":30}}],"line":2034},"177":{"loc":{"start":{"line":2076,"column":13},"end":{"line":2088,"column":13}},"type":"cond-expr","locations":[{"start":{"line":2077,"column":14},"end":{"line":2083,"column":16}},{"start":{"line":2085,"column":14},"end":{"line":2087,"column":21}}],"line":2076},"178":{"loc":{"start":{"line":2079,"column":23},"end":{"line":2079,"column":79}},"type":"binary-expr","locations":[{"start":{"line":2079,"column":23},"end":{"line":2079,"column":66}},{"start":{"line":2079,"column":70},"end":{"line":2079,"column":79}}],"line":2079},"179":{"loc":{"start":{"line":2111,"column":9},"end":{"line":2136,"column":9}},"type":"cond-expr","locations":[{"start":{"line":2112,"column":10},"end":{"line":2116,"column":17}},{"start":{"line":2118,"column":10},"end":{"line":2135,"column":12}}],"line":2111},"180":{"loc":{"start":{"line":2150,"column":9},"end":{"line":2181,"column":9}},"type":"cond-expr","locations":[{"start":{"line":2151,"column":10},"end":{"line":2155,"column":17}},{"start":{"line":2157,"column":10},"end":{"line":2180,"column":12}}],"line":2150},"181":{"loc":{"start":{"line":2175,"column":55},"end":{"line":2175,"column":74}},"type":"binary-expr","locations":[{"start":{"line":2175,"column":55},"end":{"line":2175,"column":69}},{"start":{"line":2175,"column":73},"end":{"line":2175,"column":74}}],"line":2175},"182":{"loc":{"start":{"line":2553,"column":23},"end":{"line":2553,"column":67}},"type":"binary-expr","locations":[{"start":{"line":2553,"column":23},"end":{"line":2553,"column":45}},{"start":{"line":2553,"column":49},"end":{"line":2553,"column":67}}],"line":2553}},"s":{"0":1,"1":1,"2":7,"3":7,"4":7,"5":7,"6":7,"7":7,"8":7,"9":7,"10":7,"11":7,"12":7,"13":7,"14":7,"15":7,"16":7,"17":7,"18":7,"19":7,"20":7,"21":7,"22":7,"23":7,"24":7,"25":7,"26":7,"27":7,"28":7,"29":7,"30":7,"31":7,"32":7,"33":7,"34":7,"35":7,"36":7,"37":7,"38":7,"39":7,"40":7,"41":4,"42":4,"43":0,"44":0,"45":0,"46":7,"47":4,"48":4,"49":0,"50":0,"51":0,"52":7,"53":7,"54":7,"55":2,"56":7,"57":2,"58":2,"59":2,"60":2,"61":2,"62":2,"63":4,"64":2,"65":4,"66":2,"67":0,"68":0,"69":0,"70":0,"71":0,"72":0,"73":0,"74":0,"75":0,"76":0,"77":0,"78":0,"79":0,"80":0,"81":0,"82":0,"83":0,"84":0,"85":0,"86":2,"87":2,"88":2,"89":0,"90":0,"91":2,"92":7,"93":0,"94":0,"95":0,"96":0,"97":0,"98":0,"99":0,"100":7,"101":0,"102":0,"103":7,"104":0,"105":0,"106":7,"107":0,"108":7,"109":0,"110":0,"111":7,"112":0,"113":0,"114":7,"115":7,"116":0,"117":0,"118":7,"119":0,"120":7,"121":7,"122":7,"123":7,"124":7,"125":7,"126":7,"127":7,"128":7,"129":2,"130":2,"131":0,"132":0,"133":2,"134":2,"135":0,"136":0,"137":0,"138":0,"139":0,"140":0,"141":0,"142":0,"143":0,"144":0,"145":2,"146":7,"147":2,"148":0,"149":0,"150":2,"151":2,"152":2,"153":0,"154":0,"155":0,"156":0,"157":0,"158":7,"159":2,"160":0,"161":0,"162":2,"163":2,"164":2,"165":0,"166":0,"167":0,"168":0,"169":0,"170":7,"171":2,"172":0,"173":2,"174":2,"175":2,"176":0,"177":0,"178":0,"179":0,"180":0,"181":0,"182":7,"183":0,"184":0,"185":0,"186":0,"187":0,"188":7,"189":0,"190":0,"191":0,"192":0,"193":7,"194":0,"195":0,"196":0,"197":7,"198":0,"199":0,"200":0,"201":0,"202":0,"203":7,"204":0,"205":0,"206":0,"207":0,"208":7,"209":0,"210":0,"211":0,"212":7,"213":4,"214":2,"215":0,"216":7,"217":2,"218":0,"219":7,"220":4,"221":2,"222":0,"223":7,"224":3,"225":7,"226":1,"227":1,"228":1,"229":1,"230":0,"231":0,"232":0,"233":0,"234":0,"235":0,"236":0,"237":0,"238":0,"239":7,"240":0,"241":0,"242":7,"243":0,"244":0,"245":0,"246":0,"247":0,"248":0,"249":0,"250":0,"251":0,"252":0,"253":0,"254":0,"255":0,"256":0,"257":0,"258":0,"259":0,"260":0,"261":0,"262":0,"263":0,"264":0,"265":0,"266":0,"267":0,"268":0,"269":0,"270":0,"271":0,"272":0,"273":7,"274":0,"275":7,"276":3,"277":7,"278":35,"279":0,"280":0,"281":0,"282":0,"283":0,"284":0,"285":0,"286":0,"287":0,"288":0,"289":0,"290":0,"291":0,"292":0,"293":0,"294":0,"295":0,"296":0,"297":0,"298":0,"299":0,"300":0,"301":0,"302":0,"303":0,"304":0,"305":0,"306":0,"307":1,"308":0,"309":28,"310":0,"311":0,"312":0,"313":0,"314":0,"315":0,"316":0,"317":0,"318":0,"319":0,"320":0,"321":0,"322":0,"323":0,"324":0,"325":0,"326":0,"327":0,"328":0,"329":0,"330":0,"331":0,"332":0,"333":0,"334":0,"335":0,"336":0,"337":0,"338":0,"339":0,"340":0,"341":0,"342":0,"343":0,"344":0,"345":0,"346":0,"347":0,"348":0,"349":0,"350":0,"351":0,"352":0,"353":0,"354":0,"355":0,"356":0,"357":0,"358":0,"359":0,"360":0,"361":0,"362":0,"363":0,"364":0,"365":0,"366":0,"367":0,"368":0,"369":0,"370":0,"371":0,"372":0,"373":0,"374":0,"375":0,"376":0,"377":0,"378":0,"379":0,"380":0,"381":0,"382":0,"383":0,"384":0,"385":0,"386":0,"387":3,"388":0,"389":0,"390":0,"391":0,"392":0,"393":0,"394":0,"395":0,"396":0,"397":0,"398":3,"399":0,"400":0,"401":0,"402":3,"403":0,"404":0,"405":3,"406":0,"407":1,"408":7},"f":{"0":7,"1":7,"2":4,"3":0,"4":4,"5":0,"6":2,"7":2,"8":2,"9":4,"10":4,"11":0,"12":0,"13":0,"14":0,"15":0,"16":2,"17":0,"18":0,"19":0,"20":0,"21":0,"22":0,"23":0,"24":0,"25":0,"26":0,"27":0,"28":0,"29":7,"30":0,"31":0,"32":2,"33":2,"34":0,"35":0,"36":0,"37":0,"38":0,"39":2,"40":0,"41":0,"42":0,"43":2,"44":0,"45":0,"46":0,"47":2,"48":0,"49":0,"50":0,"51":0,"52":0,"53":0,"54":0,"55":0,"56":0,"57":0,"58":0,"59":0,"60":0,"61":0,"62":0,"63":0,"64":0,"65":0,"66":0,"67":0,"68":0,"69":4,"70":2,"71":0,"72":2,"73":0,"74":4,"75":2,"76":0,"77":3,"78":1,"79":0,"80":0,"81":0,"82":0,"83":0,"84":0,"85":0,"86":3,"87":35,"88":0,"89":0,"90":0,"91":0,"92":0,"93":0,"94":0,"95":0,"96":0,"97":0,"98":1,"99":0,"100":28,"101":0,"102":0,"103":0,"104":0,"105":0,"106":0,"107":0,"108":0,"109":0,"110":0,"111":0,"112":0,"113":0,"114":0,"115":0,"116":0,"117":0,"118":0,"119":0,"120":0,"121":0,"122":0,"123":0,"124":0,"125":0,"126":0,"127":0,"128":0,"129":0,"130":0,"131":0,"132":0,"133":0,"134":0,"135":0,"136":0,"137":0,"138":0,"139":0,"140":0,"141":0,"142":0,"143":0,"144":0,"145":0,"146":0,"147":0,"148":0,"149":0,"150":0,"151":0,"152":0,"153":0,"154":0,"155":0,"156":0,"157":0,"158":3,"159":0,"160":0,"161":0,"162":0,"163":0,"164":3,"165":0,"166":0,"167":3,"168":0,"169":0,"170":3,"171":0,"172":7},"b":{"0":[0,7],"1":[4,0],"2":[4,0],"3":[7,7],"4":[7,0],"5":[7,0],"6":[7,0],"7":[7,0],"8":[2,0],"9":[2,0],"10":[2,0],"11":[2,0],"12":[0,2],"13":[0,0],"14":[0,0],"15":[0,0],"16":[0,0,0],"17":[0,0],"18":[0,0],"19":[0,0],"20":[0,0,0],"21":[0,0,0],"22":[0,0],"23":[0,0],"24":[0,0],"25":[0,0],"26":[0,0],"27":[0,0],"28":[0,0],"29":[0,0],"30":[2,0],"31":[2,0],"32":[2,0],"33":[2,0],"34":[0,0],"35":[0,0],"36":[0,0],"37":[0,0],"38":[7,0],"39":[0,7],"40":[0,0],"41":[2,0],"42":[0,0],"43":[0,0],"44":[0,0,0],"45":[0,0],"46":[2,0],"47":[0,0],"48":[2,0],"49":[0,0],"50":[2,0],"51":[2,0],"52":[0,0],"53":[0,0],"54":[0,0],"55":[0,0],"56":[0,0],"57":[0,0],"58":[0,0],"59":[0,0],"60":[0,0],"61":[0,0],"62":[1,0],"63":[1,0],"64":[0,0],"65":[0,0],"66":[0,0],"67":[0,0],"68":[0,0],"69":[0,0],"70":[0,0],"71":[0,0],"72":[0,0],"73":[0,0],"74":[0,0],"75":[0,0],"76":[0,0],"77":[0,0],"78":[0,0],"79":[0,0],"80":[0,0],"81":[0,0],"82":[0,0],"83":[0,7],"84":[35,28],"85":[0,28],"86":[35,7],"87":[35,0],"88":[0,35],"89":[35,28,7],"90":[35,7],"91":[7,7],"92":[7,7],"93":[7,7],"94":[7,0],"95":[7,0],"96":[0,0],"97":[0,0],"98":[0,7],"99":[7,7],"100":[7,0],"101":[0,0],"102":[0,0],"103":[0,0],"104":[0,7],"105":[7,7],"106":[7,0],"107":[0,0],"108":[0,0],"109":[0,0],"110":[0,0],"111":[28,7],"112":[28,7],"113":[7,21],"114":[7,14],"115":[7,7],"116":[7,0],"117":[0,0],"118":[0,0],"119":[0,0],"120":[7,0],"121":[0,0],"122":[0,0],"123":[0,0],"124":[0,0],"125":[0,0],"126":[0,0],"127":[0,0],"128":[0,0],"129":[0,0],"130":[0,0],"131":[7,0],"132":[0,0],"133":[0,0],"134":[0,0],"135":[0,0],"136":[0,0],"137":[0,0],"138":[0,0],"139":[0,0],"140":[0,0],"141":[0,0],"142":[0,0],"143":[0,0],"144":[0,0],"145":[0,0],"146":[0,0],"147":[0,0],"148":[0,0],"149":[0,0],"150":[0,0],"151":[7,0],"152":[0,0],"153":[0,0],"154":[0,0],"155":[0,0],"156":[0,0],"157":[0,0],"158":[0,0],"159":[0,0],"160":[0,0],"161":[0,0],"162":[0,0],"163":[0,0],"164":[0,0],"165":[0,0],"166":[0,0],"167":[7,7],"168":[7,7],"169":[7,0],"170":[7,0],"171":[0,7],"172":[0,7],"173":[3,0],"174":[3,0],"175":[3,0],"176":[7,0],"177":[0,3],"178":[0,0],"179":[4,3],"180":[4,3],"181":[3,3],"182":[7,0]},"_coverageSchema":"1a1c01bbd47fc00a2c39e90264f33305004495a9","hash":"fb3b598d9b7d46b787c8040267b0f0335a4306b2"}
,"C:\\Users\\tfurt\\source\\repos\\eventosapp\\mobile\\src\\services\\uploadService.ts": {"path":"C:\\Users\\tfurt\\source\\repos\\eventosapp\\mobile\\src\\services\\uploadService.ts","statementMap":{"0":{"start":{"line":4,"column":16},"end":{"line":4,"column":78}},"1":{"start":{"line":5,"column":18},"end":{"line":5,"column":30}},"2":{"start":{"line":13,"column":29},"end":{"line":46,"column":1}},"3":{"start":{"line":15,"column":22},"end":{"line":15,"column":63}},"4":{"start":{"line":16,"column":8},"end":{"line":16,"column":57}},"5":{"start":{"line":16,"column":20},"end":{"line":16,"column":57}},"6":{"start":{"line":18,"column":23},"end":{"line":29,"column":9}},"7":{"start":{"line":31,"column":8},"end":{"line":34,"column":9}},"8":{"start":{"line":32,"column":26},"end":{"line":32,"column":57}},"9":{"start":{"line":33,"column":12},"end":{"line":33,"column":60}},"10":{"start":{"line":36,"column":8},"end":{"line":36,"column":39}},"11":{"start":{"line":40,"column":8},"end":{"line":40,"column":31}},"12":{"start":{"line":40,"column":19},"end":{"line":40,"column":31}},"13":{"start":{"line":41,"column":8},"end":{"line":41,"column":49}},"14":{"start":{"line":41,"column":37},"end":{"line":41,"column":49}},"15":{"start":{"line":43,"column":24},"end":{"line":43,"column":53}},"16":{"start":{"line":44,"column":8},"end":{"line":44,"column":35}}},"fnMap":{"0":{"name":"(anonymous_0)","decl":{"start":{"line":14,"column":4},"end":{"line":14,"column":5}},"loc":{"start":{"line":14,"column":63},"end":{"line":37,"column":5}},"line":14},"1":{"name":"(anonymous_1)","decl":{"start":{"line":39,"column":4},"end":{"line":39,"column":5}},"loc":{"start":{"line":39,"column":63},"end":{"line":45,"column":5}},"line":39}},"branchMap":{"0":{"loc":{"start":{"line":4,"column":16},"end":{"line":4,"column":78}},"type":"binary-expr","locations":[{"start":{"line":4,"column":16},"end":{"line":4,"column":47}},{"start":{"line":4,"column":51},"end":{"line":4,"column":78}}],"line":4},"1":{"loc":{"start":{"line":16,"column":8},"end":{"line":16,"column":57}},"type":"if","locations":[{"start":{"line":16,"column":8},"end":{"line":16,"column":57}},{"start":{},"end":{}}],"line":16},"2":{"loc":{"start":{"line":23,"column":28},"end":{"line":23,"column":84}},"type":"binary-expr","locations":[{"start":{"line":23,"column":28},"end":{"line":23,"column":79}},{"start":{"line":23,"column":83},"end":{"line":23,"column":84}}],"line":23},"3":{"loc":{"start":{"line":31,"column":8},"end":{"line":34,"column":9}},"type":"if","locations":[{"start":{"line":31,"column":8},"end":{"line":34,"column":9}},{"start":{},"end":{}}],"line":31},"4":{"loc":{"start":{"line":32,"column":37},"end":{"line":32,"column":56}},"type":"binary-expr","locations":[{"start":{"line":32,"column":37},"end":{"line":32,"column":48}},{"start":{"line":32,"column":52},"end":{"line":32,"column":56}}],"line":32},"5":{"loc":{"start":{"line":33,"column":28},"end":{"line":33,"column":58}},"type":"binary-expr","locations":[{"start":{"line":33,"column":28},"end":{"line":33,"column":39}},{"start":{"line":33,"column":43},"end":{"line":33,"column":58}}],"line":33},"6":{"loc":{"start":{"line":40,"column":8},"end":{"line":40,"column":31}},"type":"if","locations":[{"start":{"line":40,"column":8},"end":{"line":40,"column":31}},{"start":{},"end":{}}],"line":40},"7":{"loc":{"start":{"line":41,"column":8},"end":{"line":41,"column":49}},"type":"if","locations":[{"start":{"line":41,"column":8},"end":{"line":41,"column":49}},{"start":{},"end":{}}],"line":41}},"s":{"0":1,"1":1,"2":1,"3":0,"4":0,"5":0,"6":0,"7":0,"8":0,"9":0,"10":0,"11":0,"12":0,"13":0,"14":0,"15":0,"16":0},"f":{"0":0,"1":0},"b":{"0":[1,1],"1":[0,0],"2":[0,0],"3":[0,0],"4":[0,0],"5":[0,0],"6":[0,0],"7":[0,0]},"_coverageSchema":"1a1c01bbd47fc00a2c39e90264f33305004495a9","hash":"033091ad9dad7b977d71a8ffc90359cffd240571"}
,"C:\\Users\\tfurt\\source\\repos\\eventosapp\\mobile\\src\\theme\\colors.ts": {"path":"C:\\Users\\tfurt\\source\\repos\\eventosapp\\mobile\\src\\theme\\colors.ts","statementMap":{"0":{"start":{"line":1,"column":22},"end":{"line":158,"column":1}}},"fnMap":{},"branchMap":{},"s":{"0":1},"f":{},"b":{},"_coverageSchema":"1a1c01bbd47fc00a2c39e90264f33305004495a9","hash":"8138d4e81f47e95ff2fc3f31d38b4bc2784cdf97"}
,"C:\\Users\\tfurt\\source\\repos\\eventosapp\\mobile\\src\\theme\\shadows.ts": {"path":"C:\\Users\\tfurt\\source\\repos\\eventosapp\\mobile\\src\\theme\\shadows.ts","statementMap":{"0":{"start":{"line":5,"column":23},"end":{"line":35,"column":10}}},"fnMap":{},"branchMap":{},"s":{"0":1},"f":{},"b":{},"_coverageSchema":"1a1c01bbd47fc00a2c39e90264f33305004495a9","hash":"8e2244e4a3d94a784a76d2b3325723c3aa1bce51"}
,"C:\\Users\\tfurt\\source\\repos\\eventosapp\\mobile\\src\\theme\\spacing.ts": {"path":"C:\\Users\\tfurt\\source\\repos\\eventosapp\\mobile\\src\\theme\\spacing.ts","statementMap":{"0":{"start":{"line":5,"column":23},"end":{"line":21,"column":10}},"1":{"start":{"line":24,"column":28},"end":{"line":24,"column":48}}},"fnMap":{},"branchMap":{},"s":{"0":1,"1":1},"f":{},"b":{},"_coverageSchema":"1a1c01bbd47fc00a2c39e90264f33305004495a9","hash":"c8f12f98e18e6271ce284c755aac3e923c2d70f9"}
,"C:\\Users\\tfurt\\source\\repos\\eventosapp\\mobile\\src\\theme\\typography.ts": {"path":"C:\\Users\\tfurt\\source\\repos\\eventosapp\\mobile\\src\\theme\\typography.ts","statementMap":{"0":{"start":{"line":3,"column":19},"end":{"line":7,"column":2}},"1":{"start":{"line":9,"column":26},"end":{"line":129,"column":10}}},"fnMap":{},"branchMap":{},"s":{"0":1,"1":1},"f":{},"b":{},"_coverageSchema":"1a1c01bbd47fc00a2c39e90264f33305004495a9","hash":"2859b1fb3856746d9d0ac574afaf27f562725c57"}
}
