TN:
SF:src\components\shared\AnimatedPressable.tsx
FN:21,AnimatedPressable
FN:31,(anonymous_1)
FN:37,(anonymous_2)
FN:40,(anonymous_3)
FN:43,(anonymous_4)
FNF:5
FNH:0
FNDA:0,AnimatedPressable
FNDA:0,(anonymous_1)
FNDA:0,(anonymous_2)
FNDA:0,(anonymous_3)
FNDA:0,(anonymous_4)
DA:29,0
DA:31,0
DA:35,0
DA:38,0
DA:41,0
DA:44,0
DA:45,0
DA:47,0
DA:48,0
DA:52,0
LF:10
LH:0
BRDA:25,0,0,0
BRDA:26,1,0,0
BRDA:27,2,0,0
BRDA:44,3,0,0
BRDA:44,3,1,0
BRDA:44,4,0,0
BRDA:44,4,1,0
BRDA:47,5,0,0
BRDA:47,5,1,0
BRDA:54,6,0,0
BRDA:54,6,1,0
BRF:11
BRH:0
end_of_record
TN:
SF:src\components\shared\Avatar.tsx
FN:16,Avatar
FN:23,(anonymous_1)
FN:51,(anonymous_2)
FNF:3
FNH:0
FNDA:0,Avatar
FNDA:0,(anonymous_1)
FNDA:0,(anonymous_2)
DA:14,1
DA:17,0
DA:18,0
DA:19,0
DA:20,0
DA:21,0
DA:23,0
DA:24,0
DA:25,0
DA:26,0
DA:29,0
DA:30,0
DA:41,0
DA:42,0
DA:44,0
DA:51,1
LF:16
LH:2
BRDA:16,0,0,0
BRDA:20,1,0,0
BRDA:20,1,1,0
BRDA:25,2,0,0
BRDA:25,2,1,0
BRDA:29,3,0,0
BRDA:29,3,1,0
BRF:7
BRH:0
end_of_record
TN:
SF:src\components\shared\ConfirmDialog.tsx
FN:20,ConfirmDialog
FN:63,(anonymous_1)
FNF:2
FNH:0
FNDA:0,ConfirmDialog
FNDA:0,(anonymous_1)
DA:30,0
DA:31,0
DA:32,0
DA:34,0
DA:63,1
LF:5
LH:1
BRDA:24,0,0,0
BRDA:25,1,0,0
BRDA:26,2,0,0
BRDA:31,3,0,0
BRDA:31,3,1,0
BRDA:38,4,0,0
BRDA:38,4,1,0
BRDA:43,5,0,0
BRDA:43,5,1,0
BRF:9
BRH:0
end_of_record
TN:
SF:src\components\shared\EmptyState.tsx
FN:17,EmptyState
FN:44,(anonymous_1)
FNF:2
FNH:0
FNDA:0,EmptyState
FNDA:0,(anonymous_1)
DA:24,0
DA:25,0
DA:26,0
DA:28,0
DA:44,1
LF:5
LH:1
BRDA:25,0,0,0
BRDA:25,0,1,0
BRDA:31,1,0,0
BRDA:31,1,1,0
BRDA:34,2,0,0
BRDA:34,2,1,0
BRDA:35,3,0,0
BRDA:35,3,1,0
BRDA:35,3,2,0
BRF:9
BRH:0
end_of_record
TN:
SF:src\components\shared\FormInput.tsx
FN:23,(anonymous_0)
FN:51,(anonymous_1)
FN:55,(anonymous_2)
FN:72,(anonymous_3)
FNF:4
FNH:0
FNDA:0,(anonymous_0)
FNDA:0,(anonymous_1)
FNDA:0,(anonymous_2)
FNDA:0,(anonymous_3)
DA:22,1
DA:24,0
DA:25,0
DA:26,0
DA:27,0
DA:29,0
DA:52,0
DA:53,0
DA:56,0
DA:57,0
DA:69,1
DA:72,1
LF:12
LH:3
BRDA:26,0,0,0
BRDA:26,0,1,0
BRDA:35,1,0,0
BRDA:35,1,1,0
BRDA:36,2,0,0
BRDA:36,2,1,0
BRDA:37,3,0,0
BRDA:37,3,1,0
BRDA:40,4,0,0
BRDA:40,4,1,0
BRDA:41,5,0,0
BRDA:41,5,1,0
BRDA:46,6,0,0
BRDA:46,6,1,0
BRDA:47,7,0,0
BRDA:47,7,1,0
BRDA:61,8,0,0
BRDA:61,8,1,0
BRDA:63,9,0,0
BRDA:63,9,1,0
BRF:20
BRH:0
end_of_record
TN:
SF:src\components\shared\ImagePickerSheet.tsx
FN:17,ImagePickerSheet
FN:57,(anonymous_1)
FNF:2
FNH:0
FNDA:0,ImagePickerSheet
FNDA:0,(anonymous_1)
DA:18,0
DA:19,0
DA:20,0
DA:22,0
DA:57,1
LF:5
LH:1
BRDA:19,0,0,0
BRDA:19,0,1,0
BRDA:41,1,0,0
BRDA:41,1,1,0
BRDA:41,1,2,0
BRF:5
BRH:0
end_of_record
TN:
SF:src\components\shared\KPICard.tsx
FN:20,KPICard
FN:73,(anonymous_1)
FNF:2
FNH:0
FNDA:0,KPICard
FNDA:0,(anonymous_1)
DA:30,0
DA:31,0
DA:32,0
DA:35,0
DA:62,0
DA:63,0
DA:70,0
DA:73,1
LF:8
LH:1
BRDA:31,0,0,0
BRDA:31,0,1,0
BRDA:47,1,0,0
BRDA:47,1,1,0
BRDA:50,2,0,0
BRDA:50,2,1,0
BRDA:54,3,0,0
BRDA:54,3,1,0
BRDA:62,4,0,0
BRDA:62,4,1,0
BRF:10
BRH:0
end_of_record
TN:
SF:src\components\shared\LoadingSpinner.tsx
FN:15,LoadingSpinner
FN:39,(anonymous_1)
FNF:2
FNH:0
FNDA:0,LoadingSpinner
FNDA:0,(anonymous_1)
DA:21,0
DA:22,0
DA:23,0
DA:26,0
DA:32,0
DA:33,0
DA:36,0
DA:39,1
LF:8
LH:1
BRDA:17,0,0,0
BRDA:18,1,0,0
BRDA:22,2,0,0
BRDA:22,2,1,0
BRDA:28,3,0,0
BRDA:28,3,1,0
BRDA:32,4,0,0
BRDA:32,4,1,0
BRF:8
BRH:0
end_of_record
TN:
SF:src\components\shared\Logo.tsx
FN:58,(anonymous_0)
FNF:1
FNH:0
FNDA:0,(anonymous_0)
DA:10,1
DA:36,1
DA:58,1
DA:59,0
DA:64,0
DA:66,0
LF:6
LH:3
BRDA:58,0,0,0
BRDA:64,1,0,0
BRDA:64,1,1,0
BRF:3
BRH:0
end_of_record
TN:
SF:src\components\shared\PhotoGallery.tsx
FN:23,PhotoGallery
FN:32,(anonymous_1)
FN:39,(anonymous_2)
FN:51,(anonymous_3)
FN:72,(anonymous_4)
FN:91,(anonymous_5)
FNF:6
FNH:0
FNDA:0,PhotoGallery
FNDA:0,(anonymous_1)
FNDA:0,(anonymous_2)
FNDA:0,(anonymous_3)
FNDA:0,(anonymous_4)
FNDA:0,(anonymous_5)
DA:11,1
DA:12,1
DA:21,1
DA:24,0
DA:25,0
DA:26,0
DA:27,0
DA:29,0
DA:33,0
DA:34,0
DA:39,0
DA:51,0
DA:72,0
DA:91,1
LF:14
LH:4
BRDA:23,0,0,0
BRDA:26,1,0,0
BRDA:26,1,1,0
BRDA:42,2,0,0
BRDA:42,2,1,0
BRDA:48,3,0,0
BRDA:48,3,1,0
BRDA:48,3,2,0
BRDA:60,4,0,0
BRDA:60,4,1,0
BRDA:60,4,2,0
BRDA:69,5,0,0
BRDA:69,5,1,0
BRDA:76,6,0,0
BRDA:76,6,1,0
BRF:15
BRH:0
end_of_record
TN:
SF:src\components\shared\PremiumButton.tsx
FN:27,(anonymous_0)
FN:41,(anonymous_1)
FN:53,(anonymous_2)
FNF:3
FNH:0
FNDA:0,(anonymous_0)
FNDA:0,(anonymous_1)
FNDA:0,(anonymous_2)
DA:27,1
DA:38,0
DA:39,0
DA:41,0
DA:42,0
DA:44,0
DA:46,0
DA:49,0
DA:53,0
DA:54,0
DA:56,0
DA:58,0
DA:61,0
DA:65,0
DA:67,0
DA:68,0
DA:101,0
DA:111,0
DA:117,0
DA:147,1
LF:20
LH:2
BRDA:30,0,0,0
BRDA:31,1,0,0
BRDA:34,2,0,0
BRDA:39,3,0,0
BRDA:39,3,1,0
BRDA:42,4,0,0
BRDA:42,4,1,0
BRDA:42,4,2,0
BRDA:42,4,3,0
BRDA:54,5,0,0
BRDA:54,5,1,0
BRDA:54,5,2,0
BRDA:54,5,3,0
BRDA:65,6,0,0
BRDA:65,6,1,0
BRDA:67,7,0,0
BRDA:67,7,1,0
BRDA:77,8,0,0
BRDA:77,8,1,0
BRDA:89,9,0,0
BRDA:89,9,1,0
BRDA:93,10,0,0
BRDA:93,10,1,0
BRDA:126,11,0,0
BRDA:126,11,1,0
BRDA:131,12,0,0
BRDA:131,12,1,0
BRDA:140,13,0,0
BRDA:140,13,1,0
BRF:29
BRH:0
end_of_record
TN:
SF:src\components\shared\SegmentedControl.tsx
FN:21,SegmentedControl
FN:33,(anonymous_1)
FN:45,(anonymous_2)
FN:59,(anonymous_3)
FN:67,(anonymous_4)
FN:71,(anonymous_5)
FN:88,(anonymous_6)
FNF:7
FNH:0
FNDA:0,SegmentedControl
FNDA:0,(anonymous_1)
FNDA:0,(anonymous_2)
FNDA:0,(anonymous_3)
FNDA:0,(anonymous_4)
FNDA:0,(anonymous_5)
FNDA:0,(anonymous_6)
DA:26,0
DA:27,0
DA:28,0
DA:29,0
DA:30,0
DA:32,0
DA:34,0
DA:35,0
DA:36,0
DA:44,0
DA:46,0
DA:47,0
DA:51,0
DA:52,0
DA:54,0
DA:59,0
DA:64,0
DA:68,0
DA:71,0
DA:88,1
LF:20
LH:1
BRDA:29,0,0,0
BRDA:29,0,1,0
BRDA:46,1,0,0
BRDA:46,1,1,0
BRDA:51,2,0,0
BRDA:51,2,1,0
BRDA:77,3,0,0
BRDA:77,3,1,0
BRF:8
BRH:0
end_of_record
TN:
SF:src\components\shared\Skeleton.tsx
FN:21,SkeletonBase
FN:26,(anonymous_1)
FN:34,(anonymous_2)
FN:54,SkeletonLine
FN:58,SkeletonCircle
FN:67,SkeletonCard
FN:78,(anonymous_6)
FN:92,SkeletonList
FN:99,(anonymous_8)
FN:108,(anonymous_9)
FNF:10
FNH:0
FNDA:0,SkeletonBase
FNDA:0,(anonymous_1)
FNDA:0,(anonymous_2)
FNDA:0,SkeletonLine
FNDA:0,SkeletonCircle
FNDA:0,SkeletonCard
FNDA:0,(anonymous_6)
FNDA:0,SkeletonList
FNDA:0,(anonymous_8)
FNDA:0,(anonymous_9)
DA:22,0
DA:23,0
DA:24,0
DA:26,0
DA:27,0
DA:34,0
DA:38,0
DA:55,0
DA:59,0
DA:68,0
DA:69,0
DA:70,0
DA:72,0
DA:79,0
DA:93,0
DA:94,0
DA:95,0
DA:97,0
DA:100,0
DA:108,1
LF:20
LH:1
BRDA:21,0,0,0
BRDA:21,1,0,0
BRDA:24,2,0,0
BRDA:24,2,1,0
BRDA:54,3,0,0
BRDA:54,4,0,0
BRDA:58,5,0,0
BRDA:67,6,0,0
BRDA:67,7,0,0
BRDA:69,8,0,0
BRDA:69,8,1,0
BRDA:75,9,0,0
BRDA:75,9,1,0
BRDA:81,10,0,0
BRDA:81,10,1,0
BRDA:92,11,0,0
BRDA:92,12,0,0
BRDA:94,13,0,0
BRDA:94,13,1,0
BRF:19
BRH:0
end_of_record
TN:
SF:src\components\shared\SortSelector.tsx
FN:27,SortSelector
FN:38,(anonymous_1)
FN:40,(anonymous_2)
FN:53,(anonymous_3)
FN:69,(anonymous_4)
FN:74,(anonymous_5)
FN:80,(anonymous_6)
FN:107,(anonymous_7)
FNF:8
FNH:0
FNDA:0,SortSelector
FNDA:0,(anonymous_1)
FNDA:0,(anonymous_2)
FNDA:0,(anonymous_3)
FNDA:0,(anonymous_4)
FNDA:0,(anonymous_5)
FNDA:0,(anonymous_6)
FNDA:0,(anonymous_7)
DA:33,0
DA:34,0
DA:35,0
DA:36,0
DA:38,0
DA:40,0
DA:41,0
DA:42,0
DA:44,0
DA:46,0
DA:49,0
DA:53,0
DA:69,0
DA:75,0
DA:76,0
DA:80,0
DA:107,1
DA:108,0
LF:18
LH:1
BRDA:35,0,0,0
BRDA:35,0,1,0
BRDA:38,1,0,0
BRDA:38,1,1,0
BRDA:41,2,0,0
BRDA:41,2,1,0
BRDA:42,3,0,0
BRDA:42,3,1,0
BRDA:60,4,0,0
BRDA:60,4,1,0
BRDA:79,5,0,0
BRDA:79,5,1,0
BRDA:86,6,0,0
BRDA:86,6,1,0
BRDA:91,7,0,0
BRDA:91,7,1,0
BRDA:92,8,0,0
BRDA:92,8,1,0
BRF:18
BRH:0
end_of_record
TN:
SF:src\components\shared\SwipeableRow.tsx
FN:32,SwipeableRow
FN:43,(anonymous_1)
FN:48,(anonymous_2)
FN:58,(anonymous_3)
FN:86,(anonymous_4)
FN:90,(anonymous_5)
FN:120,(anonymous_6)
FNF:7
FNH:0
FNDA:0,SwipeableRow
FNDA:0,(anonymous_1)
FNDA:0,(anonymous_2)
FNDA:0,(anonymous_3)
FNDA:0,(anonymous_4)
FNDA:0,(anonymous_5)
FNDA:0,(anonymous_6)
DA:38,0
DA:39,0
DA:40,0
DA:41,0
DA:43,0
DA:44,0
DA:47,0
DA:49,0
DA:50,0
DA:51,0
DA:53,0
DA:58,0
DA:59,0
DA:61,0
DA:62,0
DA:63,0
DA:71,0
DA:72,0
DA:82,0
DA:84,0
DA:87,0
DA:90,0
DA:107,0
DA:120,1
LF:24
LH:1
BRDA:40,0,0,0
BRDA:40,0,1,0
BRDA:50,1,0,0
BRDA:50,1,1,0
BRDA:59,2,0,0
BRDA:59,2,1,0
BRDA:61,3,0,0
BRDA:61,3,1,0
BRDA:62,4,0,0
BRDA:62,4,1,0
BRDA:71,5,0,0
BRDA:71,5,1,0
BRDA:82,6,0,0
BRDA:82,6,1,0
BRDA:93,7,0,0
BRDA:93,7,1,0
BRF:16
BRH:0
end_of_record
TN:
SF:src\components\shared\ToastContainer.tsx
FN:20,ToastItem
FN:50,(anonymous_1)
FN:77,(anonymous_2)
FN:84,ToastContainer
FN:94,(anonymous_4)
FN:108,(anonymous_5)
FNF:6
FNH:0
FNDA:0,ToastItem
FNDA:0,(anonymous_1)
FNDA:0,(anonymous_2)
FNDA:0,ToastContainer
FNDA:0,(anonymous_4)
FNDA:0,(anonymous_5)
DA:18,1
DA:33,0
DA:34,0
DA:35,0
DA:37,0
DA:38,0
DA:44,0
DA:50,0
DA:51,0
DA:66,0
DA:77,0
DA:85,0
DA:86,0
DA:87,0
DA:88,0
DA:90,0
DA:92,0
DA:95,0
DA:108,1
LF:19
LH:2
BRDA:87,0,0,0
BRDA:87,0,1,0
BRDA:90,1,0,0
BRDA:90,1,1,0
BRF:4
BRH:0
end_of_record
TN:
SF:src\components\shared\UpgradeBanner.tsx
FN:18,UpgradeBanner
FN:79,(anonymous_1)
FNF:2
FNH:0
FNDA:0,UpgradeBanner
FNDA:0,(anonymous_1)
DA:25,0
DA:26,0
DA:27,0
DA:29,0
DA:31,0
DA:35,0
DA:39,0
DA:79,1
LF:8
LH:1
BRDA:26,0,0,0
BRDA:26,0,1,0
BRDA:31,1,0,0
BRDA:31,1,1,0
BRDA:32,2,0,0
BRDA:32,2,1,0
BRDA:35,3,0,0
BRDA:35,3,1,0
BRDA:36,4,0,0
BRDA:36,4,1,0
BRDA:36,5,0,0
BRDA:36,5,1,0
BRDA:43,6,0,0
BRDA:43,6,1,0
BRDA:49,7,0,0
BRDA:49,7,1,0
BRDA:55,8,0,0
BRDA:55,8,1,0
BRDA:62,9,0,0
BRDA:62,9,1,0
BRDA:66,10,0,0
BRDA:66,10,1,0
BRF:22
BRH:0
end_of_record
TN:
SF:src\components\shared\index.ts
FNF:0
FNH:0
LF:0
LH:0
BRF:0
BRH:0
end_of_record
TN:
SF:src\hooks\useTheme.tsx
FN:19,ThemeProvider
FN:24,(anonymous_1)
FN:25,(anonymous_2)
FN:37,(anonymous_3)
FN:56,useTheme
FNF:5
FNH:1
FNDA:0,ThemeProvider
FNDA:0,(anonymous_1)
FNDA:0,(anonymous_2)
FNDA:0,(anonymous_3)
FNDA:7,useTheme
DA:7,1
DA:17,1
DA:20,0
DA:21,0
DA:22,0
DA:24,0
DA:25,0
DA:26,0
DA:27,0
DA:29,0
DA:33,0
DA:35,0
DA:37,0
DA:38,0
DA:39,0
DA:40,0
DA:43,0
DA:57,7
DA:58,7
DA:59,7
LF:20
LH:5
BRDA:26,0,0,0
BRDA:26,0,1,0
BRDA:26,1,0,0
BRDA:26,1,1,0
BRDA:26,1,2,0
BRDA:33,2,0,0
BRDA:33,2,1,0
BRDA:35,3,0,0
BRDA:35,3,1,0
BRDA:38,4,0,0
BRDA:38,4,1,0
BRDA:58,5,0,0
BRDA:58,5,1,7
BRF:13
BRH:1
end_of_record
TN:
SF:src\lib\errorHandler.ts
FN:10,(anonymous_0)
FN:36,(anonymous_1)
FN:57,(anonymous_2)
FN:63,(anonymous_3)
FN:76,(anonymous_4)
FN:79,(anonymous_5)
FNF:6
FNH:0
FNDA:0,(anonymous_0)
FNDA:0,(anonymous_1)
FNDA:0,(anonymous_2)
FNDA:0,(anonymous_3)
FNDA:0,(anonymous_4)
FNDA:0,(anonymous_5)
DA:10,1
DA:11,0
DA:13,0
DA:16,0
DA:17,0
DA:19,0
DA:20,0
DA:21,0
DA:22,0
DA:36,1
DA:37,0
DA:38,0
DA:41,0
DA:42,0
DA:45,0
DA:46,0
DA:49,0
DA:57,1
DA:58,0
DA:61,0
DA:62,0
DA:63,0
DA:64,0
DA:65,0
DA:66,0
DA:72,0
DA:73,0
DA:74,0
DA:77,0
LF:29
LH:3
BRDA:11,0,0,0
BRDA:11,0,1,0
BRDA:16,1,0,0
BRDA:16,1,1,0
BRDA:21,2,0,0
BRDA:21,2,1,0
BRDA:36,3,0,0
BRDA:37,4,0,0
BRDA:37,4,1,0
BRDA:41,5,0,0
BRDA:41,5,1,0
BRDA:45,6,0,0
BRDA:45,6,1,0
BRDA:45,7,0,0
BRDA:45,7,1,0
BRDA:45,7,2,0
BRDA:61,8,0,0
BRDA:61,8,1,0
BRDA:61,9,0,0
BRDA:61,9,1,0
BRDA:64,10,0,0
BRDA:64,10,1,0
BRDA:65,11,0,0
BRDA:65,11,1,0
BRF:24
BRH:0
end_of_record
TN:
SF:src\screens\events\EventFormScreen.tsx
FN:116,EventFormScreen
FN:119,(anonymous_1)
FN:184,(anonymous_2)
FN:187,(anonymous_3)
FN:190,(anonymous_4)
FN:193,(anonymous_5)
FN:232,(anonymous_6)
FN:236,(anonymous_7)
FN:244,(anonymous_8)
FN:246,(anonymous_9)
FN:249,(anonymous_10)
FN:280,(anonymous_11)
FN:282,(anonymous_12)
FN:293,(anonymous_13)
FN:305,(anonymous_14)
FN:316,(anonymous_15)
FN:327,(anonymous_16)
FN:342,(anonymous_17)
FN:343,(anonymous_18)
FN:346,(anonymous_19)
FN:365,(anonymous_20)
FN:366,(anonymous_21)
FN:369,(anonymous_22)
FN:371,(anonymous_23)
FN:377,(anonymous_24)
FN:384,(anonymous_25)
FN:385,(anonymous_26)
FN:388,(anonymous_27)
FN:394,(anonymous_28)
FN:398,(anonymous_29)
FN:399,(anonymous_30)
FN:404,(anonymous_31)
FN:433,(anonymous_32)
FN:434,(anonymous_33)
FN:437,(anonymous_34)
FN:439,(anonymous_35)
FN:444,(anonymous_36)
FN:447,(anonymous_37)
FN:454,(anonymous_38)
FN:463,(anonymous_39)
FN:465,(anonymous_40)
FN:466,(anonymous_41)
FN:471,(anonymous_42)
FN:484,(anonymous_43)
FN:486,(anonymous_44)
FN:487,(anonymous_45)
FN:492,(anonymous_46)
FN:504,(anonymous_47)
FN:506,(anonymous_48)
FN:512,(anonymous_49)
FN:526,(anonymous_50)
FN:535,(anonymous_51)
FN:536,(anonymous_52)
FN:537,(anonymous_53)
FN:545,(anonymous_54)
FN:549,(anonymous_55)
FN:550,(anonymous_56)
FN:561,(anonymous_57)
FN:562,(anonymous_58)
FN:562,(anonymous_59)
FN:566,(anonymous_60)
FN:567,(anonymous_61)
FN:568,(anonymous_62)
FN:582,(anonymous_63)
FN:583,(anonymous_64)
FN:584,(anonymous_65)
FN:597,(anonymous_66)
FN:598,(anonymous_67)
FN:598,(anonymous_68)
FN:601,(anonymous_69)
FN:603,(anonymous_70)
FN:603,(anonymous_71)
FN:607,(anonymous_72)
FN:609,(anonymous_73)
FN:614,(anonymous_74)
FN:616,(anonymous_75)
FN:616,(anonymous_76)
FN:620,(anonymous_77)
FN:623,(anonymous_78)
FN:646,(anonymous_79)
FN:652,(anonymous_80)
FN:703,(anonymous_81)
FN:711,(anonymous_82)
FN:712,(anonymous_83)
FN:718,(anonymous_84)
FN:719,(anonymous_85)
FN:741,(anonymous_86)
FN:746,(anonymous_87)
FN:809,(anonymous_88)
FN:818,(anonymous_89)
FN:827,(anonymous_90)
FN:846,(anonymous_91)
FN:863,(anonymous_92)
FN:877,(anonymous_93)
FN:890,(anonymous_94)
FN:905,(anonymous_95)
FN:919,(anonymous_96)
FN:930,(anonymous_97)
FN:947,(anonymous_98)
FN:957,(anonymous_99)
FN:967,(anonymous_100)
FN:974,(anonymous_101)
FN:1000,(anonymous_102)
FN:1008,(anonymous_103)
FN:1020,(anonymous_104)
FN:1030,(anonymous_105)
FN:1041,(anonymous_106)
FN:1050,(anonymous_107)
FN:1057,(anonymous_108)
FN:1064,(anonymous_109)
FN:1100,(anonymous_110)
FN:1105,(anonymous_111)
FN:1116,(anonymous_112)
FN:1119,(anonymous_113)
FN:1141,(anonymous_114)
FN:1148,(anonymous_115)
FN:1158,(anonymous_116)
FN:1160,(anonymous_117)
FN:1224,(anonymous_118)
FN:1224,(anonymous_119)
FN:1264,(anonymous_120)
FN:1266,(anonymous_121)
FN:1269,(anonymous_122)
FN:1280,(anonymous_123)
FN:1300,(anonymous_124)
FN:1302,(anonymous_125)
FN:1329,(anonymous_126)
FN:1349,(anonymous_127)
FN:1370,(anonymous_128)
FN:1405,(anonymous_129)
FN:1425,(anonymous_130)
FN:1497,(anonymous_131)
FN:1518,(anonymous_132)
FN:1518,(anonymous_133)
FN:1558,(anonymous_134)
FN:1560,(anonymous_135)
FN:1563,(anonymous_136)
FN:1574,(anonymous_137)
FN:1593,(anonymous_138)
FN:1595,(anonymous_139)
FN:1615,(anonymous_140)
FN:1633,(anonymous_141)
FN:1651,(anonymous_142)
FN:1687,(anonymous_143)
FN:1690,(anonymous_144)
FN:1721,(anonymous_145)
FN:1742,(anonymous_146)
FN:1762,(anonymous_147)
FN:1775,(anonymous_148)
FN:1790,(anonymous_149)
FN:1804,(anonymous_150)
FN:1819,(anonymous_151)
FN:1878,(anonymous_152)
FN:1880,(anonymous_153)
FN:1884,(anonymous_154)
FN:1889,(anonymous_155)
FN:1890,(anonymous_156)
FN:1981,(anonymous_157)
FN:2003,(anonymous_158)
FN:2010,(anonymous_159)
FN:2033,(anonymous_160)
FN:2035,(anonymous_161)
FN:2036,(anonymous_162)
FN:2044,(anonymous_163)
FN:2066,(anonymous_164)
FN:2070,(anonymous_165)
FN:2103,(anonymous_166)
FN:2118,(anonymous_167)
FN:2122,(anonymous_168)
FN:2142,(anonymous_169)
FN:2157,(anonymous_170)
FN:2161,(anonymous_171)
FN:2187,(anonymous_172)
FNF:173
FNH:32
FNDA:7,EventFormScreen
FNDA:7,(anonymous_1)
FNDA:4,(anonymous_2)
FNDA:0,(anonymous_3)
FNDA:4,(anonymous_4)
FNDA:0,(anonymous_5)
FNDA:2,(anonymous_6)
FNDA:2,(anonymous_7)
FNDA:2,(anonymous_8)
FNDA:4,(anonymous_9)
FNDA:4,(anonymous_10)
FNDA:0,(anonymous_11)
FNDA:0,(anonymous_12)
FNDA:0,(anonymous_13)
FNDA:0,(anonymous_14)
FNDA:0,(anonymous_15)
FNDA:2,(anonymous_16)
FNDA:0,(anonymous_17)
FNDA:0,(anonymous_18)
FNDA:0,(anonymous_19)
FNDA:0,(anonymous_20)
FNDA:0,(anonymous_21)
FNDA:0,(anonymous_22)
FNDA:0,(anonymous_23)
FNDA:0,(anonymous_24)
FNDA:0,(anonymous_25)
FNDA:0,(anonymous_26)
FNDA:0,(anonymous_27)
FNDA:0,(anonymous_28)
FNDA:7,(anonymous_29)
FNDA:0,(anonymous_30)
FNDA:0,(anonymous_31)
FNDA:2,(anonymous_32)
FNDA:2,(anonymous_33)
FNDA:0,(anonymous_34)
FNDA:0,(anonymous_35)
FNDA:0,(anonymous_36)
FNDA:0,(anonymous_37)
FNDA:0,(anonymous_38)
FNDA:2,(anonymous_39)
FNDA:0,(anonymous_40)
FNDA:0,(anonymous_41)
FNDA:0,(anonymous_42)
FNDA:2,(anonymous_43)
FNDA:0,(anonymous_44)
FNDA:0,(anonymous_45)
FNDA:0,(anonymous_46)
FNDA:2,(anonymous_47)
FNDA:0,(anonymous_48)
FNDA:0,(anonymous_49)
FNDA:0,(anonymous_50)
FNDA:0,(anonymous_51)
FNDA:0,(anonymous_52)
FNDA:0,(anonymous_53)
FNDA:0,(anonymous_54)
FNDA:0,(anonymous_55)
FNDA:0,(anonymous_56)
FNDA:0,(anonymous_57)
FNDA:0,(anonymous_58)
FNDA:0,(anonymous_59)
FNDA:0,(anonymous_60)
FNDA:0,(anonymous_61)
FNDA:0,(anonymous_62)
FNDA:0,(anonymous_63)
FNDA:0,(anonymous_64)
FNDA:0,(anonymous_65)
FNDA:0,(anonymous_66)
FNDA:0,(anonymous_67)
FNDA:0,(anonymous_68)
FNDA:4,(anonymous_69)
FNDA:2,(anonymous_70)
FNDA:0,(anonymous_71)
FNDA:2,(anonymous_72)
FNDA:0,(anonymous_73)
FNDA:4,(anonymous_74)
FNDA:2,(anonymous_75)
FNDA:0,(anonymous_76)
FNDA:3,(anonymous_77)
FNDA:1,(anonymous_78)
FNDA:0,(anonymous_79)
FNDA:0,(anonymous_80)
FNDA:0,(anonymous_81)
FNDA:0,(anonymous_82)
FNDA:0,(anonymous_83)
FNDA:0,(anonymous_84)
FNDA:0,(anonymous_85)
FNDA:3,(anonymous_86)
FNDA:35,(anonymous_87)
FNDA:0,(anonymous_88)
FNDA:0,(anonymous_89)
FNDA:0,(anonymous_90)
FNDA:0,(anonymous_91)
FNDA:0,(anonymous_92)
FNDA:0,(anonymous_93)
FNDA:0,(anonymous_94)
FNDA:0,(anonymous_95)
FNDA:0,(anonymous_96)
FNDA:0,(anonymous_97)
FNDA:1,(anonymous_98)
FNDA:0,(anonymous_99)
FNDA:28,(anonymous_100)
FNDA:0,(anonymous_101)
FNDA:0,(anonymous_102)
FNDA:0,(anonymous_103)
FNDA:0,(anonymous_104)
FNDA:0,(anonymous_105)
FNDA:0,(anonymous_106)
FNDA:0,(anonymous_107)
FNDA:0,(anonymous_108)
FNDA:0,(anonymous_109)
FNDA:0,(anonymous_110)
FNDA:0,(anonymous_111)
FNDA:0,(anonymous_112)
FNDA:0,(anonymous_113)
FNDA:0,(anonymous_114)
FNDA:0,(anonymous_115)
FNDA:0,(anonymous_116)
FNDA:0,(anonymous_117)
FNDA:0,(anonymous_118)
FNDA:0,(anonymous_119)
FNDA:0,(anonymous_120)
FNDA:0,(anonymous_121)
FNDA:0,(anonymous_122)
FNDA:0,(anonymous_123)
FNDA:0,(anonymous_124)
FNDA:0,(anonymous_125)
FNDA:0,(anonymous_126)
FNDA:0,(anonymous_127)
FNDA:0,(anonymous_128)
FNDA:0,(anonymous_129)
FNDA:0,(anonymous_130)
FNDA:0,(anonymous_131)
FNDA:0,(anonymous_132)
FNDA:0,(anonymous_133)
FNDA:0,(anonymous_134)
FNDA:0,(anonymous_135)
FNDA:0,(anonymous_136)
FNDA:0,(anonymous_137)
FNDA:0,(anonymous_138)
FNDA:0,(anonymous_139)
FNDA:0,(anonymous_140)
FNDA:0,(anonymous_141)
FNDA:0,(anonymous_142)
FNDA:0,(anonymous_143)
FNDA:0,(anonymous_144)
FNDA:0,(anonymous_145)
FNDA:0,(anonymous_146)
FNDA:0,(anonymous_147)
FNDA:0,(anonymous_148)
FNDA:0,(anonymous_149)
FNDA:0,(anonymous_150)
FNDA:0,(anonymous_151)
FNDA:0,(anonymous_152)
FNDA:0,(anonymous_153)
FNDA:0,(anonymous_154)
FNDA:0,(anonymous_155)
FNDA:0,(anonymous_156)
FNDA:0,(anonymous_157)
FNDA:3,(anonymous_158)
FNDA:0,(anonymous_159)
FNDA:0,(anonymous_160)
FNDA:0,(anonymous_161)
FNDA:0,(anonymous_162)
FNDA:0,(anonymous_163)
FNDA:3,(anonymous_164)
FNDA:0,(anonymous_165)
FNDA:0,(anonymous_166)
FNDA:3,(anonymous_167)
FNDA:0,(anonymous_168)
FNDA:0,(anonymous_169)
FNDA:3,(anonymous_170)
FNDA:0,(anonymous_171)
FNDA:7,(anonymous_172)
DA:75,1
DA:83,1
DA:117,7
DA:118,7
DA:119,7
DA:120,7
DA:122,7
DA:123,7
DA:124,7
DA:125,7
DA:126,7
DA:127,7
DA:128,7
DA:129,7
DA:131,7
DA:132,7
DA:133,7
DA:135,7
DA:136,7
DA:137,7
DA:140,7
DA:141,7
DA:144,7
DA:147,7
DA:150,7
DA:153,7
DA:156,7
DA:166,7
DA:167,7
DA:170,7
DA:173,7
DA:175,7
DA:176,7
DA:177,7
DA:178,7
DA:179,7
DA:180,7
DA:181,7
DA:182,7
DA:184,7
DA:185,4
DA:186,0
DA:187,0
DA:190,7
DA:191,4
DA:192,0
DA:193,0
DA:196,7
DA:221,7
DA:232,7
DA:233,2
DA:236,7
DA:237,2
DA:238,2
DA:243,2
DA:244,2
DA:245,2
DA:246,4
DA:248,2
DA:249,4
DA:252,2
DA:253,0
DA:254,0
DA:277,0
DA:278,0
DA:279,0
DA:280,0
DA:282,0
DA:290,0
DA:291,0
DA:292,0
DA:293,0
DA:302,0
DA:303,0
DA:304,0
DA:305,0
DA:313,0
DA:314,0
DA:315,0
DA:316,0
DA:326,2
DA:327,2
DA:335,0
DA:336,0
DA:338,2
DA:342,7
DA:343,0
DA:344,0
DA:345,0
DA:347,0
DA:351,0
DA:362,0
DA:365,7
DA:366,0
DA:369,7
DA:370,0
DA:372,0
DA:377,7
DA:378,0
DA:384,7
DA:385,0
DA:388,7
DA:393,0
DA:394,0
DA:398,7
DA:399,7
DA:400,0
DA:401,0
DA:404,7
DA:406,7
DA:408,7
DA:411,7
DA:412,7
DA:415,7
DA:416,7
DA:418,7
DA:430,7
DA:433,7
DA:434,2
DA:435,2
DA:437,0
DA:439,0
DA:440,2
DA:441,0
DA:442,0
DA:443,0
DA:444,0
DA:445,0
DA:447,0
DA:448,0
DA:449,0
DA:454,0
DA:459,2
DA:463,7
DA:464,2
DA:465,0
DA:466,0
DA:467,2
DA:468,2
DA:469,2
DA:471,0
DA:472,0
DA:474,0
DA:475,0
DA:480,0
DA:484,7
DA:485,2
DA:486,0
DA:487,0
DA:488,2
DA:489,2
DA:490,2
DA:492,0
DA:493,0
DA:494,0
DA:495,0
DA:500,0
DA:504,7
DA:505,2
DA:506,0
DA:508,2
DA:509,2
DA:510,2
DA:512,0
DA:513,0
DA:514,0
DA:521,0
DA:526,0
DA:535,7
DA:536,0
DA:537,0
DA:542,0
DA:545,7
DA:549,0
DA:550,0
DA:561,7
DA:562,0
DA:566,7
DA:567,0
DA:568,0
DA:579,0
DA:582,7
DA:583,0
DA:584,0
DA:597,7
DA:598,0
DA:601,7
DA:602,4
DA:603,2
DA:607,7
DA:608,2
DA:609,0
DA:614,7
DA:615,4
DA:616,2
DA:620,7
DA:621,3
DA:623,7
DA:624,1
DA:625,1
DA:626,1
DA:627,1
DA:629,0
DA:630,0
DA:631,0
DA:633,0
DA:634,0
DA:635,0
DA:639,0
DA:640,0
DA:642,0
DA:646,7
DA:647,0
DA:648,0
DA:652,7
DA:653,0
DA:654,0
DA:655,0
DA:657,0
DA:658,0
DA:659,0
DA:661,0
DA:662,0
DA:663,0
DA:666,0
DA:667,0
DA:668,0
DA:692,0
DA:694,0
DA:695,0
DA:697,0
DA:698,0
DA:701,0
DA:703,0
DA:711,0
DA:712,0
DA:718,0
DA:719,0
DA:728,0
DA:729,0
DA:730,0
DA:732,0
DA:733,0
DA:735,0
DA:739,7
DA:741,7
DA:743,7
DA:747,35
DA:809,0
DA:818,0
DA:827,0
DA:847,0
DA:848,0
DA:849,0
DA:863,0
DA:878,0
DA:879,0
DA:880,0
DA:883,0
DA:885,0
DA:891,0
DA:892,0
DA:893,0
DA:894,0
DA:895,0
DA:905,0
DA:920,0
DA:921,0
DA:922,0
DA:923,0
DA:925,0
DA:931,0
DA:932,0
DA:933,0
DA:934,0
DA:935,0
DA:948,1
DA:958,0
DA:968,28
DA:974,0
DA:1000,0
DA:1008,0
DA:1020,0
DA:1031,0
DA:1042,0
DA:1051,0
DA:1058,0
DA:1064,0
DA:1101,0
DA:1106,0
DA:1117,0
DA:1118,0
DA:1120,0
DA:1142,0
DA:1148,0
DA:1159,0
DA:1161,0
DA:1224,0
DA:1265,0
DA:1266,0
DA:1270,0
DA:1280,0
DA:1301,0
DA:1302,0
DA:1304,0
DA:1329,0
DA:1350,0
DA:1351,0
DA:1355,0
DA:1371,0
DA:1372,0
DA:1376,0
DA:1406,0
DA:1407,0
DA:1408,0
DA:1425,0
DA:1498,0
DA:1518,0
DA:1559,0
DA:1560,0
DA:1564,0
DA:1574,0
DA:1594,0
DA:1595,0
DA:1597,0
DA:1615,0
DA:1634,0
DA:1635,0
DA:1639,0
DA:1651,0
DA:1688,0
DA:1691,0
DA:1722,0
DA:1743,0
DA:1763,0
DA:1776,0
DA:1791,0
DA:1805,0
DA:1819,0
DA:1879,0
DA:1881,0
DA:1884,0
DA:1885,0
DA:1886,0
DA:1887,0
DA:1888,0
DA:1889,0
DA:1890,0
DA:1891,0
DA:1893,0
DA:1894,0
DA:1982,0
DA:1983,0
DA:2004,3
DA:2011,0
DA:2012,0
DA:2013,0
DA:2033,0
DA:2036,0
DA:2037,0
DA:2038,0
DA:2045,0
DA:2046,0
DA:2067,3
DA:2071,0
DA:2072,0
DA:2103,0
DA:2119,3
DA:2122,0
DA:2142,0
DA:2158,3
DA:2161,0
DA:2187,1
DA:2188,7
LF:374
LH:132
BRDA:125,0,0,0
BRDA:125,0,1,7
BRDA:185,1,0,4
BRDA:185,1,1,0
BRDA:191,2,0,4
BRDA:191,2,1,0
BRDA:197,3,0,7
BRDA:197,3,1,7
BRDA:198,4,0,7
BRDA:198,4,1,0
BRDA:207,5,0,7
BRDA:207,5,1,0
BRDA:212,6,0,7
BRDA:212,6,1,0
BRDA:213,7,0,7
BRDA:213,7,1,0
BRDA:243,8,0,2
BRDA:243,8,1,0
BRDA:244,9,0,2
BRDA:244,9,1,0
BRDA:246,10,0,2
BRDA:246,10,1,0
BRDA:249,11,0,2
BRDA:249,11,1,0
BRDA:252,12,0,0
BRDA:252,12,1,2
BRDA:257,13,0,0
BRDA:257,13,1,0
BRDA:258,14,0,0
BRDA:258,14,1,0
BRDA:263,15,0,0
BRDA:263,15,1,0
BRDA:266,16,0,0
BRDA:266,16,1,0
BRDA:266,16,2,0
BRDA:267,17,0,0
BRDA:267,17,1,0
BRDA:268,18,0,0
BRDA:268,18,1,0
BRDA:269,19,0,0
BRDA:269,19,1,0
BRDA:272,20,0,0
BRDA:272,20,1,0
BRDA:272,20,2,0
BRDA:274,21,0,0
BRDA:274,21,1,0
BRDA:274,21,2,0
BRDA:278,22,0,0
BRDA:278,22,1,0
BRDA:291,23,0,0
BRDA:291,23,1,0
BRDA:297,24,0,0
BRDA:297,24,1,0
BRDA:303,25,0,0
BRDA:303,25,1,0
BRDA:308,26,0,0
BRDA:308,26,1,0
BRDA:314,27,0,0
BRDA:314,27,1,0
BRDA:320,28,0,0
BRDA:320,28,1,0
BRDA:321,29,0,0
BRDA:321,29,1,0
BRDA:326,30,0,2
BRDA:326,30,1,0
BRDA:329,31,0,2
BRDA:329,31,1,0
BRDA:330,32,0,2
BRDA:330,32,1,0
BRDA:331,33,0,2
BRDA:331,33,1,0
BRDA:344,34,0,0
BRDA:344,34,1,0
BRDA:347,35,0,0
BRDA:347,35,1,0
BRDA:372,36,0,0
BRDA:372,36,1,0
BRDA:394,37,0,0
BRDA:394,37,1,0
BRDA:408,38,0,7
BRDA:408,38,1,0
BRDA:412,39,0,0
BRDA:412,39,1,7
BRDA:437,40,0,0
BRDA:437,40,1,0
BRDA:440,41,0,2
BRDA:440,41,1,0
BRDA:447,42,0,0
BRDA:447,42,1,0
BRDA:448,43,0,0
BRDA:448,43,1,0
BRDA:448,44,0,0
BRDA:448,44,1,0
BRDA:448,44,2,0
BRDA:450,45,0,0
BRDA:450,45,1,0
BRDA:467,46,0,2
BRDA:467,46,1,0
BRDA:475,47,0,0
BRDA:475,47,1,0
BRDA:488,48,0,2
BRDA:488,48,1,0
BRDA:495,49,0,0
BRDA:495,49,1,0
BRDA:508,50,0,2
BRDA:508,50,1,0
BRDA:508,51,0,2
BRDA:508,51,1,0
BRDA:516,52,0,0
BRDA:516,52,1,0
BRDA:517,53,0,0
BRDA:517,53,1,0
BRDA:519,54,0,0
BRDA:519,54,1,0
BRDA:521,55,0,0
BRDA:521,55,1,0
BRDA:536,56,0,0
BRDA:536,56,1,0
BRDA:549,57,0,0
BRDA:549,57,1,0
BRDA:567,58,0,0
BRDA:567,58,1,0
BRDA:573,59,0,0
BRDA:573,59,1,0
BRDA:583,60,0,0
BRDA:583,60,1,0
BRDA:609,61,0,0
BRDA:609,61,1,0
BRDA:624,62,0,1
BRDA:624,62,1,0
BRDA:625,63,0,1
BRDA:625,63,1,0
BRDA:629,64,0,0
BRDA:629,64,1,0
BRDA:629,65,0,0
BRDA:629,65,1,0
BRDA:633,66,0,0
BRDA:633,66,1,0
BRDA:639,67,0,0
BRDA:639,67,1,0
BRDA:647,68,0,0
BRDA:647,68,1,0
BRDA:653,69,0,0
BRDA:653,69,1,0
BRDA:657,70,0,0
BRDA:657,70,1,0
BRDA:661,71,0,0
BRDA:661,71,1,0
BRDA:669,72,0,0
BRDA:669,72,1,0
BRDA:672,73,0,0
BRDA:672,73,1,0
BRDA:673,74,0,0
BRDA:673,74,1,0
BRDA:683,75,0,0
BRDA:683,75,1,0
BRDA:684,76,0,0
BRDA:684,76,1,0
BRDA:688,77,0,0
BRDA:688,77,1,0
BRDA:694,78,0,0
BRDA:694,78,1,0
BRDA:715,79,0,0
BRDA:715,79,1,0
BRDA:728,80,0,0
BRDA:728,80,1,0
BRDA:729,81,0,0
BRDA:729,81,1,0
BRDA:732,82,0,0
BRDA:732,82,1,0
BRDA:739,83,0,0
BRDA:739,83,1,7
BRDA:748,84,0,35
BRDA:748,84,1,28
BRDA:753,85,0,0
BRDA:753,85,1,28
BRDA:764,86,0,35
BRDA:764,86,1,7
BRDA:765,87,0,35
BRDA:765,87,1,0
BRDA:768,88,0,0
BRDA:768,88,1,35
BRDA:774,89,0,35
BRDA:774,89,1,28
BRDA:774,89,2,7
BRDA:784,90,0,35
BRDA:784,90,1,7
BRDA:797,91,0,7
BRDA:797,91,1,7
BRDA:802,92,0,7
BRDA:802,92,1,7
BRDA:813,93,0,7
BRDA:813,93,1,7
BRDA:831,94,0,7
BRDA:831,94,1,0
BRDA:841,95,0,7
BRDA:841,95,1,0
BRDA:845,96,0,0
BRDA:845,96,1,0
BRDA:848,97,0,0
BRDA:848,97,1,0
BRDA:867,98,0,0
BRDA:867,98,1,7
BRDA:872,99,0,7
BRDA:872,99,1,7
BRDA:875,100,0,7
BRDA:875,100,1,0
BRDA:879,101,0,0
BRDA:879,101,1,0
BRDA:889,102,0,0
BRDA:889,102,1,0
BRDA:892,103,0,0
BRDA:892,103,1,0
BRDA:909,104,0,0
BRDA:909,104,1,7
BRDA:914,105,0,7
BRDA:914,105,1,7
BRDA:917,106,0,7
BRDA:917,106,1,0
BRDA:921,107,0,0
BRDA:921,107,1,0
BRDA:929,108,0,0
BRDA:929,108,1,0
BRDA:932,109,0,0
BRDA:932,109,1,0
BRDA:958,110,0,0
BRDA:958,110,1,0
BRDA:972,111,0,28
BRDA:972,111,1,7
BRDA:979,112,0,28
BRDA:979,112,1,7
BRDA:983,113,0,7
BRDA:983,113,1,21
BRDA:985,114,0,7
BRDA:985,114,1,14
BRDA:987,115,0,7
BRDA:987,115,1,7
BRDA:1014,116,0,7
BRDA:1014,116,1,0
BRDA:1027,117,0,0
BRDA:1027,117,1,0
BRDA:1051,118,0,0
BRDA:1051,118,1,0
BRDA:1071,119,0,0
BRDA:1071,119,1,0
BRDA:1082,120,0,7
BRDA:1082,120,1,0
BRDA:1095,121,0,0
BRDA:1095,121,1,0
BRDA:1117,122,0,0
BRDA:1117,122,1,0
BRDA:1120,123,0,0
BRDA:1120,123,1,0
BRDA:1124,124,0,0
BRDA:1124,124,1,0
BRDA:1138,125,0,0
BRDA:1138,125,1,0
BRDA:1142,126,0,0
BRDA:1142,126,1,0
BRDA:1161,127,0,0
BRDA:1161,127,1,0
BRDA:1165,128,0,0
BRDA:1165,128,1,0
BRDA:1176,129,0,0
BRDA:1176,129,1,0
BRDA:1186,130,0,0
BRDA:1186,130,1,0
BRDA:1197,131,0,7
BRDA:1197,131,1,0
BRDA:1223,132,0,0
BRDA:1223,132,1,0
BRDA:1310,133,0,0
BRDA:1310,133,1,0
BRDA:1315,134,0,0
BRDA:1315,134,1,0
BRDA:1320,135,0,0
BRDA:1320,135,1,0
BRDA:1324,136,0,0
BRDA:1324,136,1,0
BRDA:1353,137,0,0
BRDA:1353,137,1,0
BRDA:1365,138,0,0
BRDA:1365,138,1,0
BRDA:1374,139,0,0
BRDA:1374,139,1,0
BRDA:1383,140,0,0
BRDA:1383,140,1,0
BRDA:1388,141,0,0
BRDA:1388,141,1,0
BRDA:1415,142,0,0
BRDA:1415,142,1,0
BRDA:1431,143,0,0
BRDA:1431,143,1,0
BRDA:1467,144,0,0
BRDA:1467,144,1,0
BRDA:1507,145,0,0
BRDA:1507,145,1,0
BRDA:1507,146,0,0
BRDA:1507,146,1,0
BRDA:1510,147,0,0
BRDA:1510,147,1,0
BRDA:1517,148,0,0
BRDA:1517,148,1,0
BRDA:1602,149,0,0
BRDA:1602,149,1,0
BRDA:1637,150,0,0
BRDA:1637,150,1,0
BRDA:1659,151,0,7
BRDA:1659,151,1,0
BRDA:1697,152,0,0
BRDA:1697,152,1,0
BRDA:1706,153,0,0
BRDA:1706,153,1,0
BRDA:1712,154,0,0
BRDA:1712,154,1,0
BRDA:1722,155,0,0
BRDA:1722,155,1,0
BRDA:1750,156,0,0
BRDA:1750,156,1,0
BRDA:1759,157,0,0
BRDA:1759,157,1,0
BRDA:1763,158,0,0
BRDA:1763,158,1,0
BRDA:1778,159,0,0
BRDA:1778,159,1,0
BRDA:1793,160,0,0
BRDA:1793,160,1,0
BRDA:1807,161,0,0
BRDA:1807,161,1,0
BRDA:1832,162,0,0
BRDA:1832,162,1,0
BRDA:1881,163,0,0
BRDA:1881,163,1,0
BRDA:1893,164,0,0
BRDA:1893,164,1,0
BRDA:1911,165,0,0
BRDA:1911,165,1,0
BRDA:1923,166,0,0
BRDA:1923,166,1,0
BRDA:1939,167,0,7
BRDA:1939,167,1,7
BRDA:1944,168,0,7
BRDA:1944,168,1,7
BRDA:1949,169,0,7
BRDA:1949,169,1,0
BRDA:1955,170,0,7
BRDA:1955,170,1,0
BRDA:1959,171,0,0
BRDA:1959,171,1,7
BRDA:1963,172,0,0
BRDA:1963,172,1,7
BRDA:2008,173,0,3
BRDA:2008,173,1,0
BRDA:2020,174,0,3
BRDA:2020,174,1,0
BRDA:2024,175,0,3
BRDA:2024,175,1,0
BRDA:2034,176,0,7
BRDA:2034,176,1,0
BRDA:2076,177,0,0
BRDA:2076,177,1,3
BRDA:2079,178,0,0
BRDA:2079,178,1,0
BRDA:2111,179,0,4
BRDA:2111,179,1,3
BRDA:2150,180,0,4
BRDA:2150,180,1,3
BRDA:2175,181,0,3
BRDA:2175,181,1,3
BRDA:2553,182,0,7
BRDA:2553,182,1,0
BRF:371
BRH:90
end_of_record
TN:
SF:src\services\uploadService.ts
FN:14,(anonymous_0)
FN:39,(anonymous_1)
FNF:2
FNH:0
FNDA:0,(anonymous_0)
FNDA:0,(anonymous_1)
DA:4,1
DA:5,1
DA:13,1
DA:15,0
DA:16,0
DA:18,0
DA:31,0
DA:32,0
DA:33,0
DA:36,0
DA:40,0
DA:41,0
DA:43,0
DA:44,0
LF:14
LH:3
BRDA:4,0,0,1
BRDA:4,0,1,1
BRDA:16,1,0,0
BRDA:16,1,1,0
BRDA:23,2,0,0
BRDA:23,2,1,0
BRDA:31,3,0,0
BRDA:31,3,1,0
BRDA:32,4,0,0
BRDA:32,4,1,0
BRDA:33,5,0,0
BRDA:33,5,1,0
BRDA:40,6,0,0
BRDA:40,6,1,0
BRDA:41,7,0,0
BRDA:41,7,1,0
BRF:16
BRH:2
end_of_record
TN:
SF:src\theme\colors.ts
FNF:0
FNH:0
DA:1,1
LF:1
LH:1
BRF:0
BRH:0
end_of_record
TN:
SF:src\theme\shadows.ts
FNF:0
FNH:0
DA:5,1
LF:1
LH:1
BRF:0
BRH:0
end_of_record
TN:
SF:src\theme\spacing.ts
FNF:0
FNH:0
DA:5,1
DA:24,1
LF:2
LH:2
BRF:0
BRH:0
end_of_record
TN:
SF:src\theme\typography.ts
FNF:0
FNH:0
DA:3,1
DA:9,1
LF:2
LH:2
BRF:0
BRH:0
end_of_record
